2025-07-31 15:33:13,834 - INFO - Connecting to IBKR...
2025-07-31 15:33:13,835 - INFO - Connecting to 127.0.0.1:7497 with clientId 1...
2025-07-31 15:33:13,835 - INFO - Connected
2025-07-31 15:33:13,838 - INFO - Logged on to server version 176
2025-07-31 15:33:13,839 - INFO - Warning 2104, reqId -1: Market data farm connection is OK:cashfarm
2025-07-31 15:33:13,839 - INFO - Warning 2104, reqId -1: Market data farm connection is OK:usfuture
2025-07-31 15:33:13,839 - INFO - Warning 2104, reqId -1: Market data farm connection is OK:usopt.nj
2025-07-31 15:33:13,839 - INFO - Warning 2104, reqId -1: Market data farm connection is OK:usfarm.nj
2025-07-31 15:33:13,839 - INFO - Warning 2104, reqId -1: Market data farm connection is OK:usopt
2025-07-31 15:33:13,839 - INFO - Warning 2104, reqId -1: Market data farm connection is OK:usfarm
2025-07-31 15:33:13,840 - INFO - Warning 2106, reqId -1: HMDS data farm connection is OK:euhmds
2025-07-31 15:33:13,840 - INFO - Warning 2106, reqId -1: HMDS data farm connection is OK:fundfarm
2025-07-31 15:33:13,840 - INFO - Warning 2106, reqId -1: HMDS data farm connection is OK:ushmds
2025-07-31 15:33:13,840 - INFO - Warning 2158, reqId -1: Sec-def data farm connection is OK:secdefil
2025-07-31 15:33:13,841 - INFO - API connection ready
2025-07-31 15:33:13,842 - INFO - position: Position(account='DUN086112', contract=Option(conId=757334728, symbol='SPY', lastTradeDateOrContractMonth='20250731', strike=634.0, right='C', multiplier='100', currency='USD', localSymbol='SPY   250731C00634000', tradingClass='SPY'), position=1.0, avgCost=76.04365)
2025-07-31 15:33:14,042 - INFO - updatePortfolio: PortfolioItem(contract=Option(conId=757334728, symbol='SPY', lastTradeDateOrContractMonth='20250731', strike=634.0, right='C', multiplier='100', primaryExchange='AMEX', currency='USD', localSymbol='SPY   250731C00634000', tradingClass='SPY'), position=1.0, marketPrice=0.75, marketValue=75.0, averageCost=76.04365, unrealizedPNL=-1.04, realizedPNL=-10.73, account='DUN086112')
2025-07-31 15:33:14,158 - INFO - execDetails Execution(execId='00020057.688bd513.01.01', time=datetime.datetime(2025, 7, 31, 19, 21, 42, tzinfo=datetime.timezone.utc), acctNumber='DUN086112', exchange='SAPPHIRE', side='BOT', shares=1.0, price=0.79, permId=1398030001, clientId=0, orderId=0, liquidation=0, cumQty=1.0, avgPrice=0.79, orderRef='OptionChain', evRule='', evMultiplier=0.0, modelCode='', lastLiquidity=2)
2025-07-31 15:33:14,159 - INFO - execDetails Execution(execId='00020057.688bd9ac.01.01', time=datetime.datetime(2025, 7, 31, 19, 30, 56, tzinfo=datetime.timezone.utc), acctNumber='DUN086112', exchange='SAPPHIRE', side='SLD', shares=1.0, price=0.7, permId=1398030007, clientId=1, orderId=5, liquidation=0, cumQty=1.0, avgPrice=0.7, orderRef='', evRule='', evMultiplier=0.0, modelCode='', lastLiquidity=2)
2025-07-31 15:33:14,160 - INFO - execDetails Execution(execId='00020057.688bdaf0.01.01', time=datetime.datetime(2025, 7, 31, 19, 32, 16, tzinfo=datetime.timezone.utc), acctNumber='DUN086112', exchange='EDGX', side='BOT', shares=1.0, price=0.75, permId=1398030005, clientId=0, orderId=0, liquidation=0, cumQty=1.0, avgPrice=0.75, orderRef='', evRule='', evMultiplier=0.0, modelCode='', lastLiquidity=2)
2025-07-31 15:33:14,160 - INFO - commissionReport: CommissionReport(execId='00020057.688bd513.01.01', commission=0.86365, currency='USD', realizedPNL=0.0, yield_=0.0, yieldRedemptionDate=0)
2025-07-31 15:33:14,161 - INFO - commissionReport: CommissionReport(execId='00020057.688bd9ac.01.01', commission=0.86644, currency='USD', realizedPNL=-10.73009, yield_=0.0, yieldRedemptionDate=0)
2025-07-31 15:33:14,161 - INFO - commissionReport: CommissionReport(execId='00020057.688bdaf0.01.01', commission=1.04365, currency='USD', realizedPNL=0.0, yield_=0.0, yieldRedemptionDate=0)
2025-07-31 15:33:14,162 - INFO - Synchronization complete
2025-07-31 15:33:14,162 - INFO - Defining option contract: SPY 20250731 634 C
2025-07-31 15:33:14,212 - INFO - Monitoring contract: Option(conId=757334728, symbol='SPY', lastTradeDateOrContractMonth='20250731', strike=634.0, right='C', multiplier='100', exchange='SMART', currency='USD', localSymbol='SPY   250731C00634000', tradingClass='SPY')
2025-07-31 15:33:14,213 - INFO - Stop-loss price set at: $0.68
2025-07-31 15:33:14,214 - INFO - Subscribing to market data...
2025-07-31 15:33:15,715 - INFO - Price: 0.69 | Loss: -9.21% | Trigger: -10%
2025-07-31 15:33:15,716 - INFO - Disconnecting from 127.0.0.1:7497, 273 B sent in 11 messages, 23.8 kB received in 455 messages, session time 1.88 s.
2025-07-31 15:33:15,717 - INFO - Disconnecting
2025-07-31 15:33:15,717 - INFO - Disconnected from IBKR.
