2025-08-25 10:19:03,522 - INFO - Connecting to IBKR...
2025-08-25 10:19:03,522 - INFO - Connecting to 127.0.0.1:7497 with clientId 1...
2025-08-25 10:19:03,523 - INFO - Connected
2025-08-25 10:19:03,552 - INFO - Logged on to server version 176
2025-08-25 10:19:03,558 - INFO - API connection ready
2025-08-25 10:19:03,561 - INFO - Warning 2104, reqId -1: Market data farm connection is OK:usfarm.nj
2025-08-25 10:19:03,561 - INFO - Warning 2104, reqId -1: Market data farm connection is OK:cashfarm
2025-08-25 10:19:03,562 - INFO - Warning 2104, reqId -1: Market data farm connection is OK:usopt
2025-08-25 10:19:03,562 - INFO - Warning 2104, reqId -1: Market data farm connection is OK:usfarm
2025-08-25 10:19:03,562 - INFO - Warning 2106, reqId -1: HMDS data farm connection is OK:euhmds
2025-08-25 10:19:03,562 - INFO - Warning 2106, reqId -1: HMDS data farm connection is OK:fundfarm
2025-08-25 10:19:03,563 - INFO - Warning 2106, reqId -1: HMDS data farm connection is OK:ushmds
2025-08-25 10:19:03,563 - INFO - Warning 2158, reqId -1: Sec-def data farm connection is OK:secdefil
2025-08-25 10:19:03,563 - INFO - position: Position(account='DUN086112', contract=Option(conId=800204891, symbol='SPX', lastTradeDateOrContractMonth='20250825', strike=6450.0, right='C', multiplier='100', currency='USD', localSymbol='SPXW  250825C06450000', tradingClass='SPXW'), position=10.0, avgCost=1131.29395)
2025-08-25 10:19:03,867 - INFO - updatePortfolio: PortfolioItem(contract=Option(conId=800204891, symbol='SPX', lastTradeDateOrContractMonth='20250825', strike=6450.0, right='C', multiplier='100', primaryExchange='CBOE', currency='USD', localSymbol='SPXW  250825C06450000', tradingClass='SPXW'), position=10.0, marketPrice=11.3000002, marketValue=11300.0, averageCost=1131.29395, unrealizedPNL=-12.94, realizedPNL=0.0, account='DUN086112')
2025-08-25 10:19:04,014 - INFO - execDetails Execution(execId='00020057.68ac06f6.01.01', time=datetime.datetime(2025, 8, 25, 14, 18, 51, tzinfo=datetime.timezone.utc), acctNumber='DUN086112', exchange='CBOE', side='BOT', shares=10.0, price=11.3, permId=1333554257, clientId=0, orderId=0, liquidation=0, cumQty=10.0, avgPrice=11.3, orderRef='OptionChain', evRule='', evMultiplier=0.0, modelCode='', lastLiquidity=2)
2025-08-25 10:19:04,015 - INFO - commissionReport: CommissionReport(execId='00020057.68ac06f6.01.01', commission=12.9395, currency='USD', realizedPNL=0.0, yield_=0.0, yieldRedemptionDate=0)
2025-08-25 10:19:04,015 - INFO - Synchronization complete
2025-08-25 10:19:04,015 - INFO - Connected to IBKR. Starting all-day monitoring...
2025-08-25 10:19:04,016 - INFO - Monitoring all open option positions with MARKET stop-loss...
2025-08-25 10:19:04,017 - INFO - position: Position(account='DUN086112', contract=Option(conId=800204891, symbol='SPX', lastTradeDateOrContractMonth='20250825', strike=6450.0, right='C', multiplier='100', currency='USD', localSymbol='SPXW  250825C06450000', tradingClass='SPXW'), position=10.0, avgCost=1131.29395)
2025-08-25 10:19:04,732 - INFO - Checking SPXW  250825C06450000 | Cost: 11.31 | Bid: 11.70 | Loss: 3.42%
2025-08-25 10:19:04,732 - INFO - Holding SPXW  250825C06450000 | Loss 3.42% is within limit.
2025-08-25 10:19:05,735 - INFO - position: Position(account='DUN086112', contract=Option(conId=800204891, symbol='SPX', lastTradeDateOrContractMonth='20250825', strike=6450.0, right='C', multiplier='100', currency='USD', localSymbol='SPXW  250825C06450000', tradingClass='SPXW'), position=10.0, avgCost=1131.29395)
2025-08-25 10:19:06,350 - INFO - Checking SPXW  250825C06450000 | Cost: 11.31 | Bid: 11.50 | Loss: 1.65%
2025-08-25 10:19:06,350 - INFO - Holding SPXW  250825C06450000 | Loss 1.65% is within limit.
2025-08-25 10:19:07,353 - INFO - position: Position(account='DUN086112', contract=Option(conId=800204891, symbol='SPX', lastTradeDateOrContractMonth='20250825', strike=6450.0, right='C', multiplier='100', currency='USD', localSymbol='SPXW  250825C06450000', tradingClass='SPXW'), position=10.0, avgCost=1131.29395)
2025-08-25 10:19:07,954 - INFO - Checking SPXW  250825C06450000 | Cost: 11.31 | Bid: 11.70 | Loss: 3.42%
2025-08-25 10:19:07,954 - INFO - Holding SPXW  250825C06450000 | Loss 3.42% is within limit.
2025-08-25 10:19:08,957 - INFO - position: Position(account='DUN086112', contract=Option(conId=800204891, symbol='SPX', lastTradeDateOrContractMonth='20250825', strike=6450.0, right='C', multiplier='100', currency='USD', localSymbol='SPXW  250825C06450000', tradingClass='SPXW'), position=10.0, avgCost=1131.29395)
2025-08-25 10:19:09,582 - INFO - Checking SPXW  250825C06450000 | Cost: 11.31 | Bid: 11.70 | Loss: 3.42%
2025-08-25 10:19:09,582 - INFO - Holding SPXW  250825C06450000 | Loss 3.42% is within limit.
2025-08-25 10:19:10,585 - INFO - position: Position(account='DUN086112', contract=Option(conId=800204891, symbol='SPX', lastTradeDateOrContractMonth='20250825', strike=6450.0, right='C', multiplier='100', currency='USD', localSymbol='SPXW  250825C06450000', tradingClass='SPXW'), position=10.0, avgCost=1131.29395)
2025-08-25 10:19:11,198 - INFO - Checking SPXW  250825C06450000 | Cost: 11.31 | Bid: 11.70 | Loss: 3.42%
2025-08-25 10:19:11,198 - INFO - Holding SPXW  250825C06450000 | Loss 3.42% is within limit.
2025-08-25 10:19:12,200 - INFO - position: Position(account='DUN086112', contract=Option(conId=800204891, symbol='SPX', lastTradeDateOrContractMonth='20250825', strike=6450.0, right='C', multiplier='100', currency='USD', localSymbol='SPXW  250825C06450000', tradingClass='SPXW'), position=10.0, avgCost=1131.29395)
2025-08-25 10:19:12,812 - INFO - Checking SPXW  250825C06450000 | Cost: 11.31 | Bid: 11.70 | Loss: 3.42%
2025-08-25 10:19:12,812 - INFO - Holding SPXW  250825C06450000 | Loss 3.42% is within limit.
2025-08-25 10:19:13,815 - INFO - position: Position(account='DUN086112', contract=Option(conId=800204891, symbol='SPX', lastTradeDateOrContractMonth='20250825', strike=6450.0, right='C', multiplier='100', currency='USD', localSymbol='SPXW  250825C06450000', tradingClass='SPXW'), position=10.0, avgCost=1131.29395)
2025-08-25 10:19:14,433 - INFO - Checking SPXW  250825C06450000 | Cost: 11.31 | Bid: 11.60 | Loss: 2.54%
2025-08-25 10:19:14,433 - INFO - Holding SPXW  250825C06450000 | Loss 2.54% is within limit.
2025-08-25 10:19:15,436 - INFO - position: Position(account='DUN086112', contract=Option(conId=800204891, symbol='SPX', lastTradeDateOrContractMonth='20250825', strike=6450.0, right='C', multiplier='100', currency='USD', localSymbol='SPXW  250825C06450000', tradingClass='SPXW'), position=10.0, avgCost=1131.29395)
2025-08-25 10:19:16,065 - INFO - Checking SPXW  250825C06450000 | Cost: 11.31 | Bid: 11.50 | Loss: 1.65%
2025-08-25 10:19:16,065 - INFO - Holding SPXW  250825C06450000 | Loss 1.65% is within limit.
2025-08-25 10:19:17,068 - INFO - position: Position(account='DUN086112', contract=Option(conId=800204891, symbol='SPX', lastTradeDateOrContractMonth='20250825', strike=6450.0, right='C', multiplier='100', currency='USD', localSymbol='SPXW  250825C06450000', tradingClass='SPXW'), position=10.0, avgCost=1131.29395)
2025-08-25 10:19:17,697 - INFO - Checking SPXW  250825C06450000 | Cost: 11.31 | Bid: 11.60 | Loss: 2.54%
2025-08-25 10:19:17,697 - INFO - Holding SPXW  250825C06450000 | Loss 2.54% is within limit.
2025-08-25 10:19:18,699 - INFO - position: Position(account='DUN086112', contract=Option(conId=800204891, symbol='SPX', lastTradeDateOrContractMonth='20250825', strike=6450.0, right='C', multiplier='100', currency='USD', localSymbol='SPXW  250825C06450000', tradingClass='SPXW'), position=10.0, avgCost=1131.29395)
2025-08-25 10:19:19,321 - INFO - Checking SPXW  250825C06450000 | Cost: 11.31 | Bid: 11.70 | Loss: 3.42%
2025-08-25 10:19:19,321 - INFO - Holding SPXW  250825C06450000 | Loss 3.42% is within limit.
2025-08-25 10:19:20,324 - INFO - position: Position(account='DUN086112', contract=Option(conId=800204891, symbol='SPX', lastTradeDateOrContractMonth='20250825', strike=6450.0, right='C', multiplier='100', currency='USD', localSymbol='SPXW  250825C06450000', tradingClass='SPXW'), position=10.0, avgCost=1131.29395)
2025-08-25 10:19:20,949 - INFO - Checking SPXW  250825C06450000 | Cost: 11.31 | Bid: 11.50 | Loss: 1.65%
2025-08-25 10:19:20,949 - INFO - Holding SPXW  250825C06450000 | Loss 1.65% is within limit.
2025-08-25 10:19:21,952 - INFO - position: Position(account='DUN086112', contract=Option(conId=800204891, symbol='SPX', lastTradeDateOrContractMonth='20250825', strike=6450.0, right='C', multiplier='100', currency='USD', localSymbol='SPXW  250825C06450000', tradingClass='SPXW'), position=10.0, avgCost=1131.29395)
2025-08-25 10:19:22,568 - INFO - Checking SPXW  250825C06450000 | Cost: 11.31 | Bid: 11.50 | Loss: 1.65%
2025-08-25 10:19:22,568 - INFO - Holding SPXW  250825C06450000 | Loss 1.65% is within limit.
2025-08-25 10:19:23,571 - INFO - position: Position(account='DUN086112', contract=Option(conId=800204891, symbol='SPX', lastTradeDateOrContractMonth='20250825', strike=6450.0, right='C', multiplier='100', currency='USD', localSymbol='SPXW  250825C06450000', tradingClass='SPXW'), position=10.0, avgCost=1131.29395)
2025-08-25 10:19:24,202 - INFO - Checking SPXW  250825C06450000 | Cost: 11.31 | Bid: 11.40 | Loss: 0.77%
2025-08-25 10:19:24,202 - INFO - Holding SPXW  250825C06450000 | Loss 0.77% is within limit.
2025-08-25 10:19:25,206 - INFO - position: Position(account='DUN086112', contract=Option(conId=800204891, symbol='SPX', lastTradeDateOrContractMonth='20250825', strike=6450.0, right='C', multiplier='100', currency='USD', localSymbol='SPXW  250825C06450000', tradingClass='SPXW'), position=10.0, avgCost=1131.29395)
2025-08-25 10:19:25,820 - INFO - Checking SPXW  250825C06450000 | Cost: 11.31 | Bid: 11.40 | Loss: 0.77%
2025-08-25 10:19:25,820 - INFO - Holding SPXW  250825C06450000 | Loss 0.77% is within limit.
2025-08-25 10:19:26,823 - INFO - position: Position(account='DUN086112', contract=Option(conId=800204891, symbol='SPX', lastTradeDateOrContractMonth='20250825', strike=6450.0, right='C', multiplier='100', currency='USD', localSymbol='SPXW  250825C06450000', tradingClass='SPXW'), position=10.0, avgCost=1131.29395)
2025-08-25 10:19:27,438 - INFO - Checking SPXW  250825C06450000 | Cost: 11.31 | Bid: 11.40 | Loss: 0.77%
2025-08-25 10:19:27,438 - INFO - Holding SPXW  250825C06450000 | Loss 0.77% is within limit.
2025-08-25 10:19:28,442 - INFO - position: Position(account='DUN086112', contract=Option(conId=800204891, symbol='SPX', lastTradeDateOrContractMonth='20250825', strike=6450.0, right='C', multiplier='100', currency='USD', localSymbol='SPXW  250825C06450000', tradingClass='SPXW'), position=10.0, avgCost=1131.29395)
2025-08-25 10:19:29,049 - INFO - Checking SPXW  250825C06450000 | Cost: 11.31 | Bid: 11.30 | Loss: -0.11%
2025-08-25 10:19:29,049 - INFO - Holding SPXW  250825C06450000 | Loss -0.11% is within limit.
2025-08-25 10:19:30,053 - INFO - position: Position(account='DUN086112', contract=Option(conId=800204891, symbol='SPX', lastTradeDateOrContractMonth='20250825', strike=6450.0, right='C', multiplier='100', currency='USD', localSymbol='SPXW  250825C06450000', tradingClass='SPXW'), position=10.0, avgCost=1131.29395)
2025-08-25 10:19:30,664 - INFO - Checking SPXW  250825C06450000 | Cost: 11.31 | Bid: 11.20 | Loss: -1.00%
2025-08-25 10:19:30,664 - INFO - Holding SPXW  250825C06450000 | Loss -1.00% is within limit.
2025-08-25 10:19:31,667 - INFO - position: Position(account='DUN086112', contract=Option(conId=800204891, symbol='SPX', lastTradeDateOrContractMonth='20250825', strike=6450.0, right='C', multiplier='100', currency='USD', localSymbol='SPXW  250825C06450000', tradingClass='SPXW'), position=10.0, avgCost=1131.29395)
2025-08-25 10:19:32,289 - INFO - Checking SPXW  250825C06450000 | Cost: 11.31 | Bid: 11.40 | Loss: 0.77%
2025-08-25 10:19:32,289 - INFO - Holding SPXW  250825C06450000 | Loss 0.77% is within limit.
2025-08-25 10:19:33,292 - INFO - position: Position(account='DUN086112', contract=Option(conId=800204891, symbol='SPX', lastTradeDateOrContractMonth='20250825', strike=6450.0, right='C', multiplier='100', currency='USD', localSymbol='SPXW  250825C06450000', tradingClass='SPXW'), position=10.0, avgCost=1131.29395)
2025-08-25 10:19:33,906 - INFO - Checking SPXW  250825C06450000 | Cost: 11.31 | Bid: 11.40 | Loss: 0.77%
2025-08-25 10:19:33,906 - INFO - Holding SPXW  250825C06450000 | Loss 0.77% is within limit.
2025-08-25 10:19:34,909 - INFO - position: Position(account='DUN086112', contract=Option(conId=800204891, symbol='SPX', lastTradeDateOrContractMonth='20250825', strike=6450.0, right='C', multiplier='100', currency='USD', localSymbol='SPXW  250825C06450000', tradingClass='SPXW'), position=10.0, avgCost=1131.29395)
2025-08-25 10:19:35,530 - INFO - Checking SPXW  250825C06450000 | Cost: 11.31 | Bid: 11.10 | Loss: -1.88%
2025-08-25 10:19:35,530 - INFO - Holding SPXW  250825C06450000 | Loss -1.88% is within limit.
2025-08-25 10:19:36,534 - INFO - position: Position(account='DUN086112', contract=Option(conId=800204891, symbol='SPX', lastTradeDateOrContractMonth='20250825', strike=6450.0, right='C', multiplier='100', currency='USD', localSymbol='SPXW  250825C06450000', tradingClass='SPXW'), position=10.0, avgCost=1131.29395)
2025-08-25 10:19:37,147 - INFO - Checking SPXW  250825C06450000 | Cost: 11.31 | Bid: 11.20 | Loss: -1.00%
2025-08-25 10:19:37,147 - INFO - Holding SPXW  250825C06450000 | Loss -1.00% is within limit.
2025-08-25 10:19:38,150 - INFO - position: Position(account='DUN086112', contract=Option(conId=800204891, symbol='SPX', lastTradeDateOrContractMonth='20250825', strike=6450.0, right='C', multiplier='100', currency='USD', localSymbol='SPXW  250825C06450000', tradingClass='SPXW'), position=10.0, avgCost=1131.29395)
2025-08-25 10:19:38,773 - INFO - Checking SPXW  250825C06450000 | Cost: 11.31 | Bid: 11.20 | Loss: -1.00%
2025-08-25 10:19:38,773 - INFO - Holding SPXW  250825C06450000 | Loss -1.00% is within limit.
2025-08-25 10:19:39,777 - INFO - position: Position(account='DUN086112', contract=Option(conId=800204891, symbol='SPX', lastTradeDateOrContractMonth='20250825', strike=6450.0, right='C', multiplier='100', currency='USD', localSymbol='SPXW  250825C06450000', tradingClass='SPXW'), position=10.0, avgCost=1131.29395)
2025-08-25 10:19:40,402 - INFO - Checking SPXW  250825C06450000 | Cost: 11.31 | Bid: 11.10 | Loss: -1.88%
2025-08-25 10:19:40,402 - INFO - Holding SPXW  250825C06450000 | Loss -1.88% is within limit.
2025-08-25 10:19:41,404 - INFO - position: Position(account='DUN086112', contract=Option(conId=800204891, symbol='SPX', lastTradeDateOrContractMonth='20250825', strike=6450.0, right='C', multiplier='100', currency='USD', localSymbol='SPXW  250825C06450000', tradingClass='SPXW'), position=10.0, avgCost=1131.29395)
2025-08-25 10:19:42,029 - INFO - Checking SPXW  250825C06450000 | Cost: 11.31 | Bid: 11.10 | Loss: -1.88%
2025-08-25 10:19:42,029 - INFO - Holding SPXW  250825C06450000 | Loss -1.88% is within limit.
2025-08-25 10:19:43,033 - INFO - position: Position(account='DUN086112', contract=Option(conId=800204891, symbol='SPX', lastTradeDateOrContractMonth='20250825', strike=6450.0, right='C', multiplier='100', currency='USD', localSymbol='SPXW  250825C06450000', tradingClass='SPXW'), position=10.0, avgCost=1131.29395)
2025-08-25 10:19:43,625 - INFO - Checking SPXW  250825C06450000 | Cost: 11.31 | Bid: 11.10 | Loss: -1.88%
2025-08-25 10:19:43,625 - INFO - Holding SPXW  250825C06450000 | Loss -1.88% is within limit.
2025-08-25 10:19:44,628 - INFO - position: Position(account='DUN086112', contract=Option(conId=800204891, symbol='SPX', lastTradeDateOrContractMonth='20250825', strike=6450.0, right='C', multiplier='100', currency='USD', localSymbol='SPXW  250825C06450000', tradingClass='SPXW'), position=10.0, avgCost=1131.29395)
2025-08-25 10:19:45,254 - INFO - Checking SPXW  250825C06450000 | Cost: 11.31 | Bid: 11.00 | Loss: -2.77%
2025-08-25 10:19:45,254 - INFO - Holding SPXW  250825C06450000 | Loss -2.77% is within limit.
2025-08-25 10:19:46,256 - INFO - position: Position(account='DUN086112', contract=Option(conId=800204891, symbol='SPX', lastTradeDateOrContractMonth='20250825', strike=6450.0, right='C', multiplier='100', currency='USD', localSymbol='SPXW  250825C06450000', tradingClass='SPXW'), position=10.0, avgCost=1131.29395)
2025-08-25 10:19:46,880 - INFO - Checking SPXW  250825C06450000 | Cost: 11.31 | Bid: 11.10 | Loss: -1.88%
2025-08-25 10:19:46,880 - INFO - Holding SPXW  250825C06450000 | Loss -1.88% is within limit.
2025-08-25 10:19:47,883 - INFO - position: Position(account='DUN086112', contract=Option(conId=800204891, symbol='SPX', lastTradeDateOrContractMonth='20250825', strike=6450.0, right='C', multiplier='100', currency='USD', localSymbol='SPXW  250825C06450000', tradingClass='SPXW'), position=10.0, avgCost=1131.29395)
2025-08-25 10:19:48,496 - INFO - Checking SPXW  250825C06450000 | Cost: 11.31 | Bid: 11.10 | Loss: -1.88%
2025-08-25 10:19:48,496 - INFO - Holding SPXW  250825C06450000 | Loss -1.88% is within limit.
2025-08-25 10:19:49,499 - INFO - position: Position(account='DUN086112', contract=Option(conId=800204891, symbol='SPX', lastTradeDateOrContractMonth='20250825', strike=6450.0, right='C', multiplier='100', currency='USD', localSymbol='SPXW  250825C06450000', tradingClass='SPXW'), position=10.0, avgCost=1131.29395)
2025-08-25 10:19:50,108 - INFO - Checking SPXW  250825C06450000 | Cost: 11.31 | Bid: 11.00 | Loss: -2.77%
2025-08-25 10:19:50,108 - INFO - Holding SPXW  250825C06450000 | Loss -2.77% is within limit.
2025-08-25 10:19:51,112 - INFO - position: Position(account='DUN086112', contract=Option(conId=800204891, symbol='SPX', lastTradeDateOrContractMonth='20250825', strike=6450.0, right='C', multiplier='100', currency='USD', localSymbol='SPXW  250825C06450000', tradingClass='SPXW'), position=10.0, avgCost=1131.29395)
2025-08-25 10:19:51,739 - INFO - Checking SPXW  250825C06450000 | Cost: 11.31 | Bid: 11.20 | Loss: -1.00%
2025-08-25 10:19:51,739 - INFO - Holding SPXW  250825C06450000 | Loss -1.00% is within limit.
2025-08-25 10:19:52,742 - INFO - position: Position(account='DUN086112', contract=Option(conId=800204891, symbol='SPX', lastTradeDateOrContractMonth='20250825', strike=6450.0, right='C', multiplier='100', currency='USD', localSymbol='SPXW  250825C06450000', tradingClass='SPXW'), position=10.0, avgCost=1131.29395)
2025-08-25 10:19:53,342 - INFO - Checking SPXW  250825C06450000 | Cost: 11.31 | Bid: 11.10 | Loss: -1.88%
2025-08-25 10:19:53,342 - INFO - Holding SPXW  250825C06450000 | Loss -1.88% is within limit.
2025-08-25 10:19:54,344 - INFO - position: Position(account='DUN086112', contract=Option(conId=800204891, symbol='SPX', lastTradeDateOrContractMonth='20250825', strike=6450.0, right='C', multiplier='100', currency='USD', localSymbol='SPXW  250825C06450000', tradingClass='SPXW'), position=10.0, avgCost=1131.29395)
2025-08-25 10:19:54,957 - INFO - Checking SPXW  250825C06450000 | Cost: 11.31 | Bid: 10.90 | Loss: -3.65%
2025-08-25 10:19:54,958 - INFO - Holding SPXW  250825C06450000 | Loss -3.65% is within limit.
2025-08-25 10:19:55,960 - INFO - position: Position(account='DUN086112', contract=Option(conId=800204891, symbol='SPX', lastTradeDateOrContractMonth='20250825', strike=6450.0, right='C', multiplier='100', currency='USD', localSymbol='SPXW  250825C06450000', tradingClass='SPXW'), position=10.0, avgCost=1131.29395)
2025-08-25 10:19:56,580 - INFO - Checking SPXW  250825C06450000 | Cost: 11.31 | Bid: 10.90 | Loss: -3.65%
2025-08-25 10:19:56,580 - INFO - Holding SPXW  250825C06450000 | Loss -3.65% is within limit.
2025-08-25 10:19:57,583 - INFO - position: Position(account='DUN086112', contract=Option(conId=800204891, symbol='SPX', lastTradeDateOrContractMonth='20250825', strike=6450.0, right='C', multiplier='100', currency='USD', localSymbol='SPXW  250825C06450000', tradingClass='SPXW'), position=10.0, avgCost=1131.29395)
2025-08-25 10:19:58,209 - INFO - Checking SPXW  250825C06450000 | Cost: 11.31 | Bid: 10.80 | Loss: -4.53%
2025-08-25 10:19:58,209 - INFO - Holding SPXW  250825C06450000 | Loss -4.53% is within limit.
2025-08-25 10:19:59,212 - INFO - position: Position(account='DUN086112', contract=Option(conId=800204891, symbol='SPX', lastTradeDateOrContractMonth='20250825', strike=6450.0, right='C', multiplier='100', currency='USD', localSymbol='SPXW  250825C06450000', tradingClass='SPXW'), position=10.0, avgCost=1131.29395)
2025-08-25 10:19:59,823 - INFO - Checking SPXW  250825C06450000 | Cost: 11.31 | Bid: 10.60 | Loss: -6.30%
2025-08-25 10:19:59,823 - INFO - Holding SPXW  250825C06450000 | Loss -6.30% is within limit.
2025-08-25 10:20:00,827 - INFO - position: Position(account='DUN086112', contract=Option(conId=800204891, symbol='SPX', lastTradeDateOrContractMonth='20250825', strike=6450.0, right='C', multiplier='100', currency='USD', localSymbol='SPXW  250825C06450000', tradingClass='SPXW'), position=10.0, avgCost=1131.29395)
2025-08-25 10:20:01,446 - INFO - Checking SPXW  250825C06450000 | Cost: 11.31 | Bid: 10.60 | Loss: -6.30%
2025-08-25 10:20:01,446 - INFO - Holding SPXW  250825C06450000 | Loss -6.30% is within limit.
2025-08-25 10:20:02,449 - INFO - position: Position(account='DUN086112', contract=Option(conId=800204891, symbol='SPX', lastTradeDateOrContractMonth='20250825', strike=6450.0, right='C', multiplier='100', currency='USD', localSymbol='SPXW  250825C06450000', tradingClass='SPXW'), position=10.0, avgCost=1131.29395)
2025-08-25 10:20:03,060 - INFO - Checking SPXW  250825C06450000 | Cost: 11.31 | Bid: 10.70 | Loss: -5.42%
2025-08-25 10:20:03,060 - INFO - Holding SPXW  250825C06450000 | Loss -5.42% is within limit.
2025-08-25 10:20:04,062 - INFO - position: Position(account='DUN086112', contract=Option(conId=800204891, symbol='SPX', lastTradeDateOrContractMonth='20250825', strike=6450.0, right='C', multiplier='100', currency='USD', localSymbol='SPXW  250825C06450000', tradingClass='SPXW'), position=10.0, avgCost=1131.29395)
2025-08-25 10:20:04,670 - INFO - Checking SPXW  250825C06450000 | Cost: 11.31 | Bid: 10.90 | Loss: -3.65%
2025-08-25 10:20:04,670 - INFO - Holding SPXW  250825C06450000 | Loss -3.65% is within limit.
2025-08-25 10:20:05,673 - INFO - position: Position(account='DUN086112', contract=Option(conId=800204891, symbol='SPX', lastTradeDateOrContractMonth='20250825', strike=6450.0, right='C', multiplier='100', currency='USD', localSymbol='SPXW  250825C06450000', tradingClass='SPXW'), position=10.0, avgCost=1131.29395)
2025-08-25 10:20:06,300 - INFO - Checking SPXW  250825C06450000 | Cost: 11.31 | Bid: 10.80 | Loss: -4.53%
2025-08-25 10:20:06,300 - INFO - Holding SPXW  250825C06450000 | Loss -4.53% is within limit.
2025-08-25 10:20:07,303 - INFO - position: Position(account='DUN086112', contract=Option(conId=800204891, symbol='SPX', lastTradeDateOrContractMonth='20250825', strike=6450.0, right='C', multiplier='100', currency='USD', localSymbol='SPXW  250825C06450000', tradingClass='SPXW'), position=10.0, avgCost=1131.29395)
2025-08-25 10:20:07,928 - INFO - Checking SPXW  250825C06450000 | Cost: 11.31 | Bid: 10.90 | Loss: -3.65%
2025-08-25 10:20:07,928 - INFO - Holding SPXW  250825C06450000 | Loss -3.65% is within limit.
2025-08-25 10:20:08,930 - INFO - position: Position(account='DUN086112', contract=Option(conId=800204891, symbol='SPX', lastTradeDateOrContractMonth='20250825', strike=6450.0, right='C', multiplier='100', currency='USD', localSymbol='SPXW  250825C06450000', tradingClass='SPXW'), position=10.0, avgCost=1131.29395)
2025-08-25 10:20:09,537 - INFO - Checking SPXW  250825C06450000 | Cost: 11.31 | Bid: 10.90 | Loss: -3.65%
2025-08-25 10:20:09,537 - INFO - Holding SPXW  250825C06450000 | Loss -3.65% is within limit.
2025-08-25 10:20:10,539 - INFO - position: Position(account='DUN086112', contract=Option(conId=800204891, symbol='SPX', lastTradeDateOrContractMonth='20250825', strike=6450.0, right='C', multiplier='100', currency='USD', localSymbol='SPXW  250825C06450000', tradingClass='SPXW'), position=10.0, avgCost=1131.29395)
2025-08-25 10:20:11,165 - INFO - Checking SPXW  250825C06450000 | Cost: 11.31 | Bid: 10.90 | Loss: -3.65%
2025-08-25 10:20:11,165 - INFO - Holding SPXW  250825C06450000 | Loss -3.65% is within limit.
2025-08-25 10:20:12,168 - INFO - position: Position(account='DUN086112', contract=Option(conId=800204891, symbol='SPX', lastTradeDateOrContractMonth='20250825', strike=6450.0, right='C', multiplier='100', currency='USD', localSymbol='SPXW  250825C06450000', tradingClass='SPXW'), position=10.0, avgCost=1131.29395)
2025-08-25 10:20:12,777 - INFO - Checking SPXW  250825C06450000 | Cost: 11.31 | Bid: 11.20 | Loss: -1.00%
2025-08-25 10:20:12,777 - INFO - Holding SPXW  250825C06450000 | Loss -1.00% is within limit.
2025-08-25 10:20:13,780 - INFO - position: Position(account='DUN086112', contract=Option(conId=800204891, symbol='SPX', lastTradeDateOrContractMonth='20250825', strike=6450.0, right='C', multiplier='100', currency='USD', localSymbol='SPXW  250825C06450000', tradingClass='SPXW'), position=10.0, avgCost=1131.29395)
2025-08-25 10:20:14,394 - INFO - Checking SPXW  250825C06450000 | Cost: 11.31 | Bid: 11.50 | Loss: 1.65%
2025-08-25 10:20:14,394 - INFO - Holding SPXW  250825C06450000 | Loss 1.65% is within limit.
2025-08-25 10:20:15,397 - INFO - position: Position(account='DUN086112', contract=Option(conId=800204891, symbol='SPX', lastTradeDateOrContractMonth='20250825', strike=6450.0, right='C', multiplier='100', currency='USD', localSymbol='SPXW  250825C06450000', tradingClass='SPXW'), position=10.0, avgCost=1131.29395)
2025-08-25 10:20:16,022 - INFO - Checking SPXW  250825C06450000 | Cost: 11.31 | Bid: 11.60 | Loss: 2.54%
2025-08-25 10:20:16,022 - INFO - Holding SPXW  250825C06450000 | Loss 2.54% is within limit.
2025-08-25 10:20:17,025 - INFO - position: Position(account='DUN086112', contract=Option(conId=800204891, symbol='SPX', lastTradeDateOrContractMonth='20250825', strike=6450.0, right='C', multiplier='100', currency='USD', localSymbol='SPXW  250825C06450000', tradingClass='SPXW'), position=10.0, avgCost=1131.29395)
2025-08-25 10:20:17,640 - INFO - Checking SPXW  250825C06450000 | Cost: 11.31 | Bid: 11.60 | Loss: 2.54%
2025-08-25 10:20:17,640 - INFO - Holding SPXW  250825C06450000 | Loss 2.54% is within limit.
2025-08-25 10:20:18,643 - INFO - position: Position(account='DUN086112', contract=Option(conId=800204891, symbol='SPX', lastTradeDateOrContractMonth='20250825', strike=6450.0, right='C', multiplier='100', currency='USD', localSymbol='SPXW  250825C06450000', tradingClass='SPXW'), position=10.0, avgCost=1131.29395)
2025-08-25 10:20:19,251 - INFO - Checking SPXW  250825C06450000 | Cost: 11.31 | Bid: 11.60 | Loss: 2.54%
2025-08-25 10:20:19,252 - INFO - Holding SPXW  250825C06450000 | Loss 2.54% is within limit.
2025-08-25 10:20:20,253 - INFO - position: Position(account='DUN086112', contract=Option(conId=800204891, symbol='SPX', lastTradeDateOrContractMonth='20250825', strike=6450.0, right='C', multiplier='100', currency='USD', localSymbol='SPXW  250825C06450000', tradingClass='SPXW'), position=10.0, avgCost=1131.29395)
2025-08-25 10:20:20,855 - INFO - Checking SPXW  250825C06450000 | Cost: 11.31 | Bid: 11.70 | Loss: 3.42%
2025-08-25 10:20:20,855 - INFO - Holding SPXW  250825C06450000 | Loss 3.42% is within limit.
2025-08-25 10:20:21,859 - INFO - position: Position(account='DUN086112', contract=Option(conId=800204891, symbol='SPX', lastTradeDateOrContractMonth='20250825', strike=6450.0, right='C', multiplier='100', currency='USD', localSymbol='SPXW  250825C06450000', tradingClass='SPXW'), position=10.0, avgCost=1131.29395)
2025-08-25 10:20:22,467 - INFO - Checking SPXW  250825C06450000 | Cost: 11.31 | Bid: 11.70 | Loss: 3.42%
2025-08-25 10:20:22,467 - INFO - Holding SPXW  250825C06450000 | Loss 3.42% is within limit.
2025-08-25 10:20:23,470 - INFO - position: Position(account='DUN086112', contract=Option(conId=800204891, symbol='SPX', lastTradeDateOrContractMonth='20250825', strike=6450.0, right='C', multiplier='100', currency='USD', localSymbol='SPXW  250825C06450000', tradingClass='SPXW'), position=10.0, avgCost=1131.29395)
2025-08-25 10:20:24,096 - INFO - Checking SPXW  250825C06450000 | Cost: 11.31 | Bid: 11.50 | Loss: 1.65%
2025-08-25 10:20:24,096 - INFO - Holding SPXW  250825C06450000 | Loss 1.65% is within limit.
2025-08-25 10:20:25,099 - INFO - position: Position(account='DUN086112', contract=Option(conId=800204891, symbol='SPX', lastTradeDateOrContractMonth='20250825', strike=6450.0, right='C', multiplier='100', currency='USD', localSymbol='SPXW  250825C06450000', tradingClass='SPXW'), position=10.0, avgCost=1131.29395)
2025-08-25 10:20:25,724 - INFO - Checking SPXW  250825C06450000 | Cost: 11.31 | Bid: 11.70 | Loss: 3.42%
2025-08-25 10:20:25,724 - INFO - Holding SPXW  250825C06450000 | Loss 3.42% is within limit.
2025-08-25 10:20:26,728 - INFO - position: Position(account='DUN086112', contract=Option(conId=800204891, symbol='SPX', lastTradeDateOrContractMonth='20250825', strike=6450.0, right='C', multiplier='100', currency='USD', localSymbol='SPXW  250825C06450000', tradingClass='SPXW'), position=10.0, avgCost=1131.29395)
2025-08-25 10:20:27,354 - INFO - Checking SPXW  250825C06450000 | Cost: 11.31 | Bid: 11.40 | Loss: 0.77%
2025-08-25 10:20:27,355 - INFO - Holding SPXW  250825C06450000 | Loss 0.77% is within limit.
2025-08-25 10:20:28,357 - INFO - position: Position(account='DUN086112', contract=Option(conId=800204891, symbol='SPX', lastTradeDateOrContractMonth='20250825', strike=6450.0, right='C', multiplier='100', currency='USD', localSymbol='SPXW  250825C06450000', tradingClass='SPXW'), position=10.0, avgCost=1131.29395)
2025-08-25 10:20:28,981 - INFO - Checking SPXW  250825C06450000 | Cost: 11.31 | Bid: 11.50 | Loss: 1.65%
2025-08-25 10:20:28,981 - INFO - Holding SPXW  250825C06450000 | Loss 1.65% is within limit.
2025-08-25 10:20:29,983 - INFO - position: Position(account='DUN086112', contract=Option(conId=800204891, symbol='SPX', lastTradeDateOrContractMonth='20250825', strike=6450.0, right='C', multiplier='100', currency='USD', localSymbol='SPXW  250825C06450000', tradingClass='SPXW'), position=10.0, avgCost=1131.29395)
2025-08-25 10:20:30,606 - INFO - Checking SPXW  250825C06450000 | Cost: 11.31 | Bid: 11.40 | Loss: 0.77%
2025-08-25 10:20:30,606 - INFO - Holding SPXW  250825C06450000 | Loss 0.77% is within limit.
2025-08-25 10:20:31,609 - INFO - position: Position(account='DUN086112', contract=Option(conId=800204891, symbol='SPX', lastTradeDateOrContractMonth='20250825', strike=6450.0, right='C', multiplier='100', currency='USD', localSymbol='SPXW  250825C06450000', tradingClass='SPXW'), position=10.0, avgCost=1131.29395)
2025-08-25 10:20:32,221 - INFO - Checking SPXW  250825C06450000 | Cost: 11.31 | Bid: 11.40 | Loss: 0.77%
2025-08-25 10:20:32,221 - INFO - Holding SPXW  250825C06450000 | Loss 0.77% is within limit.
2025-08-25 10:20:33,225 - INFO - position: Position(account='DUN086112', contract=Option(conId=800204891, symbol='SPX', lastTradeDateOrContractMonth='20250825', strike=6450.0, right='C', multiplier='100', currency='USD', localSymbol='SPXW  250825C06450000', tradingClass='SPXW'), position=10.0, avgCost=1131.29395)
2025-08-25 10:20:33,827 - INFO - Checking SPXW  250825C06450000 | Cost: 11.31 | Bid: 11.40 | Loss: 0.77%
2025-08-25 10:20:33,827 - INFO - Holding SPXW  250825C06450000 | Loss 0.77% is within limit.
2025-08-25 10:20:34,830 - INFO - position: Position(account='DUN086112', contract=Option(conId=800204891, symbol='SPX', lastTradeDateOrContractMonth='20250825', strike=6450.0, right='C', multiplier='100', currency='USD', localSymbol='SPXW  250825C06450000', tradingClass='SPXW'), position=10.0, avgCost=1131.29395)
2025-08-25 10:20:35,456 - INFO - Checking SPXW  250825C06450000 | Cost: 11.31 | Bid: 11.20 | Loss: -1.00%
2025-08-25 10:20:35,456 - INFO - Holding SPXW  250825C06450000 | Loss -1.00% is within limit.
2025-08-25 10:20:36,459 - INFO - position: Position(account='DUN086112', contract=Option(conId=800204891, symbol='SPX', lastTradeDateOrContractMonth='20250825', strike=6450.0, right='C', multiplier='100', currency='USD', localSymbol='SPXW  250825C06450000', tradingClass='SPXW'), position=10.0, avgCost=1131.29395)
2025-08-25 10:20:37,072 - INFO - Checking SPXW  250825C06450000 | Cost: 11.31 | Bid: 11.30 | Loss: -0.11%
2025-08-25 10:20:37,072 - INFO - Holding SPXW  250825C06450000 | Loss -0.11% is within limit.
2025-08-25 10:20:38,075 - INFO - position: Position(account='DUN086112', contract=Option(conId=800204891, symbol='SPX', lastTradeDateOrContractMonth='20250825', strike=6450.0, right='C', multiplier='100', currency='USD', localSymbol='SPXW  250825C06450000', tradingClass='SPXW'), position=10.0, avgCost=1131.29395)
2025-08-25 10:20:38,685 - INFO - Checking SPXW  250825C06450000 | Cost: 11.31 | Bid: 11.00 | Loss: -2.77%
2025-08-25 10:20:38,685 - INFO - Holding SPXW  250825C06450000 | Loss -2.77% is within limit.
2025-08-25 10:20:39,689 - INFO - position: Position(account='DUN086112', contract=Option(conId=800204891, symbol='SPX', lastTradeDateOrContractMonth='20250825', strike=6450.0, right='C', multiplier='100', currency='USD', localSymbol='SPXW  250825C06450000', tradingClass='SPXW'), position=10.0, avgCost=1131.29395)
2025-08-25 10:20:40,298 - INFO - Checking SPXW  250825C06450000 | Cost: 11.31 | Bid: 11.10 | Loss: -1.88%
2025-08-25 10:20:40,298 - INFO - Holding SPXW  250825C06450000 | Loss -1.88% is within limit.
2025-08-25 10:20:41,301 - INFO - position: Position(account='DUN086112', contract=Option(conId=800204891, symbol='SPX', lastTradeDateOrContractMonth='20250825', strike=6450.0, right='C', multiplier='100', currency='USD', localSymbol='SPXW  250825C06450000', tradingClass='SPXW'), position=10.0, avgCost=1131.29395)
2025-08-25 10:20:41,904 - INFO - Checking SPXW  250825C06450000 | Cost: 11.31 | Bid: 11.00 | Loss: -2.77%
2025-08-25 10:20:41,904 - INFO - Holding SPXW  250825C06450000 | Loss -2.77% is within limit.
2025-08-25 10:20:42,907 - INFO - position: Position(account='DUN086112', contract=Option(conId=800204891, symbol='SPX', lastTradeDateOrContractMonth='20250825', strike=6450.0, right='C', multiplier='100', currency='USD', localSymbol='SPXW  250825C06450000', tradingClass='SPXW'), position=10.0, avgCost=1131.29395)
2025-08-25 10:20:43,536 - INFO - Checking SPXW  250825C06450000 | Cost: 11.31 | Bid: 11.00 | Loss: -2.77%
2025-08-25 10:20:43,536 - INFO - Holding SPXW  250825C06450000 | Loss -2.77% is within limit.
2025-08-25 10:20:44,539 - INFO - position: Position(account='DUN086112', contract=Option(conId=800204891, symbol='SPX', lastTradeDateOrContractMonth='20250825', strike=6450.0, right='C', multiplier='100', currency='USD', localSymbol='SPXW  250825C06450000', tradingClass='SPXW'), position=10.0, avgCost=1131.29395)
2025-08-25 10:20:45,165 - INFO - Checking SPXW  250825C06450000 | Cost: 11.31 | Bid: 11.00 | Loss: -2.77%
2025-08-25 10:20:45,165 - INFO - Holding SPXW  250825C06450000 | Loss -2.77% is within limit.
2025-08-25 10:20:46,169 - INFO - position: Position(account='DUN086112', contract=Option(conId=800204891, symbol='SPX', lastTradeDateOrContractMonth='20250825', strike=6450.0, right='C', multiplier='100', currency='USD', localSymbol='SPXW  250825C06450000', tradingClass='SPXW'), position=10.0, avgCost=1131.29395)
2025-08-25 10:20:46,795 - INFO - Checking SPXW  250825C06450000 | Cost: 11.31 | Bid: 10.90 | Loss: -3.65%
2025-08-25 10:20:46,795 - INFO - Holding SPXW  250825C06450000 | Loss -3.65% is within limit.
2025-08-25 10:20:47,798 - INFO - position: Position(account='DUN086112', contract=Option(conId=800204891, symbol='SPX', lastTradeDateOrContractMonth='20250825', strike=6450.0, right='C', multiplier='100', currency='USD', localSymbol='SPXW  250825C06450000', tradingClass='SPXW'), position=10.0, avgCost=1131.29395)
2025-08-25 10:20:48,408 - INFO - Checking SPXW  250825C06450000 | Cost: 11.31 | Bid: 10.60 | Loss: -6.30%
2025-08-25 10:20:48,408 - INFO - Holding SPXW  250825C06450000 | Loss -6.30% is within limit.
2025-08-25 10:20:49,411 - INFO - position: Position(account='DUN086112', contract=Option(conId=800204891, symbol='SPX', lastTradeDateOrContractMonth='20250825', strike=6450.0, right='C', multiplier='100', currency='USD', localSymbol='SPXW  250825C06450000', tradingClass='SPXW'), position=10.0, avgCost=1131.29395)
2025-08-25 10:20:50,039 - INFO - Checking SPXW  250825C06450000 | Cost: 11.31 | Bid: 10.60 | Loss: -6.30%
2025-08-25 10:20:50,040 - INFO - Holding SPXW  250825C06450000 | Loss -6.30% is within limit.
2025-08-25 10:20:51,043 - INFO - position: Position(account='DUN086112', contract=Option(conId=800204891, symbol='SPX', lastTradeDateOrContractMonth='20250825', strike=6450.0, right='C', multiplier='100', currency='USD', localSymbol='SPXW  250825C06450000', tradingClass='SPXW'), position=10.0, avgCost=1131.29395)
2025-08-25 10:20:51,652 - INFO - Checking SPXW  250825C06450000 | Cost: 11.31 | Bid: 10.50 | Loss: -7.19%
2025-08-25 10:20:51,652 - INFO - Holding SPXW  250825C06450000 | Loss -7.19% is within limit.
2025-08-25 10:20:52,655 - INFO - position: Position(account='DUN086112', contract=Option(conId=800204891, symbol='SPX', lastTradeDateOrContractMonth='20250825', strike=6450.0, right='C', multiplier='100', currency='USD', localSymbol='SPXW  250825C06450000', tradingClass='SPXW'), position=10.0, avgCost=1131.29395)
2025-08-25 10:20:53,264 - INFO - Checking SPXW  250825C06450000 | Cost: 11.31 | Bid: 10.30 | Loss: -8.95%
2025-08-25 10:20:53,264 - WARNING - STOP-LOSS TRIGGERED for SPXW  250825C06450000 | Loss: -8.95%
2025-08-25 10:20:53,266 - INFO - placeOrder: New order Trade(contract=Option(conId=800204891, symbol='SPX', lastTradeDateOrContractMonth='20250825', strike=6450.0, right='C', multiplier='100', exchange='CBOE', currency='USD', localSymbol='SPXW  250825C06450000', tradingClass='SPXW'), order=MarketOrder(orderId=53668, clientId=1, action='SELL', totalQuantity=10.0), orderStatus=OrderStatus(orderId=53668, status='PendingSubmit', filled=0.0, remaining=0.0, avgFillPrice=0.0, permId=0, parentId=0, lastFillPrice=0.0, clientId=0, whyHeld='', mktCapPrice=0.0), fills=[], log=[TradeLogEntry(time=datetime.datetime(2025, 8, 25, 14, 20, 53, 266271, tzinfo=datetime.timezone.utc), status='PendingSubmit', message='', errorCode=0)], advancedError='')
2025-08-25 10:20:53,266 - WARNING - Placed MARKET SELL 10 for SPXW  250825C06450000
2025-08-25 10:20:53,361 - INFO - orderStatus: Trade(contract=Option(conId=800204891, symbol='SPX', lastTradeDateOrContractMonth='20250825', strike=6450.0, right='C', multiplier='100', exchange='CBOE', currency='USD', localSymbol='SPXW  250825C06450000', tradingClass='SPXW'), order=MarketOrder(orderId=53668, clientId=1, permId=1333554259, action='SELL', totalQuantity=10.0, lmtPrice=0.0, auxPrice=0.0), orderStatus=OrderStatus(orderId=53668, status='PreSubmitted', filled=0.0, remaining=10.0, avgFillPrice=0.0, permId=1333554259, parentId=0, lastFillPrice=0.0, clientId=1, whyHeld='', mktCapPrice=0.0), fills=[], log=[TradeLogEntry(time=datetime.datetime(2025, 8, 25, 14, 20, 53, 266271, tzinfo=datetime.timezone.utc), status='PendingSubmit', message='', errorCode=0), TradeLogEntry(time=datetime.datetime(2025, 8, 25, 14, 20, 53, 360851, tzinfo=datetime.timezone.utc), status='PreSubmitted', message='', errorCode=0)], advancedError='')
2025-08-25 10:20:53,362 - INFO - position: Position(account='DUN086112', contract=Option(conId=800204891, symbol='SPX', lastTradeDateOrContractMonth='20250825', strike=6450.0, right='C', multiplier='100', currency='USD', localSymbol='SPXW  250825C06450000', tradingClass='SPXW'), position=4.0, avgCost=1131.29395)
2025-08-25 10:20:53,366 - INFO - execDetails Execution(execId='00020057.68ac0792.01.01', time=datetime.datetime(2025, 8, 25, 14, 20, 53, tzinfo=datetime.timezone.utc), acctNumber='DUN086112', exchange='CBOE', side='SLD', shares=6.0, price=10.4, permId=1333554259, clientId=1, orderId=53668, liquidation=0, cumQty=6.0, avgPrice=10.4, orderRef='', evRule='', evMultiplier=0.0, modelCode='', lastLiquidity=2)
2025-08-25 10:20:53,367 - INFO - execDetails: Fill(contract=Option(conId=800204891, symbol='SPX', lastTradeDateOrContractMonth='20250825', strike=6450.0, right='C', multiplier='100', exchange='CBOE', currency='USD', localSymbol='SPXW  250825C06450000', tradingClass='SPXW'), execution=Execution(execId='00020057.68ac0792.01.01', time=datetime.datetime(2025, 8, 25, 14, 20, 53, tzinfo=datetime.timezone.utc), acctNumber='DUN086112', exchange='CBOE', side='SLD', shares=6.0, price=10.4, permId=1333554259, clientId=1, orderId=53668, liquidation=0, cumQty=6.0, avgPrice=10.4, orderRef='', evRule='', evMultiplier=0.0, modelCode='', lastLiquidity=2), commissionReport=CommissionReport(execId='', commission=0.0, currency='', realizedPNL=0.0, yield_=0.0, yieldRedemptionDate=0), time=datetime.datetime(2025, 8, 25, 14, 20, 53, 366860, tzinfo=datetime.timezone.utc))
2025-08-25 10:20:53,368 - INFO - orderStatus: Trade(contract=Option(conId=800204891, symbol='SPX', lastTradeDateOrContractMonth='20250825', strike=6450.0, right='C', multiplier='100', exchange='CBOE', currency='USD', localSymbol='SPXW  250825C06450000', tradingClass='SPXW'), order=MarketOrder(orderId=53668, clientId=1, permId=1333554259, action='SELL', totalQuantity=10.0, lmtPrice=0.0, auxPrice=0.0), orderStatus=OrderStatus(orderId=53668, status='PreSubmitted', filled=6.0, remaining=4.0, avgFillPrice=10.4, permId=1333554259, parentId=0, lastFillPrice=10.4, clientId=1, whyHeld='', mktCapPrice=0.0), fills=[Fill(contract=Option(conId=800204891, symbol='SPX', lastTradeDateOrContractMonth='20250825', strike=6450.0, right='C', multiplier='100', exchange='CBOE', currency='USD', localSymbol='SPXW  250825C06450000', tradingClass='SPXW'), execution=Execution(execId='00020057.68ac0792.01.01', time=datetime.datetime(2025, 8, 25, 14, 20, 53, tzinfo=datetime.timezone.utc), acctNumber='DUN086112', exchange='CBOE', side='SLD', shares=6.0, price=10.4, permId=1333554259, clientId=1, orderId=53668, liquidation=0, cumQty=6.0, avgPrice=10.4, orderRef='', evRule='', evMultiplier=0.0, modelCode='', lastLiquidity=2), commissionReport=CommissionReport(execId='', commission=0.0, currency='', realizedPNL=0.0, yield_=0.0, yieldRedemptionDate=0), time=datetime.datetime(2025, 8, 25, 14, 20, 53, 366860, tzinfo=datetime.timezone.utc))], log=[TradeLogEntry(time=datetime.datetime(2025, 8, 25, 14, 20, 53, 266271, tzinfo=datetime.timezone.utc), status='PendingSubmit', message='', errorCode=0), TradeLogEntry(time=datetime.datetime(2025, 8, 25, 14, 20, 53, 360851, tzinfo=datetime.timezone.utc), status='PreSubmitted', message='', errorCode=0), TradeLogEntry(time=datetime.datetime(2025, 8, 25, 14, 20, 53, 366860, tzinfo=datetime.timezone.utc), status='PreSubmitted', message='Fill 6.0@10.4', errorCode=0), TradeLogEntry(time=datetime.datetime(2025, 8, 25, 14, 20, 53, 368857, tzinfo=datetime.timezone.utc), status='PreSubmitted', message='', errorCode=0)], advancedError='')
2025-08-25 10:20:53,370 - INFO - orderStatus: Trade(contract=Option(conId=800204891, symbol='SPX', lastTradeDateOrContractMonth='20250825', strike=6450.0, right='C', multiplier='100', exchange='CBOE', currency='USD', localSymbol='SPXW  250825C06450000', tradingClass='SPXW'), order=MarketOrder(orderId=53668, clientId=1, permId=1333554259, action='SELL', totalQuantity=10.0, lmtPrice=0.0, auxPrice=0.0), orderStatus=OrderStatus(orderId=53668, status='Submitted', filled=6.0, remaining=4.0, avgFillPrice=10.4, permId=1333554259, parentId=0, lastFillPrice=10.4, clientId=1, whyHeld='', mktCapPrice=0.0), fills=[Fill(contract=Option(conId=800204891, symbol='SPX', lastTradeDateOrContractMonth='20250825', strike=6450.0, right='C', multiplier='100', exchange='CBOE', currency='USD', localSymbol='SPXW  250825C06450000', tradingClass='SPXW'), execution=Execution(execId='00020057.68ac0792.01.01', time=datetime.datetime(2025, 8, 25, 14, 20, 53, tzinfo=datetime.timezone.utc), acctNumber='DUN086112', exchange='CBOE', side='SLD', shares=6.0, price=10.4, permId=1333554259, clientId=1, orderId=53668, liquidation=0, cumQty=6.0, avgPrice=10.4, orderRef='', evRule='', evMultiplier=0.0, modelCode='', lastLiquidity=2), commissionReport=CommissionReport(execId='', commission=0.0, currency='', realizedPNL=0.0, yield_=0.0, yieldRedemptionDate=0), time=datetime.datetime(2025, 8, 25, 14, 20, 53, 366860, tzinfo=datetime.timezone.utc))], log=[TradeLogEntry(time=datetime.datetime(2025, 8, 25, 14, 20, 53, 266271, tzinfo=datetime.timezone.utc), status='PendingSubmit', message='', errorCode=0), TradeLogEntry(time=datetime.datetime(2025, 8, 25, 14, 20, 53, 360851, tzinfo=datetime.timezone.utc), status='PreSubmitted', message='', errorCode=0), TradeLogEntry(time=datetime.datetime(2025, 8, 25, 14, 20, 53, 366860, tzinfo=datetime.timezone.utc), status='PreSubmitted', message='Fill 6.0@10.4', errorCode=0), TradeLogEntry(time=datetime.datetime(2025, 8, 25, 14, 20, 53, 368857, tzinfo=datetime.timezone.utc), status='PreSubmitted', message='', errorCode=0), TradeLogEntry(time=datetime.datetime(2025, 8, 25, 14, 20, 53, 370857, tzinfo=datetime.timezone.utc), status='Submitted', message='', errorCode=0)], advancedError='')
2025-08-25 10:20:53,372 - INFO - commissionReport: CommissionReport(execId='00020057.68ac0792.01.01', commission=7.7637, currency='USD', realizedPNL=-555.5274, yield_=0.0, yieldRedemptionDate=0)
2025-08-25 10:20:53,373 - INFO - position: Position(account='DUN086112', contract=Option(conId=800204891, symbol='SPX', lastTradeDateOrContractMonth='20250825', strike=6450.0, right='C', multiplier='100', currency='USD', localSymbol='SPXW  250825C06450000', tradingClass='SPXW'), position=4.0, avgCost=1131.29395)
2025-08-25 10:20:53,375 - INFO - position: Position(account='DUN086112', contract=Option(conId=800204891, symbol='SPX', lastTradeDateOrContractMonth='20250825', strike=6450.0, right='C', multiplier='100', currency='USD', localSymbol='SPXW  250825C06450000', tradingClass='SPXW'), position=4.0, avgCost=1131.29395)
2025-08-25 10:20:53,481 - INFO - position: Position(account='DUN086112', contract=Option(conId=800204891, symbol='SPX', lastTradeDateOrContractMonth='20250825', strike=6450.0, right='C', multiplier='100', currency='USD', localSymbol='SPXW  250825C06450000', tradingClass='SPXW'), position=0.0, avgCost=0.0)
2025-08-25 10:20:53,482 - INFO - execDetails Execution(execId='00020057.68ac0794.01.01', time=datetime.datetime(2025, 8, 25, 14, 20, 53, tzinfo=datetime.timezone.utc), acctNumber='DUN086112', exchange='CBOE', side='SLD', shares=4.0, price=10.4, permId=1333554259, clientId=1, orderId=53668, liquidation=0, cumQty=10.0, avgPrice=10.4, orderRef='', evRule='', evMultiplier=0.0, modelCode='', lastLiquidity=2)
2025-08-25 10:20:53,482 - INFO - execDetails: Fill(contract=Option(conId=800204891, symbol='SPX', lastTradeDateOrContractMonth='20250825', strike=6450.0, right='C', multiplier='100', exchange='CBOE', currency='USD', localSymbol='SPXW  250825C06450000', tradingClass='SPXW'), execution=Execution(execId='00020057.68ac0794.01.01', time=datetime.datetime(2025, 8, 25, 14, 20, 53, tzinfo=datetime.timezone.utc), acctNumber='DUN086112', exchange='CBOE', side='SLD', shares=4.0, price=10.4, permId=1333554259, clientId=1, orderId=53668, liquidation=0, cumQty=10.0, avgPrice=10.4, orderRef='', evRule='', evMultiplier=0.0, modelCode='', lastLiquidity=2), commissionReport=CommissionReport(execId='', commission=0.0, currency='', realizedPNL=0.0, yield_=0.0, yieldRedemptionDate=0), time=datetime.datetime(2025, 8, 25, 14, 20, 53, 482986, tzinfo=datetime.timezone.utc))
2025-08-25 10:20:53,484 - INFO - orderStatus: Trade(contract=Option(conId=800204891, symbol='SPX', lastTradeDateOrContractMonth='20250825', strike=6450.0, right='C', multiplier='100', exchange='CBOE', currency='USD', localSymbol='SPXW  250825C06450000', tradingClass='SPXW'), order=MarketOrder(orderId=53668, clientId=1, permId=1333554259, action='SELL', totalQuantity=10.0, lmtPrice=0.0, auxPrice=0.0), orderStatus=OrderStatus(orderId=53668, status='Filled', filled=10.0, remaining=0.0, avgFillPrice=10.4, permId=1333554259, parentId=0, lastFillPrice=10.4, clientId=1, whyHeld='', mktCapPrice=0.0), fills=[Fill(contract=Option(conId=800204891, symbol='SPX', lastTradeDateOrContractMonth='20250825', strike=6450.0, right='C', multiplier='100', exchange='CBOE', currency='USD', localSymbol='SPXW  250825C06450000', tradingClass='SPXW'), execution=Execution(execId='00020057.68ac0792.01.01', time=datetime.datetime(2025, 8, 25, 14, 20, 53, tzinfo=datetime.timezone.utc), acctNumber='DUN086112', exchange='CBOE', side='SLD', shares=6.0, price=10.4, permId=1333554259, clientId=1, orderId=53668, liquidation=0, cumQty=6.0, avgPrice=10.4, orderRef='', evRule='', evMultiplier=0.0, modelCode='', lastLiquidity=2), commissionReport=CommissionReport(execId='00020057.68ac0792.01.01', commission=7.7637, currency='USD', realizedPNL=-555.5274, yield_=0.0, yieldRedemptionDate=0), time=datetime.datetime(2025, 8, 25, 14, 20, 53, 366860, tzinfo=datetime.timezone.utc)), Fill(contract=Option(conId=800204891, symbol='SPX', lastTradeDateOrContractMonth='20250825', strike=6450.0, right='C', multiplier='100', exchange='CBOE', currency='USD', localSymbol='SPXW  250825C06450000', tradingClass='SPXW'), execution=Execution(execId='00020057.68ac0794.01.01', time=datetime.datetime(2025, 8, 25, 14, 20, 53, tzinfo=datetime.timezone.utc), acctNumber='DUN086112', exchange='CBOE', side='SLD', shares=4.0, price=10.4, permId=1333554259, clientId=1, orderId=53668, liquidation=0, cumQty=10.0, avgPrice=10.4, orderRef='', evRule='', evMultiplier=0.0, modelCode='', lastLiquidity=2), commissionReport=CommissionReport(execId='', commission=0.0, currency='', realizedPNL=0.0, yield_=0.0, yieldRedemptionDate=0), time=datetime.datetime(2025, 8, 25, 14, 20, 53, 482986, tzinfo=datetime.timezone.utc))], log=[TradeLogEntry(time=datetime.datetime(2025, 8, 25, 14, 20, 53, 266271, tzinfo=datetime.timezone.utc), status='PendingSubmit', message='', errorCode=0), TradeLogEntry(time=datetime.datetime(2025, 8, 25, 14, 20, 53, 360851, tzinfo=datetime.timezone.utc), status='PreSubmitted', message='', errorCode=0), TradeLogEntry(time=datetime.datetime(2025, 8, 25, 14, 20, 53, 366860, tzinfo=datetime.timezone.utc), status='PreSubmitted', message='Fill 6.0@10.4', errorCode=0), TradeLogEntry(time=datetime.datetime(2025, 8, 25, 14, 20, 53, 368857, tzinfo=datetime.timezone.utc), status='PreSubmitted', message='', errorCode=0), TradeLogEntry(time=datetime.datetime(2025, 8, 25, 14, 20, 53, 370857, tzinfo=datetime.timezone.utc), status='Submitted', message='', errorCode=0), TradeLogEntry(time=datetime.datetime(2025, 8, 25, 14, 20, 53, 482986, tzinfo=datetime.timezone.utc), status='Submitted', message='Fill 4.0@10.4', errorCode=0), TradeLogEntry(time=datetime.datetime(2025, 8, 25, 14, 20, 53, 483986, tzinfo=datetime.timezone.utc), status='Filled', message='', errorCode=0)], advancedError='')
2025-08-25 10:20:53,486 - INFO - commissionReport: CommissionReport(execId='00020057.68ac0794.01.01', commission=5.1758, currency='USD', realizedPNL=-370.3516, yield_=0.0, yieldRedemptionDate=0)
2025-08-25 10:20:53,486 - INFO - position: Position(account='DUN086112', contract=Option(conId=800204891, symbol='SPX', lastTradeDateOrContractMonth='20250825', strike=6450.0, right='C', multiplier='100', currency='USD', localSymbol='SPXW  250825C06450000', tradingClass='SPXW'), position=0.0, avgCost=0.0)
2025-08-25 10:20:53,487 - INFO - position: Position(account='DUN086112', contract=Option(conId=800204891, symbol='SPX', lastTradeDateOrContractMonth='20250825', strike=6450.0, right='C', multiplier='100', currency='USD', localSymbol='SPXW  250825C06450000', tradingClass='SPXW'), position=0.0, avgCost=0.0)
2025-08-25 10:20:53,575 - INFO - position: Position(account='DUN086112', contract=Option(conId=800204891, symbol='SPX', lastTradeDateOrContractMonth='20250825', strike=6450.0, right='C', multiplier='100', currency='USD', localSymbol='SPXW  250825C06450000', tradingClass='SPXW'), position=0.0, avgCost=0.0)
2025-08-25 10:20:54,791 - INFO - updatePortfolio: PortfolioItem(contract=Option(conId=800204891, symbol='SPX', lastTradeDateOrContractMonth='20250825', strike=6450.0, right='C', multiplier='100', primaryExchange='CBOE', currency='USD', localSymbol='SPXW  250825C06450000', tradingClass='SPXW'), position=0.0, marketPrice=10.5, marketValue=0.0, averageCost=0.0, unrealizedPNL=0.0, realizedPNL=-925.88, account='DUN086112')
2025-08-25 10:20:54,791 - INFO - position: Position(account='DUN086112', contract=Option(conId=800204891, symbol='SPX', lastTradeDateOrContractMonth='20250825', strike=6450.0, right='C', multiplier='100', currency='USD', localSymbol='SPXW  250825C06450000', tradingClass='SPXW'), position=0.0, avgCost=0.0)
2025-08-25 10:20:54,992 - INFO - No open option positions found. Sleeping before next check...
2025-08-25 10:20:55,995 - INFO - position: Position(account='DUN086112', contract=Option(conId=800204891, symbol='SPX', lastTradeDateOrContractMonth='20250825', strike=6450.0, right='C', multiplier='100', currency='USD', localSymbol='SPXW  250825C06450000', tradingClass='SPXW'), position=0.0, avgCost=0.0)
2025-08-25 10:20:56,211 - INFO - No open option positions found. Sleeping before next check...
2025-08-25 10:20:57,212 - INFO - position: Position(account='DUN086112', contract=Option(conId=800204891, symbol='SPX', lastTradeDateOrContractMonth='20250825', strike=6450.0, right='C', multiplier='100', currency='USD', localSymbol='SPXW  250825C06450000', tradingClass='SPXW'), position=0.0, avgCost=0.0)
2025-08-25 10:20:57,425 - INFO - No open option positions found. Sleeping before next check...
2025-08-25 10:20:58,427 - INFO - position: Position(account='DUN086112', contract=Option(conId=800204891, symbol='SPX', lastTradeDateOrContractMonth='20250825', strike=6450.0, right='C', multiplier='100', currency='USD', localSymbol='SPXW  250825C06450000', tradingClass='SPXW'), position=0.0, avgCost=0.0)
2025-08-25 10:20:58,627 - INFO - No open option positions found. Sleeping before next check...
2025-08-25 10:20:59,629 - INFO - position: Position(account='DUN086112', contract=Option(conId=800204891, symbol='SPX', lastTradeDateOrContractMonth='20250825', strike=6450.0, right='C', multiplier='100', currency='USD', localSymbol='SPXW  250825C06450000', tradingClass='SPXW'), position=0.0, avgCost=0.0)
2025-08-25 10:20:59,842 - INFO - No open option positions found. Sleeping before next check...
2025-08-25 10:21:00,843 - INFO - position: Position(account='DUN086112', contract=Option(conId=800204891, symbol='SPX', lastTradeDateOrContractMonth='20250825', strike=6450.0, right='C', multiplier='100', currency='USD', localSymbol='SPXW  250825C06450000', tradingClass='SPXW'), position=0.0, avgCost=0.0)
2025-08-25 10:21:01,055 - INFO - No open option positions found. Sleeping before next check...
2025-08-25 10:21:02,057 - INFO - position: Position(account='DUN086112', contract=Option(conId=800204891, symbol='SPX', lastTradeDateOrContractMonth='20250825', strike=6450.0, right='C', multiplier='100', currency='USD', localSymbol='SPXW  250825C06450000', tradingClass='SPXW'), position=0.0, avgCost=0.0)
2025-08-25 10:21:02,258 - INFO - No open option positions found. Sleeping before next check...
2025-08-25 10:21:03,259 - INFO - position: Position(account='DUN086112', contract=Option(conId=800204891, symbol='SPX', lastTradeDateOrContractMonth='20250825', strike=6450.0, right='C', multiplier='100', currency='USD', localSymbol='SPXW  250825C06450000', tradingClass='SPXW'), position=0.0, avgCost=0.0)
2025-08-25 10:21:03,463 - INFO - No open option positions found. Sleeping before next check...
2025-08-25 10:21:04,465 - INFO - position: Position(account='DUN086112', contract=Option(conId=800204891, symbol='SPX', lastTradeDateOrContractMonth='20250825', strike=6450.0, right='C', multiplier='100', currency='USD', localSymbol='SPXW  250825C06450000', tradingClass='SPXW'), position=0.0, avgCost=0.0)
2025-08-25 10:21:04,679 - INFO - No open option positions found. Sleeping before next check...
2025-08-25 10:21:05,680 - INFO - position: Position(account='DUN086112', contract=Option(conId=800204891, symbol='SPX', lastTradeDateOrContractMonth='20250825', strike=6450.0, right='C', multiplier='100', currency='USD', localSymbol='SPXW  250825C06450000', tradingClass='SPXW'), position=0.0, avgCost=0.0)
2025-08-25 10:21:05,888 - INFO - No open option positions found. Sleeping before next check...
2025-08-25 10:21:06,290 - INFO - Disconnecting from 127.0.0.1:7497, 15.4 kB sent in 292 messages, 195 kB received in 2864 messages, session time 123 s.
2025-08-25 10:21:06,290 - INFO - Disconnecting
2025-08-25 10:21:06,291 - INFO - Disconnected from IBKR.
