2025-07-22 12:38:32,452 - INFO - Connecting to IBKR...
2025-07-22 12:38:32,455 - INFO - Connecting to 127.0.0.1:7497 with clientId 1...
2025-07-22 12:38:32,457 - INFO - Connected
2025-07-22 12:38:32,464 - INFO - Logged on to server version 176
2025-07-22 12:38:32,469 - INFO - Warning 2104, reqId -1: Market data farm connection is OK:usfarm.nj
2025-07-22 12:38:32,469 - INFO - Warning 2104, reqId -1: Market data farm connection is OK:cashfarm
2025-07-22 12:38:32,469 - INFO - Warning 2104, reqId -1: Market data farm connection is OK:usopt
2025-07-22 12:38:32,470 - INFO - Warning 2104, reqId -1: Market data farm connection is OK:usfarm
2025-07-22 12:38:32,470 - INFO - Warning 2106, reqId -1: HMDS data farm connection is OK:euhmds
2025-07-22 12:38:32,470 - INFO - Warning 2106, reqId -1: HMDS data farm connection is OK:fundfarm
2025-07-22 12:38:32,471 - INFO - Warning 2106, reqId -1: HMDS data farm connection is OK:ushmds
2025-07-22 12:38:32,472 - INFO - Warning 2158, reqId -1: Sec-def data farm connection is OK:secdefil
2025-07-22 12:38:32,473 - INFO - API connection ready
2025-07-22 12:38:32,478 - INFO - position: Position(account='DUN086112', contract=Option(conId=789623716, symbol='TSLA', lastTradeDateOrContractMonth='20250725', strike=330.0, right='P', multiplier='100', currency='USD', localSymbol='TSLA  250725P00330000', tradingClass='TSLA'), position=1.0, avgCost=1141.51365)
2025-07-22 12:38:32,786 - INFO - updatePortfolio: PortfolioItem(contract=Option(conId=789623716, symbol='TSLA', lastTradeDateOrContractMonth='20250725', strike=330.0, right='P', multiplier='100', primaryExchange='AMEX', currency='USD', localSymbol='TSLA  250725P00330000', tradingClass='TSLA'), position=1.0, marketPrice=11.9370508, marketValue=1193.71, averageCost=1141.51365, unrealizedPNL=52.19, realizedPNL=0.0, account='DUN086112')
2025-07-22 12:38:32,915 - INFO - execDetails Execution(execId='0001938b.687f1b0d.01.01', time=datetime.datetime(2025, 7, 22, 15, 54, 28, tzinfo=datetime.timezone.utc), acctNumber='DUN086112', exchange='MEMX', side='BOT', shares=1.0, price=11.4, permId=1693470974, clientId=0, orderId=0, liquidation=0, cumQty=1.0, avgPrice=11.4, orderRef='OptionChain', evRule='', evMultiplier=0.0, modelCode='', lastLiquidity=2)
2025-07-22 12:38:32,917 - INFO - commissionReport: CommissionReport(execId='0001938b.687f1b0d.01.01', commission=1.51365, currency='USD', realizedPNL=0.0, yield_=0.0, yieldRedemptionDate=0)
2025-07-22 12:38:32,920 - INFO - Synchronization complete
2025-07-22 12:38:32,922 - INFO - Defining option contract: TSLA 20250725 330 P
2025-07-22 12:38:33,145 - INFO - Monitoring contract: Option(conId=789623716, symbol='TSLA', lastTradeDateOrContractMonth='20250725', strike=330.0, right='P', multiplier='100', exchange='SMART', currency='USD', localSymbol='TSLA  250725P00330000', tradingClass='TSLA')
2025-07-22 12:38:33,145 - INFO - Stop-loss price set at: $10.26
2025-07-22 12:38:33,146 - INFO - Subscribing to market data...
2025-07-22 12:38:33,229 - ERROR - Error 10091, reqId 4: Part of requested market data requires additional subscription for API. See link in 'Market Data Connections' dialog for more details.TSLA NASDAQ.NMS/TOP/ALL, contract: Option(conId=789623716, symbol='TSLA', lastTradeDateOrContractMonth='20250725', strike=330.0, right='P', multiplier='100', exchange='SMART', currency='USD', localSymbol='TSLA  250725P00330000', tradingClass='TSLA')
2025-07-22 12:38:34,647 - INFO - Price: 11.96 | Loss: 4.91% | Trigger: -10%
2025-07-22 12:38:34,648 - INFO - Disconnecting from 127.0.0.1:7497, 276 B sent in 11 messages, 22.4 kB received in 437 messages, session time 2.19 s.
2025-07-22 12:38:34,648 - INFO - Disconnecting
2025-07-22 12:38:34,649 - INFO - Disconnected from IBKR.
