2025-08-05 13:44:37,309 - INFO - Connecting to IBKR...
2025-08-05 13:44:37,310 - INFO - Connecting to 127.0.0.1:7497 with clientId 1...
2025-08-05 13:44:37,311 - INFO - Connected
2025-08-05 13:44:37,342 - INFO - Logged on to server version 176
2025-08-05 13:44:37,349 - INFO - API connection ready
2025-08-05 13:44:37,351 - INFO - Warning 2104, reqId -1: Market data farm connection is OK:cashfarm
2025-08-05 13:44:37,351 - INFO - Warning 2104, reqId -1: Market data farm connection is OK:usfuture
2025-08-05 13:44:37,352 - INFO - Warning 2104, reqId -1: Market data farm connection is OK:usopt.nj
2025-08-05 13:44:37,352 - INFO - Warning 2104, reqId -1: Market data farm connection is OK:usfarm.nj
2025-08-05 13:44:37,352 - INFO - Warning 2104, reqId -1: Market data farm connection is OK:usopt
2025-08-05 13:44:37,352 - INFO - Warning 2104, reqId -1: Market data farm connection is OK:usfarm
2025-08-05 13:44:37,352 - INFO - Warning 2106, reqId -1: HMDS data farm connection is OK:euhmds
2025-08-05 13:44:37,352 - INFO - Warning 2106, reqId -1: HMDS data farm connection is OK:fundfarm
2025-08-05 13:44:37,353 - INFO - Warning 2106, reqId -1: HMDS data farm connection is OK:ushmds
2025-08-05 13:44:37,353 - INFO - Warning 2158, reqId -1: Sec-def data farm connection is OK:secdefil
2025-08-05 13:44:37,353 - INFO - position: Position(account='DUN086112', contract=Option(conId=801364876, symbol='SPY', lastTradeDateOrContractMonth='20250805', strike=630.0, right='C', multiplier='100', currency='USD', localSymbol='SPY   250805C00630000', tradingClass='SPY'), position=10.0, avgCost=66.51145)
2025-08-05 13:44:37,656 - INFO - updatePortfolio: PortfolioItem(contract=Option(conId=801364876, symbol='SPY', lastTradeDateOrContractMonth='20250805', strike=630.0, right='C', multiplier='100', primaryExchange='AMEX', currency='USD', localSymbol='SPY   250805C00630000', tradingClass='SPY'), position=10.0, marketPrice=0.66000005, marketValue=660.0, averageCost=66.51145, unrealizedPNL=-5.11, realizedPNL=0.0, account='DUN086112')
2025-08-05 13:44:37,798 - INFO - execDetails Execution(execId='00020057.6892b084.01.01', time=datetime.datetime(2025, 8, 5, 17, 44, 23, tzinfo=datetime.timezone.utc), acctNumber='DUN086112', exchange='SAPPHIRE', side='BOT', shares=10.0, price=0.66, permId=19774980, clientId=0, orderId=0, liquidation=0, cumQty=10.0, avgPrice=0.66, orderRef='OptionChain', evRule='', evMultiplier=0.0, modelCode='', lastLiquidity=2)
2025-08-05 13:44:37,799 - INFO - commissionReport: CommissionReport(execId='00020057.6892b084.01.01', commission=5.1145, currency='USD', realizedPNL=0.0, yield_=0.0, yieldRedemptionDate=0)
2025-08-05 13:44:37,801 - INFO - Synchronization complete
2025-08-05 13:44:37,801 - INFO - Connected to IBKR. Starting all-day monitoring...
2025-08-05 13:44:37,802 - INFO - Monitoring all open option positions with stop-loss protection...
2025-08-05 13:44:37,803 - INFO - position: Position(account='DUN086112', contract=Option(conId=801364876, symbol='SPY', lastTradeDateOrContractMonth='20250805', strike=630.0, right='C', multiplier='100', currency='USD', localSymbol='SPY   250805C00630000', tradingClass='SPY'), position=10.0, avgCost=66.51145)
2025-08-05 13:44:40,476 - INFO - Checking SPY   250805C00630000 | Cost: 0.67 | Bid: 0.59 | Loss: -11.29%
2025-08-05 13:44:40,483 - INFO - placeOrder: New order Trade(contract=Option(conId=801364876, symbol='SPY', lastTradeDateOrContractMonth='20250805', strike=630.0, right='C', multiplier='100', exchange='AMEX', currency='USD', localSymbol='SPY   250805C00630000', tradingClass='SPY'), order=LimitOrder(orderId=6, clientId=1, action='SELL', totalQuantity=10.0, lmtPrice=0.59), orderStatus=OrderStatus(orderId=6, status='PendingSubmit', filled=0.0, remaining=0.0, avgFillPrice=0.0, permId=0, parentId=0, lastFillPrice=0.0, clientId=0, whyHeld='', mktCapPrice=0.0), fills=[], log=[TradeLogEntry(time=datetime.datetime(2025, 8, 5, 17, 44, 40, 483874, tzinfo=datetime.timezone.utc), status='PendingSubmit', message='', errorCode=0)], advancedError='')
2025-08-05 13:44:52,006 - INFO - orderStatus: Trade(contract=Option(conId=801364876, symbol='SPY', lastTradeDateOrContractMonth='20250805', strike=630.0, right='C', multiplier='100', exchange='AMEX', currency='USD', localSymbol='SPY   250805C00630000', tradingClass='SPY'), order=LimitOrder(orderId=6, clientId=1, permId=19774985, action='SELL', totalQuantity=10.0, lmtPrice=0.59, auxPrice=0.0), orderStatus=OrderStatus(orderId=6, status='Submitted', filled=0.0, remaining=10.0, avgFillPrice=0.0, permId=19774985, parentId=0, lastFillPrice=0.0, clientId=1, whyHeld='', mktCapPrice=0.0), fills=[], log=[TradeLogEntry(time=datetime.datetime(2025, 8, 5, 17, 44, 40, 483874, tzinfo=datetime.timezone.utc), status='PendingSubmit', message='', errorCode=0), TradeLogEntry(time=datetime.datetime(2025, 8, 5, 17, 44, 52, 6250, tzinfo=datetime.timezone.utc), status='Submitted', message='', errorCode=0)], advancedError='')
2025-08-05 13:44:52,007 - INFO - updatePortfolio: PortfolioItem(contract=Option(conId=801364876, symbol='SPY', lastTradeDateOrContractMonth='20250805', strike=630.0, right='C', multiplier='100', primaryExchange='AMEX', currency='USD', localSymbol='SPY   250805C00630000', tradingClass='SPY'), position=10.0, marketPrice=0.66000005, marketValue=660.0, averageCost=66.51145, unrealizedPNL=-5.11, realizedPNL=0.0, account='DUN086112')
2025-08-05 13:44:52,009 - INFO - position: Position(account='DUN086112', contract=Option(conId=801364876, symbol='SPY', lastTradeDateOrContractMonth='20250805', strike=630.0, right='C', multiplier='100', currency='USD', localSymbol='SPY   250805C00630000', tradingClass='SPY'), position=0.0, avgCost=0.0)
2025-08-05 13:44:52,009 - INFO - execDetails Execution(execId='00020057.6892b0ab.01.01', time=datetime.datetime(2025, 8, 5, 17, 44, 48, tzinfo=datetime.timezone.utc), acctNumber='DUN086112', exchange='AMEX', side='SLD', shares=10.0, price=0.6, permId=19774985, clientId=1, orderId=6, liquidation=0, cumQty=10.0, avgPrice=0.6, orderRef='', evRule='', evMultiplier=0.0, modelCode='', lastLiquidity=2)
2025-08-05 13:44:52,010 - INFO - execDetails: Fill(contract=Option(conId=801364876, symbol='SPY', lastTradeDateOrContractMonth='20250805', strike=630.0, right='C', multiplier='100', exchange='AMEX', currency='USD', localSymbol='SPY   250805C00630000', tradingClass='SPY'), execution=Execution(execId='00020057.6892b0ab.01.01', time=datetime.datetime(2025, 8, 5, 17, 44, 48, tzinfo=datetime.timezone.utc), acctNumber='DUN086112', exchange='AMEX', side='SLD', shares=10.0, price=0.6, permId=19774985, clientId=1, orderId=6, liquidation=0, cumQty=10.0, avgPrice=0.6, orderRef='', evRule='', evMultiplier=0.0, modelCode='', lastLiquidity=2), commissionReport=CommissionReport(execId='', commission=0.0, currency='', realizedPNL=0.0, yield_=0.0, yieldRedemptionDate=0), time=datetime.datetime(2025, 8, 5, 17, 44, 52, 7252, tzinfo=datetime.timezone.utc))
2025-08-05 13:44:52,011 - INFO - orderStatus: Trade(contract=Option(conId=801364876, symbol='SPY', lastTradeDateOrContractMonth='20250805', strike=630.0, right='C', multiplier='100', exchange='AMEX', currency='USD', localSymbol='SPY   250805C00630000', tradingClass='SPY'), order=LimitOrder(orderId=6, clientId=1, permId=19774985, action='SELL', totalQuantity=10.0, lmtPrice=0.59, auxPrice=0.0), orderStatus=OrderStatus(orderId=6, status='Filled', filled=10.0, remaining=0.0, avgFillPrice=0.6, permId=19774985, parentId=0, lastFillPrice=0.6, clientId=1, whyHeld='', mktCapPrice=0.0), fills=[Fill(contract=Option(conId=801364876, symbol='SPY', lastTradeDateOrContractMonth='20250805', strike=630.0, right='C', multiplier='100', exchange='AMEX', currency='USD', localSymbol='SPY   250805C00630000', tradingClass='SPY'), execution=Execution(execId='00020057.6892b0ab.01.01', time=datetime.datetime(2025, 8, 5, 17, 44, 48, tzinfo=datetime.timezone.utc), acctNumber='DUN086112', exchange='AMEX', side='SLD', shares=10.0, price=0.6, permId=19774985, clientId=1, orderId=6, liquidation=0, cumQty=10.0, avgPrice=0.6, orderRef='', evRule='', evMultiplier=0.0, modelCode='', lastLiquidity=2), commissionReport=CommissionReport(execId='', commission=0.0, currency='', realizedPNL=0.0, yield_=0.0, yieldRedemptionDate=0), time=datetime.datetime(2025, 8, 5, 17, 44, 52, 7252, tzinfo=datetime.timezone.utc))], log=[TradeLogEntry(time=datetime.datetime(2025, 8, 5, 17, 44, 40, 483874, tzinfo=datetime.timezone.utc), status='PendingSubmit', message='', errorCode=0), TradeLogEntry(time=datetime.datetime(2025, 8, 5, 17, 44, 52, 6250, tzinfo=datetime.timezone.utc), status='Submitted', message='', errorCode=0), TradeLogEntry(time=datetime.datetime(2025, 8, 5, 17, 44, 52, 7252, tzinfo=datetime.timezone.utc), status='Submitted', message='Fill 10.0@0.6', errorCode=0), TradeLogEntry(time=datetime.datetime(2025, 8, 5, 17, 44, 52, 7252, tzinfo=datetime.timezone.utc), status='Filled', message='', errorCode=0)], advancedError='')
2025-08-05 13:44:52,012 - INFO - commissionReport: CommissionReport(execId='00020057.6892b0ab.01.01', commission=10.5424, currency='USD', realizedPNL=-75.6569, yield_=0.0, yieldRedemptionDate=0)
2025-08-05 13:44:52,013 - INFO - position: Position(account='DUN086112', contract=Option(conId=801364876, symbol='SPY', lastTradeDateOrContractMonth='20250805', strike=630.0, right='C', multiplier='100', currency='USD', localSymbol='SPY   250805C00630000', tradingClass='SPY'), position=0.0, avgCost=0.0)
2025-08-05 13:44:52,013 - INFO - position: Position(account='DUN086112', contract=Option(conId=801364876, symbol='SPY', lastTradeDateOrContractMonth='20250805', strike=630.0, right='C', multiplier='100', currency='USD', localSymbol='SPY   250805C00630000', tradingClass='SPY'), position=0.0, avgCost=0.0)
2025-08-05 13:44:52,014 - INFO - updatePortfolio: PortfolioItem(contract=Option(conId=801364876, symbol='SPY', lastTradeDateOrContractMonth='20250805', strike=630.0, right='C', multiplier='100', primaryExchange='AMEX', currency='USD', localSymbol='SPY   250805C00630000', tradingClass='SPY'), position=0.0, marketPrice=0.61, marketValue=0.0, averageCost=0.0, unrealizedPNL=0.0, realizedPNL=-75.66, account='DUN086112')
2025-08-05 13:44:52,015 - INFO - position: Position(account='DUN086112', contract=Option(conId=801364876, symbol='SPY', lastTradeDateOrContractMonth='20250805', strike=630.0, right='C', multiplier='100', currency='USD', localSymbol='SPY   250805C00630000', tradingClass='SPY'), position=0.0, avgCost=0.0)
2025-08-05 13:44:52,356 - INFO - position: Position(account='DUN086112', contract=Option(conId=801364876, symbol='SPY', lastTradeDateOrContractMonth='20250805', strike=630.0, right='C', multiplier='100', currency='USD', localSymbol='SPY   250805C00630000', tradingClass='SPY'), position=1.0, avgCost=61.0)
2025-08-05 13:44:52,359 - INFO - position: Position(account='DUN086112', contract=Option(conId=801364876, symbol='SPY', lastTradeDateOrContractMonth='20250805', strike=630.0, right='C', multiplier='100', currency='USD', localSymbol='SPY   250805C00630000', tradingClass='SPY'), position=1.0, avgCost=62.05145)
2025-08-05 13:44:53,333 - INFO - updatePortfolio: PortfolioItem(contract=Option(conId=801364876, symbol='SPY', lastTradeDateOrContractMonth='20250805', strike=630.0, right='C', multiplier='100', primaryExchange='AMEX', currency='USD', localSymbol='SPY   250805C00630000', tradingClass='SPY'), position=1.0, marketPrice=0.61, marketValue=61.0, averageCost=62.05145, unrealizedPNL=-1.05, realizedPNL=-75.66, account='DUN086112')
2025-08-05 13:44:54,544 - INFO - Checking SPY   250805C00630000 | Cost: 0.62 | Bid: 0.60 | Loss: -3.31%
2025-08-05 13:44:54,545 - INFO - Holding SPY   250805C00630000 | Loss -3.31% is within limit.
2025-08-05 13:45:04,548 - INFO - position: Position(account='DUN086112', contract=Option(conId=801364876, symbol='SPY', lastTradeDateOrContractMonth='20250805', strike=630.0, right='C', multiplier='100', currency='USD', localSymbol='SPY   250805C00630000', tradingClass='SPY'), position=1.0, avgCost=62.05145)
2025-08-05 13:45:07,056 - INFO - Checking SPY   250805C00630000 | Cost: 0.62 | Bid: 0.61 | Loss: -1.69%
2025-08-05 13:45:07,056 - INFO - Holding SPY   250805C00630000 | Loss -1.69% is within limit.
2025-08-05 13:45:17,059 - INFO - updatePortfolio: PortfolioItem(contract=Option(conId=801364876, symbol='SPY', lastTradeDateOrContractMonth='20250805', strike=630.0, right='C', multiplier='100', primaryExchange='AMEX', currency='USD', localSymbol='SPY   250805C00630000', tradingClass='SPY'), position=1.0, marketPrice=0.63, marketValue=63.0, averageCost=62.05145, unrealizedPNL=0.95, realizedPNL=-75.66, account='DUN086112')
2025-08-05 13:45:17,060 - INFO - position: Position(account='DUN086112', contract=Option(conId=801364876, symbol='SPY', lastTradeDateOrContractMonth='20250805', strike=630.0, right='C', multiplier='100', currency='USD', localSymbol='SPY   250805C00630000', tradingClass='SPY'), position=1.0, avgCost=62.05145)
2025-08-05 13:45:19,587 - INFO - Checking SPY   250805C00630000 | Cost: 0.62 | Bid: 0.60 | Loss: -3.31%
2025-08-05 13:45:19,587 - INFO - Holding SPY   250805C00630000 | Loss -3.31% is within limit.
2025-08-05 13:45:29,592 - INFO - position: Position(account='DUN086112', contract=Option(conId=801364876, symbol='SPY', lastTradeDateOrContractMonth='20250805', strike=630.0, right='C', multiplier='100', currency='USD', localSymbol='SPY   250805C00630000', tradingClass='SPY'), position=1.0, avgCost=62.05145)
2025-08-05 13:45:32,123 - INFO - Checking SPY   250805C00630000 | Cost: 0.62 | Bid: 0.64 | Loss: 3.14%
2025-08-05 13:45:32,123 - INFO - Holding SPY   250805C00630000 | Loss 3.14% is within limit.
2025-08-05 13:45:42,126 - INFO - position: Position(account='DUN086112', contract=Option(conId=801364876, symbol='SPY', lastTradeDateOrContractMonth='20250805', strike=630.0, right='C', multiplier='100', currency='USD', localSymbol='SPY   250805C00630000', tradingClass='SPY'), position=1.0, avgCost=62.05145)
2025-08-05 13:45:44,624 - INFO - Checking SPY   250805C00630000 | Cost: 0.62 | Bid: 0.62 | Loss: -0.08%
2025-08-05 13:45:44,624 - INFO - Holding SPY   250805C00630000 | Loss -0.08% is within limit.
2025-08-05 13:45:54,627 - INFO - position: Position(account='DUN086112', contract=Option(conId=801364876, symbol='SPY', lastTradeDateOrContractMonth='20250805', strike=630.0, right='C', multiplier='100', currency='USD', localSymbol='SPY   250805C00630000', tradingClass='SPY'), position=1.0, avgCost=62.05145)
2025-08-05 13:45:57,156 - INFO - Checking SPY   250805C00630000 | Cost: 0.62 | Bid: 0.61 | Loss: -1.69%
2025-08-05 13:45:57,157 - INFO - Holding SPY   250805C00630000 | Loss -1.69% is within limit.
2025-08-05 13:46:07,160 - INFO - position: Position(account='DUN086112', contract=Option(conId=801364876, symbol='SPY', lastTradeDateOrContractMonth='20250805', strike=630.0, right='C', multiplier='100', currency='USD', localSymbol='SPY   250805C00630000', tradingClass='SPY'), position=1.0, avgCost=62.05145)
2025-08-05 13:46:09,677 - INFO - Checking SPY   250805C00630000 | Cost: 0.62 | Bid: 0.60 | Loss: -3.31%
2025-08-05 13:46:09,677 - INFO - Holding SPY   250805C00630000 | Loss -3.31% is within limit.
2025-08-05 13:46:19,680 - INFO - position: Position(account='DUN086112', contract=Option(conId=801364876, symbol='SPY', lastTradeDateOrContractMonth='20250805', strike=630.0, right='C', multiplier='100', currency='USD', localSymbol='SPY   250805C00630000', tradingClass='SPY'), position=1.0, avgCost=62.05145)
2025-08-05 13:46:22,198 - INFO - Checking SPY   250805C00630000 | Cost: 0.62 | Bid: 0.65 | Loss: 4.75%
2025-08-05 13:46:22,198 - INFO - Holding SPY   250805C00630000 | Loss 4.75% is within limit.
2025-08-05 13:46:32,202 - INFO - position: Position(account='DUN086112', contract=Option(conId=801364876, symbol='SPY', lastTradeDateOrContractMonth='20250805', strike=630.0, right='C', multiplier='100', currency='USD', localSymbol='SPY   250805C00630000', tradingClass='SPY'), position=1.0, avgCost=62.05145)
2025-08-05 13:46:34,724 - INFO - Checking SPY   250805C00630000 | Cost: 0.62 | Bid: 0.67 | Loss: 7.97%
2025-08-05 13:46:34,725 - INFO - Holding SPY   250805C00630000 | Loss 7.97% is within limit.
2025-08-05 13:46:44,727 - INFO - position: Position(account='DUN086112', contract=Option(conId=801364876, symbol='SPY', lastTradeDateOrContractMonth='20250805', strike=630.0, right='C', multiplier='100', currency='USD', localSymbol='SPY   250805C00630000', tradingClass='SPY'), position=1.0, avgCost=62.05145)
2025-08-05 13:46:47,245 - INFO - Checking SPY   250805C00630000 | Cost: 0.62 | Bid: 0.66 | Loss: 6.36%
2025-08-05 13:46:47,245 - INFO - Holding SPY   250805C00630000 | Loss 6.36% is within limit.
2025-08-05 13:46:57,249 - INFO - position: Position(account='DUN086112', contract=Option(conId=801364876, symbol='SPY', lastTradeDateOrContractMonth='20250805', strike=630.0, right='C', multiplier='100', currency='USD', localSymbol='SPY   250805C00630000', tradingClass='SPY'), position=1.0, avgCost=62.05145)
2025-08-05 13:46:59,775 - INFO - Checking SPY   250805C00630000 | Cost: 0.62 | Bid: 0.66 | Loss: 6.36%
2025-08-05 13:46:59,775 - INFO - Holding SPY   250805C00630000 | Loss 6.36% is within limit.
2025-08-05 13:47:09,779 - INFO - position: Position(account='DUN086112', contract=Option(conId=801364876, symbol='SPY', lastTradeDateOrContractMonth='20250805', strike=630.0, right='C', multiplier='100', currency='USD', localSymbol='SPY   250805C00630000', tradingClass='SPY'), position=1.0, avgCost=62.05145)
2025-08-05 13:47:12,279 - INFO - Checking SPY   250805C00630000 | Cost: 0.62 | Bid: 0.67 | Loss: 7.97%
2025-08-05 13:47:12,280 - INFO - Holding SPY   250805C00630000 | Loss 7.97% is within limit.
2025-08-05 13:47:22,283 - INFO - position: Position(account='DUN086112', contract=Option(conId=801364876, symbol='SPY', lastTradeDateOrContractMonth='20250805', strike=630.0, right='C', multiplier='100', currency='USD', localSymbol='SPY   250805C00630000', tradingClass='SPY'), position=1.0, avgCost=62.05145)
2025-08-05 13:47:24,797 - INFO - Checking SPY   250805C00630000 | Cost: 0.62 | Bid: 0.67 | Loss: 7.97%
2025-08-05 13:47:24,797 - INFO - Holding SPY   250805C00630000 | Loss 7.97% is within limit.
2025-08-05 13:47:34,801 - INFO - position: Position(account='DUN086112', contract=Option(conId=801364876, symbol='SPY', lastTradeDateOrContractMonth='20250805', strike=630.0, right='C', multiplier='100', currency='USD', localSymbol='SPY   250805C00630000', tradingClass='SPY'), position=1.0, avgCost=62.05145)
2025-08-05 13:47:37,325 - INFO - Checking SPY   250805C00630000 | Cost: 0.62 | Bid: 0.70 | Loss: 12.81%
2025-08-05 13:47:37,325 - INFO - Holding SPY   250805C00630000 | Loss 12.81% is within limit.
2025-08-05 13:47:47,327 - INFO - position: Position(account='DUN086112', contract=Option(conId=801364876, symbol='SPY', lastTradeDateOrContractMonth='20250805', strike=630.0, right='C', multiplier='100', currency='USD', localSymbol='SPY   250805C00630000', tradingClass='SPY'), position=1.0, avgCost=62.05145)
2025-08-05 13:47:49,849 - INFO - Checking SPY   250805C00630000 | Cost: 0.62 | Bid: 0.73 | Loss: 17.64%
2025-08-05 13:47:49,849 - INFO - Holding SPY   250805C00630000 | Loss 17.64% is within limit.
2025-08-05 13:47:59,853 - INFO - position: Position(account='DUN086112', contract=Option(conId=801364876, symbol='SPY', lastTradeDateOrContractMonth='20250805', strike=630.0, right='C', multiplier='100', currency='USD', localSymbol='SPY   250805C00630000', tradingClass='SPY'), position=1.0, avgCost=62.05145)
2025-08-05 13:48:02,370 - INFO - Checking SPY   250805C00630000 | Cost: 0.62 | Bid: 0.77 | Loss: 24.09%
2025-08-05 13:48:02,370 - INFO - Holding SPY   250805C00630000 | Loss 24.09% is within limit.
2025-08-05 13:48:12,372 - INFO - position: Position(account='DUN086112', contract=Option(conId=801364876, symbol='SPY', lastTradeDateOrContractMonth='20250805', strike=630.0, right='C', multiplier='100', currency='USD', localSymbol='SPY   250805C00630000', tradingClass='SPY'), position=1.0, avgCost=62.05145)
2025-08-05 13:48:13,267 - INFO - updatePortfolio: PortfolioItem(contract=Option(conId=801364876, symbol='SPY', lastTradeDateOrContractMonth='20250805', strike=630.0, right='C', multiplier='100', primaryExchange='AMEX', currency='USD', localSymbol='SPY   250805C00630000', tradingClass='SPY'), position=1.0, marketPrice=0.63, marketValue=63.0, averageCost=62.05145, unrealizedPNL=0.95, realizedPNL=-75.66, account='DUN086112')
2025-08-05 13:48:14,910 - INFO - Checking SPY   250805C00630000 | Cost: 0.62 | Bid: 0.74 | Loss: 19.26%
2025-08-05 13:48:14,910 - INFO - Holding SPY   250805C00630000 | Loss 19.26% is within limit.
2025-08-05 13:48:24,912 - INFO - updatePortfolio: PortfolioItem(contract=Option(conId=801364876, symbol='SPY', lastTradeDateOrContractMonth='20250805', strike=630.0, right='C', multiplier='100', primaryExchange='AMEX', currency='USD', localSymbol='SPY   250805C00630000', tradingClass='SPY'), position=1.0, marketPrice=0.76, marketValue=76.0, averageCost=62.05145, unrealizedPNL=13.95, realizedPNL=-75.66, account='DUN086112')
2025-08-05 13:48:24,913 - INFO - position: Position(account='DUN086112', contract=Option(conId=801364876, symbol='SPY', lastTradeDateOrContractMonth='20250805', strike=630.0, right='C', multiplier='100', currency='USD', localSymbol='SPY   250805C00630000', tradingClass='SPY'), position=1.0, avgCost=62.05145)
2025-08-05 13:48:24,914 - INFO - position: Position(account='DUN086112', contract=Option(conId=801364876, symbol='SPY', lastTradeDateOrContractMonth='20250805', strike=630.0, right='C', multiplier='100', currency='USD', localSymbol='SPY   250805C00630000', tradingClass='SPY'), position=1.0, avgCost=62.05145)
2025-08-05 13:48:24,914 - INFO - position: Position(account='DUN086112', contract=Option(conId=801364876, symbol='SPY', lastTradeDateOrContractMonth='20250805', strike=630.0, right='C', multiplier='100', currency='USD', localSymbol='SPY   250805C00630000', tradingClass='SPY'), position=1.0, avgCost=62.05145)
2025-08-05 13:48:27,439 - INFO - Checking SPY   250805C00630000 | Cost: 0.62 | Bid: 0.74 | Loss: 19.26%
2025-08-05 13:48:27,439 - INFO - Holding SPY   250805C00630000 | Loss 19.26% is within limit.
2025-08-05 13:48:37,441 - INFO - position: Position(account='DUN086112', contract=Option(conId=801364876, symbol='SPY', lastTradeDateOrContractMonth='20250805', strike=630.0, right='C', multiplier='100', currency='USD', localSymbol='SPY   250805C00630000', tradingClass='SPY'), position=0.0, avgCost=0.0)
2025-08-05 13:48:37,441 - INFO - position: Position(account='DUN086112', contract=Option(conId=801364876, symbol='SPY', lastTradeDateOrContractMonth='20250805', strike=630.0, right='C', multiplier='100', currency='USD', localSymbol='SPY   250805C00630000', tradingClass='SPY'), position=0.0, avgCost=0.0)
2025-08-05 13:48:37,442 - INFO - position: Position(account='DUN086112', contract=Option(conId=801364876, symbol='SPY', lastTradeDateOrContractMonth='20250805', strike=630.0, right='C', multiplier='100', currency='USD', localSymbol='SPY   250805C00630000', tradingClass='SPY'), position=0.0, avgCost=0.0)
2025-08-05 13:48:37,442 - INFO - updatePortfolio: PortfolioItem(contract=Option(conId=801364876, symbol='SPY', lastTradeDateOrContractMonth='20250805', strike=630.0, right='C', multiplier='100', primaryExchange='AMEX', currency='USD', localSymbol='SPY   250805C00630000', tradingClass='SPY'), position=0.0, marketPrice=0.76387405, marketValue=0.0, averageCost=0.0, unrealizedPNL=0.0, realizedPNL=-61.76, account='DUN086112')
2025-08-05 13:48:37,443 - INFO - position: Position(account='DUN086112', contract=Option(conId=801364876, symbol='SPY', lastTradeDateOrContractMonth='20250805', strike=630.0, right='C', multiplier='100', currency='USD', localSymbol='SPY   250805C00630000', tradingClass='SPY'), position=0.0, avgCost=0.0)
2025-08-05 13:48:38,456 - INFO - No open option positions found. Sleeping before next check...
2025-08-05 13:48:48,458 - INFO - position: Position(account='DUN086112', contract=Option(conId=801364876, symbol='SPY', lastTradeDateOrContractMonth='20250805', strike=630.0, right='C', multiplier='100', currency='USD', localSymbol='SPY   250805C00630000', tradingClass='SPY'), position=10.0, avgCost=76.0)
2025-08-05 13:48:48,458 - INFO - position: Position(account='DUN086112', contract=Option(conId=801364876, symbol='SPY', lastTradeDateOrContractMonth='20250805', strike=630.0, right='C', multiplier='100', currency='USD', localSymbol='SPY   250805C00630000', tradingClass='SPY'), position=10.0, avgCost=76.51145)
2025-08-05 13:48:48,459 - INFO - position: Position(account='DUN086112', contract=Option(conId=801364876, symbol='SPY', lastTradeDateOrContractMonth='20250805', strike=630.0, right='C', multiplier='100', currency='USD', localSymbol='SPY   250805C00630000', tradingClass='SPY'), position=10.0, avgCost=76.51145)
2025-08-05 13:48:48,586 - INFO - updatePortfolio: PortfolioItem(contract=Option(conId=801364876, symbol='SPY', lastTradeDateOrContractMonth='20250805', strike=630.0, right='C', multiplier='100', primaryExchange='AMEX', currency='USD', localSymbol='SPY   250805C00630000', tradingClass='SPY'), position=10.0, marketPrice=0.76, marketValue=760.0, averageCost=76.51145, unrealizedPNL=-5.11, realizedPNL=-61.76, account='DUN086112')
2025-08-05 13:48:50,989 - INFO - Checking SPY   250805C00630000 | Cost: 0.77 | Bid: 0.74 | Loss: -3.28%
2025-08-05 13:48:50,989 - INFO - Holding SPY   250805C00630000 | Loss -3.28% is within limit.
2025-08-05 13:48:58,960 - INFO - Disconnecting from 127.0.0.1:7497, 6.30 kB sent in 110 messages, 123 kB received in 2131 messages, session time 262 s.
2025-08-05 13:48:58,960 - INFO - Disconnecting
2025-08-05 13:48:58,960 - INFO - Disconnected from IBKR.
