2025-08-01 12:49:42,479 - INFO - Connecting to IBKR...
2025-08-01 12:49:42,480 - INFO - Connecting to 127.0.0.1:7497 with clientId 1...
2025-08-01 12:49:42,481 - INFO - Connected
2025-08-01 12:49:42,483 - INFO - Logged on to server version 176
2025-08-01 12:49:42,484 - INFO - Warning 2104, reqId -1: Market data farm connection is OK:cashfarm
2025-08-01 12:49:42,484 - INFO - Warning 2104, reqId -1: Market data farm connection is OK:usopt.nj
2025-08-01 12:49:42,484 - INFO - Warning 2104, reqId -1: Market data farm connection is OK:usfarm.nj
2025-08-01 12:49:42,484 - INFO - Warning 2104, reqId -1: Market data farm connection is OK:usopt
2025-08-01 12:49:42,485 - INFO - Warning 2104, reqId -1: Market data farm connection is OK:usfarm
2025-08-01 12:49:42,485 - INFO - Warning 2106, reqId -1: HMDS data farm connection is OK:euhmds
2025-08-01 12:49:42,485 - INFO - Warning 2106, reqId -1: HMDS data farm connection is OK:fundfarm
2025-08-01 12:49:42,486 - INFO - Warning 2106, reqId -1: HMDS data farm connection is OK:ushmds
2025-08-01 12:49:42,486 - INFO - Warning 2158, reqId -1: Sec-def data farm connection is OK:secdefil
2025-08-01 12:49:42,487 - INFO - API connection ready
2025-08-01 12:49:42,487 - INFO - position: Position(account='DUN086112', contract=Option(conId=791562922, symbol='SPY', lastTradeDateOrContractMonth='20250801', strike=625.0, right='C', multiplier='100', currency='USD', localSymbol='SPY   250801C00625000', tradingClass='SPY'), position=1.0, avgCost=55.86145)
2025-08-01 12:49:42,689 - INFO - updatePortfolio: PortfolioItem(contract=Option(conId=791562922, symbol='SPY', lastTradeDateOrContractMonth='20250801', strike=625.0, right='C', multiplier='100', primaryExchange='AMEX', currency='USD', localSymbol='SPY   250801C00625000', tradingClass='SPY'), position=1.0, marketPrice=0.55, marketValue=55.0, averageCost=55.86145, unrealizedPNL=-0.86, realizedPNL=-36.91, account='DUN086112')
2025-08-01 12:49:42,805 - INFO - execDetails Execution(execId='00020057.688d141e.01.01', time=datetime.datetime(2025, 8, 1, 16, 37, 42, tzinfo=datetime.timezone.utc), acctNumber='DUN086112', exchange='SAPPHIRE', side='BOT', shares=1.0, price=0.88, permId=1494422454, clientId=0, orderId=0, liquidation=0, cumQty=1.0, avgPrice=0.88, orderRef='OptionChain', evRule='', evMultiplier=0.0, modelCode='', lastLiquidity=2)
2025-08-01 12:49:42,806 - INFO - execDetails Execution(execId='00020057.688d161d.01.01', time=datetime.datetime(2025, 8, 1, 16, 42, 41, tzinfo=datetime.timezone.utc), acctNumber='DUN086112', exchange='EDGX', side='SLD', shares=1.0, price=0.53, permId=1494422461, clientId=1, orderId=5, liquidation=0, cumQty=1.0, avgPrice=0.53, orderRef='', evRule='', evMultiplier=0.0, modelCode='', lastLiquidity=1)
2025-08-01 12:49:42,807 - INFO - execDetails Execution(execId='00020057.688d1637.01.01', time=datetime.datetime(2025, 8, 1, 16, 42, 53, tzinfo=datetime.timezone.utc), acctNumber='DUN086112', exchange='SAPPHIRE', side='BOT', shares=1.0, price=0.55, permId=1494422458, clientId=0, orderId=0, liquidation=0, cumQty=1.0, avgPrice=0.55, orderRef='', evRule='', evMultiplier=0.0, modelCode='', lastLiquidity=2)
2025-08-01 12:49:42,808 - INFO - commissionReport: CommissionReport(execId='00020057.688d141e.01.01', commission=0.86145, currency='USD', realizedPNL=0.0, yield_=0.0, yieldRedemptionDate=0)
2025-08-01 12:49:42,808 - INFO - commissionReport: CommissionReport(execId='00020057.688d161d.01.01', commission=1.04424, currency='USD', realizedPNL=-36.90569, yield_=0.0, yieldRedemptionDate=0)
2025-08-01 12:49:42,809 - INFO - commissionReport: CommissionReport(execId='00020057.688d1637.01.01', commission=0.86145, currency='USD', realizedPNL=0.0, yield_=0.0, yieldRedemptionDate=0)
2025-08-01 12:49:42,809 - INFO - Synchronization complete
2025-08-01 12:49:42,810 - INFO - Defining option contract: SPY 20250801 625 C
2025-08-01 12:49:42,849 - INFO - Monitoring contract: Option(conId=791562922, symbol='SPY', lastTradeDateOrContractMonth='20250801', strike=625.0, right='C', multiplier='100', exchange='SMART', currency='USD', localSymbol='SPY   250801C00625000', tradingClass='SPY')
2025-08-01 12:49:42,849 - INFO - Stop-loss price set at: $0.52
2025-08-01 12:49:42,850 - INFO - Subscribing to market data...
2025-08-01 12:49:44,370 - INFO - Bid: 0.52 | Loss: -5.45% | Trigger: -5%
2025-08-01 12:49:44,376 - INFO - placeOrder: New order Trade(contract=Option(conId=791562922, symbol='SPY', lastTradeDateOrContractMonth='20250801', strike=625.0, right='C', multiplier='100', exchange='SMART', currency='USD', localSymbol='SPY   250801C00625000', tradingClass='SPY'), order=LimitOrder(orderId=10, clientId=1, action='SELL', totalQuantity=1, lmtPrice=0.52), orderStatus=OrderStatus(orderId=10, status='PendingSubmit', filled=0.0, remaining=0.0, avgFillPrice=0.0, permId=0, parentId=0, lastFillPrice=0.0, clientId=0, whyHeld='', mktCapPrice=0.0), fills=[], log=[TradeLogEntry(time=datetime.datetime(2025, 8, 1, 16, 49, 44, 376179, tzinfo=datetime.timezone.utc), status='PendingSubmit', message='', errorCode=0)], advancedError='')
2025-08-01 12:49:44,446 - INFO - orderStatus: Trade(contract=Option(conId=791562922, symbol='SPY', lastTradeDateOrContractMonth='20250801', strike=625.0, right='C', multiplier='100', exchange='SMART', currency='USD', localSymbol='SPY   250801C00625000', tradingClass='SPY'), order=LimitOrder(orderId=10, clientId=1, permId=1494422474, action='SELL', totalQuantity=1.0, lmtPrice=0.52, auxPrice=0.0), orderStatus=OrderStatus(orderId=10, status='PreSubmitted', filled=0.0, remaining=1.0, avgFillPrice=0.0, permId=1494422474, parentId=0, lastFillPrice=0.0, clientId=1, whyHeld='', mktCapPrice=0.0), fills=[], log=[TradeLogEntry(time=datetime.datetime(2025, 8, 1, 16, 49, 44, 376179, tzinfo=datetime.timezone.utc), status='PendingSubmit', message='', errorCode=0), TradeLogEntry(time=datetime.datetime(2025, 8, 1, 16, 49, 44, 446206, tzinfo=datetime.timezone.utc), status='PreSubmitted', message='', errorCode=0)], advancedError='')
2025-08-01 12:49:44,448 - INFO - position: Position(account='DUN086112', contract=Option(conId=791562922, symbol='SPY', lastTradeDateOrContractMonth='20250801', strike=625.0, right='C', multiplier='100', currency='USD', localSymbol='SPY   250801C00625000', tradingClass='SPY'), position=0.0, avgCost=0.0)
2025-08-01 12:49:44,449 - INFO - execDetails Execution(execId='00020057.688d17d7.01.01', time=datetime.datetime(2025, 8, 1, 16, 49, 45, tzinfo=datetime.timezone.utc), acctNumber='DUN086112', exchange='AMEX', side='SLD', shares=1.0, price=0.52, permId=1494422474, clientId=1, orderId=10, liquidation=0, cumQty=1.0, avgPrice=0.52, orderRef='', evRule='', evMultiplier=0.0, modelCode='', lastLiquidity=2)
2025-08-01 12:49:44,450 - INFO - execDetails: Fill(contract=Option(conId=791562922, symbol='SPY', lastTradeDateOrContractMonth='20250801', strike=625.0, right='C', multiplier='100', exchange='SMART', currency='USD', localSymbol='SPY   250801C00625000', tradingClass='SPY'), execution=Execution(execId='00020057.688d17d7.01.01', time=datetime.datetime(2025, 8, 1, 16, 49, 45, tzinfo=datetime.timezone.utc), acctNumber='DUN086112', exchange='AMEX', side='SLD', shares=1.0, price=0.52, permId=1494422474, clientId=1, orderId=10, liquidation=0, cumQty=1.0, avgPrice=0.52, orderRef='', evRule='', evMultiplier=0.0, modelCode='', lastLiquidity=2), commissionReport=CommissionReport(execId='', commission=0.0, currency='', realizedPNL=0.0, yield_=0.0, yieldRedemptionDate=0), time=datetime.datetime(2025, 8, 1, 16, 49, 44, 449206, tzinfo=datetime.timezone.utc))
2025-08-01 12:49:44,451 - INFO - orderStatus: Trade(contract=Option(conId=791562922, symbol='SPY', lastTradeDateOrContractMonth='20250801', strike=625.0, right='C', multiplier='100', exchange='SMART', currency='USD', localSymbol='SPY   250801C00625000', tradingClass='SPY'), order=LimitOrder(orderId=10, clientId=1, permId=1494422474, action='SELL', totalQuantity=1.0, lmtPrice=0.52, auxPrice=0.0), orderStatus=OrderStatus(orderId=10, status='Filled', filled=1.0, remaining=0.0, avgFillPrice=0.52, permId=1494422474, parentId=0, lastFillPrice=0.52, clientId=1, whyHeld='', mktCapPrice=0.0), fills=[Fill(contract=Option(conId=791562922, symbol='SPY', lastTradeDateOrContractMonth='20250801', strike=625.0, right='C', multiplier='100', exchange='SMART', currency='USD', localSymbol='SPY   250801C00625000', tradingClass='SPY'), execution=Execution(execId='00020057.688d17d7.01.01', time=datetime.datetime(2025, 8, 1, 16, 49, 45, tzinfo=datetime.timezone.utc), acctNumber='DUN086112', exchange='AMEX', side='SLD', shares=1.0, price=0.52, permId=1494422474, clientId=1, orderId=10, liquidation=0, cumQty=1.0, avgPrice=0.52, orderRef='', evRule='', evMultiplier=0.0, modelCode='', lastLiquidity=2), commissionReport=CommissionReport(execId='', commission=0.0, currency='', realizedPNL=0.0, yield_=0.0, yieldRedemptionDate=0), time=datetime.datetime(2025, 8, 1, 16, 49, 44, 449206, tzinfo=datetime.timezone.utc))], log=[TradeLogEntry(time=datetime.datetime(2025, 8, 1, 16, 49, 44, 376179, tzinfo=datetime.timezone.utc), status='PendingSubmit', message='', errorCode=0), TradeLogEntry(time=datetime.datetime(2025, 8, 1, 16, 49, 44, 446206, tzinfo=datetime.timezone.utc), status='PreSubmitted', message='', errorCode=0), TradeLogEntry(time=datetime.datetime(2025, 8, 1, 16, 49, 44, 449206, tzinfo=datetime.timezone.utc), status='PreSubmitted', message='Fill 1.0@0.52', errorCode=0), TradeLogEntry(time=datetime.datetime(2025, 8, 1, 16, 49, 44, 451206, tzinfo=datetime.timezone.utc), status='Filled', message='', errorCode=0)], advancedError='')
2025-08-01 12:49:44,453 - INFO - commissionReport: CommissionReport(execId='00020057.688d17d7.01.01', commission=1.05424, currency='USD', realizedPNL=-4.91569, yield_=0.0, yieldRedemptionDate=0)
2025-08-01 12:49:44,453 - INFO - position: Position(account='DUN086112', contract=Option(conId=791562922, symbol='SPY', lastTradeDateOrContractMonth='20250801', strike=625.0, right='C', multiplier='100', currency='USD', localSymbol='SPY   250801C00625000', tradingClass='SPY'), position=0.0, avgCost=0.0)
2025-08-01 12:49:44,454 - INFO - position: Position(account='DUN086112', contract=Option(conId=791562922, symbol='SPY', lastTradeDateOrContractMonth='20250801', strike=625.0, right='C', multiplier='100', currency='USD', localSymbol='SPY   250801C00625000', tradingClass='SPY'), position=0.0, avgCost=0.0)
2025-08-01 12:49:45,433 - INFO - updatePortfolio: PortfolioItem(contract=Option(conId=791562922, symbol='SPY', lastTradeDateOrContractMonth='20250801', strike=625.0, right='C', multiplier='100', primaryExchange='AMEX', currency='USD', localSymbol='SPY   250801C00625000', tradingClass='SPY'), position=0.0, marketPrice=0.52999995, marketValue=0.0, averageCost=0.0, unrealizedPNL=0.0, realizedPNL=-41.82, account='DUN086112')
2025-08-01 12:49:46,385 - INFO - Disconnecting from 127.0.0.1:7497, 508 B sent in 12 messages, 34.3 kB received in 611 messages, session time 3.90 s.
2025-08-01 12:49:46,385 - INFO - Disconnecting
2025-08-01 12:49:46,386 - INFO - Disconnected from IBKR.
