2025-08-20 10:52:49,055 - INFO - Connecting to IBKR...
2025-08-20 10:52:49,056 - INFO - Connecting to 127.0.0.1:7497 with clientId 1...
2025-08-20 10:52:49,057 - INFO - Connected
2025-08-20 10:52:49,087 - INFO - Logged on to server version 176
2025-08-20 10:52:49,094 - INFO - API connection ready
2025-08-20 10:52:49,097 - INFO - Warning 2104, reqId -1: Market data farm connection is OK:hfarm
2025-08-20 10:52:49,097 - INFO - position: Position(account='DUN086112', contract=Option(conId=803406917, symbol='SPX', lastTradeDateOrContractMonth='20250820', strike=6355.0, right='C', multiplier='100', currency='USD', localSymbol='SPXW  250820C06355000', tradingClass='SPXW'), position=10.0, avgCost=921.29395)
2025-08-20 10:52:49,098 - INFO - Warning 2104, reqId -1: Market data farm connection is OK:usfarm.nj
2025-08-20 10:52:49,098 - INFO - Warning 2104, reqId -1: Market data farm connection is OK:jfarm
2025-08-20 10:52:49,098 - INFO - Warning 2104, reqId -1: Market data farm connection is OK:usfuture
2025-08-20 10:52:49,098 - INFO - Warning 2104, reqId -1: Market data farm connection is OK:cashfarm
2025-08-20 10:52:49,098 - INFO - Warning 2104, reqId -1: Market data farm connection is OK:usopt
2025-08-20 10:52:49,098 - INFO - Warning 2104, reqId -1: Market data farm connection is OK:eufarmnj
2025-08-20 10:52:49,098 - INFO - Warning 2104, reqId -1: Market data farm connection is OK:usfarm
2025-08-20 10:52:49,099 - INFO - Warning 2106, reqId -1: HMDS data farm connection is OK:euhmds
2025-08-20 10:52:49,099 - INFO - Warning 2106, reqId -1: HMDS data farm connection is OK:fundfarm
2025-08-20 10:52:49,099 - INFO - Warning 2106, reqId -1: HMDS data farm connection is OK:ushmds
2025-08-20 10:52:49,099 - INFO - Warning 2158, reqId -1: Sec-def data farm connection is OK:secdefil
2025-08-20 10:52:49,403 - INFO - updatePortfolio: PortfolioItem(contract=Option(conId=803406917, symbol='SPX', lastTradeDateOrContractMonth='20250820', strike=6355.0, right='C', multiplier='100', primaryExchange='CBOE', currency='USD', localSymbol='SPXW  250820C06355000', tradingClass='SPXW'), position=10.0, marketPrice=9.0, marketValue=9000.0, averageCost=921.29395, unrealizedPNL=-212.94, realizedPNL=0.0, account='DUN086112')
2025-08-20 10:52:49,548 - INFO - execDetails Execution(execId='00020057.68a5a279.01.01', time=datetime.datetime(2025, 8, 20, 14, 52, 13, tzinfo=datetime.timezone.utc), acctNumber='DUN086112', exchange='CBOE', side='BOT', shares=10.0, price=9.2, permId=327819059, clientId=0, orderId=0, liquidation=0, cumQty=10.0, avgPrice=9.2, orderRef='OptionChain', evRule='', evMultiplier=0.0, modelCode='', lastLiquidity=2)
2025-08-20 10:52:49,549 - INFO - commissionReport: CommissionReport(execId='00020057.68a5a279.01.01', commission=12.9395, currency='USD', realizedPNL=0.0, yield_=0.0, yieldRedemptionDate=0)
2025-08-20 10:52:49,550 - INFO - Synchronization complete
2025-08-20 10:52:49,550 - INFO - Connected to IBKR. Starting all-day monitoring...
2025-08-20 10:52:49,550 - INFO - Monitoring all open option positions with stop-loss protection...
2025-08-20 10:52:49,552 - INFO - position: Position(account='DUN086112', contract=Option(conId=803406917, symbol='SPX', lastTradeDateOrContractMonth='20250820', strike=6355.0, right='C', multiplier='100', currency='USD', localSymbol='SPXW  250820C06355000', tradingClass='SPXW'), position=10.0, avgCost=921.29395)
2025-08-20 10:52:50,222 - INFO - Checking SPXW  250820C06355000 | Cost: 9.21 | Bid: 8.90 | Loss: -3.40%
2025-08-20 10:52:50,222 - INFO - Holding SPXW  250820C06355000 | Loss -3.40% is within limit.
2025-08-20 10:52:51,226 - INFO - position: Position(account='DUN086112', contract=Option(conId=803406917, symbol='SPX', lastTradeDateOrContractMonth='20250820', strike=6355.0, right='C', multiplier='100', currency='USD', localSymbol='SPXW  250820C06355000', tradingClass='SPXW'), position=10.0, avgCost=921.29395)
2025-08-20 10:52:51,800 - INFO - Checking SPXW  250820C06355000 | Cost: 9.21 | Bid: nan | Loss: nan%
2025-08-20 10:52:51,800 - WARNING - STOP-LOSS TRIGGERED for SPXW  250820C06355000 | Loss: nan%
2025-08-20 10:52:51,801 - INFO - placeOrder: New order Trade(contract=Option(conId=803406917, symbol='SPX', lastTradeDateOrContractMonth='20250820', strike=6355.0, right='C', multiplier='100', exchange='CBOE', currency='USD', localSymbol='SPXW  250820C06355000', tradingClass='SPXW'), order=LimitOrder(orderId=34811, clientId=1, action='SELL', totalQuantity=10.0), orderStatus=OrderStatus(orderId=34811, status='PendingSubmit', filled=0.0, remaining=0.0, avgFillPrice=0.0, permId=0, parentId=0, lastFillPrice=0.0, clientId=0, whyHeld='', mktCapPrice=0.0), fills=[], log=[TradeLogEntry(time=datetime.datetime(2025, 8, 20, 14, 52, 51, 801184, tzinfo=datetime.timezone.utc), status='PendingSubmit', message='', errorCode=0)], advancedError='')
2025-08-20 10:52:51,802 - INFO - Placed LIMIT SELL for SPXW  250820C06355000 | Qty: 10.0 @ $nan
2025-08-20 10:52:51,824 - ERROR - Error 320, reqId 34811: Error reading request. Unable to parse field: 'Limit Price' for input string: 'nan'
2025-08-20 10:52:51,824 - WARNING - Canceled order: Trade(contract=Option(conId=803406917, symbol='SPX', lastTradeDateOrContractMonth='20250820', strike=6355.0, right='C', multiplier='100', exchange='CBOE', currency='USD', localSymbol='SPXW  250820C06355000', tradingClass='SPXW'), order=LimitOrder(orderId=34811, clientId=1, action='SELL', totalQuantity=10.0), orderStatus=OrderStatus(orderId=34811, status='Cancelled', filled=0.0, remaining=0.0, avgFillPrice=0.0, permId=0, parentId=0, lastFillPrice=0.0, clientId=0, whyHeld='', mktCapPrice=0.0), fills=[], log=[TradeLogEntry(time=datetime.datetime(2025, 8, 20, 14, 52, 51, 801184, tzinfo=datetime.timezone.utc), status='PendingSubmit', message='', errorCode=0), TradeLogEntry(time=datetime.datetime(2025, 8, 20, 14, 52, 51, 824189, tzinfo=datetime.timezone.utc), status='Cancelled', message="Error 320, reqId 34811: Error reading request. Unable to parse field: 'Limit Price' for input string: 'nan'", errorCode=320)], advancedError='')
2025-08-20 10:52:52,895 - INFO - position: Position(account='DUN086112', contract=Option(conId=803406917, symbol='SPX', lastTradeDateOrContractMonth='20250820', strike=6355.0, right='C', multiplier='100', currency='USD', localSymbol='SPXW  250820C06355000', tradingClass='SPXW'), position=10.0, avgCost=921.29395)
2025-08-20 10:52:53,457 - INFO - Checking SPXW  250820C06355000 | Cost: 9.21 | Bid: 8.90 | Loss: -3.40%
2025-08-20 10:52:53,457 - INFO - Holding SPXW  250820C06355000 | Loss -3.40% is within limit.
2025-08-20 10:52:54,461 - INFO - position: Position(account='DUN086112', contract=Option(conId=803406917, symbol='SPX', lastTradeDateOrContractMonth='20250820', strike=6355.0, right='C', multiplier='100', currency='USD', localSymbol='SPXW  250820C06355000', tradingClass='SPXW'), position=10.0, avgCost=921.29395)
2025-08-20 10:52:55,026 - INFO - Checking SPXW  250820C06355000 | Cost: 9.21 | Bid: 8.90 | Loss: -3.40%
2025-08-20 10:52:55,026 - INFO - Holding SPXW  250820C06355000 | Loss -3.40% is within limit.
2025-08-20 10:52:56,029 - INFO - position: Position(account='DUN086112', contract=Option(conId=803406917, symbol='SPX', lastTradeDateOrContractMonth='20250820', strike=6355.0, right='C', multiplier='100', currency='USD', localSymbol='SPXW  250820C06355000', tradingClass='SPXW'), position=10.0, avgCost=921.29395)
2025-08-20 10:52:56,614 - INFO - Checking SPXW  250820C06355000 | Cost: 9.21 | Bid: 8.80 | Loss: -4.48%
2025-08-20 10:52:56,614 - INFO - Holding SPXW  250820C06355000 | Loss -4.48% is within limit.
2025-08-20 10:52:57,617 - INFO - position: Position(account='DUN086112', contract=Option(conId=803406917, symbol='SPX', lastTradeDateOrContractMonth='20250820', strike=6355.0, right='C', multiplier='100', currency='USD', localSymbol='SPXW  250820C06355000', tradingClass='SPXW'), position=10.0, avgCost=921.29395)
2025-08-20 10:52:58,193 - INFO - Checking SPXW  250820C06355000 | Cost: 9.21 | Bid: 8.80 | Loss: -4.48%
2025-08-20 10:52:58,193 - INFO - Holding SPXW  250820C06355000 | Loss -4.48% is within limit.
2025-08-20 10:52:59,196 - INFO - position: Position(account='DUN086112', contract=Option(conId=803406917, symbol='SPX', lastTradeDateOrContractMonth='20250820', strike=6355.0, right='C', multiplier='100', currency='USD', localSymbol='SPXW  250820C06355000', tradingClass='SPXW'), position=10.0, avgCost=921.29395)
2025-08-20 10:52:59,766 - INFO - Checking SPXW  250820C06355000 | Cost: 9.21 | Bid: nan | Loss: nan%
2025-08-20 10:52:59,766 - WARNING - STOP-LOSS TRIGGERED for SPXW  250820C06355000 | Loss: nan%
2025-08-20 10:52:59,767 - INFO - placeOrder: New order Trade(contract=Option(conId=803406917, symbol='SPX', lastTradeDateOrContractMonth='20250820', strike=6355.0, right='C', multiplier='100', exchange='CBOE', currency='USD', localSymbol='SPXW  250820C06355000', tradingClass='SPXW'), order=LimitOrder(orderId=34827, clientId=1, action='SELL', totalQuantity=10.0), orderStatus=OrderStatus(orderId=34827, status='PendingSubmit', filled=0.0, remaining=0.0, avgFillPrice=0.0, permId=0, parentId=0, lastFillPrice=0.0, clientId=0, whyHeld='', mktCapPrice=0.0), fills=[], log=[TradeLogEntry(time=datetime.datetime(2025, 8, 20, 14, 52, 59, 767769, tzinfo=datetime.timezone.utc), status='PendingSubmit', message='', errorCode=0)], advancedError='')
2025-08-20 10:52:59,768 - INFO - Placed LIMIT SELL for SPXW  250820C06355000 | Qty: 10.0 @ $nan
2025-08-20 10:52:59,769 - ERROR - Error 320, reqId 34827: Error reading request. Unable to parse field: 'Limit Price' for input string: 'nan'
2025-08-20 10:52:59,769 - WARNING - Canceled order: Trade(contract=Option(conId=803406917, symbol='SPX', lastTradeDateOrContractMonth='20250820', strike=6355.0, right='C', multiplier='100', exchange='CBOE', currency='USD', localSymbol='SPXW  250820C06355000', tradingClass='SPXW'), order=LimitOrder(orderId=34827, clientId=1, action='SELL', totalQuantity=10.0), orderStatus=OrderStatus(orderId=34827, status='Cancelled', filled=0.0, remaining=0.0, avgFillPrice=0.0, permId=0, parentId=0, lastFillPrice=0.0, clientId=0, whyHeld='', mktCapPrice=0.0), fills=[], log=[TradeLogEntry(time=datetime.datetime(2025, 8, 20, 14, 52, 59, 767769, tzinfo=datetime.timezone.utc), status='PendingSubmit', message='', errorCode=0), TradeLogEntry(time=datetime.datetime(2025, 8, 20, 14, 52, 59, 769770, tzinfo=datetime.timezone.utc), status='Cancelled', message="Error 320, reqId 34827: Error reading request. Unable to parse field: 'Limit Price' for input string: 'nan'", errorCode=320)], advancedError='')
2025-08-20 10:53:00,876 - INFO - position: Position(account='DUN086112', contract=Option(conId=803406917, symbol='SPX', lastTradeDateOrContractMonth='20250820', strike=6355.0, right='C', multiplier='100', currency='USD', localSymbol='SPXW  250820C06355000', tradingClass='SPXW'), position=10.0, avgCost=921.29395)
2025-08-20 10:53:01,428 - INFO - Checking SPXW  250820C06355000 | Cost: 9.21 | Bid: nan | Loss: nan%
2025-08-20 10:53:01,428 - WARNING - STOP-LOSS TRIGGERED for SPXW  250820C06355000 | Loss: nan%
2025-08-20 10:53:01,430 - INFO - placeOrder: New order Trade(contract=Option(conId=803406917, symbol='SPX', lastTradeDateOrContractMonth='20250820', strike=6355.0, right='C', multiplier='100', exchange='CBOE', currency='USD', localSymbol='SPXW  250820C06355000', tradingClass='SPXW'), order=LimitOrder(orderId=34831, clientId=1, action='SELL', totalQuantity=10.0), orderStatus=OrderStatus(orderId=34831, status='PendingSubmit', filled=0.0, remaining=0.0, avgFillPrice=0.0, permId=0, parentId=0, lastFillPrice=0.0, clientId=0, whyHeld='', mktCapPrice=0.0), fills=[], log=[TradeLogEntry(time=datetime.datetime(2025, 8, 20, 14, 53, 1, 430366, tzinfo=datetime.timezone.utc), status='PendingSubmit', message='', errorCode=0)], advancedError='')
2025-08-20 10:53:01,431 - INFO - Placed LIMIT SELL for SPXW  250820C06355000 | Qty: 10.0 @ $nan
2025-08-20 10:53:01,432 - ERROR - Error 320, reqId 34831: Error reading request. Unable to parse field: 'Limit Price' for input string: 'nan'
2025-08-20 10:53:01,432 - WARNING - Canceled order: Trade(contract=Option(conId=803406917, symbol='SPX', lastTradeDateOrContractMonth='20250820', strike=6355.0, right='C', multiplier='100', exchange='CBOE', currency='USD', localSymbol='SPXW  250820C06355000', tradingClass='SPXW'), order=LimitOrder(orderId=34831, clientId=1, action='SELL', totalQuantity=10.0), orderStatus=OrderStatus(orderId=34831, status='Cancelled', filled=0.0, remaining=0.0, avgFillPrice=0.0, permId=0, parentId=0, lastFillPrice=0.0, clientId=0, whyHeld='', mktCapPrice=0.0), fills=[], log=[TradeLogEntry(time=datetime.datetime(2025, 8, 20, 14, 53, 1, 430366, tzinfo=datetime.timezone.utc), status='PendingSubmit', message='', errorCode=0), TradeLogEntry(time=datetime.datetime(2025, 8, 20, 14, 53, 1, 432366, tzinfo=datetime.timezone.utc), status='Cancelled', message="Error 320, reqId 34831: Error reading request. Unable to parse field: 'Limit Price' for input string: 'nan'", errorCode=320)], advancedError='')
2025-08-20 10:53:02,541 - INFO - position: Position(account='DUN086112', contract=Option(conId=803406917, symbol='SPX', lastTradeDateOrContractMonth='20250820', strike=6355.0, right='C', multiplier='100', currency='USD', localSymbol='SPXW  250820C06355000', tradingClass='SPXW'), position=10.0, avgCost=921.29395)
2025-08-20 10:53:03,107 - INFO - Checking SPXW  250820C06355000 | Cost: 9.21 | Bid: 9.10 | Loss: -1.23%
2025-08-20 10:53:03,107 - INFO - Holding SPXW  250820C06355000 | Loss -1.23% is within limit.
2025-08-20 10:53:04,110 - INFO - position: Position(account='DUN086112', contract=Option(conId=803406917, symbol='SPX', lastTradeDateOrContractMonth='20250820', strike=6355.0, right='C', multiplier='100', currency='USD', localSymbol='SPXW  250820C06355000', tradingClass='SPXW'), position=10.0, avgCost=921.29395)
2025-08-20 10:53:04,665 - INFO - Checking SPXW  250820C06355000 | Cost: 9.21 | Bid: 9.00 | Loss: -2.31%
2025-08-20 10:53:04,665 - INFO - Holding SPXW  250820C06355000 | Loss -2.31% is within limit.
2025-08-20 10:53:05,668 - INFO - position: Position(account='DUN086112', contract=Option(conId=803406917, symbol='SPX', lastTradeDateOrContractMonth='20250820', strike=6355.0, right='C', multiplier='100', currency='USD', localSymbol='SPXW  250820C06355000', tradingClass='SPXW'), position=10.0, avgCost=921.29395)
2025-08-20 10:53:06,219 - INFO - Checking SPXW  250820C06355000 | Cost: 9.21 | Bid: 8.90 | Loss: -3.40%
2025-08-20 10:53:06,219 - INFO - Holding SPXW  250820C06355000 | Loss -3.40% is within limit.
2025-08-20 10:53:07,223 - INFO - position: Position(account='DUN086112', contract=Option(conId=803406917, symbol='SPX', lastTradeDateOrContractMonth='20250820', strike=6355.0, right='C', multiplier='100', currency='USD', localSymbol='SPXW  250820C06355000', tradingClass='SPXW'), position=10.0, avgCost=921.29395)
2025-08-20 10:53:07,797 - INFO - Checking SPXW  250820C06355000 | Cost: 9.21 | Bid: nan | Loss: nan%
2025-08-20 10:53:07,797 - WARNING - STOP-LOSS TRIGGERED for SPXW  250820C06355000 | Loss: nan%
2025-08-20 10:53:07,799 - INFO - placeOrder: New order Trade(contract=Option(conId=803406917, symbol='SPX', lastTradeDateOrContractMonth='20250820', strike=6355.0, right='C', multiplier='100', exchange='CBOE', currency='USD', localSymbol='SPXW  250820C06355000', tradingClass='SPXW'), order=LimitOrder(orderId=34844, clientId=1, action='SELL', totalQuantity=10.0), orderStatus=OrderStatus(orderId=34844, status='PendingSubmit', filled=0.0, remaining=0.0, avgFillPrice=0.0, permId=0, parentId=0, lastFillPrice=0.0, clientId=0, whyHeld='', mktCapPrice=0.0), fills=[], log=[TradeLogEntry(time=datetime.datetime(2025, 8, 20, 14, 53, 7, 798209, tzinfo=datetime.timezone.utc), status='PendingSubmit', message='', errorCode=0)], advancedError='')
2025-08-20 10:53:07,799 - INFO - Placed LIMIT SELL for SPXW  250820C06355000 | Qty: 10.0 @ $nan
2025-08-20 10:53:07,800 - ERROR - Error 320, reqId 34844: Error reading request. Unable to parse field: 'Limit Price' for input string: 'nan'
2025-08-20 10:53:07,801 - WARNING - Canceled order: Trade(contract=Option(conId=803406917, symbol='SPX', lastTradeDateOrContractMonth='20250820', strike=6355.0, right='C', multiplier='100', exchange='CBOE', currency='USD', localSymbol='SPXW  250820C06355000', tradingClass='SPXW'), order=LimitOrder(orderId=34844, clientId=1, action='SELL', totalQuantity=10.0), orderStatus=OrderStatus(orderId=34844, status='Cancelled', filled=0.0, remaining=0.0, avgFillPrice=0.0, permId=0, parentId=0, lastFillPrice=0.0, clientId=0, whyHeld='', mktCapPrice=0.0), fills=[], log=[TradeLogEntry(time=datetime.datetime(2025, 8, 20, 14, 53, 7, 798209, tzinfo=datetime.timezone.utc), status='PendingSubmit', message='', errorCode=0), TradeLogEntry(time=datetime.datetime(2025, 8, 20, 14, 53, 7, 800208, tzinfo=datetime.timezone.utc), status='Cancelled', message="Error 320, reqId 34844: Error reading request. Unable to parse field: 'Limit Price' for input string: 'nan'", errorCode=320)], advancedError='')
2025-08-20 10:53:08,907 - INFO - position: Position(account='DUN086112', contract=Option(conId=803406917, symbol='SPX', lastTradeDateOrContractMonth='20250820', strike=6355.0, right='C', multiplier='100', currency='USD', localSymbol='SPXW  250820C06355000', tradingClass='SPXW'), position=10.0, avgCost=921.29395)
2025-08-20 10:53:09,469 - INFO - Checking SPXW  250820C06355000 | Cost: 9.21 | Bid: nan | Loss: nan%
2025-08-20 10:53:09,470 - WARNING - STOP-LOSS TRIGGERED for SPXW  250820C06355000 | Loss: nan%
2025-08-20 10:53:09,471 - INFO - placeOrder: New order Trade(contract=Option(conId=803406917, symbol='SPX', lastTradeDateOrContractMonth='20250820', strike=6355.0, right='C', multiplier='100', exchange='CBOE', currency='USD', localSymbol='SPXW  250820C06355000', tradingClass='SPXW'), order=LimitOrder(orderId=34848, clientId=1, action='SELL', totalQuantity=10.0), orderStatus=OrderStatus(orderId=34848, status='PendingSubmit', filled=0.0, remaining=0.0, avgFillPrice=0.0, permId=0, parentId=0, lastFillPrice=0.0, clientId=0, whyHeld='', mktCapPrice=0.0), fills=[], log=[TradeLogEntry(time=datetime.datetime(2025, 8, 20, 14, 53, 9, 470389, tzinfo=datetime.timezone.utc), status='PendingSubmit', message='', errorCode=0)], advancedError='')
2025-08-20 10:53:09,471 - INFO - Placed LIMIT SELL for SPXW  250820C06355000 | Qty: 10.0 @ $nan
2025-08-20 10:53:09,473 - ERROR - Error 320, reqId 34848: Error reading request. Unable to parse field: 'Limit Price' for input string: 'nan'
2025-08-20 10:53:09,473 - WARNING - Canceled order: Trade(contract=Option(conId=803406917, symbol='SPX', lastTradeDateOrContractMonth='20250820', strike=6355.0, right='C', multiplier='100', exchange='CBOE', currency='USD', localSymbol='SPXW  250820C06355000', tradingClass='SPXW'), order=LimitOrder(orderId=34848, clientId=1, action='SELL', totalQuantity=10.0), orderStatus=OrderStatus(orderId=34848, status='Cancelled', filled=0.0, remaining=0.0, avgFillPrice=0.0, permId=0, parentId=0, lastFillPrice=0.0, clientId=0, whyHeld='', mktCapPrice=0.0), fills=[], log=[TradeLogEntry(time=datetime.datetime(2025, 8, 20, 14, 53, 9, 470389, tzinfo=datetime.timezone.utc), status='PendingSubmit', message='', errorCode=0), TradeLogEntry(time=datetime.datetime(2025, 8, 20, 14, 53, 9, 473388, tzinfo=datetime.timezone.utc), status='Cancelled', message="Error 320, reqId 34848: Error reading request. Unable to parse field: 'Limit Price' for input string: 'nan'", errorCode=320)], advancedError='')
2025-08-20 10:53:10,579 - INFO - position: Position(account='DUN086112', contract=Option(conId=803406917, symbol='SPX', lastTradeDateOrContractMonth='20250820', strike=6355.0, right='C', multiplier='100', currency='USD', localSymbol='SPXW  250820C06355000', tradingClass='SPXW'), position=10.0, avgCost=921.29395)
2025-08-20 10:53:11,153 - INFO - Checking SPXW  250820C06355000 | Cost: 9.21 | Bid: 8.70 | Loss: -5.57%
2025-08-20 10:53:11,153 - INFO - Holding SPXW  250820C06355000 | Loss -5.57% is within limit.
2025-08-20 10:53:12,157 - INFO - position: Position(account='DUN086112', contract=Option(conId=803406917, symbol='SPX', lastTradeDateOrContractMonth='20250820', strike=6355.0, right='C', multiplier='100', currency='USD', localSymbol='SPXW  250820C06355000', tradingClass='SPXW'), position=10.0, avgCost=921.29395)
2025-08-20 10:53:12,724 - INFO - Checking SPXW  250820C06355000 | Cost: 9.21 | Bid: 8.60 | Loss: -6.65%
2025-08-20 10:53:12,724 - INFO - Holding SPXW  250820C06355000 | Loss -6.65% is within limit.
2025-08-20 10:53:13,727 - INFO - position: Position(account='DUN086112', contract=Option(conId=803406917, symbol='SPX', lastTradeDateOrContractMonth='20250820', strike=6355.0, right='C', multiplier='100', currency='USD', localSymbol='SPXW  250820C06355000', tradingClass='SPXW'), position=10.0, avgCost=921.29395)
2025-08-20 10:53:14,292 - INFO - Checking SPXW  250820C06355000 | Cost: 9.21 | Bid: nan | Loss: nan%
2025-08-20 10:53:14,292 - WARNING - STOP-LOSS TRIGGERED for SPXW  250820C06355000 | Loss: nan%
2025-08-20 10:53:14,293 - INFO - placeOrder: New order Trade(contract=Option(conId=803406917, symbol='SPX', lastTradeDateOrContractMonth='20250820', strike=6355.0, right='C', multiplier='100', exchange='CBOE', currency='USD', localSymbol='SPXW  250820C06355000', tradingClass='SPXW'), order=LimitOrder(orderId=34858, clientId=1, action='SELL', totalQuantity=10.0), orderStatus=OrderStatus(orderId=34858, status='PendingSubmit', filled=0.0, remaining=0.0, avgFillPrice=0.0, permId=0, parentId=0, lastFillPrice=0.0, clientId=0, whyHeld='', mktCapPrice=0.0), fills=[], log=[TradeLogEntry(time=datetime.datetime(2025, 8, 20, 14, 53, 14, 293629, tzinfo=datetime.timezone.utc), status='PendingSubmit', message='', errorCode=0)], advancedError='')
2025-08-20 10:53:14,294 - INFO - Placed LIMIT SELL for SPXW  250820C06355000 | Qty: 10.0 @ $nan
2025-08-20 10:53:14,295 - ERROR - Error 320, reqId 34858: Error reading request. Unable to parse field: 'Limit Price' for input string: 'nan'
2025-08-20 10:53:14,296 - WARNING - Canceled order: Trade(contract=Option(conId=803406917, symbol='SPX', lastTradeDateOrContractMonth='20250820', strike=6355.0, right='C', multiplier='100', exchange='CBOE', currency='USD', localSymbol='SPXW  250820C06355000', tradingClass='SPXW'), order=LimitOrder(orderId=34858, clientId=1, action='SELL', totalQuantity=10.0), orderStatus=OrderStatus(orderId=34858, status='Cancelled', filled=0.0, remaining=0.0, avgFillPrice=0.0, permId=0, parentId=0, lastFillPrice=0.0, clientId=0, whyHeld='', mktCapPrice=0.0), fills=[], log=[TradeLogEntry(time=datetime.datetime(2025, 8, 20, 14, 53, 14, 293629, tzinfo=datetime.timezone.utc), status='PendingSubmit', message='', errorCode=0), TradeLogEntry(time=datetime.datetime(2025, 8, 20, 14, 53, 14, 295629, tzinfo=datetime.timezone.utc), status='Cancelled', message="Error 320, reqId 34858: Error reading request. Unable to parse field: 'Limit Price' for input string: 'nan'", errorCode=320)], advancedError='')
2025-08-20 10:53:15,404 - INFO - position: Position(account='DUN086112', contract=Option(conId=803406917, symbol='SPX', lastTradeDateOrContractMonth='20250820', strike=6355.0, right='C', multiplier='100', currency='USD', localSymbol='SPXW  250820C06355000', tradingClass='SPXW'), position=10.0, avgCost=921.29395)
2025-08-20 10:53:15,988 - INFO - Checking SPXW  250820C06355000 | Cost: 9.21 | Bid: 8.50 | Loss: -7.74%
2025-08-20 10:53:15,988 - WARNING - STOP-LOSS TRIGGERED for SPXW  250820C06355000 | Loss: -7.74%
2025-08-20 10:53:15,989 - INFO - placeOrder: New order Trade(contract=Option(conId=803406917, symbol='SPX', lastTradeDateOrContractMonth='20250820', strike=6355.0, right='C', multiplier='100', exchange='CBOE', currency='USD', localSymbol='SPXW  250820C06355000', tradingClass='SPXW'), order=LimitOrder(orderId=34862, clientId=1, action='SELL', totalQuantity=10.0, lmtPrice=8.5), orderStatus=OrderStatus(orderId=34862, status='PendingSubmit', filled=0.0, remaining=0.0, avgFillPrice=0.0, permId=0, parentId=0, lastFillPrice=0.0, clientId=0, whyHeld='', mktCapPrice=0.0), fills=[], log=[TradeLogEntry(time=datetime.datetime(2025, 8, 20, 14, 53, 15, 989999, tzinfo=datetime.timezone.utc), status='PendingSubmit', message='', errorCode=0)], advancedError='')
2025-08-20 10:53:15,990 - INFO - Placed LIMIT SELL for SPXW  250820C06355000 | Qty: 10.0 @ $8.50
2025-08-20 10:53:17,100 - INFO - orderStatus: Trade(contract=Option(conId=803406917, symbol='SPX', lastTradeDateOrContractMonth='20250820', strike=6355.0, right='C', multiplier='100', exchange='CBOE', currency='USD', localSymbol='SPXW  250820C06355000', tradingClass='SPXW'), order=LimitOrder(orderId=34862, clientId=1, permId=327819062, action='SELL', totalQuantity=10.0, lmtPrice=8.5, auxPrice=0.0), orderStatus=OrderStatus(orderId=34862, status='PreSubmitted', filled=0.0, remaining=10.0, avgFillPrice=0.0, permId=327819062, parentId=0, lastFillPrice=0.0, clientId=1, whyHeld='', mktCapPrice=0.0), fills=[], log=[TradeLogEntry(time=datetime.datetime(2025, 8, 20, 14, 53, 15, 989999, tzinfo=datetime.timezone.utc), status='PendingSubmit', message='', errorCode=0), TradeLogEntry(time=datetime.datetime(2025, 8, 20, 14, 53, 17, 100423, tzinfo=datetime.timezone.utc), status='PreSubmitted', message='', errorCode=0)], advancedError='')
2025-08-20 10:53:17,101 - INFO - position: Position(account='DUN086112', contract=Option(conId=803406917, symbol='SPX', lastTradeDateOrContractMonth='20250820', strike=6355.0, right='C', multiplier='100', currency='USD', localSymbol='SPXW  250820C06355000', tradingClass='SPXW'), position=0.0, avgCost=0.0)
2025-08-20 10:53:17,102 - INFO - execDetails Execution(execId='00020057.68a5a2ae.01.01', time=datetime.datetime(2025, 8, 20, 14, 53, 16, tzinfo=datetime.timezone.utc), acctNumber='DUN086112', exchange='CBOE', side='SLD', shares=10.0, price=8.9, permId=327819062, clientId=1, orderId=34862, liquidation=0, cumQty=10.0, avgPrice=8.9, orderRef='', evRule='', evMultiplier=0.0, modelCode='', lastLiquidity=2)
2025-08-20 10:53:17,102 - INFO - execDetails: Fill(contract=Option(conId=803406917, symbol='SPX', lastTradeDateOrContractMonth='20250820', strike=6355.0, right='C', multiplier='100', exchange='CBOE', currency='USD', localSymbol='SPXW  250820C06355000', tradingClass='SPXW'), execution=Execution(execId='00020057.68a5a2ae.01.01', time=datetime.datetime(2025, 8, 20, 14, 53, 16, tzinfo=datetime.timezone.utc), acctNumber='DUN086112', exchange='CBOE', side='SLD', shares=10.0, price=8.9, permId=327819062, clientId=1, orderId=34862, liquidation=0, cumQty=10.0, avgPrice=8.9, orderRef='', evRule='', evMultiplier=0.0, modelCode='', lastLiquidity=2), commissionReport=CommissionReport(execId='', commission=0.0, currency='', realizedPNL=0.0, yield_=0.0, yieldRedemptionDate=0), time=datetime.datetime(2025, 8, 20, 14, 53, 17, 101424, tzinfo=datetime.timezone.utc))
2025-08-20 10:53:17,104 - INFO - orderStatus: Trade(contract=Option(conId=803406917, symbol='SPX', lastTradeDateOrContractMonth='20250820', strike=6355.0, right='C', multiplier='100', exchange='CBOE', currency='USD', localSymbol='SPXW  250820C06355000', tradingClass='SPXW'), order=LimitOrder(orderId=34862, clientId=1, permId=327819062, action='SELL', totalQuantity=10.0, lmtPrice=8.5, auxPrice=0.0), orderStatus=OrderStatus(orderId=34862, status='Filled', filled=10.0, remaining=0.0, avgFillPrice=8.9, permId=327819062, parentId=0, lastFillPrice=8.9, clientId=1, whyHeld='', mktCapPrice=0.0), fills=[Fill(contract=Option(conId=803406917, symbol='SPX', lastTradeDateOrContractMonth='20250820', strike=6355.0, right='C', multiplier='100', exchange='CBOE', currency='USD', localSymbol='SPXW  250820C06355000', tradingClass='SPXW'), execution=Execution(execId='00020057.68a5a2ae.01.01', time=datetime.datetime(2025, 8, 20, 14, 53, 16, tzinfo=datetime.timezone.utc), acctNumber='DUN086112', exchange='CBOE', side='SLD', shares=10.0, price=8.9, permId=327819062, clientId=1, orderId=34862, liquidation=0, cumQty=10.0, avgPrice=8.9, orderRef='', evRule='', evMultiplier=0.0, modelCode='', lastLiquidity=2), commissionReport=CommissionReport(execId='', commission=0.0, currency='', realizedPNL=0.0, yield_=0.0, yieldRedemptionDate=0), time=datetime.datetime(2025, 8, 20, 14, 53, 17, 101424, tzinfo=datetime.timezone.utc))], log=[TradeLogEntry(time=datetime.datetime(2025, 8, 20, 14, 53, 15, 989999, tzinfo=datetime.timezone.utc), status='PendingSubmit', message='', errorCode=0), TradeLogEntry(time=datetime.datetime(2025, 8, 20, 14, 53, 17, 100423, tzinfo=datetime.timezone.utc), status='PreSubmitted', message='', errorCode=0), TradeLogEntry(time=datetime.datetime(2025, 8, 20, 14, 53, 17, 101424, tzinfo=datetime.timezone.utc), status='PreSubmitted', message='Fill 10.0@8.9', errorCode=0), TradeLogEntry(time=datetime.datetime(2025, 8, 20, 14, 53, 17, 101424, tzinfo=datetime.timezone.utc), status='Filled', message='', errorCode=0)], advancedError='')
2025-08-20 10:53:17,105 - INFO - commissionReport: CommissionReport(execId='00020057.68a5a2ae.01.01', commission=12.9395, currency='USD', realizedPNL=-325.879, yield_=0.0, yieldRedemptionDate=0)
2025-08-20 10:53:17,106 - INFO - position: Position(account='DUN086112', contract=Option(conId=803406917, symbol='SPX', lastTradeDateOrContractMonth='20250820', strike=6355.0, right='C', multiplier='100', currency='USD', localSymbol='SPXW  250820C06355000', tradingClass='SPXW'), position=0.0, avgCost=0.0)
2025-08-20 10:53:17,106 - INFO - position: Position(account='DUN086112', contract=Option(conId=803406917, symbol='SPX', lastTradeDateOrContractMonth='20250820', strike=6355.0, right='C', multiplier='100', currency='USD', localSymbol='SPXW  250820C06355000', tradingClass='SPXW'), position=0.0, avgCost=0.0)
2025-08-20 10:53:17,107 - INFO - updatePortfolio: PortfolioItem(contract=Option(conId=803406917, symbol='SPX', lastTradeDateOrContractMonth='20250820', strike=6355.0, right='C', multiplier='100', primaryExchange='CBOE', currency='USD', localSymbol='SPXW  250820C06355000', tradingClass='SPXW'), position=0.0, marketPrice=8.8999996, marketValue=0.0, averageCost=0.0, unrealizedPNL=0.0, realizedPNL=-325.88, account='DUN086112')
2025-08-20 10:53:17,108 - INFO - position: Position(account='DUN086112', contract=Option(conId=803406917, symbol='SPX', lastTradeDateOrContractMonth='20250820', strike=6355.0, right='C', multiplier='100', currency='USD', localSymbol='SPXW  250820C06355000', tradingClass='SPXW'), position=0.0, avgCost=0.0)
2025-08-20 10:53:17,323 - INFO - No open option positions found. Sleeping before next check...
2025-08-20 10:53:18,325 - INFO - position: Position(account='DUN086112', contract=Option(conId=803406917, symbol='SPX', lastTradeDateOrContractMonth='20250820', strike=6355.0, right='C', multiplier='100', currency='USD', localSymbol='SPXW  250820C06355000', tradingClass='SPXW'), position=0.0, avgCost=0.0)
2025-08-20 10:53:18,532 - INFO - No open option positions found. Sleeping before next check...
2025-08-20 10:53:19,534 - INFO - position: Position(account='DUN086112', contract=Option(conId=803406917, symbol='SPX', lastTradeDateOrContractMonth='20250820', strike=6355.0, right='C', multiplier='100', currency='USD', localSymbol='SPXW  250820C06355000', tradingClass='SPXW'), position=0.0, avgCost=0.0)
2025-08-20 10:53:19,739 - INFO - No open option positions found. Sleeping before next check...
2025-08-20 10:53:20,741 - INFO - position: Position(account='DUN086112', contract=Option(conId=803406917, symbol='SPX', lastTradeDateOrContractMonth='20250820', strike=6355.0, right='C', multiplier='100', currency='USD', localSymbol='SPXW  250820C06355000', tradingClass='SPXW'), position=0.0, avgCost=0.0)
2025-08-20 10:53:20,955 - INFO - No open option positions found. Sleeping before next check...
2025-08-20 10:53:21,957 - INFO - position: Position(account='DUN086112', contract=Option(conId=803406917, symbol='SPX', lastTradeDateOrContractMonth='20250820', strike=6355.0, right='C', multiplier='100', currency='USD', localSymbol='SPXW  250820C06355000', tradingClass='SPXW'), position=0.0, avgCost=0.0)
2025-08-20 10:53:22,159 - INFO - No open option positions found. Sleeping before next check...
2025-08-20 10:53:23,161 - INFO - position: Position(account='DUN086112', contract=Option(conId=803406917, symbol='SPX', lastTradeDateOrContractMonth='20250820', strike=6355.0, right='C', multiplier='100', currency='USD', localSymbol='SPXW  250820C06355000', tradingClass='SPXW'), position=0.0, avgCost=0.0)
2025-08-20 10:53:23,370 - INFO - No open option positions found. Sleeping before next check...
2025-08-20 10:53:24,373 - INFO - position: Position(account='DUN086112', contract=Option(conId=803406917, symbol='SPX', lastTradeDateOrContractMonth='20250820', strike=6355.0, right='C', multiplier='100', currency='USD', localSymbol='SPXW  250820C06355000', tradingClass='SPXW'), position=0.0, avgCost=0.0)
2025-08-20 10:53:25,233 - INFO - No open option positions found. Sleeping before next check...
2025-08-20 10:53:26,117 - INFO - Disconnecting from 127.0.0.1:7497, 7.23 kB sent in 107 messages, 75.0 kB received in 953 messages, session time 37.1 s.
2025-08-20 10:53:26,117 - INFO - Disconnecting
2025-08-20 10:53:26,118 - INFO - Disconnected from IBKR.
