2025-08-22 13:04:29,892 - INFO - Connecting to IBKR...
2025-08-22 13:04:29,893 - INFO - Connecting to 127.0.0.1:7497 with clientId 1...
2025-08-22 13:04:29,893 - INFO - Connected
2025-08-22 13:04:29,895 - INFO - Logged on to server version 176
2025-08-22 13:04:29,901 - INFO - Warning 2104, reqId -1: Market data farm connection is OK:usfarm.nj
2025-08-22 13:04:29,901 - INFO - Warning 2104, reqId -1: Market data farm connection is OK:usopt.nj
2025-08-22 13:04:29,901 - INFO - Warning 2104, reqId -1: Market data farm connection is OK:cashfarm
2025-08-22 13:04:29,901 - INFO - Warning 2104, reqId -1: Market data farm connection is OK:usopt
2025-08-22 13:04:29,902 - INFO - Warning 2104, reqId -1: Market data farm connection is OK:usfarm
2025-08-22 13:04:29,902 - INFO - Warning 2106, reqId -1: HMDS data farm connection is OK:euhmds
2025-08-22 13:04:29,902 - INFO - Warning 2106, reqId -1: HMDS data farm connection is OK:fundfarm
2025-08-22 13:04:29,902 - INFO - Warning 2106, reqId -1: HMDS data farm connection is OK:ushmds
2025-08-22 13:04:29,902 - INFO - Warning 2158, reqId -1: Sec-def data farm connection is OK:secdefil
2025-08-22 13:04:29,902 - INFO - API connection ready
2025-08-22 13:04:29,903 - INFO - position: Position(account='DUN086112', contract=Option(conId=797601892, symbol='SPY', lastTradeDateOrContractMonth='20250822', strike=645.0, right='C', multiplier='100', currency='USD', localSymbol='SPY   250822C00645000', tradingClass='SPY'), position=10.0, avgCost=148.66245)
2025-08-22 13:04:30,006 - INFO - updatePortfolio: PortfolioItem(contract=Option(conId=797601892, symbol='SPY', lastTradeDateOrContractMonth='20250822', strike=645.0, right='C', multiplier='100', primaryExchange='AMEX', currency='USD', localSymbol='SPY   250822C00645000', tradingClass='SPY'), position=10.0, marketPrice=0.95, marketValue=950.0, averageCost=148.66245, unrealizedPNL=-536.62, realizedPNL=0.0, account='DUN086112')
2025-08-22 13:04:30,060 - INFO - execDetails Execution(execId='00020057.68a87737.01.01', time=datetime.datetime(2025, 8, 22, 16, 4, 40, tzinfo=datetime.timezone.utc), acctNumber='DUN086112', exchange='SAPPHIRE', side='BOT', shares=2.0, price=1.48, permId=368608458, clientId=0, orderId=0, liquidation=0, cumQty=2.0, avgPrice=1.48, orderRef='OptionChain', evRule='', evMultiplier=0.0, modelCode='', lastLiquidity=2)
2025-08-22 13:04:30,061 - INFO - execDetails Execution(execId='00020057.68a87738.01.01', time=datetime.datetime(2025, 8, 22, 16, 4, 40, tzinfo=datetime.timezone.utc), acctNumber='DUN086112', exchange='EDGX', side='BOT', shares=1.0, price=1.48, permId=368608458, clientId=0, orderId=0, liquidation=0, cumQty=3.0, avgPrice=1.48, orderRef='OptionChain', evRule='', evMultiplier=0.0, modelCode='', lastLiquidity=2)
2025-08-22 13:04:30,062 - INFO - execDetails Execution(execId='00020057.68a87739.01.01', time=datetime.datetime(2025, 8, 22, 16, 4, 40, tzinfo=datetime.timezone.utc), acctNumber='DUN086112', exchange='MIAX', side='BOT', shares=1.0, price=1.48, permId=368608458, clientId=0, orderId=0, liquidation=0, cumQty=4.0, avgPrice=1.48, orderRef='OptionChain', evRule='', evMultiplier=0.0, modelCode='', lastLiquidity=2)
2025-08-22 13:04:30,062 - INFO - execDetails Execution(execId='00020057.68a8773a.01.01', time=datetime.datetime(2025, 8, 22, 16, 4, 40, tzinfo=datetime.timezone.utc), acctNumber='DUN086112', exchange='BOX', side='BOT', shares=6.0, price=1.48, permId=368608458, clientId=0, orderId=0, liquidation=0, cumQty=10.0, avgPrice=1.48, orderRef='OptionChain', evRule='', evMultiplier=0.0, modelCode='', lastLiquidity=2)
2025-08-22 13:04:30,063 - INFO - commissionReport: CommissionReport(execId='00020057.68a87737.01.01', commission=1.0229, currency='USD', realizedPNL=0.0, yield_=0.0, yieldRedemptionDate=0)
2025-08-22 13:04:30,063 - INFO - commissionReport: CommissionReport(execId='00020057.68a87738.01.01', commission=0.69145, currency='USD', realizedPNL=0.0, yield_=0.0, yieldRedemptionDate=0)
2025-08-22 13:04:30,064 - INFO - commissionReport: CommissionReport(execId='00020057.68a87739.01.01', commission=0.70145, currency='USD', realizedPNL=0.0, yield_=0.0, yieldRedemptionDate=0)
2025-08-22 13:04:30,064 - INFO - commissionReport: CommissionReport(execId='00020057.68a8773a.01.01', commission=4.2087, currency='USD', realizedPNL=0.0, yield_=0.0, yieldRedemptionDate=0)
2025-08-22 13:04:30,065 - INFO - Synchronization complete
2025-08-22 13:04:30,066 - INFO - Connected to IBKR. Starting all-day monitoring...
2025-08-22 13:04:30,066 - INFO - Monitoring all open option positions with stop-loss protection...
2025-08-22 13:04:30,068 - INFO - position: Position(account='DUN086112', contract=Option(conId=797601892, symbol='SPY', lastTradeDateOrContractMonth='20250822', strike=645.0, right='C', multiplier='100', currency='USD', localSymbol='SPY   250822C00645000', tradingClass='SPY'), position=10.0, avgCost=148.66245)
2025-08-22 13:04:30,666 - INFO - Checking SPY   250822C00645000 | Cost: 1.49 | Bid: 0.92 | Loss: -38.11%
2025-08-22 13:04:30,667 - WARNING - STOP-LOSS TRIGGERED for SPY   250822C00645000 | Loss: -38.11%
2025-08-22 13:04:30,668 - INFO - placeOrder: New order Trade(contract=Option(conId=797601892, symbol='SPY', lastTradeDateOrContractMonth='20250822', strike=645.0, right='C', multiplier='100', exchange='AMEX', currency='USD', localSymbol='SPY   250822C00645000', tradingClass='SPY'), order=LimitOrder(orderId=51677, clientId=1, action='SELL', totalQuantity=10.0, lmtPrice=0.92, tif='IOC', orderRef='SLIOC-797601892'), orderStatus=OrderStatus(orderId=51677, status='PendingSubmit', filled=0.0, remaining=0.0, avgFillPrice=0.0, permId=0, parentId=0, lastFillPrice=0.0, clientId=0, whyHeld='', mktCapPrice=0.0), fills=[], log=[TradeLogEntry(time=datetime.datetime(2025, 8, 22, 17, 4, 30, 668627, tzinfo=datetime.timezone.utc), status='PendingSubmit', message='', errorCode=0)], advancedError='')
2025-08-22 13:04:30,668 - INFO - Placed LIMIT IOC SELL 10 @ 0.92 for SPY   250822C00645000
2025-08-22 13:04:30,772 - INFO - orderStatus: Trade(contract=Option(conId=797601892, symbol='SPY', lastTradeDateOrContractMonth='20250822', strike=645.0, right='C', multiplier='100', exchange='AMEX', currency='USD', localSymbol='SPY   250822C00645000', tradingClass='SPY'), order=LimitOrder(orderId=51677, clientId=1, permId=368608472, action='SELL', totalQuantity=10.0, lmtPrice=0.92, auxPrice=0.0, tif='IOC', orderRef='SLIOC-797601892'), orderStatus=OrderStatus(orderId=51677, status='Submitted', filled=0.0, remaining=10.0, avgFillPrice=0.0, permId=368608472, parentId=0, lastFillPrice=0.0, clientId=1, whyHeld='', mktCapPrice=0.0), fills=[], log=[TradeLogEntry(time=datetime.datetime(2025, 8, 22, 17, 4, 30, 668627, tzinfo=datetime.timezone.utc), status='PendingSubmit', message='', errorCode=0), TradeLogEntry(time=datetime.datetime(2025, 8, 22, 17, 4, 30, 771652, tzinfo=datetime.timezone.utc), status='Submitted', message='', errorCode=0)], advancedError='')
2025-08-22 13:04:30,849 - INFO - orderStatus: Trade(contract=Option(conId=797601892, symbol='SPY', lastTradeDateOrContractMonth='20250822', strike=645.0, right='C', multiplier='100', exchange='AMEX', currency='USD', localSymbol='SPY   250822C00645000', tradingClass='SPY'), order=LimitOrder(orderId=51677, clientId=1, permId=368608472, action='SELL', totalQuantity=10.0, lmtPrice=0.92, auxPrice=0.0, tif='IOC', orderRef='SLIOC-797601892'), orderStatus=OrderStatus(orderId=51677, status='PendingCancel', filled=0.0, remaining=10.0, avgFillPrice=0.0, permId=368608472, parentId=0, lastFillPrice=0.0, clientId=1, whyHeld='', mktCapPrice=0.0), fills=[], log=[TradeLogEntry(time=datetime.datetime(2025, 8, 22, 17, 4, 30, 668627, tzinfo=datetime.timezone.utc), status='PendingSubmit', message='', errorCode=0), TradeLogEntry(time=datetime.datetime(2025, 8, 22, 17, 4, 30, 771652, tzinfo=datetime.timezone.utc), status='Submitted', message='', errorCode=0), TradeLogEntry(time=datetime.datetime(2025, 8, 22, 17, 4, 30, 848501, tzinfo=datetime.timezone.utc), status='PendingCancel', message='', errorCode=0)], advancedError='')
2025-08-22 13:04:30,872 - INFO - orderStatus: Trade(contract=Option(conId=797601892, symbol='SPY', lastTradeDateOrContractMonth='20250822', strike=645.0, right='C', multiplier='100', exchange='AMEX', currency='USD', localSymbol='SPY   250822C00645000', tradingClass='SPY'), order=LimitOrder(orderId=51677, clientId=1, permId=368608472, action='SELL', totalQuantity=10.0, lmtPrice=0.92, auxPrice=0.0, tif='IOC', orderRef='SLIOC-797601892'), orderStatus=OrderStatus(orderId=51677, status='Cancelled', filled=0.0, remaining=10.0, avgFillPrice=0.0, permId=368608472, parentId=0, lastFillPrice=0.0, clientId=1, whyHeld='', mktCapPrice=0.0), fills=[], log=[TradeLogEntry(time=datetime.datetime(2025, 8, 22, 17, 4, 30, 668627, tzinfo=datetime.timezone.utc), status='PendingSubmit', message='', errorCode=0), TradeLogEntry(time=datetime.datetime(2025, 8, 22, 17, 4, 30, 771652, tzinfo=datetime.timezone.utc), status='Submitted', message='', errorCode=0), TradeLogEntry(time=datetime.datetime(2025, 8, 22, 17, 4, 30, 848501, tzinfo=datetime.timezone.utc), status='PendingCancel', message='', errorCode=0), TradeLogEntry(time=datetime.datetime(2025, 8, 22, 17, 4, 30, 872507, tzinfo=datetime.timezone.utc), status='Cancelled', message='', errorCode=0)], advancedError='')
2025-08-22 13:04:30,873 - INFO - Warning 202, reqId 51677: Order Canceled - reason:
2025-08-22 13:04:30,904 - INFO - SPY   250822C00645000: LIMIT IOC filled 0/10
2025-08-22 13:04:30,905 - INFO - placeOrder: New order Trade(contract=Option(conId=797601892, symbol='SPY', lastTradeDateOrContractMonth='20250822', strike=645.0, right='C', multiplier='100', exchange='AMEX', currency='USD', localSymbol='SPY   250822C00645000', tradingClass='SPY'), order=MarketOrder(orderId=51678, clientId=1, action='SELL', totalQuantity=10.0, orderRef='SLMKT-797601892'), orderStatus=OrderStatus(orderId=51678, status='PendingSubmit', filled=0.0, remaining=0.0, avgFillPrice=0.0, permId=0, parentId=0, lastFillPrice=0.0, clientId=0, whyHeld='', mktCapPrice=0.0), fills=[], log=[TradeLogEntry(time=datetime.datetime(2025, 8, 22, 17, 4, 30, 905514, tzinfo=datetime.timezone.utc), status='PendingSubmit', message='', errorCode=0)], advancedError='')
2025-08-22 13:04:30,907 - WARNING - Placed MARKET SELL 10 for SPY   250822C00645000
2025-08-22 13:04:30,963 - INFO - orderStatus: Trade(contract=Option(conId=797601892, symbol='SPY', lastTradeDateOrContractMonth='20250822', strike=645.0, right='C', multiplier='100', exchange='AMEX', currency='USD', localSymbol='SPY   250822C00645000', tradingClass='SPY'), order=MarketOrder(orderId=51678, clientId=1, permId=368608473, action='SELL', totalQuantity=10.0, lmtPrice=0.93, auxPrice=0.0, orderRef='SLMKT-797601892'), orderStatus=OrderStatus(orderId=51678, status='Submitted', filled=0.0, remaining=10.0, avgFillPrice=0.0, permId=368608473, parentId=0, lastFillPrice=0.0, clientId=1, whyHeld='', mktCapPrice=0.0), fills=[], log=[TradeLogEntry(time=datetime.datetime(2025, 8, 22, 17, 4, 30, 905514, tzinfo=datetime.timezone.utc), status='PendingSubmit', message='', errorCode=0), TradeLogEntry(time=datetime.datetime(2025, 8, 22, 17, 4, 30, 963527, tzinfo=datetime.timezone.utc), status='Submitted', message='', errorCode=0)], advancedError='')
2025-08-22 13:04:31,748 - INFO - updatePortfolio: PortfolioItem(contract=Option(conId=797601892, symbol='SPY', lastTradeDateOrContractMonth='20250822', strike=645.0, right='C', multiplier='100', primaryExchange='AMEX', currency='USD', localSymbol='SPY   250822C00645000', tradingClass='SPY'), position=10.0, marketPrice=0.95, marketValue=950.0, averageCost=148.66245, unrealizedPNL=-536.62, realizedPNL=0.0, account='DUN086112')
2025-08-22 13:04:33,296 - INFO - position: Position(account='DUN086112', contract=Option(conId=797601892, symbol='SPY', lastTradeDateOrContractMonth='20250822', strike=645.0, right='C', multiplier='100', currency='USD', localSymbol='SPY   250822C00645000', tradingClass='SPY'), position=0.0, avgCost=0.0)
2025-08-22 13:04:33,298 - INFO - execDetails Execution(execId='00020057.68a89e5d.01.01', time=datetime.datetime(2025, 8, 22, 17, 4, 34, tzinfo=datetime.timezone.utc), acctNumber='DUN086112', exchange='AMEX', side='SLD', shares=10.0, price=0.92, permId=368608473, clientId=1, orderId=51678, liquidation=0, cumQty=10.0, avgPrice=0.92, orderRef='SLMKT-797601892', evRule='', evMultiplier=0.0, modelCode='', lastLiquidity=2)
2025-08-22 13:04:33,299 - INFO - execDetails: Fill(contract=Option(conId=797601892, symbol='SPY', lastTradeDateOrContractMonth='20250822', strike=645.0, right='C', multiplier='100', exchange='AMEX', currency='USD', localSymbol='SPY   250822C00645000', tradingClass='SPY'), execution=Execution(execId='00020057.68a89e5d.01.01', time=datetime.datetime(2025, 8, 22, 17, 4, 34, tzinfo=datetime.timezone.utc), acctNumber='DUN086112', exchange='AMEX', side='SLD', shares=10.0, price=0.92, permId=368608473, clientId=1, orderId=51678, liquidation=0, cumQty=10.0, avgPrice=0.92, orderRef='SLMKT-797601892', evRule='', evMultiplier=0.0, modelCode='', lastLiquidity=2), commissionReport=CommissionReport(execId='', commission=0.0, currency='', realizedPNL=0.0, yield_=0.0, yieldRedemptionDate=0), time=datetime.datetime(2025, 8, 22, 17, 4, 33, 298522, tzinfo=datetime.timezone.utc))
2025-08-22 13:04:33,300 - INFO - orderStatus: Trade(contract=Option(conId=797601892, symbol='SPY', lastTradeDateOrContractMonth='20250822', strike=645.0, right='C', multiplier='100', exchange='AMEX', currency='USD', localSymbol='SPY   250822C00645000', tradingClass='SPY'), order=MarketOrder(orderId=51678, clientId=1, permId=368608473, action='SELL', totalQuantity=10.0, lmtPrice=0.93, auxPrice=0.0, orderRef='SLMKT-797601892'), orderStatus=OrderStatus(orderId=51678, status='Filled', filled=10.0, remaining=0.0, avgFillPrice=0.92, permId=368608473, parentId=0, lastFillPrice=0.92, clientId=1, whyHeld='', mktCapPrice=0.0), fills=[Fill(contract=Option(conId=797601892, symbol='SPY', lastTradeDateOrContractMonth='20250822', strike=645.0, right='C', multiplier='100', exchange='AMEX', currency='USD', localSymbol='SPY   250822C00645000', tradingClass='SPY'), execution=Execution(execId='00020057.68a89e5d.01.01', time=datetime.datetime(2025, 8, 22, 17, 4, 34, tzinfo=datetime.timezone.utc), acctNumber='DUN086112', exchange='AMEX', side='SLD', shares=10.0, price=0.92, permId=368608473, clientId=1, orderId=51678, liquidation=0, cumQty=10.0, avgPrice=0.92, orderRef='SLMKT-797601892', evRule='', evMultiplier=0.0, modelCode='', lastLiquidity=2), commissionReport=CommissionReport(execId='', commission=0.0, currency='', realizedPNL=0.0, yield_=0.0, yieldRedemptionDate=0), time=datetime.datetime(2025, 8, 22, 17, 4, 33, 298522, tzinfo=datetime.timezone.utc))], log=[TradeLogEntry(time=datetime.datetime(2025, 8, 22, 17, 4, 30, 905514, tzinfo=datetime.timezone.utc), status='PendingSubmit', message='', errorCode=0), TradeLogEntry(time=datetime.datetime(2025, 8, 22, 17, 4, 30, 963527, tzinfo=datetime.timezone.utc), status='Submitted', message='', errorCode=0), TradeLogEntry(time=datetime.datetime(2025, 8, 22, 17, 4, 33, 298522, tzinfo=datetime.timezone.utc), status='Submitted', message='Fill 10.0@0.92', errorCode=0), TradeLogEntry(time=datetime.datetime(2025, 8, 22, 17, 4, 33, 300521, tzinfo=datetime.timezone.utc), status='Filled', message='', errorCode=0)], advancedError='')
2025-08-22 13:04:33,302 - INFO - commissionReport: CommissionReport(execId='00020057.68a89e5d.01.01', commission=10.5424, currency='USD', realizedPNL=-577.1669, yield_=0.0, yieldRedemptionDate=0)
2025-08-22 13:04:33,302 - INFO - position: Position(account='DUN086112', contract=Option(conId=797601892, symbol='SPY', lastTradeDateOrContractMonth='20250822', strike=645.0, right='C', multiplier='100', currency='USD', localSymbol='SPY   250822C00645000', tradingClass='SPY'), position=0.0, avgCost=0.0)
2025-08-22 13:04:33,303 - INFO - position: Position(account='DUN086112', contract=Option(conId=797601892, symbol='SPY', lastTradeDateOrContractMonth='20250822', strike=645.0, right='C', multiplier='100', currency='USD', localSymbol='SPY   250822C00645000', tradingClass='SPY'), position=0.0, avgCost=0.0)
2025-08-22 13:04:33,402 - INFO - SPY   250822C00645000: exit completed. Total filled=10, of which IOC=0
2025-08-22 13:04:34,404 - INFO - updatePortfolio: PortfolioItem(contract=Option(conId=797601892, symbol='SPY', lastTradeDateOrContractMonth='20250822', strike=645.0, right='C', multiplier='100', primaryExchange='AMEX', currency='USD', localSymbol='SPY   250822C00645000', tradingClass='SPY'), position=0.0, marketPrice=0.94, marketValue=0.0, averageCost=0.0, unrealizedPNL=0.0, realizedPNL=-577.17, account='DUN086112')
2025-08-22 13:04:34,404 - INFO - position: Position(account='DUN086112', contract=Option(conId=797601892, symbol='SPY', lastTradeDateOrContractMonth='20250822', strike=645.0, right='C', multiplier='100', currency='USD', localSymbol='SPY   250822C00645000', tradingClass='SPY'), position=0.0, avgCost=0.0)
2025-08-22 13:04:34,609 - INFO - No open option positions found. Sleeping before next check...
2025-08-22 13:04:35,611 - INFO - position: Position(account='DUN086112', contract=Option(conId=797601892, symbol='SPY', lastTradeDateOrContractMonth='20250822', strike=645.0, right='C', multiplier='100', currency='USD', localSymbol='SPY   250822C00645000', tradingClass='SPY'), position=0.0, avgCost=0.0)
2025-08-22 13:04:35,822 - INFO - No open option positions found. Sleeping before next check...
2025-08-22 13:04:36,824 - INFO - position: Position(account='DUN086112', contract=Option(conId=797601892, symbol='SPY', lastTradeDateOrContractMonth='20250822', strike=645.0, right='C', multiplier='100', currency='USD', localSymbol='SPY   250822C00645000', tradingClass='SPY'), position=0.0, avgCost=0.0)
2025-08-22 13:04:37,035 - INFO - No open option positions found. Sleeping before next check...
2025-08-22 13:04:38,035 - INFO - position: Position(account='DUN086112', contract=Option(conId=797601892, symbol='SPY', lastTradeDateOrContractMonth='20250822', strike=645.0, right='C', multiplier='100', currency='USD', localSymbol='SPY   250822C00645000', tradingClass='SPY'), position=0.0, avgCost=0.0)
2025-08-22 13:04:38,250 - INFO - No open option positions found. Sleeping before next check...
2025-08-22 13:04:39,251 - INFO - position: Position(account='DUN086112', contract=Option(conId=797601892, symbol='SPY', lastTradeDateOrContractMonth='20250822', strike=645.0, right='C', multiplier='100', currency='USD', localSymbol='SPY   250822C00645000', tradingClass='SPY'), position=0.0, avgCost=0.0)
2025-08-22 13:04:39,461 - INFO - No open option positions found. Sleeping before next check...
2025-08-22 13:04:40,462 - INFO - position: Position(account='DUN086112', contract=Option(conId=797601892, symbol='SPY', lastTradeDateOrContractMonth='20250822', strike=645.0, right='C', multiplier='100', currency='USD', localSymbol='SPY   250822C00645000', tradingClass='SPY'), position=0.0, avgCost=0.0)
2025-08-22 13:04:40,664 - INFO - No open option positions found. Sleeping before next check...
2025-08-22 13:04:41,666 - INFO - position: Position(account='DUN086112', contract=Option(conId=797601892, symbol='SPY', lastTradeDateOrContractMonth='20250822', strike=645.0, right='C', multiplier='100', currency='USD', localSymbol='SPY   250822C00645000', tradingClass='SPY'), position=0.0, avgCost=0.0)
2025-08-22 13:04:41,881 - INFO - No open option positions found. Sleeping before next check...
2025-08-22 13:04:42,882 - INFO - position: Position(account='DUN086112', contract=Option(conId=797601892, symbol='SPY', lastTradeDateOrContractMonth='20250822', strike=645.0, right='C', multiplier='100', currency='USD', localSymbol='SPY   250822C00645000', tradingClass='SPY'), position=0.0, avgCost=0.0)
2025-08-22 13:04:43,097 - INFO - No open option positions found. Sleeping before next check...
2025-08-22 13:04:44,099 - INFO - position: Position(account='DUN086112', contract=Option(conId=797601892, symbol='SPY', lastTradeDateOrContractMonth='20250822', strike=645.0, right='C', multiplier='100', currency='USD', localSymbol='SPY   250822C00645000', tradingClass='SPY'), position=0.0, avgCost=0.0)
2025-08-22 13:04:44,307 - INFO - No open option positions found. Sleeping before next check...
2025-08-22 13:04:45,307 - INFO - position: Position(account='DUN086112', contract=Option(conId=797601892, symbol='SPY', lastTradeDateOrContractMonth='20250822', strike=645.0, right='C', multiplier='100', currency='USD', localSymbol='SPY   250822C00645000', tradingClass='SPY'), position=10.0, avgCost=93.0)
2025-08-22 13:04:45,307 - INFO - position: Position(account='DUN086112', contract=Option(conId=797601892, symbol='SPY', lastTradeDateOrContractMonth='20250822', strike=645.0, right='C', multiplier='100', currency='USD', localSymbol='SPY   250822C00645000', tradingClass='SPY'), position=10.0, avgCost=93.51145)
2025-08-22 13:04:45,308 - INFO - position: Position(account='DUN086112', contract=Option(conId=797601892, symbol='SPY', lastTradeDateOrContractMonth='20250822', strike=645.0, right='C', multiplier='100', currency='USD', localSymbol='SPY   250822C00645000', tradingClass='SPY'), position=10.0, avgCost=93.51145)
2025-08-22 13:04:45,359 - INFO - updatePortfolio: PortfolioItem(contract=Option(conId=797601892, symbol='SPY', lastTradeDateOrContractMonth='20250822', strike=645.0, right='C', multiplier='100', primaryExchange='AMEX', currency='USD', localSymbol='SPY   250822C00645000', tradingClass='SPY'), position=10.0, marketPrice=0.93, marketValue=930.0, averageCost=93.51145, unrealizedPNL=-5.11, realizedPNL=-577.17, account='DUN086112')
2025-08-22 13:04:45,897 - INFO - Checking SPY   250822C00645000 | Cost: 0.94 | Bid: 0.91 | Loss: -2.69%
2025-08-22 13:04:45,897 - INFO - Holding SPY   250822C00645000 | Loss -2.69% within limit.
2025-08-22 13:04:46,900 - INFO - position: Position(account='DUN086112', contract=Option(conId=797601892, symbol='SPY', lastTradeDateOrContractMonth='20250822', strike=645.0, right='C', multiplier='100', currency='USD', localSymbol='SPY   250822C00645000', tradingClass='SPY'), position=10.0, avgCost=93.51145)
2025-08-22 13:04:47,471 - INFO - Checking SPY   250822C00645000 | Cost: 0.94 | Bid: 0.91 | Loss: -2.69%
2025-08-22 13:04:47,471 - INFO - Holding SPY   250822C00645000 | Loss -2.69% within limit.
2025-08-22 13:04:48,474 - INFO - position: Position(account='DUN086112', contract=Option(conId=797601892, symbol='SPY', lastTradeDateOrContractMonth='20250822', strike=645.0, right='C', multiplier='100', currency='USD', localSymbol='SPY   250822C00645000', tradingClass='SPY'), position=10.0, avgCost=93.51145)
2025-08-22 13:04:49,050 - INFO - Checking SPY   250822C00645000 | Cost: 0.94 | Bid: 0.92 | Loss: -1.62%
2025-08-22 13:04:49,050 - INFO - Holding SPY   250822C00645000 | Loss -1.62% within limit.
2025-08-22 13:04:50,053 - INFO - position: Position(account='DUN086112', contract=Option(conId=797601892, symbol='SPY', lastTradeDateOrContractMonth='20250822', strike=645.0, right='C', multiplier='100', currency='USD', localSymbol='SPY   250822C00645000', tradingClass='SPY'), position=10.0, avgCost=93.51145)
2025-08-22 13:04:50,620 - INFO - Checking SPY   250822C00645000 | Cost: 0.94 | Bid: 0.91 | Loss: -2.69%
2025-08-22 13:04:50,620 - INFO - Holding SPY   250822C00645000 | Loss -2.69% within limit.
2025-08-22 13:04:51,623 - INFO - position: Position(account='DUN086112', contract=Option(conId=797601892, symbol='SPY', lastTradeDateOrContractMonth='20250822', strike=645.0, right='C', multiplier='100', currency='USD', localSymbol='SPY   250822C00645000', tradingClass='SPY'), position=10.0, avgCost=93.51145)
2025-08-22 13:04:52,187 - INFO - Checking SPY   250822C00645000 | Cost: 0.94 | Bid: 0.93 | Loss: -0.55%
2025-08-22 13:04:52,187 - INFO - Holding SPY   250822C00645000 | Loss -0.55% within limit.
2025-08-22 13:04:53,190 - INFO - position: Position(account='DUN086112', contract=Option(conId=797601892, symbol='SPY', lastTradeDateOrContractMonth='20250822', strike=645.0, right='C', multiplier='100', currency='USD', localSymbol='SPY   250822C00645000', tradingClass='SPY'), position=10.0, avgCost=93.51145)
2025-08-22 13:04:53,772 - INFO - Checking SPY   250822C00645000 | Cost: 0.94 | Bid: 0.92 | Loss: -1.62%
2025-08-22 13:04:53,772 - INFO - Holding SPY   250822C00645000 | Loss -1.62% within limit.
2025-08-22 13:04:54,774 - INFO - position: Position(account='DUN086112', contract=Option(conId=797601892, symbol='SPY', lastTradeDateOrContractMonth='20250822', strike=645.0, right='C', multiplier='100', currency='USD', localSymbol='SPY   250822C00645000', tradingClass='SPY'), position=10.0, avgCost=93.51145)
2025-08-22 13:04:55,345 - INFO - Checking SPY   250822C00645000 | Cost: 0.94 | Bid: 0.91 | Loss: -2.69%
2025-08-22 13:04:55,345 - INFO - Holding SPY   250822C00645000 | Loss -2.69% within limit.
2025-08-22 13:04:56,348 - INFO - position: Position(account='DUN086112', contract=Option(conId=797601892, symbol='SPY', lastTradeDateOrContractMonth='20250822', strike=645.0, right='C', multiplier='100', currency='USD', localSymbol='SPY   250822C00645000', tradingClass='SPY'), position=10.0, avgCost=93.51145)
2025-08-22 13:04:56,908 - INFO - Checking SPY   250822C00645000 | Cost: 0.94 | Bid: 0.91 | Loss: -2.69%
2025-08-22 13:04:56,908 - INFO - Holding SPY   250822C00645000 | Loss -2.69% within limit.
2025-08-22 13:04:57,910 - INFO - position: Position(account='DUN086112', contract=Option(conId=797601892, symbol='SPY', lastTradeDateOrContractMonth='20250822', strike=645.0, right='C', multiplier='100', currency='USD', localSymbol='SPY   250822C00645000', tradingClass='SPY'), position=10.0, avgCost=93.51145)
2025-08-22 13:04:58,467 - INFO - Checking SPY   250822C00645000 | Cost: 0.94 | Bid: 0.91 | Loss: -2.69%
2025-08-22 13:04:58,467 - INFO - Holding SPY   250822C00645000 | Loss -2.69% within limit.
2025-08-22 13:04:59,470 - INFO - position: Position(account='DUN086112', contract=Option(conId=797601892, symbol='SPY', lastTradeDateOrContractMonth='20250822', strike=645.0, right='C', multiplier='100', currency='USD', localSymbol='SPY   250822C00645000', tradingClass='SPY'), position=10.0, avgCost=93.51145)
2025-08-22 13:05:00,041 - INFO - Checking SPY   250822C00645000 | Cost: 0.94 | Bid: 0.91 | Loss: -2.69%
2025-08-22 13:05:00,042 - INFO - Holding SPY   250822C00645000 | Loss -2.69% within limit.
2025-08-22 13:05:01,045 - INFO - position: Position(account='DUN086112', contract=Option(conId=797601892, symbol='SPY', lastTradeDateOrContractMonth='20250822', strike=645.0, right='C', multiplier='100', currency='USD', localSymbol='SPY   250822C00645000', tradingClass='SPY'), position=10.0, avgCost=93.51145)
2025-08-22 13:05:01,603 - INFO - Checking SPY   250822C00645000 | Cost: 0.94 | Bid: 0.90 | Loss: -3.76%
2025-08-22 13:05:01,603 - INFO - Holding SPY   250822C00645000 | Loss -3.76% within limit.
2025-08-22 13:05:02,606 - INFO - position: Position(account='DUN086112', contract=Option(conId=797601892, symbol='SPY', lastTradeDateOrContractMonth='20250822', strike=645.0, right='C', multiplier='100', currency='USD', localSymbol='SPY   250822C00645000', tradingClass='SPY'), position=10.0, avgCost=93.51145)
2025-08-22 13:05:03,181 - INFO - Checking SPY   250822C00645000 | Cost: 0.94 | Bid: 0.91 | Loss: -2.69%
2025-08-22 13:05:03,181 - INFO - Holding SPY   250822C00645000 | Loss -2.69% within limit.
2025-08-22 13:05:04,182 - INFO - position: Position(account='DUN086112', contract=Option(conId=797601892, symbol='SPY', lastTradeDateOrContractMonth='20250822', strike=645.0, right='C', multiplier='100', currency='USD', localSymbol='SPY   250822C00645000', tradingClass='SPY'), position=10.0, avgCost=93.51145)
2025-08-22 13:05:04,748 - INFO - Checking SPY   250822C00645000 | Cost: 0.94 | Bid: 0.92 | Loss: -1.62%
2025-08-22 13:05:04,749 - INFO - Holding SPY   250822C00645000 | Loss -1.62% within limit.
2025-08-22 13:05:05,751 - INFO - position: Position(account='DUN086112', contract=Option(conId=797601892, symbol='SPY', lastTradeDateOrContractMonth='20250822', strike=645.0, right='C', multiplier='100', currency='USD', localSymbol='SPY   250822C00645000', tradingClass='SPY'), position=10.0, avgCost=93.51145)
2025-08-22 13:05:06,318 - INFO - Checking SPY   250822C00645000 | Cost: 0.94 | Bid: 0.92 | Loss: -1.62%
2025-08-22 13:05:06,318 - INFO - Holding SPY   250822C00645000 | Loss -1.62% within limit.
2025-08-22 13:05:07,320 - INFO - position: Position(account='DUN086112', contract=Option(conId=797601892, symbol='SPY', lastTradeDateOrContractMonth='20250822', strike=645.0, right='C', multiplier='100', currency='USD', localSymbol='SPY   250822C00645000', tradingClass='SPY'), position=10.0, avgCost=93.51145)
2025-08-22 13:05:07,898 - INFO - Checking SPY   250822C00645000 | Cost: 0.94 | Bid: 0.92 | Loss: -1.62%
2025-08-22 13:05:07,898 - INFO - Holding SPY   250822C00645000 | Loss -1.62% within limit.
2025-08-22 13:05:08,901 - INFO - position: Position(account='DUN086112', contract=Option(conId=797601892, symbol='SPY', lastTradeDateOrContractMonth='20250822', strike=645.0, right='C', multiplier='100', currency='USD', localSymbol='SPY   250822C00645000', tradingClass='SPY'), position=10.0, avgCost=93.51145)
2025-08-22 13:05:09,472 - INFO - Checking SPY   250822C00645000 | Cost: 0.94 | Bid: 0.92 | Loss: -1.62%
2025-08-22 13:05:09,472 - INFO - Holding SPY   250822C00645000 | Loss -1.62% within limit.
2025-08-22 13:05:10,476 - INFO - updatePortfolio: PortfolioItem(contract=Option(conId=797601892, symbol='SPY', lastTradeDateOrContractMonth='20250822', strike=645.0, right='C', multiplier='100', primaryExchange='AMEX', currency='USD', localSymbol='SPY   250822C00645000', tradingClass='SPY'), position=10.0, marketPrice=0.93, marketValue=930.0, averageCost=93.51145, unrealizedPNL=-5.11, realizedPNL=-577.17, account='DUN086112')
2025-08-22 13:05:10,476 - INFO - position: Position(account='DUN086112', contract=Option(conId=797601892, symbol='SPY', lastTradeDateOrContractMonth='20250822', strike=645.0, right='C', multiplier='100', currency='USD', localSymbol='SPY   250822C00645000', tradingClass='SPY'), position=10.0, avgCost=93.51145)
2025-08-22 13:05:11,052 - INFO - Checking SPY   250822C00645000 | Cost: 0.94 | Bid: 0.92 | Loss: -1.62%
2025-08-22 13:05:11,052 - INFO - Holding SPY   250822C00645000 | Loss -1.62% within limit.
2025-08-22 13:05:12,054 - INFO - position: Position(account='DUN086112', contract=Option(conId=797601892, symbol='SPY', lastTradeDateOrContractMonth='20250822', strike=645.0, right='C', multiplier='100', currency='USD', localSymbol='SPY   250822C00645000', tradingClass='SPY'), position=10.0, avgCost=93.51145)
2025-08-22 13:05:12,641 - INFO - Checking SPY   250822C00645000 | Cost: 0.94 | Bid: 0.94 | Loss: 0.52%
2025-08-22 13:05:12,641 - INFO - Holding SPY   250822C00645000 | Loss 0.52% within limit.
2025-08-22 13:05:13,644 - INFO - position: Position(account='DUN086112', contract=Option(conId=797601892, symbol='SPY', lastTradeDateOrContractMonth='20250822', strike=645.0, right='C', multiplier='100', currency='USD', localSymbol='SPY   250822C00645000', tradingClass='SPY'), position=10.0, avgCost=93.51145)
2025-08-22 13:05:14,217 - INFO - Checking SPY   250822C00645000 | Cost: 0.94 | Bid: 0.95 | Loss: 1.59%
2025-08-22 13:05:14,217 - INFO - Holding SPY   250822C00645000 | Loss 1.59% within limit.
2025-08-22 13:05:15,219 - INFO - position: Position(account='DUN086112', contract=Option(conId=797601892, symbol='SPY', lastTradeDateOrContractMonth='20250822', strike=645.0, right='C', multiplier='100', currency='USD', localSymbol='SPY   250822C00645000', tradingClass='SPY'), position=10.0, avgCost=93.51145)
2025-08-22 13:05:15,799 - INFO - Checking SPY   250822C00645000 | Cost: 0.94 | Bid: 0.94 | Loss: 0.52%
2025-08-22 13:05:15,799 - INFO - Holding SPY   250822C00645000 | Loss 0.52% within limit.
2025-08-22 13:05:16,801 - INFO - position: Position(account='DUN086112', contract=Option(conId=797601892, symbol='SPY', lastTradeDateOrContractMonth='20250822', strike=645.0, right='C', multiplier='100', currency='USD', localSymbol='SPY   250822C00645000', tradingClass='SPY'), position=10.0, avgCost=93.51145)
2025-08-22 13:05:17,387 - INFO - Checking SPY   250822C00645000 | Cost: 0.94 | Bid: 0.95 | Loss: 1.59%
2025-08-22 13:05:17,387 - INFO - Holding SPY   250822C00645000 | Loss 1.59% within limit.
2025-08-22 13:05:18,390 - INFO - position: Position(account='DUN086112', contract=Option(conId=797601892, symbol='SPY', lastTradeDateOrContractMonth='20250822', strike=645.0, right='C', multiplier='100', currency='USD', localSymbol='SPY   250822C00645000', tradingClass='SPY'), position=10.0, avgCost=93.51145)
2025-08-22 13:05:18,969 - INFO - Checking SPY   250822C00645000 | Cost: 0.94 | Bid: 0.94 | Loss: 0.52%
2025-08-22 13:05:18,969 - INFO - Holding SPY   250822C00645000 | Loss 0.52% within limit.
2025-08-22 13:05:19,971 - INFO - position: Position(account='DUN086112', contract=Option(conId=797601892, symbol='SPY', lastTradeDateOrContractMonth='20250822', strike=645.0, right='C', multiplier='100', currency='USD', localSymbol='SPY   250822C00645000', tradingClass='SPY'), position=10.0, avgCost=93.51145)
2025-08-22 13:05:20,554 - INFO - Checking SPY   250822C00645000 | Cost: 0.94 | Bid: 0.96 | Loss: 2.66%
2025-08-22 13:05:20,554 - INFO - Holding SPY   250822C00645000 | Loss 2.66% within limit.
2025-08-22 13:05:21,557 - INFO - position: Position(account='DUN086112', contract=Option(conId=797601892, symbol='SPY', lastTradeDateOrContractMonth='20250822', strike=645.0, right='C', multiplier='100', currency='USD', localSymbol='SPY   250822C00645000', tradingClass='SPY'), position=10.0, avgCost=93.51145)
2025-08-22 13:05:22,112 - INFO - Checking SPY   250822C00645000 | Cost: 0.94 | Bid: 0.96 | Loss: 2.66%
2025-08-22 13:05:22,112 - INFO - Holding SPY   250822C00645000 | Loss 2.66% within limit.
2025-08-22 13:05:23,114 - INFO - position: Position(account='DUN086112', contract=Option(conId=797601892, symbol='SPY', lastTradeDateOrContractMonth='20250822', strike=645.0, right='C', multiplier='100', currency='USD', localSymbol='SPY   250822C00645000', tradingClass='SPY'), position=10.0, avgCost=93.51145)
2025-08-22 13:05:23,690 - INFO - Checking SPY   250822C00645000 | Cost: 0.94 | Bid: 0.96 | Loss: 2.66%
2025-08-22 13:05:23,690 - INFO - Holding SPY   250822C00645000 | Loss 2.66% within limit.
2025-08-22 13:05:24,692 - INFO - position: Position(account='DUN086112', contract=Option(conId=797601892, symbol='SPY', lastTradeDateOrContractMonth='20250822', strike=645.0, right='C', multiplier='100', currency='USD', localSymbol='SPY   250822C00645000', tradingClass='SPY'), position=10.0, avgCost=93.51145)
2025-08-22 13:05:25,264 - INFO - Checking SPY   250822C00645000 | Cost: 0.94 | Bid: 0.96 | Loss: 2.66%
2025-08-22 13:05:25,264 - INFO - Holding SPY   250822C00645000 | Loss 2.66% within limit.
2025-08-22 13:05:26,268 - INFO - position: Position(account='DUN086112', contract=Option(conId=797601892, symbol='SPY', lastTradeDateOrContractMonth='20250822', strike=645.0, right='C', multiplier='100', currency='USD', localSymbol='SPY   250822C00645000', tradingClass='SPY'), position=10.0, avgCost=93.51145)
2025-08-22 13:05:26,835 - INFO - Checking SPY   250822C00645000 | Cost: 0.94 | Bid: 0.95 | Loss: 1.59%
2025-08-22 13:05:26,835 - INFO - Holding SPY   250822C00645000 | Loss 1.59% within limit.
2025-08-22 13:05:27,838 - INFO - position: Position(account='DUN086112', contract=Option(conId=797601892, symbol='SPY', lastTradeDateOrContractMonth='20250822', strike=645.0, right='C', multiplier='100', currency='USD', localSymbol='SPY   250822C00645000', tradingClass='SPY'), position=10.0, avgCost=93.51145)
2025-08-22 13:05:28,410 - INFO - Checking SPY   250822C00645000 | Cost: 0.94 | Bid: 0.97 | Loss: 3.73%
2025-08-22 13:05:28,410 - INFO - Holding SPY   250822C00645000 | Loss 3.73% within limit.
2025-08-22 13:05:29,413 - INFO - position: Position(account='DUN086112', contract=Option(conId=797601892, symbol='SPY', lastTradeDateOrContractMonth='20250822', strike=645.0, right='C', multiplier='100', currency='USD', localSymbol='SPY   250822C00645000', tradingClass='SPY'), position=10.0, avgCost=93.51145)
2025-08-22 13:05:29,988 - INFO - Checking SPY   250822C00645000 | Cost: 0.94 | Bid: 0.97 | Loss: 3.73%
2025-08-22 13:05:29,988 - INFO - Holding SPY   250822C00645000 | Loss 3.73% within limit.
2025-08-22 13:05:30,990 - INFO - position: Position(account='DUN086112', contract=Option(conId=797601892, symbol='SPY', lastTradeDateOrContractMonth='20250822', strike=645.0, right='C', multiplier='100', currency='USD', localSymbol='SPY   250822C00645000', tradingClass='SPY'), position=10.0, avgCost=93.51145)
2025-08-22 13:05:31,554 - INFO - Checking SPY   250822C00645000 | Cost: 0.94 | Bid: 0.97 | Loss: 3.73%
2025-08-22 13:05:31,554 - INFO - Holding SPY   250822C00645000 | Loss 3.73% within limit.
2025-08-22 13:05:32,557 - INFO - position: Position(account='DUN086112', contract=Option(conId=797601892, symbol='SPY', lastTradeDateOrContractMonth='20250822', strike=645.0, right='C', multiplier='100', currency='USD', localSymbol='SPY   250822C00645000', tradingClass='SPY'), position=10.0, avgCost=93.51145)
2025-08-22 13:05:33,121 - INFO - Checking SPY   250822C00645000 | Cost: 0.94 | Bid: 0.94 | Loss: 0.52%
2025-08-22 13:05:33,121 - INFO - Holding SPY   250822C00645000 | Loss 0.52% within limit.
2025-08-22 13:05:34,123 - INFO - position: Position(account='DUN086112', contract=Option(conId=797601892, symbol='SPY', lastTradeDateOrContractMonth='20250822', strike=645.0, right='C', multiplier='100', currency='USD', localSymbol='SPY   250822C00645000', tradingClass='SPY'), position=10.0, avgCost=93.51145)
2025-08-22 13:05:34,689 - INFO - Checking SPY   250822C00645000 | Cost: 0.94 | Bid: 0.94 | Loss: 0.52%
2025-08-22 13:05:34,689 - INFO - Holding SPY   250822C00645000 | Loss 0.52% within limit.
2025-08-22 13:05:35,691 - INFO - position: Position(account='DUN086112', contract=Option(conId=797601892, symbol='SPY', lastTradeDateOrContractMonth='20250822', strike=645.0, right='C', multiplier='100', currency='USD', localSymbol='SPY   250822C00645000', tradingClass='SPY'), position=10.0, avgCost=93.51145)
2025-08-22 13:05:36,256 - INFO - Checking SPY   250822C00645000 | Cost: 0.94 | Bid: 0.95 | Loss: 1.59%
2025-08-22 13:05:36,256 - INFO - Holding SPY   250822C00645000 | Loss 1.59% within limit.
2025-08-22 13:05:37,258 - INFO - position: Position(account='DUN086112', contract=Option(conId=797601892, symbol='SPY', lastTradeDateOrContractMonth='20250822', strike=645.0, right='C', multiplier='100', currency='USD', localSymbol='SPY   250822C00645000', tradingClass='SPY'), position=10.0, avgCost=93.51145)
2025-08-22 13:05:37,841 - INFO - Checking SPY   250822C00645000 | Cost: 0.94 | Bid: 0.95 | Loss: 1.59%
2025-08-22 13:05:37,841 - INFO - Holding SPY   250822C00645000 | Loss 1.59% within limit.
2025-08-22 13:05:38,843 - INFO - position: Position(account='DUN086112', contract=Option(conId=797601892, symbol='SPY', lastTradeDateOrContractMonth='20250822', strike=645.0, right='C', multiplier='100', currency='USD', localSymbol='SPY   250822C00645000', tradingClass='SPY'), position=10.0, avgCost=93.51145)
2025-08-22 13:05:39,417 - INFO - Checking SPY   250822C00645000 | Cost: 0.94 | Bid: 0.94 | Loss: 0.52%
2025-08-22 13:05:39,417 - INFO - Holding SPY   250822C00645000 | Loss 0.52% within limit.
2025-08-22 13:05:40,420 - INFO - position: Position(account='DUN086112', contract=Option(conId=797601892, symbol='SPY', lastTradeDateOrContractMonth='20250822', strike=645.0, right='C', multiplier='100', currency='USD', localSymbol='SPY   250822C00645000', tradingClass='SPY'), position=10.0, avgCost=93.51145)
2025-08-22 13:05:41,008 - INFO - Checking SPY   250822C00645000 | Cost: 0.94 | Bid: 0.96 | Loss: 2.66%
2025-08-22 13:05:41,008 - INFO - Holding SPY   250822C00645000 | Loss 2.66% within limit.
2025-08-22 13:05:42,011 - INFO - position: Position(account='DUN086112', contract=Option(conId=797601892, symbol='SPY', lastTradeDateOrContractMonth='20250822', strike=645.0, right='C', multiplier='100', currency='USD', localSymbol='SPY   250822C00645000', tradingClass='SPY'), position=10.0, avgCost=93.51145)
2025-08-22 13:05:42,570 - INFO - Checking SPY   250822C00645000 | Cost: 0.94 | Bid: 0.95 | Loss: 1.59%
2025-08-22 13:05:42,570 - INFO - Holding SPY   250822C00645000 | Loss 1.59% within limit.
2025-08-22 13:05:43,573 - INFO - position: Position(account='DUN086112', contract=Option(conId=797601892, symbol='SPY', lastTradeDateOrContractMonth='20250822', strike=645.0, right='C', multiplier='100', currency='USD', localSymbol='SPY   250822C00645000', tradingClass='SPY'), position=10.0, avgCost=93.51145)
2025-08-22 13:05:44,135 - INFO - Checking SPY   250822C00645000 | Cost: 0.94 | Bid: 0.98 | Loss: 4.80%
2025-08-22 13:05:44,135 - INFO - Holding SPY   250822C00645000 | Loss 4.80% within limit.
2025-08-22 13:05:45,138 - INFO - position: Position(account='DUN086112', contract=Option(conId=797601892, symbol='SPY', lastTradeDateOrContractMonth='20250822', strike=645.0, right='C', multiplier='100', currency='USD', localSymbol='SPY   250822C00645000', tradingClass='SPY'), position=10.0, avgCost=93.51145)
2025-08-22 13:05:45,728 - INFO - Checking SPY   250822C00645000 | Cost: 0.94 | Bid: 0.97 | Loss: 3.73%
2025-08-22 13:05:45,728 - INFO - Holding SPY   250822C00645000 | Loss 3.73% within limit.
2025-08-22 13:05:46,731 - INFO - position: Position(account='DUN086112', contract=Option(conId=797601892, symbol='SPY', lastTradeDateOrContractMonth='20250822', strike=645.0, right='C', multiplier='100', currency='USD', localSymbol='SPY   250822C00645000', tradingClass='SPY'), position=10.0, avgCost=93.51145)
2025-08-22 13:05:47,291 - INFO - Checking SPY   250822C00645000 | Cost: 0.94 | Bid: 0.97 | Loss: 3.73%
2025-08-22 13:05:47,291 - INFO - Holding SPY   250822C00645000 | Loss 3.73% within limit.
2025-08-22 13:05:48,294 - INFO - position: Position(account='DUN086112', contract=Option(conId=797601892, symbol='SPY', lastTradeDateOrContractMonth='20250822', strike=645.0, right='C', multiplier='100', currency='USD', localSymbol='SPY   250822C00645000', tradingClass='SPY'), position=10.0, avgCost=93.51145)
2025-08-22 13:05:48,849 - INFO - Checking SPY   250822C00645000 | Cost: 0.94 | Bid: 0.97 | Loss: 3.73%
2025-08-22 13:05:48,849 - INFO - Holding SPY   250822C00645000 | Loss 3.73% within limit.
2025-08-22 13:05:49,852 - INFO - position: Position(account='DUN086112', contract=Option(conId=797601892, symbol='SPY', lastTradeDateOrContractMonth='20250822', strike=645.0, right='C', multiplier='100', currency='USD', localSymbol='SPY   250822C00645000', tradingClass='SPY'), position=10.0, avgCost=93.51145)
2025-08-22 13:05:50,425 - INFO - Checking SPY   250822C00645000 | Cost: 0.94 | Bid: 0.97 | Loss: 3.73%
2025-08-22 13:05:50,425 - INFO - Holding SPY   250822C00645000 | Loss 3.73% within limit.
2025-08-22 13:05:51,428 - INFO - position: Position(account='DUN086112', contract=Option(conId=797601892, symbol='SPY', lastTradeDateOrContractMonth='20250822', strike=645.0, right='C', multiplier='100', currency='USD', localSymbol='SPY   250822C00645000', tradingClass='SPY'), position=10.0, avgCost=93.51145)
2025-08-22 13:05:52,010 - INFO - Checking SPY   250822C00645000 | Cost: 0.94 | Bid: 0.97 | Loss: 3.73%
2025-08-22 13:05:52,010 - INFO - Holding SPY   250822C00645000 | Loss 3.73% within limit.
2025-08-22 13:05:53,013 - INFO - position: Position(account='DUN086112', contract=Option(conId=797601892, symbol='SPY', lastTradeDateOrContractMonth='20250822', strike=645.0, right='C', multiplier='100', currency='USD', localSymbol='SPY   250822C00645000', tradingClass='SPY'), position=10.0, avgCost=93.51145)
2025-08-22 13:05:53,589 - INFO - Checking SPY   250822C00645000 | Cost: 0.94 | Bid: 0.97 | Loss: 3.73%
2025-08-22 13:05:53,589 - INFO - Holding SPY   250822C00645000 | Loss 3.73% within limit.
2025-08-22 13:05:54,592 - INFO - position: Position(account='DUN086112', contract=Option(conId=797601892, symbol='SPY', lastTradeDateOrContractMonth='20250822', strike=645.0, right='C', multiplier='100', currency='USD', localSymbol='SPY   250822C00645000', tradingClass='SPY'), position=10.0, avgCost=93.51145)
2025-08-22 13:05:55,155 - INFO - Checking SPY   250822C00645000 | Cost: 0.94 | Bid: 0.97 | Loss: 3.73%
2025-08-22 13:05:55,155 - INFO - Holding SPY   250822C00645000 | Loss 3.73% within limit.
2025-08-22 13:05:56,158 - INFO - position: Position(account='DUN086112', contract=Option(conId=797601892, symbol='SPY', lastTradeDateOrContractMonth='20250822', strike=645.0, right='C', multiplier='100', currency='USD', localSymbol='SPY   250822C00645000', tradingClass='SPY'), position=10.0, avgCost=93.51145)
2025-08-22 13:05:56,718 - INFO - Checking SPY   250822C00645000 | Cost: 0.94 | Bid: 0.97 | Loss: 3.73%
2025-08-22 13:05:56,718 - INFO - Holding SPY   250822C00645000 | Loss 3.73% within limit.
2025-08-22 13:05:57,721 - INFO - position: Position(account='DUN086112', contract=Option(conId=797601892, symbol='SPY', lastTradeDateOrContractMonth='20250822', strike=645.0, right='C', multiplier='100', currency='USD', localSymbol='SPY   250822C00645000', tradingClass='SPY'), position=10.0, avgCost=93.51145)
2025-08-22 13:05:58,290 - INFO - Checking SPY   250822C00645000 | Cost: 0.94 | Bid: 0.97 | Loss: 3.73%
2025-08-22 13:05:58,291 - INFO - Holding SPY   250822C00645000 | Loss 3.73% within limit.
2025-08-22 13:05:59,292 - INFO - position: Position(account='DUN086112', contract=Option(conId=797601892, symbol='SPY', lastTradeDateOrContractMonth='20250822', strike=645.0, right='C', multiplier='100', currency='USD', localSymbol='SPY   250822C00645000', tradingClass='SPY'), position=10.0, avgCost=93.51145)
2025-08-22 13:05:59,861 - INFO - Checking SPY   250822C00645000 | Cost: 0.94 | Bid: 0.97 | Loss: 3.73%
2025-08-22 13:05:59,861 - INFO - Holding SPY   250822C00645000 | Loss 3.73% within limit.
2025-08-22 13:06:00,865 - INFO - position: Position(account='DUN086112', contract=Option(conId=797601892, symbol='SPY', lastTradeDateOrContractMonth='20250822', strike=645.0, right='C', multiplier='100', currency='USD', localSymbol='SPY   250822C00645000', tradingClass='SPY'), position=10.0, avgCost=93.51145)
2025-08-22 13:06:01,443 - INFO - Checking SPY   250822C00645000 | Cost: 0.94 | Bid: 0.97 | Loss: 3.73%
2025-08-22 13:06:01,443 - INFO - Holding SPY   250822C00645000 | Loss 3.73% within limit.
2025-08-22 13:06:02,446 - INFO - position: Position(account='DUN086112', contract=Option(conId=797601892, symbol='SPY', lastTradeDateOrContractMonth='20250822', strike=645.0, right='C', multiplier='100', currency='USD', localSymbol='SPY   250822C00645000', tradingClass='SPY'), position=10.0, avgCost=93.51145)
2025-08-22 13:06:03,007 - INFO - Checking SPY   250822C00645000 | Cost: 0.94 | Bid: 0.96 | Loss: 2.66%
2025-08-22 13:06:03,007 - INFO - Holding SPY   250822C00645000 | Loss 2.66% within limit.
2025-08-22 13:06:04,009 - INFO - position: Position(account='DUN086112', contract=Option(conId=797601892, symbol='SPY', lastTradeDateOrContractMonth='20250822', strike=645.0, right='C', multiplier='100', currency='USD', localSymbol='SPY   250822C00645000', tradingClass='SPY'), position=10.0, avgCost=93.51145)
2025-08-22 13:06:04,584 - INFO - Checking SPY   250822C00645000 | Cost: 0.94 | Bid: 0.97 | Loss: 3.73%
2025-08-22 13:06:04,584 - INFO - Holding SPY   250822C00645000 | Loss 3.73% within limit.
2025-08-22 13:06:05,586 - INFO - position: Position(account='DUN086112', contract=Option(conId=797601892, symbol='SPY', lastTradeDateOrContractMonth='20250822', strike=645.0, right='C', multiplier='100', currency='USD', localSymbol='SPY   250822C00645000', tradingClass='SPY'), position=10.0, avgCost=93.51145)
2025-08-22 13:06:06,145 - INFO - Checking SPY   250822C00645000 | Cost: 0.94 | Bid: 0.96 | Loss: 2.66%
2025-08-22 13:06:06,146 - INFO - Holding SPY   250822C00645000 | Loss 2.66% within limit.
2025-08-22 13:06:07,149 - INFO - position: Position(account='DUN086112', contract=Option(conId=797601892, symbol='SPY', lastTradeDateOrContractMonth='20250822', strike=645.0, right='C', multiplier='100', currency='USD', localSymbol='SPY   250822C00645000', tradingClass='SPY'), position=10.0, avgCost=93.51145)
2025-08-22 13:06:07,728 - INFO - Checking SPY   250822C00645000 | Cost: 0.94 | Bid: 0.92 | Loss: -1.62%
2025-08-22 13:06:07,729 - INFO - Holding SPY   250822C00645000 | Loss -1.62% within limit.
2025-08-22 13:06:08,732 - INFO - position: Position(account='DUN086112', contract=Option(conId=797601892, symbol='SPY', lastTradeDateOrContractMonth='20250822', strike=645.0, right='C', multiplier='100', currency='USD', localSymbol='SPY   250822C00645000', tradingClass='SPY'), position=10.0, avgCost=93.51145)
2025-08-22 13:06:09,296 - INFO - Checking SPY   250822C00645000 | Cost: 0.94 | Bid: 0.93 | Loss: -0.55%
2025-08-22 13:06:09,296 - INFO - Holding SPY   250822C00645000 | Loss -0.55% within limit.
2025-08-22 13:06:10,299 - INFO - position: Position(account='DUN086112', contract=Option(conId=797601892, symbol='SPY', lastTradeDateOrContractMonth='20250822', strike=645.0, right='C', multiplier='100', currency='USD', localSymbol='SPY   250822C00645000', tradingClass='SPY'), position=10.0, avgCost=93.51145)
2025-08-22 13:06:10,869 - INFO - Checking SPY   250822C00645000 | Cost: 0.94 | Bid: 0.92 | Loss: -1.62%
2025-08-22 13:06:10,869 - INFO - Holding SPY   250822C00645000 | Loss -1.62% within limit.
2025-08-22 13:06:11,872 - INFO - position: Position(account='DUN086112', contract=Option(conId=797601892, symbol='SPY', lastTradeDateOrContractMonth='20250822', strike=645.0, right='C', multiplier='100', currency='USD', localSymbol='SPY   250822C00645000', tradingClass='SPY'), position=10.0, avgCost=93.51145)
2025-08-22 13:06:12,427 - INFO - Checking SPY   250822C00645000 | Cost: 0.94 | Bid: 0.92 | Loss: -1.62%
2025-08-22 13:06:12,427 - INFO - Holding SPY   250822C00645000 | Loss -1.62% within limit.
2025-08-22 13:06:13,430 - INFO - position: Position(account='DUN086112', contract=Option(conId=797601892, symbol='SPY', lastTradeDateOrContractMonth='20250822', strike=645.0, right='C', multiplier='100', currency='USD', localSymbol='SPY   250822C00645000', tradingClass='SPY'), position=10.0, avgCost=93.51145)
2025-08-22 13:06:14,009 - INFO - Checking SPY   250822C00645000 | Cost: 0.94 | Bid: 0.93 | Loss: -0.55%
2025-08-22 13:06:14,009 - INFO - Holding SPY   250822C00645000 | Loss -0.55% within limit.
2025-08-22 13:06:15,013 - INFO - position: Position(account='DUN086112', contract=Option(conId=797601892, symbol='SPY', lastTradeDateOrContractMonth='20250822', strike=645.0, right='C', multiplier='100', currency='USD', localSymbol='SPY   250822C00645000', tradingClass='SPY'), position=10.0, avgCost=93.51145)
2025-08-22 13:06:15,596 - INFO - Checking SPY   250822C00645000 | Cost: 0.94 | Bid: 0.92 | Loss: -1.62%
2025-08-22 13:06:15,596 - INFO - Holding SPY   250822C00645000 | Loss -1.62% within limit.
2025-08-22 13:06:16,599 - INFO - position: Position(account='DUN086112', contract=Option(conId=797601892, symbol='SPY', lastTradeDateOrContractMonth='20250822', strike=645.0, right='C', multiplier='100', currency='USD', localSymbol='SPY   250822C00645000', tradingClass='SPY'), position=10.0, avgCost=93.51145)
2025-08-22 13:06:17,174 - INFO - Checking SPY   250822C00645000 | Cost: 0.94 | Bid: 0.92 | Loss: -1.62%
2025-08-22 13:06:17,174 - INFO - Holding SPY   250822C00645000 | Loss -1.62% within limit.
2025-08-22 13:06:18,176 - INFO - position: Position(account='DUN086112', contract=Option(conId=797601892, symbol='SPY', lastTradeDateOrContractMonth='20250822', strike=645.0, right='C', multiplier='100', currency='USD', localSymbol='SPY   250822C00645000', tradingClass='SPY'), position=10.0, avgCost=93.51145)
2025-08-22 13:06:18,736 - INFO - Checking SPY   250822C00645000 | Cost: 0.94 | Bid: 0.93 | Loss: -0.55%
2025-08-22 13:06:18,737 - INFO - Holding SPY   250822C00645000 | Loss -0.55% within limit.
2025-08-22 13:06:19,739 - INFO - position: Position(account='DUN086112', contract=Option(conId=797601892, symbol='SPY', lastTradeDateOrContractMonth='20250822', strike=645.0, right='C', multiplier='100', currency='USD', localSymbol='SPY   250822C00645000', tradingClass='SPY'), position=10.0, avgCost=93.51145)
2025-08-22 13:06:20,307 - INFO - Checking SPY   250822C00645000 | Cost: 0.94 | Bid: 0.93 | Loss: -0.55%
2025-08-22 13:06:20,307 - INFO - Holding SPY   250822C00645000 | Loss -0.55% within limit.
2025-08-22 13:06:21,312 - INFO - position: Position(account='DUN086112', contract=Option(conId=797601892, symbol='SPY', lastTradeDateOrContractMonth='20250822', strike=645.0, right='C', multiplier='100', currency='USD', localSymbol='SPY   250822C00645000', tradingClass='SPY'), position=10.0, avgCost=93.51145)
2025-08-22 13:06:21,886 - INFO - Checking SPY   250822C00645000 | Cost: 0.94 | Bid: 0.92 | Loss: -1.62%
2025-08-22 13:06:21,886 - INFO - Holding SPY   250822C00645000 | Loss -1.62% within limit.
2025-08-22 13:06:22,887 - INFO - position: Position(account='DUN086112', contract=Option(conId=797601892, symbol='SPY', lastTradeDateOrContractMonth='20250822', strike=645.0, right='C', multiplier='100', currency='USD', localSymbol='SPY   250822C00645000', tradingClass='SPY'), position=10.0, avgCost=93.51145)
2025-08-22 13:06:23,461 - INFO - Checking SPY   250822C00645000 | Cost: 0.94 | Bid: 0.93 | Loss: -0.55%
2025-08-22 13:06:23,462 - INFO - Holding SPY   250822C00645000 | Loss -0.55% within limit.
2025-08-22 13:06:24,464 - INFO - position: Position(account='DUN086112', contract=Option(conId=797601892, symbol='SPY', lastTradeDateOrContractMonth='20250822', strike=645.0, right='C', multiplier='100', currency='USD', localSymbol='SPY   250822C00645000', tradingClass='SPY'), position=10.0, avgCost=93.51145)
2025-08-22 13:06:25,029 - INFO - Checking SPY   250822C00645000 | Cost: 0.94 | Bid: 0.94 | Loss: 0.52%
2025-08-22 13:06:25,029 - INFO - Holding SPY   250822C00645000 | Loss 0.52% within limit.
2025-08-22 13:06:26,032 - INFO - position: Position(account='DUN086112', contract=Option(conId=797601892, symbol='SPY', lastTradeDateOrContractMonth='20250822', strike=645.0, right='C', multiplier='100', currency='USD', localSymbol='SPY   250822C00645000', tradingClass='SPY'), position=10.0, avgCost=93.51145)
2025-08-22 13:06:26,607 - INFO - Checking SPY   250822C00645000 | Cost: 0.94 | Bid: 0.94 | Loss: 0.52%
2025-08-22 13:06:26,607 - INFO - Holding SPY   250822C00645000 | Loss 0.52% within limit.
2025-08-22 13:06:27,608 - INFO - position: Position(account='DUN086112', contract=Option(conId=797601892, symbol='SPY', lastTradeDateOrContractMonth='20250822', strike=645.0, right='C', multiplier='100', currency='USD', localSymbol='SPY   250822C00645000', tradingClass='SPY'), position=10.0, avgCost=93.51145)
2025-08-22 13:06:28,161 - INFO - Checking SPY   250822C00645000 | Cost: 0.94 | Bid: 0.94 | Loss: 0.52%
2025-08-22 13:06:28,161 - INFO - Holding SPY   250822C00645000 | Loss 0.52% within limit.
2025-08-22 13:06:29,164 - INFO - position: Position(account='DUN086112', contract=Option(conId=797601892, symbol='SPY', lastTradeDateOrContractMonth='20250822', strike=645.0, right='C', multiplier='100', currency='USD', localSymbol='SPY   250822C00645000', tradingClass='SPY'), position=10.0, avgCost=93.51145)
2025-08-22 13:06:29,746 - INFO - Checking SPY   250822C00645000 | Cost: 0.94 | Bid: 0.93 | Loss: -0.55%
2025-08-22 13:06:29,746 - INFO - Holding SPY   250822C00645000 | Loss -0.55% within limit.
2025-08-22 13:06:30,748 - INFO - position: Position(account='DUN086112', contract=Option(conId=797601892, symbol='SPY', lastTradeDateOrContractMonth='20250822', strike=645.0, right='C', multiplier='100', currency='USD', localSymbol='SPY   250822C00645000', tradingClass='SPY'), position=10.0, avgCost=93.51145)
2025-08-22 13:06:31,316 - INFO - Checking SPY   250822C00645000 | Cost: 0.94 | Bid: 0.92 | Loss: -1.62%
2025-08-22 13:06:31,316 - INFO - Holding SPY   250822C00645000 | Loss -1.62% within limit.
2025-08-22 13:06:32,319 - INFO - position: Position(account='DUN086112', contract=Option(conId=797601892, symbol='SPY', lastTradeDateOrContractMonth='20250822', strike=645.0, right='C', multiplier='100', currency='USD', localSymbol='SPY   250822C00645000', tradingClass='SPY'), position=10.0, avgCost=93.51145)
2025-08-22 13:06:32,882 - INFO - Checking SPY   250822C00645000 | Cost: 0.94 | Bid: 0.92 | Loss: -1.62%
2025-08-22 13:06:32,882 - INFO - Holding SPY   250822C00645000 | Loss -1.62% within limit.
2025-08-22 13:06:33,885 - INFO - position: Position(account='DUN086112', contract=Option(conId=797601892, symbol='SPY', lastTradeDateOrContractMonth='20250822', strike=645.0, right='C', multiplier='100', currency='USD', localSymbol='SPY   250822C00645000', tradingClass='SPY'), position=10.0, avgCost=93.51145)
2025-08-22 13:06:34,453 - INFO - Checking SPY   250822C00645000 | Cost: 0.94 | Bid: 0.93 | Loss: -0.55%
2025-08-22 13:06:34,453 - INFO - Holding SPY   250822C00645000 | Loss -0.55% within limit.
2025-08-22 13:06:35,455 - INFO - position: Position(account='DUN086112', contract=Option(conId=797601892, symbol='SPY', lastTradeDateOrContractMonth='20250822', strike=645.0, right='C', multiplier='100', currency='USD', localSymbol='SPY   250822C00645000', tradingClass='SPY'), position=10.0, avgCost=93.51145)
2025-08-22 13:06:36,022 - INFO - Checking SPY   250822C00645000 | Cost: 0.94 | Bid: 0.93 | Loss: -0.55%
2025-08-22 13:06:36,022 - INFO - Holding SPY   250822C00645000 | Loss -0.55% within limit.
2025-08-22 13:06:37,025 - INFO - position: Position(account='DUN086112', contract=Option(conId=797601892, symbol='SPY', lastTradeDateOrContractMonth='20250822', strike=645.0, right='C', multiplier='100', currency='USD', localSymbol='SPY   250822C00645000', tradingClass='SPY'), position=10.0, avgCost=93.51145)
2025-08-22 13:06:37,598 - INFO - Checking SPY   250822C00645000 | Cost: 0.94 | Bid: 0.94 | Loss: 0.52%
2025-08-22 13:06:37,598 - INFO - Holding SPY   250822C00645000 | Loss 0.52% within limit.
2025-08-22 13:06:38,601 - INFO - position: Position(account='DUN086112', contract=Option(conId=797601892, symbol='SPY', lastTradeDateOrContractMonth='20250822', strike=645.0, right='C', multiplier='100', currency='USD', localSymbol='SPY   250822C00645000', tradingClass='SPY'), position=10.0, avgCost=93.51145)
2025-08-22 13:06:39,149 - INFO - Checking SPY   250822C00645000 | Cost: 0.94 | Bid: 0.93 | Loss: -0.55%
2025-08-22 13:06:39,149 - INFO - Holding SPY   250822C00645000 | Loss -0.55% within limit.
2025-08-22 13:06:40,151 - INFO - position: Position(account='DUN086112', contract=Option(conId=797601892, symbol='SPY', lastTradeDateOrContractMonth='20250822', strike=645.0, right='C', multiplier='100', currency='USD', localSymbol='SPY   250822C00645000', tradingClass='SPY'), position=10.0, avgCost=93.51145)
2025-08-22 13:06:40,732 - INFO - Checking SPY   250822C00645000 | Cost: 0.94 | Bid: 0.93 | Loss: -0.55%
2025-08-22 13:06:40,732 - INFO - Holding SPY   250822C00645000 | Loss -0.55% within limit.
2025-08-22 13:06:41,734 - INFO - position: Position(account='DUN086112', contract=Option(conId=797601892, symbol='SPY', lastTradeDateOrContractMonth='20250822', strike=645.0, right='C', multiplier='100', currency='USD', localSymbol='SPY   250822C00645000', tradingClass='SPY'), position=10.0, avgCost=93.51145)
2025-08-22 13:06:42,300 - INFO - Checking SPY   250822C00645000 | Cost: 0.94 | Bid: 0.95 | Loss: 1.59%
2025-08-22 13:06:42,300 - INFO - Holding SPY   250822C00645000 | Loss 1.59% within limit.
2025-08-22 13:06:43,303 - INFO - position: Position(account='DUN086112', contract=Option(conId=797601892, symbol='SPY', lastTradeDateOrContractMonth='20250822', strike=645.0, right='C', multiplier='100', currency='USD', localSymbol='SPY   250822C00645000', tradingClass='SPY'), position=10.0, avgCost=93.51145)
2025-08-22 13:06:43,856 - INFO - Checking SPY   250822C00645000 | Cost: 0.94 | Bid: 0.97 | Loss: 3.73%
2025-08-22 13:06:43,856 - INFO - Holding SPY   250822C00645000 | Loss 3.73% within limit.
2025-08-22 13:06:44,859 - INFO - position: Position(account='DUN086112', contract=Option(conId=797601892, symbol='SPY', lastTradeDateOrContractMonth='20250822', strike=645.0, right='C', multiplier='100', currency='USD', localSymbol='SPY   250822C00645000', tradingClass='SPY'), position=10.0, avgCost=93.51145)
2025-08-22 13:06:45,434 - INFO - Checking SPY   250822C00645000 | Cost: 0.94 | Bid: 0.97 | Loss: 3.73%
2025-08-22 13:06:45,434 - INFO - Holding SPY   250822C00645000 | Loss 3.73% within limit.
2025-08-22 13:06:46,437 - INFO - position: Position(account='DUN086112', contract=Option(conId=797601892, symbol='SPY', lastTradeDateOrContractMonth='20250822', strike=645.0, right='C', multiplier='100', currency='USD', localSymbol='SPY   250822C00645000', tradingClass='SPY'), position=10.0, avgCost=93.51145)
2025-08-22 13:06:47,009 - INFO - Checking SPY   250822C00645000 | Cost: 0.94 | Bid: 0.95 | Loss: 1.59%
2025-08-22 13:06:47,009 - INFO - Holding SPY   250822C00645000 | Loss 1.59% within limit.
2025-08-22 13:06:48,012 - INFO - position: Position(account='DUN086112', contract=Option(conId=797601892, symbol='SPY', lastTradeDateOrContractMonth='20250822', strike=645.0, right='C', multiplier='100', currency='USD', localSymbol='SPY   250822C00645000', tradingClass='SPY'), position=10.0, avgCost=93.51145)
2025-08-22 13:06:48,573 - INFO - Checking SPY   250822C00645000 | Cost: 0.94 | Bid: 0.96 | Loss: 2.66%
2025-08-22 13:06:48,573 - INFO - Holding SPY   250822C00645000 | Loss 2.66% within limit.
2025-08-22 13:06:49,576 - INFO - position: Position(account='DUN086112', contract=Option(conId=797601892, symbol='SPY', lastTradeDateOrContractMonth='20250822', strike=645.0, right='C', multiplier='100', currency='USD', localSymbol='SPY   250822C00645000', tradingClass='SPY'), position=10.0, avgCost=93.51145)
2025-08-22 13:06:50,147 - INFO - Checking SPY   250822C00645000 | Cost: 0.94 | Bid: 0.97 | Loss: 3.73%
2025-08-22 13:06:50,147 - INFO - Holding SPY   250822C00645000 | Loss 3.73% within limit.
2025-08-22 13:06:51,149 - INFO - position: Position(account='DUN086112', contract=Option(conId=797601892, symbol='SPY', lastTradeDateOrContractMonth='20250822', strike=645.0, right='C', multiplier='100', currency='USD', localSymbol='SPY   250822C00645000', tradingClass='SPY'), position=10.0, avgCost=93.51145)
2025-08-22 13:06:51,700 - INFO - Checking SPY   250822C00645000 | Cost: 0.94 | Bid: 0.96 | Loss: 2.66%
2025-08-22 13:06:51,700 - INFO - Holding SPY   250822C00645000 | Loss 2.66% within limit.
2025-08-22 13:06:52,702 - INFO - position: Position(account='DUN086112', contract=Option(conId=797601892, symbol='SPY', lastTradeDateOrContractMonth='20250822', strike=645.0, right='C', multiplier='100', currency='USD', localSymbol='SPY   250822C00645000', tradingClass='SPY'), position=10.0, avgCost=93.51145)
2025-08-22 13:06:53,256 - INFO - Checking SPY   250822C00645000 | Cost: 0.94 | Bid: 0.95 | Loss: 1.59%
2025-08-22 13:06:53,256 - INFO - Holding SPY   250822C00645000 | Loss 1.59% within limit.
2025-08-22 13:06:54,259 - INFO - position: Position(account='DUN086112', contract=Option(conId=797601892, symbol='SPY', lastTradeDateOrContractMonth='20250822', strike=645.0, right='C', multiplier='100', currency='USD', localSymbol='SPY   250822C00645000', tradingClass='SPY'), position=10.0, avgCost=93.51145)
2025-08-22 13:06:54,837 - INFO - Checking SPY   250822C00645000 | Cost: 0.94 | Bid: 0.97 | Loss: 3.73%
2025-08-22 13:06:54,837 - INFO - Holding SPY   250822C00645000 | Loss 3.73% within limit.
2025-08-22 13:06:55,838 - INFO - position: Position(account='DUN086112', contract=Option(conId=797601892, symbol='SPY', lastTradeDateOrContractMonth='20250822', strike=645.0, right='C', multiplier='100', currency='USD', localSymbol='SPY   250822C00645000', tradingClass='SPY'), position=10.0, avgCost=93.51145)
2025-08-22 13:06:56,410 - INFO - Checking SPY   250822C00645000 | Cost: 0.94 | Bid: 0.96 | Loss: 2.66%
2025-08-22 13:06:56,410 - INFO - Holding SPY   250822C00645000 | Loss 2.66% within limit.
2025-08-22 13:06:57,413 - INFO - position: Position(account='DUN086112', contract=Option(conId=797601892, symbol='SPY', lastTradeDateOrContractMonth='20250822', strike=645.0, right='C', multiplier='100', currency='USD', localSymbol='SPY   250822C00645000', tradingClass='SPY'), position=10.0, avgCost=93.51145)
2025-08-22 13:06:57,999 - INFO - Checking SPY   250822C00645000 | Cost: 0.94 | Bid: 0.95 | Loss: 1.59%
2025-08-22 13:06:57,999 - INFO - Holding SPY   250822C00645000 | Loss 1.59% within limit.
2025-08-22 13:06:59,002 - INFO - position: Position(account='DUN086112', contract=Option(conId=797601892, symbol='SPY', lastTradeDateOrContractMonth='20250822', strike=645.0, right='C', multiplier='100', currency='USD', localSymbol='SPY   250822C00645000', tradingClass='SPY'), position=10.0, avgCost=93.51145)
2025-08-22 13:06:59,567 - INFO - Checking SPY   250822C00645000 | Cost: 0.94 | Bid: 1.04 | Loss: 11.22%
2025-08-22 13:06:59,567 - INFO - Holding SPY   250822C00645000 | Loss 11.22% within limit.
2025-08-22 13:07:00,570 - INFO - position: Position(account='DUN086112', contract=Option(conId=797601892, symbol='SPY', lastTradeDateOrContractMonth='20250822', strike=645.0, right='C', multiplier='100', currency='USD', localSymbol='SPY   250822C00645000', tradingClass='SPY'), position=10.0, avgCost=93.51145)
2025-08-22 13:07:01,140 - INFO - Checking SPY   250822C00645000 | Cost: 0.94 | Bid: 1.04 | Loss: 11.22%
2025-08-22 13:07:01,140 - INFO - Holding SPY   250822C00645000 | Loss 11.22% within limit.
2025-08-22 13:07:02,143 - INFO - position: Position(account='DUN086112', contract=Option(conId=797601892, symbol='SPY', lastTradeDateOrContractMonth='20250822', strike=645.0, right='C', multiplier='100', currency='USD', localSymbol='SPY   250822C00645000', tradingClass='SPY'), position=10.0, avgCost=93.51145)
2025-08-22 13:07:02,704 - INFO - Checking SPY   250822C00645000 | Cost: 0.94 | Bid: 1.04 | Loss: 11.22%
2025-08-22 13:07:02,704 - INFO - Holding SPY   250822C00645000 | Loss 11.22% within limit.
2025-08-22 13:07:03,707 - INFO - position: Position(account='DUN086112', contract=Option(conId=797601892, symbol='SPY', lastTradeDateOrContractMonth='20250822', strike=645.0, right='C', multiplier='100', currency='USD', localSymbol='SPY   250822C00645000', tradingClass='SPY'), position=10.0, avgCost=93.51145)
2025-08-22 13:07:04,261 - INFO - Checking SPY   250822C00645000 | Cost: 0.94 | Bid: 1.05 | Loss: 12.29%
2025-08-22 13:07:04,261 - INFO - Holding SPY   250822C00645000 | Loss 12.29% within limit.
2025-08-22 13:07:05,264 - INFO - position: Position(account='DUN086112', contract=Option(conId=797601892, symbol='SPY', lastTradeDateOrContractMonth='20250822', strike=645.0, right='C', multiplier='100', currency='USD', localSymbol='SPY   250822C00645000', tradingClass='SPY'), position=10.0, avgCost=93.51145)
2025-08-22 13:07:05,831 - INFO - Checking SPY   250822C00645000 | Cost: 0.94 | Bid: 1.05 | Loss: 12.29%
2025-08-22 13:07:05,831 - INFO - Holding SPY   250822C00645000 | Loss 12.29% within limit.
2025-08-22 13:07:06,834 - INFO - position: Position(account='DUN086112', contract=Option(conId=797601892, symbol='SPY', lastTradeDateOrContractMonth='20250822', strike=645.0, right='C', multiplier='100', currency='USD', localSymbol='SPY   250822C00645000', tradingClass='SPY'), position=10.0, avgCost=93.51145)
2025-08-22 13:07:07,406 - INFO - Checking SPY   250822C00645000 | Cost: 0.94 | Bid: 1.06 | Loss: 13.36%
2025-08-22 13:07:07,406 - INFO - Holding SPY   250822C00645000 | Loss 13.36% within limit.
2025-08-22 13:07:08,411 - INFO - position: Position(account='DUN086112', contract=Option(conId=797601892, symbol='SPY', lastTradeDateOrContractMonth='20250822', strike=645.0, right='C', multiplier='100', currency='USD', localSymbol='SPY   250822C00645000', tradingClass='SPY'), position=10.0, avgCost=93.51145)
2025-08-22 13:07:08,987 - INFO - Checking SPY   250822C00645000 | Cost: 0.94 | Bid: 1.05 | Loss: 12.29%
2025-08-22 13:07:08,987 - INFO - Holding SPY   250822C00645000 | Loss 12.29% within limit.
2025-08-22 13:07:09,990 - INFO - position: Position(account='DUN086112', contract=Option(conId=797601892, symbol='SPY', lastTradeDateOrContractMonth='20250822', strike=645.0, right='C', multiplier='100', currency='USD', localSymbol='SPY   250822C00645000', tradingClass='SPY'), position=10.0, avgCost=93.51145)
2025-08-22 13:07:10,562 - INFO - Checking SPY   250822C00645000 | Cost: 0.94 | Bid: 1.06 | Loss: 13.36%
2025-08-22 13:07:10,562 - INFO - Holding SPY   250822C00645000 | Loss 13.36% within limit.
2025-08-22 13:07:11,565 - INFO - position: Position(account='DUN086112', contract=Option(conId=797601892, symbol='SPY', lastTradeDateOrContractMonth='20250822', strike=645.0, right='C', multiplier='100', currency='USD', localSymbol='SPY   250822C00645000', tradingClass='SPY'), position=10.0, avgCost=93.51145)
2025-08-22 13:07:12,135 - INFO - Checking SPY   250822C00645000 | Cost: 0.94 | Bid: 1.05 | Loss: 12.29%
2025-08-22 13:07:12,135 - INFO - Holding SPY   250822C00645000 | Loss 12.29% within limit.
2025-08-22 13:07:13,138 - INFO - position: Position(account='DUN086112', contract=Option(conId=797601892, symbol='SPY', lastTradeDateOrContractMonth='20250822', strike=645.0, right='C', multiplier='100', currency='USD', localSymbol='SPY   250822C00645000', tradingClass='SPY'), position=10.0, avgCost=93.51145)
2025-08-22 13:07:13,722 - INFO - Checking SPY   250822C00645000 | Cost: 0.94 | Bid: 1.05 | Loss: 12.29%
2025-08-22 13:07:13,722 - INFO - Holding SPY   250822C00645000 | Loss 12.29% within limit.
2025-08-22 13:07:14,726 - INFO - position: Position(account='DUN086112', contract=Option(conId=797601892, symbol='SPY', lastTradeDateOrContractMonth='20250822', strike=645.0, right='C', multiplier='100', currency='USD', localSymbol='SPY   250822C00645000', tradingClass='SPY'), position=10.0, avgCost=93.51145)
2025-08-22 13:07:15,291 - INFO - Checking SPY   250822C00645000 | Cost: 0.94 | Bid: 1.06 | Loss: 13.36%
2025-08-22 13:07:15,292 - INFO - Holding SPY   250822C00645000 | Loss 13.36% within limit.
2025-08-22 13:07:16,295 - INFO - position: Position(account='DUN086112', contract=Option(conId=797601892, symbol='SPY', lastTradeDateOrContractMonth='20250822', strike=645.0, right='C', multiplier='100', currency='USD', localSymbol='SPY   250822C00645000', tradingClass='SPY'), position=10.0, avgCost=93.51145)
2025-08-22 13:07:16,876 - INFO - Checking SPY   250822C00645000 | Cost: 0.94 | Bid: 1.05 | Loss: 12.29%
2025-08-22 13:07:16,877 - INFO - Holding SPY   250822C00645000 | Loss 12.29% within limit.
2025-08-22 13:07:17,879 - INFO - position: Position(account='DUN086112', contract=Option(conId=797601892, symbol='SPY', lastTradeDateOrContractMonth='20250822', strike=645.0, right='C', multiplier='100', currency='USD', localSymbol='SPY   250822C00645000', tradingClass='SPY'), position=10.0, avgCost=93.51145)
2025-08-22 13:07:18,453 - INFO - Checking SPY   250822C00645000 | Cost: 0.94 | Bid: 1.07 | Loss: 14.42%
2025-08-22 13:07:18,453 - INFO - Holding SPY   250822C00645000 | Loss 14.42% within limit.
2025-08-22 13:07:19,455 - INFO - position: Position(account='DUN086112', contract=Option(conId=797601892, symbol='SPY', lastTradeDateOrContractMonth='20250822', strike=645.0, right='C', multiplier='100', currency='USD', localSymbol='SPY   250822C00645000', tradingClass='SPY'), position=0.0, avgCost=0.0)
2025-08-22 13:07:19,456 - INFO - position: Position(account='DUN086112', contract=Option(conId=797601892, symbol='SPY', lastTradeDateOrContractMonth='20250822', strike=645.0, right='C', multiplier='100', currency='USD', localSymbol='SPY   250822C00645000', tradingClass='SPY'), position=0.0, avgCost=0.0)
2025-08-22 13:07:19,458 - INFO - position: Position(account='DUN086112', contract=Option(conId=797601892, symbol='SPY', lastTradeDateOrContractMonth='20250822', strike=645.0, right='C', multiplier='100', currency='USD', localSymbol='SPY   250822C00645000', tradingClass='SPY'), position=0.0, avgCost=0.0)
2025-08-22 13:07:19,459 - INFO - updatePortfolio: PortfolioItem(contract=Option(conId=797601892, symbol='SPY', lastTradeDateOrContractMonth='20250822', strike=645.0, right='C', multiplier='100', primaryExchange='AMEX', currency='USD', localSymbol='SPY   250822C00645000', tradingClass='SPY'), position=0.0, marketPrice=1.09000005, marketValue=0.0, averageCost=0.0, unrealizedPNL=0.0, realizedPNL=-439.32, account='DUN086112')
2025-08-22 13:07:19,460 - INFO - position: Position(account='DUN086112', contract=Option(conId=797601892, symbol='SPY', lastTradeDateOrContractMonth='20250822', strike=645.0, right='C', multiplier='100', currency='USD', localSymbol='SPY   250822C00645000', tradingClass='SPY'), position=0.0, avgCost=0.0)
2025-08-22 13:07:19,667 - INFO - No open option positions found. Sleeping before next check...
2025-08-22 13:07:20,668 - INFO - position: Position(account='DUN086112', contract=Option(conId=797601892, symbol='SPY', lastTradeDateOrContractMonth='20250822', strike=645.0, right='C', multiplier='100', currency='USD', localSymbol='SPY   250822C00645000', tradingClass='SPY'), position=0.0, avgCost=0.0)
2025-08-22 13:07:20,872 - INFO - No open option positions found. Sleeping before next check...
2025-08-22 13:07:21,874 - INFO - position: Position(account='DUN086112', contract=Option(conId=797601892, symbol='SPY', lastTradeDateOrContractMonth='20250822', strike=645.0, right='C', multiplier='100', currency='USD', localSymbol='SPY   250822C00645000', tradingClass='SPY'), position=0.0, avgCost=0.0)
2025-08-22 13:07:22,088 - INFO - No open option positions found. Sleeping before next check...
2025-08-22 13:07:23,089 - INFO - position: Position(account='DUN086112', contract=Option(conId=797601892, symbol='SPY', lastTradeDateOrContractMonth='20250822', strike=645.0, right='C', multiplier='100', currency='USD', localSymbol='SPY   250822C00645000', tradingClass='SPY'), position=0.0, avgCost=0.0)
2025-08-22 13:07:23,302 - INFO - No open option positions found. Sleeping before next check...
2025-08-22 13:07:24,303 - INFO - position: Position(account='DUN086112', contract=Option(conId=797601892, symbol='SPY', lastTradeDateOrContractMonth='20250822', strike=645.0, right='C', multiplier='100', currency='USD', localSymbol='SPY   250822C00645000', tradingClass='SPY'), position=0.0, avgCost=0.0)
2025-08-22 13:07:24,520 - INFO - No open option positions found. Sleeping before next check...
2025-08-22 13:07:25,521 - INFO - position: Position(account='DUN086112', contract=Option(conId=797601892, symbol='SPY', lastTradeDateOrContractMonth='20250822', strike=645.0, right='C', multiplier='100', currency='USD', localSymbol='SPY   250822C00645000', tradingClass='SPY'), position=0.0, avgCost=0.0)
2025-08-22 13:07:25,735 - INFO - No open option positions found. Sleeping before next check...
2025-08-22 13:07:26,736 - INFO - position: Position(account='DUN086112', contract=Option(conId=797601892, symbol='SPY', lastTradeDateOrContractMonth='20250822', strike=645.0, right='C', multiplier='100', currency='USD', localSymbol='SPY   250822C00645000', tradingClass='SPY'), position=0.0, avgCost=0.0)
2025-08-22 13:07:26,952 - INFO - No open option positions found. Sleeping before next check...
2025-08-22 13:07:27,954 - INFO - position: Position(account='DUN086112', contract=Option(conId=797601892, symbol='SPY', lastTradeDateOrContractMonth='20250822', strike=645.0, right='C', multiplier='100', currency='USD', localSymbol='SPY   250822C00645000', tradingClass='SPY'), position=0.0, avgCost=0.0)
2025-08-22 13:07:28,167 - INFO - No open option positions found. Sleeping before next check...
2025-08-22 13:07:29,167 - INFO - position: Position(account='DUN086112', contract=Option(conId=797601892, symbol='SPY', lastTradeDateOrContractMonth='20250822', strike=645.0, right='C', multiplier='100', currency='USD', localSymbol='SPY   250822C00645000', tradingClass='SPY'), position=0.0, avgCost=0.0)
2025-08-22 13:07:29,380 - INFO - No open option positions found. Sleeping before next check...
2025-08-22 13:07:30,381 - INFO - position: Position(account='DUN086112', contract=Option(conId=797601892, symbol='SPY', lastTradeDateOrContractMonth='20250822', strike=645.0, right='C', multiplier='100', currency='USD', localSymbol='SPY   250822C00645000', tradingClass='SPY'), position=0.0, avgCost=0.0)
2025-08-22 13:07:30,594 - INFO - No open option positions found. Sleeping before next check...
2025-08-22 13:07:31,595 - INFO - position: Position(account='DUN086112', contract=Option(conId=797601892, symbol='SPY', lastTradeDateOrContractMonth='20250822', strike=645.0, right='C', multiplier='100', currency='USD', localSymbol='SPY   250822C00645000', tradingClass='SPY'), position=10.0, avgCost=109.0)
2025-08-22 13:07:31,595 - INFO - position: Position(account='DUN086112', contract=Option(conId=797601892, symbol='SPY', lastTradeDateOrContractMonth='20250822', strike=645.0, right='C', multiplier='100', currency='USD', localSymbol='SPY   250822C00645000', tradingClass='SPY'), position=10.0, avgCost=110.14145)
2025-08-22 13:07:31,597 - INFO - position: Position(account='DUN086112', contract=Option(conId=797601892, symbol='SPY', lastTradeDateOrContractMonth='20250822', strike=645.0, right='C', multiplier='100', currency='USD', localSymbol='SPY   250822C00645000', tradingClass='SPY'), position=10.0, avgCost=110.14145)
2025-08-22 13:07:32,158 - INFO - Checking SPY   250822C00645000 | Cost: 1.10 | Bid: 1.07 | Loss: -2.85%
2025-08-22 13:07:32,159 - INFO - Holding SPY   250822C00645000 | Loss -2.85% within limit.
2025-08-22 13:07:33,161 - INFO - updatePortfolio: PortfolioItem(contract=Option(conId=797601892, symbol='SPY', lastTradeDateOrContractMonth='20250822', strike=645.0, right='C', multiplier='100', primaryExchange='AMEX', currency='USD', localSymbol='SPY   250822C00645000', tradingClass='SPY'), position=10.0, marketPrice=1.09000005, marketValue=1090.0, averageCost=110.14145, unrealizedPNL=-11.41, realizedPNL=-439.32, account='DUN086112')
2025-08-22 13:07:33,162 - INFO - position: Position(account='DUN086112', contract=Option(conId=797601892, symbol='SPY', lastTradeDateOrContractMonth='20250822', strike=645.0, right='C', multiplier='100', currency='USD', localSymbol='SPY   250822C00645000', tradingClass='SPY'), position=10.0, avgCost=110.14145)
2025-08-22 13:07:33,740 - INFO - Checking SPY   250822C00645000 | Cost: 1.10 | Bid: 1.05 | Loss: -4.67%
2025-08-22 13:07:33,740 - INFO - Holding SPY   250822C00645000 | Loss -4.67% within limit.
2025-08-22 13:07:34,743 - INFO - position: Position(account='DUN086112', contract=Option(conId=797601892, symbol='SPY', lastTradeDateOrContractMonth='20250822', strike=645.0, right='C', multiplier='100', currency='USD', localSymbol='SPY   250822C00645000', tradingClass='SPY'), position=10.0, avgCost=110.14145)
2025-08-22 13:07:35,309 - INFO - Checking SPY   250822C00645000 | Cost: 1.10 | Bid: 1.05 | Loss: -4.67%
2025-08-22 13:07:35,309 - INFO - Holding SPY   250822C00645000 | Loss -4.67% within limit.
2025-08-22 13:07:36,312 - INFO - position: Position(account='DUN086112', contract=Option(conId=797601892, symbol='SPY', lastTradeDateOrContractMonth='20250822', strike=645.0, right='C', multiplier='100', currency='USD', localSymbol='SPY   250822C00645000', tradingClass='SPY'), position=10.0, avgCost=110.14145)
2025-08-22 13:07:36,887 - INFO - Checking SPY   250822C00645000 | Cost: 1.10 | Bid: 0.98 | Loss: -11.02%
2025-08-22 13:07:36,887 - WARNING - STOP-LOSS TRIGGERED for SPY   250822C00645000 | Loss: -11.02%
2025-08-22 13:07:36,889 - INFO - placeOrder: New order Trade(contract=Option(conId=797601892, symbol='SPY', lastTradeDateOrContractMonth='20250822', strike=645.0, right='C', multiplier='100', exchange='AMEX', currency='USD', localSymbol='SPY   250822C00645000', tradingClass='SPY'), order=LimitOrder(orderId=51985, clientId=1, action='SELL', totalQuantity=10.0, lmtPrice=0.98, tif='IOC', orderRef='SLIOC-797601892'), orderStatus=OrderStatus(orderId=51985, status='PendingSubmit', filled=0.0, remaining=0.0, avgFillPrice=0.0, permId=0, parentId=0, lastFillPrice=0.0, clientId=0, whyHeld='', mktCapPrice=0.0), fills=[], log=[TradeLogEntry(time=datetime.datetime(2025, 8, 22, 17, 7, 36, 889966, tzinfo=datetime.timezone.utc), status='PendingSubmit', message='', errorCode=0)], advancedError='')
2025-08-22 13:07:36,890 - INFO - Placed LIMIT IOC SELL 10 @ 0.98 for SPY   250822C00645000
2025-08-22 13:07:37,445 - INFO - orderStatus: Trade(contract=Option(conId=797601892, symbol='SPY', lastTradeDateOrContractMonth='20250822', strike=645.0, right='C', multiplier='100', exchange='AMEX', currency='USD', localSymbol='SPY   250822C00645000', tradingClass='SPY'), order=LimitOrder(orderId=51985, clientId=1, permId=368608484, action='SELL', totalQuantity=10.0, lmtPrice=0.98, auxPrice=0.0, tif='IOC', orderRef='SLIOC-797601892'), orderStatus=OrderStatus(orderId=51985, status='Submitted', filled=0.0, remaining=10.0, avgFillPrice=0.0, permId=368608484, parentId=0, lastFillPrice=0.0, clientId=1, whyHeld='', mktCapPrice=0.0), fills=[], log=[TradeLogEntry(time=datetime.datetime(2025, 8, 22, 17, 7, 36, 889966, tzinfo=datetime.timezone.utc), status='PendingSubmit', message='', errorCode=0), TradeLogEntry(time=datetime.datetime(2025, 8, 22, 17, 7, 37, 445279, tzinfo=datetime.timezone.utc), status='Submitted', message='', errorCode=0)], advancedError='')
2025-08-22 13:07:37,535 - INFO - orderStatus: Trade(contract=Option(conId=797601892, symbol='SPY', lastTradeDateOrContractMonth='20250822', strike=645.0, right='C', multiplier='100', exchange='AMEX', currency='USD', localSymbol='SPY   250822C00645000', tradingClass='SPY'), order=LimitOrder(orderId=51985, clientId=1, permId=368608484, action='SELL', totalQuantity=10.0, lmtPrice=0.98, auxPrice=0.0, tif='IOC', orderRef='SLIOC-797601892'), orderStatus=OrderStatus(orderId=51985, status='PendingCancel', filled=0.0, remaining=10.0, avgFillPrice=0.0, permId=368608484, parentId=0, lastFillPrice=0.0, clientId=1, whyHeld='', mktCapPrice=0.0), fills=[], log=[TradeLogEntry(time=datetime.datetime(2025, 8, 22, 17, 7, 36, 889966, tzinfo=datetime.timezone.utc), status='PendingSubmit', message='', errorCode=0), TradeLogEntry(time=datetime.datetime(2025, 8, 22, 17, 7, 37, 445279, tzinfo=datetime.timezone.utc), status='Submitted', message='', errorCode=0), TradeLogEntry(time=datetime.datetime(2025, 8, 22, 17, 7, 37, 535949, tzinfo=datetime.timezone.utc), status='PendingCancel', message='', errorCode=0)], advancedError='')
2025-08-22 13:07:37,563 - INFO - orderStatus: Trade(contract=Option(conId=797601892, symbol='SPY', lastTradeDateOrContractMonth='20250822', strike=645.0, right='C', multiplier='100', exchange='AMEX', currency='USD', localSymbol='SPY   250822C00645000', tradingClass='SPY'), order=LimitOrder(orderId=51985, clientId=1, permId=368608484, action='SELL', totalQuantity=10.0, lmtPrice=0.98, auxPrice=0.0, tif='IOC', orderRef='SLIOC-797601892'), orderStatus=OrderStatus(orderId=51985, status='Cancelled', filled=0.0, remaining=10.0, avgFillPrice=0.0, permId=368608484, parentId=0, lastFillPrice=0.0, clientId=1, whyHeld='', mktCapPrice=0.0), fills=[], log=[TradeLogEntry(time=datetime.datetime(2025, 8, 22, 17, 7, 36, 889966, tzinfo=datetime.timezone.utc), status='PendingSubmit', message='', errorCode=0), TradeLogEntry(time=datetime.datetime(2025, 8, 22, 17, 7, 37, 445279, tzinfo=datetime.timezone.utc), status='Submitted', message='', errorCode=0), TradeLogEntry(time=datetime.datetime(2025, 8, 22, 17, 7, 37, 535949, tzinfo=datetime.timezone.utc), status='PendingCancel', message='', errorCode=0), TradeLogEntry(time=datetime.datetime(2025, 8, 22, 17, 7, 37, 563956, tzinfo=datetime.timezone.utc), status='Cancelled', message='', errorCode=0)], advancedError='')
2025-08-22 13:07:37,564 - INFO - Warning 202, reqId 51985: Order Canceled - reason:
2025-08-22 13:07:37,626 - INFO - SPY   250822C00645000: LIMIT IOC filled 0/10
2025-08-22 13:07:37,627 - INFO - placeOrder: New order Trade(contract=Option(conId=797601892, symbol='SPY', lastTradeDateOrContractMonth='20250822', strike=645.0, right='C', multiplier='100', exchange='AMEX', currency='USD', localSymbol='SPY   250822C00645000', tradingClass='SPY'), order=MarketOrder(orderId=51986, clientId=1, action='SELL', totalQuantity=10.0, orderRef='SLMKT-797601892'), orderStatus=OrderStatus(orderId=51986, status='PendingSubmit', filled=0.0, remaining=0.0, avgFillPrice=0.0, permId=0, parentId=0, lastFillPrice=0.0, clientId=0, whyHeld='', mktCapPrice=0.0), fills=[], log=[TradeLogEntry(time=datetime.datetime(2025, 8, 22, 17, 7, 37, 626975, tzinfo=datetime.timezone.utc), status='PendingSubmit', message='', errorCode=0)], advancedError='')
2025-08-22 13:07:37,628 - WARNING - Placed MARKET SELL 10 for SPY   250822C00645000
2025-08-22 13:07:37,692 - INFO - orderStatus: Trade(contract=Option(conId=797601892, symbol='SPY', lastTradeDateOrContractMonth='20250822', strike=645.0, right='C', multiplier='100', exchange='AMEX', currency='USD', localSymbol='SPY   250822C00645000', tradingClass='SPY'), order=MarketOrder(orderId=51986, clientId=1, permId=368608485, action='SELL', totalQuantity=10.0, lmtPrice=1.01, auxPrice=0.0, orderRef='SLMKT-797601892'), orderStatus=OrderStatus(orderId=51986, status='Submitted', filled=0.0, remaining=10.0, avgFillPrice=0.0, permId=368608485, parentId=0, lastFillPrice=0.0, clientId=1, whyHeld='', mktCapPrice=0.0), fills=[], log=[TradeLogEntry(time=datetime.datetime(2025, 8, 22, 17, 7, 37, 626975, tzinfo=datetime.timezone.utc), status='PendingSubmit', message='', errorCode=0), TradeLogEntry(time=datetime.datetime(2025, 8, 22, 17, 7, 37, 691332, tzinfo=datetime.timezone.utc), status='Submitted', message='', errorCode=0)], advancedError='')
2025-08-22 13:07:37,946 - INFO - updatePortfolio: PortfolioItem(contract=Option(conId=797601892, symbol='SPY', lastTradeDateOrContractMonth='20250822', strike=645.0, right='C', multiplier='100', primaryExchange='AMEX', currency='USD', localSymbol='SPY   250822C00645000', tradingClass='SPY'), position=10.0, marketPrice=1.09000005, marketValue=1090.0, averageCost=110.14145, unrealizedPNL=-11.41, realizedPNL=-439.32, account='DUN086112')
2025-08-22 13:07:38,182 - INFO - position: Position(account='DUN086112', contract=Option(conId=797601892, symbol='SPY', lastTradeDateOrContractMonth='20250822', strike=645.0, right='C', multiplier='100', currency='USD', localSymbol='SPY   250822C00645000', tradingClass='SPY'), position=0.0, avgCost=0.0)
2025-08-22 13:07:38,182 - INFO - execDetails Execution(execId='00020057.68a8a6c0.01.01', time=datetime.datetime(2025, 8, 22, 17, 7, 39, tzinfo=datetime.timezone.utc), acctNumber='DUN086112', exchange='AMEX', side='SLD', shares=10.0, price=1.02, permId=368608485, clientId=1, orderId=51986, liquidation=0, cumQty=10.0, avgPrice=1.02, orderRef='SLMKT-797601892', evRule='', evMultiplier=0.0, modelCode='', lastLiquidity=2)
2025-08-22 13:07:38,183 - INFO - execDetails: Fill(contract=Option(conId=797601892, symbol='SPY', lastTradeDateOrContractMonth='20250822', strike=645.0, right='C', multiplier='100', exchange='AMEX', currency='USD', localSymbol='SPY   250822C00645000', tradingClass='SPY'), execution=Execution(execId='00020057.68a8a6c0.01.01', time=datetime.datetime(2025, 8, 22, 17, 7, 39, tzinfo=datetime.timezone.utc), acctNumber='DUN086112', exchange='AMEX', side='SLD', shares=10.0, price=1.02, permId=368608485, clientId=1, orderId=51986, liquidation=0, cumQty=10.0, avgPrice=1.02, orderRef='SLMKT-797601892', evRule='', evMultiplier=0.0, modelCode='', lastLiquidity=2), commissionReport=CommissionReport(execId='', commission=0.0, currency='', realizedPNL=0.0, yield_=0.0, yieldRedemptionDate=0), time=datetime.datetime(2025, 8, 22, 17, 7, 38, 182714, tzinfo=datetime.timezone.utc))
2025-08-22 13:07:38,184 - INFO - orderStatus: Trade(contract=Option(conId=797601892, symbol='SPY', lastTradeDateOrContractMonth='20250822', strike=645.0, right='C', multiplier='100', exchange='AMEX', currency='USD', localSymbol='SPY   250822C00645000', tradingClass='SPY'), order=MarketOrder(orderId=51986, clientId=1, permId=368608485, action='SELL', totalQuantity=10.0, lmtPrice=1.01, auxPrice=0.0, orderRef='SLMKT-797601892'), orderStatus=OrderStatus(orderId=51986, status='Filled', filled=10.0, remaining=0.0, avgFillPrice=1.02, permId=368608485, parentId=0, lastFillPrice=1.02, clientId=1, whyHeld='', mktCapPrice=0.0), fills=[Fill(contract=Option(conId=797601892, symbol='SPY', lastTradeDateOrContractMonth='20250822', strike=645.0, right='C', multiplier='100', exchange='AMEX', currency='USD', localSymbol='SPY   250822C00645000', tradingClass='SPY'), execution=Execution(execId='00020057.68a8a6c0.01.01', time=datetime.datetime(2025, 8, 22, 17, 7, 39, tzinfo=datetime.timezone.utc), acctNumber='DUN086112', exchange='AMEX', side='SLD', shares=10.0, price=1.02, permId=368608485, clientId=1, orderId=51986, liquidation=0, cumQty=10.0, avgPrice=1.02, orderRef='SLMKT-797601892', evRule='', evMultiplier=0.0, modelCode='', lastLiquidity=2), commissionReport=CommissionReport(execId='', commission=0.0, currency='', realizedPNL=0.0, yield_=0.0, yieldRedemptionDate=0), time=datetime.datetime(2025, 8, 22, 17, 7, 38, 182714, tzinfo=datetime.timezone.utc))], log=[TradeLogEntry(time=datetime.datetime(2025, 8, 22, 17, 7, 37, 626975, tzinfo=datetime.timezone.utc), status='PendingSubmit', message='', errorCode=0), TradeLogEntry(time=datetime.datetime(2025, 8, 22, 17, 7, 37, 691332, tzinfo=datetime.timezone.utc), status='Submitted', message='', errorCode=0), TradeLogEntry(time=datetime.datetime(2025, 8, 22, 17, 7, 38, 182714, tzinfo=datetime.timezone.utc), status='Submitted', message='Fill 10.0@1.02', errorCode=0), TradeLogEntry(time=datetime.datetime(2025, 8, 22, 17, 7, 38, 184483, tzinfo=datetime.timezone.utc), status='Filled', message='', errorCode=0)], advancedError='')
2025-08-22 13:07:38,186 - INFO - commissionReport: CommissionReport(execId='00020057.68a8a6c0.01.01', commission=10.5424, currency='USD', realizedPNL=-91.9569, yield_=0.0, yieldRedemptionDate=0)
2025-08-22 13:07:38,187 - INFO - position: Position(account='DUN086112', contract=Option(conId=797601892, symbol='SPY', lastTradeDateOrContractMonth='20250822', strike=645.0, right='C', multiplier='100', currency='USD', localSymbol='SPY   250822C00645000', tradingClass='SPY'), position=0.0, avgCost=0.0)
2025-08-22 13:07:38,188 - INFO - position: Position(account='DUN086112', contract=Option(conId=797601892, symbol='SPY', lastTradeDateOrContractMonth='20250822', strike=645.0, right='C', multiplier='100', currency='USD', localSymbol='SPY   250822C00645000', tradingClass='SPY'), position=0.0, avgCost=0.0)
2025-08-22 13:07:38,288 - INFO - SPY   250822C00645000: exit completed. Total filled=10, of which IOC=0
2025-08-22 13:07:39,290 - INFO - updatePortfolio: PortfolioItem(contract=Option(conId=797601892, symbol='SPY', lastTradeDateOrContractMonth='20250822', strike=645.0, right='C', multiplier='100', primaryExchange='AMEX', currency='USD', localSymbol='SPY   250822C00645000', tradingClass='SPY'), position=0.0, marketPrice=1.02, marketValue=0.0, averageCost=0.0, unrealizedPNL=0.0, realizedPNL=-531.28, account='DUN086112')
2025-08-22 13:07:39,291 - INFO - position: Position(account='DUN086112', contract=Option(conId=797601892, symbol='SPY', lastTradeDateOrContractMonth='20250822', strike=645.0, right='C', multiplier='100', currency='USD', localSymbol='SPY   250822C00645000', tradingClass='SPY'), position=0.0, avgCost=0.0)
2025-08-22 13:07:39,500 - INFO - No open option positions found. Sleeping before next check...
2025-08-22 13:07:40,501 - INFO - position: Position(account='DUN086112', contract=Option(conId=797601892, symbol='SPY', lastTradeDateOrContractMonth='20250822', strike=645.0, right='C', multiplier='100', currency='USD', localSymbol='SPY   250822C00645000', tradingClass='SPY'), position=0.0, avgCost=0.0)
2025-08-22 13:07:40,704 - INFO - No open option positions found. Sleeping before next check...
2025-08-22 13:07:41,705 - INFO - position: Position(account='DUN086112', contract=Option(conId=797601892, symbol='SPY', lastTradeDateOrContractMonth='20250822', strike=645.0, right='C', multiplier='100', currency='USD', localSymbol='SPY   250822C00645000', tradingClass='SPY'), position=0.0, avgCost=0.0)
2025-08-22 13:07:41,918 - INFO - No open option positions found. Sleeping before next check...
2025-08-22 13:07:42,918 - INFO - position: Position(account='DUN086112', contract=Option(conId=797601892, symbol='SPY', lastTradeDateOrContractMonth='20250822', strike=645.0, right='C', multiplier='100', currency='USD', localSymbol='SPY   250822C00645000', tradingClass='SPY'), position=0.0, avgCost=0.0)
2025-08-22 13:07:43,133 - INFO - No open option positions found. Sleeping before next check...
2025-08-22 13:07:44,133 - INFO - position: Position(account='DUN086112', contract=Option(conId=797601892, symbol='SPY', lastTradeDateOrContractMonth='20250822', strike=645.0, right='C', multiplier='100', currency='USD', localSymbol='SPY   250822C00645000', tradingClass='SPY'), position=0.0, avgCost=0.0)
2025-08-22 13:07:44,345 - INFO - No open option positions found. Sleeping before next check...
2025-08-22 13:07:45,346 - INFO - position: Position(account='DUN086112', contract=Option(conId=797601892, symbol='SPY', lastTradeDateOrContractMonth='20250822', strike=645.0, right='C', multiplier='100', currency='USD', localSymbol='SPY   250822C00645000', tradingClass='SPY'), position=0.0, avgCost=0.0)
2025-08-22 13:07:45,553 - INFO - No open option positions found. Sleeping before next check...
2025-08-22 13:07:46,554 - INFO - position: Position(account='DUN086112', contract=Option(conId=797601892, symbol='SPY', lastTradeDateOrContractMonth='20250822', strike=645.0, right='C', multiplier='100', currency='USD', localSymbol='SPY   250822C00645000', tradingClass='SPY'), position=0.0, avgCost=0.0)
2025-08-22 13:07:46,758 - INFO - No open option positions found. Sleeping before next check...
2025-08-22 13:07:47,760 - INFO - position: Position(account='DUN086112', contract=Option(conId=797601892, symbol='SPY', lastTradeDateOrContractMonth='20250822', strike=645.0, right='C', multiplier='100', currency='USD', localSymbol='SPY   250822C00645000', tradingClass='SPY'), position=0.0, avgCost=0.0)
2025-08-22 13:07:47,971 - INFO - No open option positions found. Sleeping before next check...
2025-08-22 13:07:48,973 - INFO - position: Position(account='DUN086112', contract=Option(conId=797601892, symbol='SPY', lastTradeDateOrContractMonth='20250822', strike=645.0, right='C', multiplier='100', currency='USD', localSymbol='SPY   250822C00645000', tradingClass='SPY'), position=0.0, avgCost=0.0)
2025-08-22 13:07:49,176 - INFO - No open option positions found. Sleeping before next check...
2025-08-22 13:07:50,177 - INFO - position: Position(account='DUN086112', contract=Option(conId=797601892, symbol='SPY', lastTradeDateOrContractMonth='20250822', strike=645.0, right='C', multiplier='100', currency='USD', localSymbol='SPY   250822C00645000', tradingClass='SPY'), position=0.0, avgCost=0.0)
2025-08-22 13:07:50,385 - INFO - No open option positions found. Sleeping before next check...
2025-08-22 13:07:50,636 - INFO - Disconnecting from 127.0.0.1:7497, 33.2 kB sent in 556 messages, 382 kB received in 4675 messages, session time 201 s.
2025-08-22 13:07:50,637 - INFO - Disconnecting
2025-08-22 13:07:50,637 - INFO - Disconnected from IBKR.
