2025-08-04 14:04:15,666 - INFO - Connecting to IBKR...
2025-08-04 14:04:15,667 - INFO - Connecting to 127.0.0.1:7497 with clientId 1...
2025-08-04 14:04:15,668 - INFO - Connected
2025-08-04 14:04:15,670 - INFO - Logged on to server version 176
2025-08-04 14:04:15,670 - INFO - Warning 2104, reqId -1: Market data farm connection is OK:cashfarm
2025-08-04 14:04:15,670 - INFO - Warning 2104, reqId -1: Market data farm connection is OK:usfuture
2025-08-04 14:04:15,671 - INFO - Warning 2104, reqId -1: Market data farm connection is OK:usopt.nj
2025-08-04 14:04:15,671 - INFO - Warning 2104, reqId -1: Market data farm connection is OK:usfarm.nj
2025-08-04 14:04:15,671 - INFO - Warning 2104, reqId -1: Market data farm connection is OK:usopt
2025-08-04 14:04:15,671 - INFO - Warning 2104, reqId -1: Market data farm connection is OK:usfarm
2025-08-04 14:04:15,671 - INFO - Warning 2106, reqId -1: HMDS data farm connection is OK:euhmds
2025-08-04 14:04:15,671 - INFO - Warning 2106, reqId -1: HMDS data farm connection is OK:fundfarm
2025-08-04 14:04:15,671 - INFO - Warning 2106, reqId -1: HMDS data farm connection is OK:ushmds
2025-08-04 14:04:15,672 - INFO - Warning 2158, reqId -1: Sec-def data farm connection is OK:secdefil
2025-08-04 14:04:15,672 - INFO - API connection ready
2025-08-04 14:04:15,672 - INFO - position: Position(account='DUN086112', contract=Option(conId=800902076, symbol='SPY', lastTradeDateOrContractMonth='20250804', strike=630.0, right='C', multiplier='100', currency='USD', localSymbol='SPY   250804C00630000', tradingClass='SPY'), position=10.0, avgCost=49.03145)
2025-08-04 14:04:15,773 - INFO - updatePortfolio: PortfolioItem(contract=Option(conId=800902076, symbol='SPY', lastTradeDateOrContractMonth='20250804', strike=630.0, right='C', multiplier='100', primaryExchange='AMEX', currency='USD', localSymbol='SPY   250804C00630000', tradingClass='SPY'), position=10.0, marketPrice=0.55, marketValue=550.0, averageCost=49.03145, unrealizedPNL=59.69, realizedPNL=-168.21, account='DUN086112')
2025-08-04 14:04:15,790 - INFO - execDetails Execution(execId='00020057.6890cb50.01.01', time=datetime.datetime(2025, 8, 4, 16, 15, 55, tzinfo=datetime.timezone.utc), acctNumber='DUN086112', exchange='AMEX', side='BOT', shares=10.0, price=0.69, permId=1909400772, clientId=0, orderId=0, liquidation=0, cumQty=10.0, avgPrice=0.69, orderRef='OptionChain', evRule='', evMultiplier=0.0, modelCode='', lastLiquidity=2)
2025-08-04 14:04:15,790 - INFO - execDetails Execution(execId='00020057.6890dce0.01.01', time=datetime.datetime(2025, 8, 4, 17, 16, 55, tzinfo=datetime.timezone.utc), acctNumber='DUN086112', exchange='SAPPHIRE', side='SLD', shares=10.0, price=0.9, permId=1909400776, clientId=0, orderId=0, liquidation=0, cumQty=10.0, avgPrice=0.9, orderRef='', evRule='', evMultiplier=0.0, modelCode='', lastLiquidity=2)
2025-08-04 14:04:15,791 - INFO - execDetails Execution(execId='00020057.6890dd11.01.01', time=datetime.datetime(2025, 8, 4, 17, 17, 24, tzinfo=datetime.timezone.utc), acctNumber='DUN086112', exchange='BATS', side='BOT', shares=1.0, price=0.91, permId=1909400783, clientId=0, orderId=0, liquidation=0, cumQty=1.0, avgPrice=0.91, orderRef='', evRule='', evMultiplier=0.0, modelCode='', lastLiquidity=2)
2025-08-04 14:04:15,791 - INFO - execDetails Execution(execId='00020057.6890dd3e.01.01', time=datetime.datetime(2025, 8, 4, 17, 17, 50, tzinfo=datetime.timezone.utc), acctNumber='DUN086112', exchange='AMEX', side='SLD', shares=1.0, price=0.84, permId=1909400787, clientId=1, orderId=885, liquidation=0, cumQty=1.0, avgPrice=0.84, orderRef='', evRule='', evMultiplier=0.0, modelCode='', lastLiquidity=2)
2025-08-04 14:04:15,792 - INFO - execDetails Execution(execId='00020057.6890dd54.01.01', time=datetime.datetime(2025, 8, 4, 17, 18, 2, tzinfo=datetime.timezone.utc), acctNumber='DUN086112', exchange='SAPPHIRE', side='BOT', shares=1.0, price=0.89, permId=1909400786, clientId=0, orderId=0, liquidation=0, cumQty=1.0, avgPrice=0.89, orderRef='', evRule='', evMultiplier=0.0, modelCode='', lastLiquidity=2)
2025-08-04 14:04:15,793 - INFO - execDetails Execution(execId='00020057.6890de43.01.01', time=datetime.datetime(2025, 8, 4, 17, 20, 42, tzinfo=datetime.timezone.utc), acctNumber='DUN086112', exchange='AMEX', side='SLD', shares=1.0, price=0.8, permId=1909400791, clientId=1, orderId=925, liquidation=0, cumQty=1.0, avgPrice=0.8, orderRef='', evRule='', evMultiplier=0.0, modelCode='', lastLiquidity=2)
2025-08-04 14:04:15,793 - INFO - execDetails Execution(execId='00020057.6890df39.01.01', time=datetime.datetime(2025, 8, 4, 17, 22, 40, tzinfo=datetime.timezone.utc), acctNumber='DUN086112', exchange='SAPPHIRE', side='BOT', shares=10.0, price=0.78, permId=1909400790, clientId=0, orderId=0, liquidation=0, cumQty=10.0, avgPrice=0.78, orderRef='', evRule='', evMultiplier=0.0, modelCode='', lastLiquidity=2)
2025-08-04 14:04:15,794 - INFO - execDetails Execution(execId='00020057.6890e3ca.01.01', time=datetime.datetime(2025, 8, 4, 17, 38, tzinfo=datetime.timezone.utc), acctNumber='DUN086112', exchange='AMEX', side='SLD', shares=1.0, price=0.68, permId=1909400797, clientId=1, orderId=1148, liquidation=0, cumQty=1.0, avgPrice=0.68, orderRef='', evRule='', evMultiplier=0.0, modelCode='', lastLiquidity=2)
2025-08-04 14:04:15,795 - INFO - execDetails Execution(execId='00020057.6890e3cb.01.01', time=datetime.datetime(2025, 8, 4, 17, 38, tzinfo=datetime.timezone.utc), acctNumber='DUN086112', exchange='AMEX', side='SLD', shares=9.0, price=0.68, permId=1909400797, clientId=1, orderId=1148, liquidation=0, cumQty=10.0, avgPrice=0.68, orderRef='', evRule='', evMultiplier=0.0, modelCode='', lastLiquidity=2)
2025-08-04 14:04:15,795 - INFO - execDetails Execution(execId='00020057.6890e468.01.01', time=datetime.datetime(2025, 8, 4, 17, 40, 13, tzinfo=datetime.timezone.utc), acctNumber='DUN086112', exchange='AMEX', side='BOT', shares=10.0, price=0.71, permId=1909400796, clientId=0, orderId=0, liquidation=0, cumQty=10.0, avgPrice=0.71, orderRef='', evRule='', evMultiplier=0.0, modelCode='', lastLiquidity=2)
2025-08-04 14:04:15,796 - INFO - execDetails Execution(execId='00020057.6890e4a4.01.01', time=datetime.datetime(2025, 8, 4, 17, 41, 5, tzinfo=datetime.timezone.utc), acctNumber='DUN086112', exchange='AMEX', side='SLD', shares=10.0, price=0.63, permId=1909400801, clientId=1, orderId=1164, liquidation=0, cumQty=10.0, avgPrice=0.63, orderRef='', evRule='', evMultiplier=0.0, modelCode='', lastLiquidity=2)
2025-08-04 14:04:15,797 - INFO - execDetails Execution(execId='00020057.6890e530.01.01', time=datetime.datetime(2025, 8, 4, 17, 42, 56, tzinfo=datetime.timezone.utc), acctNumber='DUN086112', exchange='SAPPHIRE', side='BOT', shares=1.0, price=0.66, permId=1909400800, clientId=0, orderId=0, liquidation=0, cumQty=1.0, avgPrice=0.66, orderRef='', evRule='', evMultiplier=0.0, modelCode='', lastLiquidity=2)
2025-08-04 14:04:15,798 - INFO - execDetails Execution(execId='00020057.6890e541.01.01', time=datetime.datetime(2025, 8, 4, 17, 43, 23, tzinfo=datetime.timezone.utc), acctNumber='DUN086112', exchange='AMEX', side='SLD', shares=1.0, price=0.61, permId=1909400805, clientId=1, orderId=1174, liquidation=0, cumQty=1.0, avgPrice=0.61, orderRef='', evRule='', evMultiplier=0.0, modelCode='', lastLiquidity=2)
2025-08-04 14:04:15,798 - INFO - execDetails Execution(execId='00020057.6890ec09.01.01', time=datetime.datetime(2025, 8, 4, 17, 53, 55, tzinfo=datetime.timezone.utc), acctNumber='DUN086112', exchange='SAPPHIRE', side='BOT', shares=10.0, price=0.59, permId=1909400804, clientId=0, orderId=0, liquidation=0, cumQty=10.0, avgPrice=0.59, orderRef='', evRule='', evMultiplier=0.0, modelCode='', lastLiquidity=2)
2025-08-04 14:04:15,799 - INFO - execDetails Execution(execId='00020057.6890edfc.01.01', time=datetime.datetime(2025, 8, 4, 17, 57, 4, tzinfo=datetime.timezone.utc), acctNumber='DUN086112', exchange='NASDAQBX', side='SLD', shares=10.0, price=0.48, permId=1909400862, clientId=1, orderId=1179, liquidation=0, cumQty=10.0, avgPrice=0.48, orderRef='', evRule='', evMultiplier=0.0, modelCode='', lastLiquidity=2)
2025-08-04 14:04:15,800 - INFO - execDetails Execution(execId='00020057.6890ee05.01.01', time=datetime.datetime(2025, 8, 4, 17, 57, 23, tzinfo=datetime.timezone.utc), acctNumber='DUN086112', exchange='NASDAQBX', side='BOT', shares=10.0, price=0.48, permId=1909400847, clientId=0, orderId=0, liquidation=0, cumQty=10.0, avgPrice=0.48, orderRef='', evRule='', evMultiplier=0.0, modelCode='', lastLiquidity=2)
2025-08-04 14:04:15,802 - INFO - commissionReport: CommissionReport(execId='00020057.6890cb50.01.01', commission=7.0145, currency='USD', realizedPNL=0.0, yield_=0.0, yieldRedemptionDate=0)
2025-08-04 14:04:15,802 - INFO - commissionReport: CommissionReport(execId='00020057.6890dce0.01.01', commission=5.1424, currency='USD', realizedPNL=197.8431, yield_=0.0, yieldRedemptionDate=0)
2025-08-04 14:04:15,803 - INFO - commissionReport: CommissionReport(execId='00020057.6890dd11.01.01', commission=1.50145, currency='USD', realizedPNL=0.0, yield_=0.0, yieldRedemptionDate=0)
2025-08-04 14:04:15,803 - INFO - commissionReport: CommissionReport(execId='00020057.6890dd3e.01.01', commission=1.05424, currency='USD', realizedPNL=-9.55569, yield_=0.0, yieldRedemptionDate=0)
2025-08-04 14:04:15,804 - INFO - commissionReport: CommissionReport(execId='00020057.6890dd54.01.01', commission=0.86145, currency='USD', realizedPNL=0.0, yield_=0.0, yieldRedemptionDate=0)
2025-08-04 14:04:15,804 - INFO - commissionReport: CommissionReport(execId='00020057.6890de43.01.01', commission=1.05424, currency='USD', realizedPNL=-10.91569, yield_=0.0, yieldRedemptionDate=0)
2025-08-04 14:04:15,804 - INFO - commissionReport: CommissionReport(execId='00020057.6890df39.01.01', commission=5.1145, currency='USD', realizedPNL=0.0, yield_=0.0, yieldRedemptionDate=0)
2025-08-04 14:04:15,805 - INFO - commissionReport: CommissionReport(execId='00020057.6890e3ca.01.01', commission=1.05424, currency='USD', realizedPNL=-11.56569, yield_=0.0, yieldRedemptionDate=0)
2025-08-04 14:04:15,805 - INFO - commissionReport: CommissionReport(execId='00020057.6890e3cb.01.01', commission=9.48816, currency='USD', realizedPNL=-104.09121, yield_=0.0, yieldRedemptionDate=0)
2025-08-04 14:04:15,806 - INFO - commissionReport: CommissionReport(execId='00020057.6890e468.01.01', commission=7.0145, currency='USD', realizedPNL=0.0, yield_=0.0, yieldRedemptionDate=0)
2025-08-04 14:04:15,806 - INFO - commissionReport: CommissionReport(execId='00020057.6890e4a4.01.01', commission=10.5424, currency='USD', realizedPNL=-97.5569, yield_=0.0, yieldRedemptionDate=0)
2025-08-04 14:04:15,806 - INFO - commissionReport: CommissionReport(execId='00020057.6890e530.01.01', commission=0.86145, currency='USD', realizedPNL=0.0, yield_=0.0, yieldRedemptionDate=0)
2025-08-04 14:04:15,807 - INFO - commissionReport: CommissionReport(execId='00020057.6890e541.01.01', commission=1.05424, currency='USD', realizedPNL=-6.91569, yield_=0.0, yieldRedemptionDate=0)
2025-08-04 14:04:15,807 - INFO - commissionReport: CommissionReport(execId='00020057.6890ec09.01.01', commission=5.1145, currency='USD', realizedPNL=0.0, yield_=0.0, yieldRedemptionDate=0)
2025-08-04 14:04:15,808 - INFO - commissionReport: CommissionReport(execId='00020057.6890edfc.01.01', commission=10.3424, currency='USD', realizedPNL=-125.4569, yield_=0.0, yieldRedemptionDate=0)
2025-08-04 14:04:15,808 - INFO - commissionReport: CommissionReport(execId='00020057.6890ee05.01.01', commission=10.3145, currency='USD', realizedPNL=0.0, yield_=0.0, yieldRedemptionDate=0)
2025-08-04 14:04:15,809 - INFO - Synchronization complete
2025-08-04 14:04:15,809 - INFO - Connected to IBKR. Starting all-day monitoring...
2025-08-04 14:04:15,809 - INFO - Starting real-time stop-loss monitoring...
2025-08-04 14:04:15,810 - INFO - position: Position(account='DUN086112', contract=Option(conId=800902076, symbol='SPY', lastTradeDateOrContractMonth='20250804', strike=630.0, right='C', multiplier='100', currency='USD', localSymbol='SPY   250804C00630000', tradingClass='SPY'), position=10.0, avgCost=49.03145)
2025-08-04 14:04:16,823 - INFO - Detected position: SPY   250804C00630000 | Quantity: 10.0
2025-08-04 14:04:17,334 - INFO - SPY   250804C00630000 | Qty: 10.0 | Entry: 49.03 | Bid: 0.60 | Loss: 98.78%
2025-08-04 14:04:17,334 - INFO - STOP LOSS TRIGGERED for SPY   250804C00630000 | Unrealized Loss: 98.78%
2025-08-04 14:04:17,335 - INFO - placeOrder: New order Trade(contract=Option(conId=800902076, symbol='SPY', lastTradeDateOrContractMonth='20250804', strike=630.0, right='C', multiplier='100', exchange='SMART', currency='USD', localSymbol='SPY   250804C00630000', tradingClass='SPY'), order=LimitOrder(orderId=1184, clientId=1, action='SELL', totalQuantity=10.0, lmtPrice=0.6), orderStatus=OrderStatus(orderId=1184, status='PendingSubmit', filled=0.0, remaining=0.0, avgFillPrice=0.0, permId=0, parentId=0, lastFillPrice=0.0, clientId=0, whyHeld='', mktCapPrice=0.0), fills=[], log=[TradeLogEntry(time=datetime.datetime(2025, 8, 4, 18, 4, 17, 335369, tzinfo=datetime.timezone.utc), status='PendingSubmit', message='', errorCode=0)], advancedError='')
2025-08-04 14:04:17,489 - INFO - orderStatus: Trade(contract=Option(conId=800902076, symbol='SPY', lastTradeDateOrContractMonth='20250804', strike=630.0, right='C', multiplier='100', exchange='SMART', currency='USD', localSymbol='SPY   250804C00630000', tradingClass='SPY'), order=LimitOrder(orderId=1184, clientId=1, permId=1909400914, action='SELL', totalQuantity=10.0, lmtPrice=0.6, auxPrice=0.0), orderStatus=OrderStatus(orderId=1184, status='Submitted', filled=0.0, remaining=10.0, avgFillPrice=0.0, permId=1909400914, parentId=0, lastFillPrice=0.0, clientId=1, whyHeld='', mktCapPrice=0.0), fills=[], log=[TradeLogEntry(time=datetime.datetime(2025, 8, 4, 18, 4, 17, 335369, tzinfo=datetime.timezone.utc), status='PendingSubmit', message='', errorCode=0), TradeLogEntry(time=datetime.datetime(2025, 8, 4, 18, 4, 17, 489371, tzinfo=datetime.timezone.utc), status='Submitted', message='', errorCode=0)], advancedError='')
2025-08-04 14:04:18,064 - INFO - position: Position(account='DUN086112', contract=Option(conId=800902076, symbol='SPY', lastTradeDateOrContractMonth='20250804', strike=630.0, right='C', multiplier='100', currency='USD', localSymbol='SPY   250804C00630000', tradingClass='SPY'), position=0.0, avgCost=0.0)
2025-08-04 14:04:18,067 - INFO - execDetails Execution(execId='00020057.6890efed.01.01', time=datetime.datetime(2025, 8, 4, 18, 4, 18, tzinfo=datetime.timezone.utc), acctNumber='DUN086112', exchange='SAPPHIRE', side='SLD', shares=10.0, price=0.6, permId=1909400914, clientId=1, orderId=1184, liquidation=0, cumQty=10.0, avgPrice=0.6, orderRef='', evRule='', evMultiplier=0.0, modelCode='', lastLiquidity=2)
2025-08-04 14:04:18,067 - INFO - execDetails: Fill(contract=Option(conId=800902076, symbol='SPY', lastTradeDateOrContractMonth='20250804', strike=630.0, right='C', multiplier='100', exchange='SMART', currency='USD', localSymbol='SPY   250804C00630000', tradingClass='SPY'), execution=Execution(execId='00020057.6890efed.01.01', time=datetime.datetime(2025, 8, 4, 18, 4, 18, tzinfo=datetime.timezone.utc), acctNumber='DUN086112', exchange='SAPPHIRE', side='SLD', shares=10.0, price=0.6, permId=1909400914, clientId=1, orderId=1184, liquidation=0, cumQty=10.0, avgPrice=0.6, orderRef='', evRule='', evMultiplier=0.0, modelCode='', lastLiquidity=2), commissionReport=CommissionReport(execId='', commission=0.0, currency='', realizedPNL=0.0, yield_=0.0, yieldRedemptionDate=0), time=datetime.datetime(2025, 8, 4, 18, 4, 18, 66394, tzinfo=datetime.timezone.utc))
2025-08-04 14:04:18,069 - INFO - orderStatus: Trade(contract=Option(conId=800902076, symbol='SPY', lastTradeDateOrContractMonth='20250804', strike=630.0, right='C', multiplier='100', exchange='SMART', currency='USD', localSymbol='SPY   250804C00630000', tradingClass='SPY'), order=LimitOrder(orderId=1184, clientId=1, permId=1909400914, action='SELL', totalQuantity=10.0, lmtPrice=0.6, auxPrice=0.0), orderStatus=OrderStatus(orderId=1184, status='Filled', filled=10.0, remaining=0.0, avgFillPrice=0.6, permId=1909400914, parentId=0, lastFillPrice=0.6, clientId=1, whyHeld='', mktCapPrice=0.0), fills=[Fill(contract=Option(conId=800902076, symbol='SPY', lastTradeDateOrContractMonth='20250804', strike=630.0, right='C', multiplier='100', exchange='SMART', currency='USD', localSymbol='SPY   250804C00630000', tradingClass='SPY'), execution=Execution(execId='00020057.6890efed.01.01', time=datetime.datetime(2025, 8, 4, 18, 4, 18, tzinfo=datetime.timezone.utc), acctNumber='DUN086112', exchange='SAPPHIRE', side='SLD', shares=10.0, price=0.6, permId=1909400914, clientId=1, orderId=1184, liquidation=0, cumQty=10.0, avgPrice=0.6, orderRef='', evRule='', evMultiplier=0.0, modelCode='', lastLiquidity=2), commissionReport=CommissionReport(execId='', commission=0.0, currency='', realizedPNL=0.0, yield_=0.0, yieldRedemptionDate=0), time=datetime.datetime(2025, 8, 4, 18, 4, 18, 66394, tzinfo=datetime.timezone.utc))], log=[TradeLogEntry(time=datetime.datetime(2025, 8, 4, 18, 4, 17, 335369, tzinfo=datetime.timezone.utc), status='PendingSubmit', message='', errorCode=0), TradeLogEntry(time=datetime.datetime(2025, 8, 4, 18, 4, 17, 489371, tzinfo=datetime.timezone.utc), status='Submitted', message='', errorCode=0), TradeLogEntry(time=datetime.datetime(2025, 8, 4, 18, 4, 18, 66394, tzinfo=datetime.timezone.utc), status='Submitted', message='Fill 10.0@0.6', errorCode=0), TradeLogEntry(time=datetime.datetime(2025, 8, 4, 18, 4, 18, 68396, tzinfo=datetime.timezone.utc), status='Filled', message='', errorCode=0)], advancedError='')
2025-08-04 14:04:18,070 - INFO - commissionReport: CommissionReport(execId='00020057.6890efed.01.01', commission=5.1424, currency='USD', realizedPNL=104.5431, yield_=0.0, yieldRedemptionDate=0)
2025-08-04 14:04:18,070 - INFO - position: Position(account='DUN086112', contract=Option(conId=800902076, symbol='SPY', lastTradeDateOrContractMonth='20250804', strike=630.0, right='C', multiplier='100', currency='USD', localSymbol='SPY   250804C00630000', tradingClass='SPY'), position=0.0, avgCost=0.0)
2025-08-04 14:04:18,071 - INFO - position: Position(account='DUN086112', contract=Option(conId=800902076, symbol='SPY', lastTradeDateOrContractMonth='20250804', strike=630.0, right='C', multiplier='100', currency='USD', localSymbol='SPY   250804C00630000', tradingClass='SPY'), position=0.0, avgCost=0.0)
2025-08-04 14:04:18,393 - INFO - updatePortfolio: PortfolioItem(contract=Option(conId=800902076, symbol='SPY', lastTradeDateOrContractMonth='20250804', strike=630.0, right='C', multiplier='100', primaryExchange='AMEX', currency='USD', localSymbol='SPY   250804C00630000', tradingClass='SPY'), position=0.0, marketPrice=0.61, marketValue=0.0, averageCost=0.0, unrealizedPNL=0.0, realizedPNL=-63.67, account='DUN086112')
2025-08-04 14:04:18,846 - INFO - Placed LIMIT SELL order for SPY   250804C00630000 | Qty: 10.0 @ $0.60
2025-08-04 14:04:19,347 - INFO - position: Position(account='DUN086112', contract=Option(conId=800902076, symbol='SPY', lastTradeDateOrContractMonth='20250804', strike=630.0, right='C', multiplier='100', currency='USD', localSymbol='SPY   250804C00630000', tradingClass='SPY'), position=0.0, avgCost=0.0)
2025-08-04 14:04:20,858 - INFO - position: Position(account='DUN086112', contract=Option(conId=800902076, symbol='SPY', lastTradeDateOrContractMonth='20250804', strike=630.0, right='C', multiplier='100', currency='USD', localSymbol='SPY   250804C00630000', tradingClass='SPY'), position=0.0, avgCost=0.0)
2025-08-04 14:04:22,382 - INFO - position: Position(account='DUN086112', contract=Option(conId=800902076, symbol='SPY', lastTradeDateOrContractMonth='20250804', strike=630.0, right='C', multiplier='100', currency='USD', localSymbol='SPY   250804C00630000', tradingClass='SPY'), position=0.0, avgCost=0.0)
2025-08-04 14:04:23,884 - INFO - position: Position(account='DUN086112', contract=Option(conId=800902076, symbol='SPY', lastTradeDateOrContractMonth='20250804', strike=630.0, right='C', multiplier='100', currency='USD', localSymbol='SPY   250804C00630000', tradingClass='SPY'), position=0.0, avgCost=0.0)
2025-08-04 14:04:25,390 - INFO - position: Position(account='DUN086112', contract=Option(conId=800902076, symbol='SPY', lastTradeDateOrContractMonth='20250804', strike=630.0, right='C', multiplier='100', currency='USD', localSymbol='SPY   250804C00630000', tradingClass='SPY'), position=0.0, avgCost=0.0)
2025-08-04 14:04:26,909 - INFO - position: Position(account='DUN086112', contract=Option(conId=800902076, symbol='SPY', lastTradeDateOrContractMonth='20250804', strike=630.0, right='C', multiplier='100', currency='USD', localSymbol='SPY   250804C00630000', tradingClass='SPY'), position=0.0, avgCost=0.0)
2025-08-04 14:04:28,422 - INFO - position: Position(account='DUN086112', contract=Option(conId=800902076, symbol='SPY', lastTradeDateOrContractMonth='20250804', strike=630.0, right='C', multiplier='100', currency='USD', localSymbol='SPY   250804C00630000', tradingClass='SPY'), position=0.0, avgCost=0.0)
2025-08-04 14:04:29,933 - INFO - position: Position(account='DUN086112', contract=Option(conId=800902076, symbol='SPY', lastTradeDateOrContractMonth='20250804', strike=630.0, right='C', multiplier='100', currency='USD', localSymbol='SPY   250804C00630000', tradingClass='SPY'), position=0.0, avgCost=0.0)
2025-08-04 14:04:31,439 - INFO - position: Position(account='DUN086112', contract=Option(conId=800902076, symbol='SPY', lastTradeDateOrContractMonth='20250804', strike=630.0, right='C', multiplier='100', currency='USD', localSymbol='SPY   250804C00630000', tradingClass='SPY'), position=0.0, avgCost=0.0)
2025-08-04 14:04:32,939 - INFO - position: Position(account='DUN086112', contract=Option(conId=800902076, symbol='SPY', lastTradeDateOrContractMonth='20250804', strike=630.0, right='C', multiplier='100', currency='USD', localSymbol='SPY   250804C00630000', tradingClass='SPY'), position=0.0, avgCost=0.0)
2025-08-04 14:04:34,439 - INFO - position: Position(account='DUN086112', contract=Option(conId=800902076, symbol='SPY', lastTradeDateOrContractMonth='20250804', strike=630.0, right='C', multiplier='100', currency='USD', localSymbol='SPY   250804C00630000', tradingClass='SPY'), position=0.0, avgCost=0.0)
2025-08-04 14:04:35,955 - INFO - position: Position(account='DUN086112', contract=Option(conId=800902076, symbol='SPY', lastTradeDateOrContractMonth='20250804', strike=630.0, right='C', multiplier='100', currency='USD', localSymbol='SPY   250804C00630000', tradingClass='SPY'), position=0.0, avgCost=0.0)
2025-08-04 14:04:37,475 - INFO - position: Position(account='DUN086112', contract=Option(conId=800902076, symbol='SPY', lastTradeDateOrContractMonth='20250804', strike=630.0, right='C', multiplier='100', currency='USD', localSymbol='SPY   250804C00630000', tradingClass='SPY'), position=0.0, avgCost=0.0)
2025-08-04 14:05:57,510 - INFO - position: Position(account='DUN086112', contract=Option(conId=800902076, symbol='SPY', lastTradeDateOrContractMonth='20250804', strike=630.0, right='C', multiplier='100', currency='USD', localSymbol='SPY   250804C00630000', tradingClass='SPY'), position=10.0, avgCost=62.0)
2025-08-04 14:05:57,511 - INFO - position: Position(account='DUN086112', contract=Option(conId=800902076, symbol='SPY', lastTradeDateOrContractMonth='20250804', strike=630.0, right='C', multiplier='100', currency='USD', localSymbol='SPY   250804C00630000', tradingClass='SPY'), position=10.0, avgCost=63.14145)
2025-08-04 14:05:57,512 - INFO - updatePortfolio: PortfolioItem(contract=Option(conId=800902076, symbol='SPY', lastTradeDateOrContractMonth='20250804', strike=630.0, right='C', multiplier='100', primaryExchange='AMEX', currency='USD', localSymbol='SPY   250804C00630000', tradingClass='SPY'), position=10.0, marketPrice=0.61, marketValue=610.0, averageCost=63.14145, unrealizedPNL=-21.41, realizedPNL=-63.67, account='DUN086112')
2025-08-04 14:05:58,516 - INFO - Detected position: SPY   250804C00630000 | Quantity: 10.0
2025-08-04 14:05:59,017 - INFO - SPY   250804C00630000 | Qty: 10.0 | Entry: 63.14 | Bid: 0.69 | Loss: 98.91%
2025-08-04 14:05:59,520 - INFO - position: Position(account='DUN086112', contract=Option(conId=800902076, symbol='SPY', lastTradeDateOrContractMonth='20250804', strike=630.0, right='C', multiplier='100', currency='USD', localSymbol='SPY   250804C00630000', tradingClass='SPY'), position=10.0, avgCost=63.14145)
2025-08-04 14:06:00,520 - INFO - Detected position: SPY   250804C00630000 | Quantity: 10.0
2025-08-04 14:06:01,016 - INFO - SPY   250804C00630000 | Qty: 10.0 | Entry: 63.14 | Bid: 0.69 | Loss: 98.91%
2025-08-04 14:06:01,517 - INFO - position: Position(account='DUN086112', contract=Option(conId=800902076, symbol='SPY', lastTradeDateOrContractMonth='20250804', strike=630.0, right='C', multiplier='100', currency='USD', localSymbol='SPY   250804C00630000', tradingClass='SPY'), position=10.0, avgCost=63.14145)
2025-08-04 14:06:02,515 - INFO - Detected position: SPY   250804C00630000 | Quantity: 10.0
2025-08-04 14:06:03,023 - INFO - SPY   250804C00630000 | Qty: 10.0 | Entry: 63.14 | Bid: 0.69 | Loss: 98.91%
2025-08-04 14:06:03,524 - INFO - position: Position(account='DUN086112', contract=Option(conId=800902076, symbol='SPY', lastTradeDateOrContractMonth='20250804', strike=630.0, right='C', multiplier='100', currency='USD', localSymbol='SPY   250804C00630000', tradingClass='SPY'), position=10.0, avgCost=63.14145)
2025-08-04 14:06:04,528 - INFO - Detected position: SPY   250804C00630000 | Quantity: 10.0
2025-08-04 14:06:05,040 - INFO - SPY   250804C00630000 | Qty: 10.0 | Entry: 63.14 | Bid: 0.70 | Loss: 98.89%
2025-08-04 14:06:05,541 - INFO - position: Position(account='DUN086112', contract=Option(conId=800902076, symbol='SPY', lastTradeDateOrContractMonth='20250804', strike=630.0, right='C', multiplier='100', currency='USD', localSymbol='SPY   250804C00630000', tradingClass='SPY'), position=10.0, avgCost=63.14145)
2025-08-04 14:06:06,543 - INFO - Detected position: SPY   250804C00630000 | Quantity: 10.0
2025-08-04 14:06:07,053 - INFO - SPY   250804C00630000 | Qty: 10.0 | Entry: 63.14 | Bid: 0.69 | Loss: 98.91%
2025-08-04 14:06:07,554 - INFO - position: Position(account='DUN086112', contract=Option(conId=800902076, symbol='SPY', lastTradeDateOrContractMonth='20250804', strike=630.0, right='C', multiplier='100', currency='USD', localSymbol='SPY   250804C00630000', tradingClass='SPY'), position=10.0, avgCost=63.14145)
2025-08-04 14:06:08,567 - INFO - Detected position: SPY   250804C00630000 | Quantity: 10.0
2025-08-04 14:06:09,078 - INFO - SPY   250804C00630000 | Qty: 10.0 | Entry: 63.14 | Bid: 0.69 | Loss: 98.91%
2025-08-04 14:06:09,579 - INFO - position: Position(account='DUN086112', contract=Option(conId=800902076, symbol='SPY', lastTradeDateOrContractMonth='20250804', strike=630.0, right='C', multiplier='100', currency='USD', localSymbol='SPY   250804C00630000', tradingClass='SPY'), position=10.0, avgCost=63.14145)
2025-08-04 14:06:10,596 - INFO - Detected position: SPY   250804C00630000 | Quantity: 10.0
2025-08-04 14:06:11,106 - INFO - SPY   250804C00630000 | Qty: 10.0 | Entry: 63.14 | Bid: 0.68 | Loss: 98.92%
2025-08-04 14:06:11,607 - INFO - position: Position(account='DUN086112', contract=Option(conId=800902076, symbol='SPY', lastTradeDateOrContractMonth='20250804', strike=630.0, right='C', multiplier='100', currency='USD', localSymbol='SPY   250804C00630000', tradingClass='SPY'), position=10.0, avgCost=63.14145)
2025-08-04 14:06:12,626 - INFO - Detected position: SPY   250804C00630000 | Quantity: 10.0
2025-08-04 14:06:13,138 - INFO - SPY   250804C00630000 | Qty: 10.0 | Entry: 63.14 | Bid: 0.69 | Loss: 98.91%
2025-08-04 14:06:13,639 - INFO - position: Position(account='DUN086112', contract=Option(conId=800902076, symbol='SPY', lastTradeDateOrContractMonth='20250804', strike=630.0, right='C', multiplier='100', currency='USD', localSymbol='SPY   250804C00630000', tradingClass='SPY'), position=10.0, avgCost=63.14145)
2025-08-04 14:06:14,651 - INFO - Detected position: SPY   250804C00630000 | Quantity: 10.0
2025-08-04 14:06:15,147 - INFO - SPY   250804C00630000 | Qty: 10.0 | Entry: 63.14 | Bid: 0.69 | Loss: 98.91%
2025-08-04 14:06:15,662 - INFO - position: Position(account='DUN086112', contract=Option(conId=800902076, symbol='SPY', lastTradeDateOrContractMonth='20250804', strike=630.0, right='C', multiplier='100', currency='USD', localSymbol='SPY   250804C00630000', tradingClass='SPY'), position=10.0, avgCost=63.14145)
2025-08-04 14:06:16,673 - INFO - Detected position: SPY   250804C00630000 | Quantity: 10.0
2025-08-04 14:06:17,183 - INFO - SPY   250804C00630000 | Qty: 10.0 | Entry: 63.14 | Bid: 0.69 | Loss: 98.91%
2025-08-04 14:06:17,684 - INFO - position: Position(account='DUN086112', contract=Option(conId=800902076, symbol='SPY', lastTradeDateOrContractMonth='20250804', strike=630.0, right='C', multiplier='100', currency='USD', localSymbol='SPY   250804C00630000', tradingClass='SPY'), position=10.0, avgCost=63.14145)
2025-08-04 14:06:18,687 - INFO - Detected position: SPY   250804C00630000 | Quantity: 10.0
2025-08-04 14:06:19,196 - INFO - SPY   250804C00630000 | Qty: 10.0 | Entry: 63.14 | Bid: 0.69 | Loss: 98.91%
2025-08-04 14:06:19,698 - INFO - position: Position(account='DUN086112', contract=Option(conId=800902076, symbol='SPY', lastTradeDateOrContractMonth='20250804', strike=630.0, right='C', multiplier='100', currency='USD', localSymbol='SPY   250804C00630000', tradingClass='SPY'), position=10.0, avgCost=63.14145)
2025-08-04 14:06:20,696 - INFO - Detected position: SPY   250804C00630000 | Quantity: 10.0
2025-08-04 14:06:21,188 - INFO - SPY   250804C00630000 | Qty: 10.0 | Entry: 63.14 | Bid: 0.69 | Loss: 98.91%
2025-08-04 14:06:21,690 - INFO - position: Position(account='DUN086112', contract=Option(conId=800902076, symbol='SPY', lastTradeDateOrContractMonth='20250804', strike=630.0, right='C', multiplier='100', currency='USD', localSymbol='SPY   250804C00630000', tradingClass='SPY'), position=10.0, avgCost=63.14145)
2025-08-04 14:06:22,708 - INFO - Detected position: SPY   250804C00630000 | Quantity: 10.0
2025-08-04 14:06:23,220 - INFO - SPY   250804C00630000 | Qty: 10.0 | Entry: 63.14 | Bid: 0.70 | Loss: 98.89%
2025-08-04 14:06:23,722 - INFO - position: Position(account='DUN086112', contract=Option(conId=800902076, symbol='SPY', lastTradeDateOrContractMonth='20250804', strike=630.0, right='C', multiplier='100', currency='USD', localSymbol='SPY   250804C00630000', tradingClass='SPY'), position=10.0, avgCost=63.14145)
2025-08-04 14:06:24,722 - INFO - Detected position: SPY   250804C00630000 | Quantity: 10.0
2025-08-04 14:06:25,232 - INFO - SPY   250804C00630000 | Qty: 10.0 | Entry: 63.14 | Bid: 0.69 | Loss: 98.91%
2025-08-04 14:06:25,733 - INFO - position: Position(account='DUN086112', contract=Option(conId=800902076, symbol='SPY', lastTradeDateOrContractMonth='20250804', strike=630.0, right='C', multiplier='100', currency='USD', localSymbol='SPY   250804C00630000', tradingClass='SPY'), position=10.0, avgCost=63.14145)
2025-08-04 14:06:26,751 - INFO - Detected position: SPY   250804C00630000 | Quantity: 10.0
2025-08-04 14:06:27,259 - INFO - SPY   250804C00630000 | Qty: 10.0 | Entry: 63.14 | Bid: 0.69 | Loss: 98.91%
2025-08-04 14:06:27,761 - INFO - position: Position(account='DUN086112', contract=Option(conId=800902076, symbol='SPY', lastTradeDateOrContractMonth='20250804', strike=630.0, right='C', multiplier='100', currency='USD', localSymbol='SPY   250804C00630000', tradingClass='SPY'), position=10.0, avgCost=63.14145)
2025-08-04 14:06:28,760 - INFO - Detected position: SPY   250804C00630000 | Quantity: 10.0
2025-08-04 14:06:29,255 - INFO - SPY   250804C00630000 | Qty: 10.0 | Entry: 63.14 | Bid: 0.68 | Loss: 98.92%
2025-08-04 14:06:29,758 - INFO - position: Position(account='DUN086112', contract=Option(conId=800902076, symbol='SPY', lastTradeDateOrContractMonth='20250804', strike=630.0, right='C', multiplier='100', currency='USD', localSymbol='SPY   250804C00630000', tradingClass='SPY'), position=10.0, avgCost=63.14145)
2025-08-04 14:06:30,769 - INFO - Detected position: SPY   250804C00630000 | Quantity: 10.0
2025-08-04 14:06:31,277 - INFO - SPY   250804C00630000 | Qty: 10.0 | Entry: 63.14 | Bid: 0.69 | Loss: 98.91%
2025-08-04 14:06:31,777 - INFO - position: Position(account='DUN086112', contract=Option(conId=800902076, symbol='SPY', lastTradeDateOrContractMonth='20250804', strike=630.0, right='C', multiplier='100', currency='USD', localSymbol='SPY   250804C00630000', tradingClass='SPY'), position=10.0, avgCost=63.14145)
2025-08-04 14:06:32,794 - INFO - Detected position: SPY   250804C00630000 | Quantity: 10.0
2025-08-04 14:06:33,305 - INFO - SPY   250804C00630000 | Qty: 10.0 | Entry: 63.14 | Bid: 0.69 | Loss: 98.91%
2025-08-04 14:06:33,808 - INFO - position: Position(account='DUN086112', contract=Option(conId=800902076, symbol='SPY', lastTradeDateOrContractMonth='20250804', strike=630.0, right='C', multiplier='100', currency='USD', localSymbol='SPY   250804C00630000', tradingClass='SPY'), position=10.0, avgCost=63.14145)
2025-08-04 14:06:34,812 - INFO - Detected position: SPY   250804C00630000 | Quantity: 10.0
2025-08-04 14:06:35,324 - INFO - SPY   250804C00630000 | Qty: 10.0 | Entry: 63.14 | Bid: 0.69 | Loss: 98.91%
2025-08-04 14:06:35,826 - INFO - position: Position(account='DUN086112', contract=Option(conId=800902076, symbol='SPY', lastTradeDateOrContractMonth='20250804', strike=630.0, right='C', multiplier='100', currency='USD', localSymbol='SPY   250804C00630000', tradingClass='SPY'), position=10.0, avgCost=63.14145)
2025-08-04 14:06:36,839 - INFO - Detected position: SPY   250804C00630000 | Quantity: 10.0
2025-08-04 14:06:37,346 - INFO - SPY   250804C00630000 | Qty: 10.0 | Entry: 63.14 | Bid: 0.69 | Loss: 98.91%
2025-08-04 14:06:37,848 - INFO - position: Position(account='DUN086112', contract=Option(conId=800902076, symbol='SPY', lastTradeDateOrContractMonth='20250804', strike=630.0, right='C', multiplier='100', currency='USD', localSymbol='SPY   250804C00630000', tradingClass='SPY'), position=10.0, avgCost=63.14145)
2025-08-04 14:06:38,843 - INFO - Detected position: SPY   250804C00630000 | Quantity: 10.0
2025-08-04 14:06:39,354 - INFO - SPY   250804C00630000 | Qty: 10.0 | Entry: 63.14 | Bid: 0.66 | Loss: 98.95%
2025-08-04 14:06:39,856 - INFO - position: Position(account='DUN086112', contract=Option(conId=800902076, symbol='SPY', lastTradeDateOrContractMonth='20250804', strike=630.0, right='C', multiplier='100', currency='USD', localSymbol='SPY   250804C00630000', tradingClass='SPY'), position=10.0, avgCost=63.14145)
2025-08-04 14:06:40,870 - INFO - Detected position: SPY   250804C00630000 | Quantity: 10.0
2025-08-04 14:06:41,359 - INFO - SPY   250804C00630000 | Qty: 10.0 | Entry: 63.14 | Bid: 0.65 | Loss: 98.97%
2025-08-04 14:06:41,861 - INFO - updatePortfolio: PortfolioItem(contract=Option(conId=800902076, symbol='SPY', lastTradeDateOrContractMonth='20250804', strike=630.0, right='C', multiplier='100', primaryExchange='AMEX', currency='USD', localSymbol='SPY   250804C00630000', tradingClass='SPY'), position=10.0, marketPrice=0.66000005, marketValue=660.0, averageCost=63.14145, unrealizedPNL=28.59, realizedPNL=-63.67, account='DUN086112')
2025-08-04 14:06:41,861 - INFO - position: Position(account='DUN086112', contract=Option(conId=800902076, symbol='SPY', lastTradeDateOrContractMonth='20250804', strike=630.0, right='C', multiplier='100', currency='USD', localSymbol='SPY   250804C00630000', tradingClass='SPY'), position=10.0, avgCost=63.14145)
2025-08-04 14:06:42,874 - INFO - Detected position: SPY   250804C00630000 | Quantity: 10.0
2025-08-04 14:06:43,384 - INFO - SPY   250804C00630000 | Qty: 10.0 | Entry: 63.14 | Bid: 0.65 | Loss: 98.97%
2025-08-04 14:06:43,887 - INFO - position: Position(account='DUN086112', contract=Option(conId=800902076, symbol='SPY', lastTradeDateOrContractMonth='20250804', strike=630.0, right='C', multiplier='100', currency='USD', localSymbol='SPY   250804C00630000', tradingClass='SPY'), position=10.0, avgCost=63.14145)
2025-08-04 14:06:44,884 - INFO - Detected position: SPY   250804C00630000 | Quantity: 10.0
2025-08-04 14:06:45,376 - INFO - SPY   250804C00630000 | Qty: 10.0 | Entry: 63.14 | Bid: 0.65 | Loss: 98.97%
2025-08-04 14:06:45,877 - INFO - position: Position(account='DUN086112', contract=Option(conId=800902076, symbol='SPY', lastTradeDateOrContractMonth='20250804', strike=630.0, right='C', multiplier='100', currency='USD', localSymbol='SPY   250804C00630000', tradingClass='SPY'), position=10.0, avgCost=63.14145)
2025-08-04 14:06:46,876 - INFO - Detected position: SPY   250804C00630000 | Quantity: 10.0
2025-08-04 14:06:47,384 - INFO - SPY   250804C00630000 | Qty: 10.0 | Entry: 63.14 | Bid: 0.64 | Loss: 98.99%
2025-08-04 14:06:47,886 - INFO - position: Position(account='DUN086112', contract=Option(conId=800902076, symbol='SPY', lastTradeDateOrContractMonth='20250804', strike=630.0, right='C', multiplier='100', currency='USD', localSymbol='SPY   250804C00630000', tradingClass='SPY'), position=10.0, avgCost=63.14145)
2025-08-04 14:06:48,885 - INFO - Detected position: SPY   250804C00630000 | Quantity: 10.0
2025-08-04 14:06:49,394 - INFO - SPY   250804C00630000 | Qty: 10.0 | Entry: 63.14 | Bid: 0.65 | Loss: 98.97%
2025-08-04 14:06:49,896 - INFO - position: Position(account='DUN086112', contract=Option(conId=800902076, symbol='SPY', lastTradeDateOrContractMonth='20250804', strike=630.0, right='C', multiplier='100', currency='USD', localSymbol='SPY   250804C00630000', tradingClass='SPY'), position=10.0, avgCost=63.14145)
2025-08-04 14:06:50,895 - INFO - Detected position: SPY   250804C00630000 | Quantity: 10.0
2025-08-04 14:06:51,391 - INFO - SPY   250804C00630000 | Qty: 10.0 | Entry: 63.14 | Bid: 0.61 | Loss: 99.03%
2025-08-04 14:06:51,894 - INFO - position: Position(account='DUN086112', contract=Option(conId=800902076, symbol='SPY', lastTradeDateOrContractMonth='20250804', strike=630.0, right='C', multiplier='100', currency='USD', localSymbol='SPY   250804C00630000', tradingClass='SPY'), position=10.0, avgCost=63.14145)
2025-08-04 14:06:52,895 - INFO - Detected position: SPY   250804C00630000 | Quantity: 10.0
2025-08-04 14:06:53,408 - INFO - SPY   250804C00630000 | Qty: 10.0 | Entry: 63.14 | Bid: 0.61 | Loss: 99.03%
2025-08-04 14:06:53,910 - INFO - position: Position(account='DUN086112', contract=Option(conId=800902076, symbol='SPY', lastTradeDateOrContractMonth='20250804', strike=630.0, right='C', multiplier='100', currency='USD', localSymbol='SPY   250804C00630000', tradingClass='SPY'), position=10.0, avgCost=63.14145)
2025-08-04 14:06:54,908 - INFO - Detected position: SPY   250804C00630000 | Quantity: 10.0
2025-08-04 14:06:55,418 - INFO - SPY   250804C00630000 | Qty: 10.0 | Entry: 63.14 | Bid: 0.61 | Loss: 99.03%
2025-08-04 14:06:55,920 - INFO - position: Position(account='DUN086112', contract=Option(conId=800902076, symbol='SPY', lastTradeDateOrContractMonth='20250804', strike=630.0, right='C', multiplier='100', currency='USD', localSymbol='SPY   250804C00630000', tradingClass='SPY'), position=10.0, avgCost=63.14145)
2025-08-04 14:06:56,932 - INFO - Detected position: SPY   250804C00630000 | Quantity: 10.0
2025-08-04 14:06:57,421 - INFO - SPY   250804C00630000 | Qty: 10.0 | Entry: 63.14 | Bid: 0.61 | Loss: 99.03%
2025-08-04 14:06:57,926 - INFO - position: Position(account='DUN086112', contract=Option(conId=800902076, symbol='SPY', lastTradeDateOrContractMonth='20250804', strike=630.0, right='C', multiplier='100', currency='USD', localSymbol='SPY   250804C00630000', tradingClass='SPY'), position=10.0, avgCost=63.14145)
2025-08-04 14:06:58,947 - INFO - Detected position: SPY   250804C00630000 | Quantity: 10.0
2025-08-04 14:06:59,457 - INFO - SPY   250804C00630000 | Qty: 10.0 | Entry: 63.14 | Bid: 0.60 | Loss: 99.05%
2025-08-04 14:06:59,959 - INFO - position: Position(account='DUN086112', contract=Option(conId=800902076, symbol='SPY', lastTradeDateOrContractMonth='20250804', strike=630.0, right='C', multiplier='100', currency='USD', localSymbol='SPY   250804C00630000', tradingClass='SPY'), position=10.0, avgCost=63.14145)
2025-08-04 14:07:00,967 - INFO - Detected position: SPY   250804C00630000 | Quantity: 10.0
2025-08-04 14:07:01,479 - INFO - SPY   250804C00630000 | Qty: 10.0 | Entry: 63.14 | Bid: 0.59 | Loss: 99.07%
2025-08-04 14:07:01,980 - INFO - position: Position(account='DUN086112', contract=Option(conId=800902076, symbol='SPY', lastTradeDateOrContractMonth='20250804', strike=630.0, right='C', multiplier='100', currency='USD', localSymbol='SPY   250804C00630000', tradingClass='SPY'), position=10.0, avgCost=63.14145)
2025-08-04 14:07:02,996 - INFO - Detected position: SPY   250804C00630000 | Quantity: 10.0
2025-08-04 14:07:03,488 - INFO - SPY   250804C00630000 | Qty: 10.0 | Entry: 63.14 | Bid: 0.60 | Loss: 99.05%
2025-08-04 14:07:03,991 - INFO - position: Position(account='DUN086112', contract=Option(conId=800902076, symbol='SPY', lastTradeDateOrContractMonth='20250804', strike=630.0, right='C', multiplier='100', currency='USD', localSymbol='SPY   250804C00630000', tradingClass='SPY'), position=10.0, avgCost=63.14145)
2025-08-04 14:07:05,010 - INFO - Detected position: SPY   250804C00630000 | Quantity: 10.0
2025-08-04 14:07:05,520 - INFO - SPY   250804C00630000 | Qty: 10.0 | Entry: 63.14 | Bid: 0.61 | Loss: 99.03%
2025-08-04 14:07:06,024 - INFO - position: Position(account='DUN086112', contract=Option(conId=800902076, symbol='SPY', lastTradeDateOrContractMonth='20250804', strike=630.0, right='C', multiplier='100', currency='USD', localSymbol='SPY   250804C00630000', tradingClass='SPY'), position=10.0, avgCost=63.14145)
2025-08-04 14:07:07,025 - INFO - Detected position: SPY   250804C00630000 | Quantity: 10.0
2025-08-04 14:07:07,521 - INFO - SPY   250804C00630000 | Qty: 10.0 | Entry: 63.14 | Bid: 0.62 | Loss: 99.02%
2025-08-04 14:07:08,023 - INFO - position: Position(account='DUN086112', contract=Option(conId=800902076, symbol='SPY', lastTradeDateOrContractMonth='20250804', strike=630.0, right='C', multiplier='100', currency='USD', localSymbol='SPY   250804C00630000', tradingClass='SPY'), position=10.0, avgCost=63.14145)
2025-08-04 14:07:09,039 - INFO - Detected position: SPY   250804C00630000 | Quantity: 10.0
2025-08-04 14:07:09,535 - INFO - SPY   250804C00630000 | Qty: 10.0 | Entry: 63.14 | Bid: 0.61 | Loss: 99.03%
2025-08-04 14:07:10,038 - INFO - position: Position(account='DUN086112', contract=Option(conId=800902076, symbol='SPY', lastTradeDateOrContractMonth='20250804', strike=630.0, right='C', multiplier='100', currency='USD', localSymbol='SPY   250804C00630000', tradingClass='SPY'), position=10.0, avgCost=63.14145)
2025-08-04 14:07:11,040 - INFO - Detected position: SPY   250804C00630000 | Quantity: 10.0
2025-08-04 14:07:11,513 - INFO - SPY   250804C00630000 | Qty: 10.0 | Entry: 63.14 | Bid: 0.60 | Loss: 99.05%
2025-08-04 14:07:12,015 - INFO - position: Position(account='DUN086112', contract=Option(conId=800902076, symbol='SPY', lastTradeDateOrContractMonth='20250804', strike=630.0, right='C', multiplier='100', currency='USD', localSymbol='SPY   250804C00630000', tradingClass='SPY'), position=10.0, avgCost=63.14145)
2025-08-04 14:07:13,035 - INFO - Detected position: SPY   250804C00630000 | Quantity: 10.0
2025-08-04 14:07:13,546 - INFO - SPY   250804C00630000 | Qty: 10.0 | Entry: 63.14 | Bid: 0.60 | Loss: 99.05%
2025-08-04 14:07:14,049 - INFO - position: Position(account='DUN086112', contract=Option(conId=800902076, symbol='SPY', lastTradeDateOrContractMonth='20250804', strike=630.0, right='C', multiplier='100', currency='USD', localSymbol='SPY   250804C00630000', tradingClass='SPY'), position=10.0, avgCost=63.14145)
2025-08-04 14:07:15,053 - INFO - Detected position: SPY   250804C00630000 | Quantity: 10.0
2025-08-04 14:07:15,559 - INFO - SPY   250804C00630000 | Qty: 10.0 | Entry: 63.14 | Bid: 0.61 | Loss: 99.03%
2025-08-04 14:07:16,061 - INFO - position: Position(account='DUN086112', contract=Option(conId=800902076, symbol='SPY', lastTradeDateOrContractMonth='20250804', strike=630.0, right='C', multiplier='100', currency='USD', localSymbol='SPY   250804C00630000', tradingClass='SPY'), position=10.0, avgCost=63.14145)
2025-08-04 14:07:17,074 - INFO - Detected position: SPY   250804C00630000 | Quantity: 10.0
2025-08-04 14:07:17,573 - INFO - SPY   250804C00630000 | Qty: 10.0 | Entry: 63.14 | Bid: 0.61 | Loss: 99.03%
2025-08-04 14:07:18,076 - INFO - position: Position(account='DUN086112', contract=Option(conId=800902076, symbol='SPY', lastTradeDateOrContractMonth='20250804', strike=630.0, right='C', multiplier='100', currency='USD', localSymbol='SPY   250804C00630000', tradingClass='SPY'), position=10.0, avgCost=63.14145)
2025-08-04 14:07:19,096 - INFO - Detected position: SPY   250804C00630000 | Quantity: 10.0
2025-08-04 14:07:19,604 - INFO - SPY   250804C00630000 | Qty: 10.0 | Entry: 63.14 | Bid: 0.61 | Loss: 99.03%
2025-08-04 14:07:20,104 - INFO - position: Position(account='DUN086112', contract=Option(conId=800902076, symbol='SPY', lastTradeDateOrContractMonth='20250804', strike=630.0, right='C', multiplier='100', currency='USD', localSymbol='SPY   250804C00630000', tradingClass='SPY'), position=10.0, avgCost=63.14145)
2025-08-04 14:07:21,114 - INFO - Detected position: SPY   250804C00630000 | Quantity: 10.0
2025-08-04 14:07:21,608 - INFO - SPY   250804C00630000 | Qty: 10.0 | Entry: 63.14 | Bid: 0.61 | Loss: 99.03%
2025-08-04 14:07:22,111 - INFO - position: Position(account='DUN086112', contract=Option(conId=800902076, symbol='SPY', lastTradeDateOrContractMonth='20250804', strike=630.0, right='C', multiplier='100', currency='USD', localSymbol='SPY   250804C00630000', tradingClass='SPY'), position=10.0, avgCost=63.14145)
2025-08-04 14:07:23,123 - INFO - Detected position: SPY   250804C00630000 | Quantity: 10.0
2025-08-04 14:07:23,624 - INFO - SPY   250804C00630000 | Qty: 10.0 | Entry: 63.14 | Bid: 0.60 | Loss: 99.05%
2025-08-04 14:07:24,127 - INFO - position: Position(account='DUN086112', contract=Option(conId=800902076, symbol='SPY', lastTradeDateOrContractMonth='20250804', strike=630.0, right='C', multiplier='100', currency='USD', localSymbol='SPY   250804C00630000', tradingClass='SPY'), position=10.0, avgCost=63.14145)
2025-08-04 14:07:25,131 - INFO - Detected position: SPY   250804C00630000 | Quantity: 10.0
2025-08-04 14:07:25,638 - INFO - SPY   250804C00630000 | Qty: 10.0 | Entry: 63.14 | Bid: 0.62 | Loss: 99.02%
2025-08-04 14:07:26,142 - INFO - position: Position(account='DUN086112', contract=Option(conId=800902076, symbol='SPY', lastTradeDateOrContractMonth='20250804', strike=630.0, right='C', multiplier='100', currency='USD', localSymbol='SPY   250804C00630000', tradingClass='SPY'), position=10.0, avgCost=63.14145)
2025-08-04 14:07:27,152 - INFO - Detected position: SPY   250804C00630000 | Quantity: 10.0
2025-08-04 14:07:27,661 - INFO - SPY   250804C00630000 | Qty: 10.0 | Entry: 63.14 | Bid: 0.63 | Loss: 99.00%
2025-08-04 14:07:28,163 - INFO - position: Position(account='DUN086112', contract=Option(conId=800902076, symbol='SPY', lastTradeDateOrContractMonth='20250804', strike=630.0, right='C', multiplier='100', currency='USD', localSymbol='SPY   250804C00630000', tradingClass='SPY'), position=10.0, avgCost=63.14145)
2025-08-04 14:07:29,161 - INFO - Detected position: SPY   250804C00630000 | Quantity: 10.0
2025-08-04 14:07:29,663 - INFO - SPY   250804C00630000 | Qty: 10.0 | Entry: 63.14 | Bid: 0.63 | Loss: 99.00%
2025-08-04 14:07:30,164 - INFO - position: Position(account='DUN086112', contract=Option(conId=800902076, symbol='SPY', lastTradeDateOrContractMonth='20250804', strike=630.0, right='C', multiplier='100', currency='USD', localSymbol='SPY   250804C00630000', tradingClass='SPY'), position=10.0, avgCost=63.14145)
2025-08-04 14:07:31,162 - INFO - Detected position: SPY   250804C00630000 | Quantity: 10.0
2025-08-04 14:07:31,684 - INFO - SPY   250804C00630000 | Qty: 10.0 | Entry: 63.14 | Bid: 0.63 | Loss: 99.00%
2025-08-04 14:07:32,185 - INFO - position: Position(account='DUN086112', contract=Option(conId=800902076, symbol='SPY', lastTradeDateOrContractMonth='20250804', strike=630.0, right='C', multiplier='100', currency='USD', localSymbol='SPY   250804C00630000', tradingClass='SPY'), position=10.0, avgCost=63.14145)
2025-08-04 14:07:33,200 - INFO - Detected position: SPY   250804C00630000 | Quantity: 10.0
2025-08-04 14:07:33,717 - INFO - SPY   250804C00630000 | Qty: 10.0 | Entry: 63.14 | Bid: 0.63 | Loss: 99.00%
2025-08-04 14:07:33,913 - INFO - Disconnecting from 127.0.0.1:7497, 10.1 kB sent in 168 messages, 2.01 MB received in 53246 messages, session time 198 s.
2025-08-04 14:07:33,914 - INFO - Disconnecting
2025-08-04 14:07:33,915 - INFO - Disconnected from IBKR.
