2025-08-01 12:58:06,746 - INFO - Connecting to IBKR...
2025-08-01 12:58:06,747 - INFO - Connecting to 127.0.0.1:7497 with clientId 1...
2025-08-01 12:58:06,747 - INFO - Connected
2025-08-01 12:58:06,749 - INFO - Logged on to server version 176
2025-08-01 12:58:06,750 - INFO - Warning 2104, reqId -1: Market data farm connection is OK:cashfarm
2025-08-01 12:58:06,750 - INFO - Warning 2104, reqId -1: Market data farm connection is OK:usopt.nj
2025-08-01 12:58:06,750 - INFO - Warning 2104, reqId -1: Market data farm connection is OK:usfarm.nj
2025-08-01 12:58:06,751 - INFO - Warning 2104, reqId -1: Market data farm connection is OK:usopt
2025-08-01 12:58:06,751 - INFO - Warning 2104, reqId -1: Market data farm connection is OK:usfarm
2025-08-01 12:58:06,751 - INFO - Warning 2106, reqId -1: HMDS data farm connection is OK:euhmds
2025-08-01 12:58:06,751 - INFO - Warning 2106, reqId -1: HMDS data farm connection is OK:fundfarm
2025-08-01 12:58:06,751 - INFO - Warning 2106, reqId -1: HMDS data farm connection is OK:ushmds
2025-08-01 12:58:06,751 - INFO - Warning 2158, reqId -1: Sec-def data farm connection is OK:secdefil
2025-08-01 12:58:06,752 - INFO - API connection ready
2025-08-01 12:58:06,752 - INFO - position: Position(account='DUN086112', contract=Option(conId=791562922, symbol='SPY', lastTradeDateOrContractMonth='20250801', strike=625.0, right='C', multiplier='100', currency='USD', localSymbol='SPY   250801C00625000', tradingClass='SPY'), position=1.0, avgCost=33.86145)
2025-08-01 12:58:06,954 - INFO - updatePortfolio: PortfolioItem(contract=Option(conId=791562922, symbol='SPY', lastTradeDateOrContractMonth='20250801', strike=625.0, right='C', multiplier='100', primaryExchange='AMEX', currency='USD', localSymbol='SPY   250801C00625000', tradingClass='SPY'), position=1.0, marketPrice=0.33, marketValue=33.0, averageCost=33.86145, unrealizedPNL=-0.86, realizedPNL=-41.82, account='DUN086112')
2025-08-01 12:58:07,072 - INFO - execDetails Execution(execId='00020057.688d141e.01.01', time=datetime.datetime(2025, 8, 1, 16, 37, 42, tzinfo=datetime.timezone.utc), acctNumber='DUN086112', exchange='SAPPHIRE', side='BOT', shares=1.0, price=0.88, permId=1494422454, clientId=0, orderId=0, liquidation=0, cumQty=1.0, avgPrice=0.88, orderRef='OptionChain', evRule='', evMultiplier=0.0, modelCode='', lastLiquidity=2)
2025-08-01 12:58:07,072 - INFO - execDetails Execution(execId='00020057.688d161d.01.01', time=datetime.datetime(2025, 8, 1, 16, 42, 41, tzinfo=datetime.timezone.utc), acctNumber='DUN086112', exchange='EDGX', side='SLD', shares=1.0, price=0.53, permId=1494422461, clientId=1, orderId=5, liquidation=0, cumQty=1.0, avgPrice=0.53, orderRef='', evRule='', evMultiplier=0.0, modelCode='', lastLiquidity=1)
2025-08-01 12:58:07,073 - INFO - execDetails Execution(execId='00020057.688d1637.01.01', time=datetime.datetime(2025, 8, 1, 16, 42, 53, tzinfo=datetime.timezone.utc), acctNumber='DUN086112', exchange='SAPPHIRE', side='BOT', shares=1.0, price=0.55, permId=1494422458, clientId=0, orderId=0, liquidation=0, cumQty=1.0, avgPrice=0.55, orderRef='', evRule='', evMultiplier=0.0, modelCode='', lastLiquidity=2)
2025-08-01 12:58:07,074 - INFO - execDetails Execution(execId='00020057.688d17d7.01.01', time=datetime.datetime(2025, 8, 1, 16, 49, 45, tzinfo=datetime.timezone.utc), acctNumber='DUN086112', exchange='AMEX', side='SLD', shares=1.0, price=0.52, permId=1494422474, clientId=1, orderId=10, liquidation=0, cumQty=1.0, avgPrice=0.52, orderRef='', evRule='', evMultiplier=0.0, modelCode='', lastLiquidity=2)
2025-08-01 12:58:07,074 - INFO - execDetails Execution(execId='00020057.688d1cd5.01.01', time=datetime.datetime(2025, 8, 1, 16, 56, 35, tzinfo=datetime.timezone.utc), acctNumber='DUN086112', exchange='SAPPHIRE', side='BOT', shares=1.0, price=0.33, permId=1494422467, clientId=0, orderId=0, liquidation=0, cumQty=1.0, avgPrice=0.33, orderRef='', evRule='', evMultiplier=0.0, modelCode='', lastLiquidity=2)
2025-08-01 12:58:07,075 - INFO - commissionReport: CommissionReport(execId='00020057.688d141e.01.01', commission=0.86145, currency='USD', realizedPNL=0.0, yield_=0.0, yieldRedemptionDate=0)
2025-08-01 12:58:07,075 - INFO - commissionReport: CommissionReport(execId='00020057.688d161d.01.01', commission=1.04424, currency='USD', realizedPNL=-36.90569, yield_=0.0, yieldRedemptionDate=0)
2025-08-01 12:58:07,076 - INFO - commissionReport: CommissionReport(execId='00020057.688d1637.01.01', commission=0.86145, currency='USD', realizedPNL=0.0, yield_=0.0, yieldRedemptionDate=0)
2025-08-01 12:58:07,077 - INFO - commissionReport: CommissionReport(execId='00020057.688d17d7.01.01', commission=1.05424, currency='USD', realizedPNL=-4.91569, yield_=0.0, yieldRedemptionDate=0)
2025-08-01 12:58:07,077 - INFO - commissionReport: CommissionReport(execId='00020057.688d1cd5.01.01', commission=0.86145, currency='USD', realizedPNL=0.0, yield_=0.0, yieldRedemptionDate=0)
2025-08-01 12:58:07,078 - INFO - Synchronization complete
2025-08-01 12:58:07,078 - INFO - Monitoring all open option positions with stop-loss protection...
2025-08-01 12:58:07,079 - INFO - position: Position(account='DUN086112', contract=Option(conId=791562922, symbol='SPY', lastTradeDateOrContractMonth='20250801', strike=625.0, right='C', multiplier='100', currency='USD', localSymbol='SPY   250801C00625000', tradingClass='SPY'), position=1.0, avgCost=33.86145)
2025-08-01 12:58:08,085 - INFO - Checking: SPY   250801C00625000 | Avg Cost: 33.86
2025-08-01 12:58:08,086 - ERROR - Error 321, reqId 13: Error validating request.-'bQ' : cause - Please enter exchange, contract: Option(conId=791562922, symbol='SPY', lastTradeDateOrContractMonth='20250801', strike=625.0, right='C', multiplier='100', currency='USD', localSymbol='SPY   250801C00625000', tradingClass='SPY')
2025-08-01 12:58:09,602 - INFO - Disconnecting from 127.0.0.1:7497, 230 B sent in 11 messages, 23.4 kB received in 421 messages, session time 2.86 s.
2025-08-01 12:58:09,603 - INFO - Disconnecting
2025-08-01 12:58:09,603 - INFO - Disconnected from IBKR.
