2025-08-01 12:39:00,599 - INFO - Connecting to IBKR...
2025-08-01 12:39:00,600 - INFO - Connecting to 127.0.0.1:7497 with clientId 1...
2025-08-01 12:39:00,601 - INFO - Connected
2025-08-01 12:39:00,603 - INFO - Logged on to server version 176
2025-08-01 12:39:00,607 - INFO - Warning 2104, reqId -1: Market data farm connection is OK:cashfarm
2025-08-01 12:39:00,607 - INFO - Warning 2104, reqId -1: Market data farm connection is OK:usopt.nj
2025-08-01 12:39:00,607 - INFO - Warning 2104, reqId -1: Market data farm connection is OK:usfarm.nj
2025-08-01 12:39:00,608 - INFO - Warning 2104, reqId -1: Market data farm connection is OK:usopt
2025-08-01 12:39:00,608 - INFO - Warning 2104, reqId -1: Market data farm connection is OK:usfarm
2025-08-01 12:39:00,608 - INFO - Warning 2106, reqId -1: HMDS data farm connection is OK:euhmds
2025-08-01 12:39:00,609 - INFO - Warning 2106, reqId -1: HMDS data farm connection is OK:fundfarm
2025-08-01 12:39:00,609 - INFO - Warning 2106, reqId -1: HMDS data farm connection is OK:ushmds
2025-08-01 12:39:00,610 - INFO - Warning 2158, reqId -1: Sec-def data farm connection is OK:secdefil
2025-08-01 12:39:00,611 - INFO - API connection ready
2025-08-01 12:39:00,613 - INFO - position: Position(account='DUN086112', contract=Option(conId=791562922, symbol='SPY', lastTradeDateOrContractMonth='20250801', strike=625.0, right='C', multiplier='100', currency='USD', localSymbol='SPY   250801C00625000', tradingClass='SPY'), position=1.0, avgCost=88.86145)
2025-08-01 12:39:00,714 - INFO - updatePortfolio: PortfolioItem(contract=Option(conId=791562922, symbol='SPY', lastTradeDateOrContractMonth='20250801', strike=625.0, right='C', multiplier='100', primaryExchange='AMEX', currency='USD', localSymbol='SPY   250801C00625000', tradingClass='SPY'), position=1.0, marketPrice=0.88, marketValue=88.0, averageCost=88.86145, unrealizedPNL=-0.86, realizedPNL=0.0, account='DUN086112')
2025-08-01 12:39:00,779 - INFO - execDetails Execution(execId='00020057.688d141e.01.01', time=datetime.datetime(2025, 8, 1, 16, 37, 42, tzinfo=datetime.timezone.utc), acctNumber='DUN086112', exchange='SAPPHIRE', side='BOT', shares=1.0, price=0.88, permId=1494422454, clientId=0, orderId=0, liquidation=0, cumQty=1.0, avgPrice=0.88, orderRef='OptionChain', evRule='', evMultiplier=0.0, modelCode='', lastLiquidity=2)
2025-08-01 12:39:00,780 - INFO - commissionReport: CommissionReport(execId='00020057.688d141e.01.01', commission=0.86145, currency='USD', realizedPNL=0.0, yield_=0.0, yieldRedemptionDate=0)
2025-08-01 12:39:00,781 - INFO - Synchronization complete
2025-08-01 12:39:00,781 - INFO - Defining option contract: SPY 20250801 625 C
2025-08-01 12:39:00,934 - INFO - Monitoring contract: Option(conId=791562922, symbol='SPY', lastTradeDateOrContractMonth='20250801', strike=625.0, right='C', multiplier='100', exchange='SMART', currency='USD', localSymbol='SPY   250801C00625000', tradingClass='SPY')
2025-08-01 12:39:00,934 - INFO - Stop-loss price set at: $0.7
2025-08-01 12:39:00,935 - INFO - Subscribing to market data...
2025-08-01 12:39:02,436 - INFO - Bid: 0.76 | Loss: -13.64% | Trigger: -20%
2025-08-01 12:39:02,436 - INFO - Disconnecting from 127.0.0.1:7497, 273 B sent in 11 messages, 22.8 kB received in 456 messages, session time 1.84 s.
2025-08-01 12:39:02,438 - INFO - Disconnecting
2025-08-01 12:39:02,438 - INFO - Disconnected from IBKR.
