2025-08-04 13:53:33,117 - INFO - Connecting to IBKR...
2025-08-04 13:53:33,118 - INFO - Connecting to 127.0.0.1:7497 with clientId 1...
2025-08-04 13:53:33,118 - INFO - Connected
2025-08-04 13:53:33,121 - INFO - Logged on to server version 176
2025-08-04 13:53:33,126 - INFO - Warning 2104, reqId -1: Market data farm connection is OK:cashfarm
2025-08-04 13:53:33,126 - INFO - Warning 2104, reqId -1: Market data farm connection is OK:usfuture
2025-08-04 13:53:33,126 - INFO - Warning 2104, reqId -1: Market data farm connection is OK:usopt.nj
2025-08-04 13:53:33,127 - INFO - Warning 2104, reqId -1: Market data farm connection is OK:usfarm.nj
2025-08-04 13:53:33,127 - INFO - Warning 2104, reqId -1: Market data farm connection is OK:usopt
2025-08-04 13:53:33,127 - INFO - Warning 2104, reqId -1: Market data farm connection is OK:usfarm
2025-08-04 13:53:33,128 - INFO - Warning 2106, reqId -1: HMDS data farm connection is OK:euhmds
2025-08-04 13:53:33,128 - INFO - Warning 2106, reqId -1: HMDS data farm connection is OK:fundfarm
2025-08-04 13:53:33,129 - INFO - Warning 2106, reqId -1: HMDS data farm connection is OK:ushmds
2025-08-04 13:53:33,129 - INFO - Warning 2158, reqId -1: Sec-def data farm connection is OK:secdefil
2025-08-04 13:53:33,129 - INFO - API connection ready
2025-08-04 13:53:33,130 - INFO - position: Position(account='DUN086112', contract=Option(conId=800902076, symbol='SPY', lastTradeDateOrContractMonth='20250804', strike=630.0, right='C', multiplier='100', currency='USD', localSymbol='SPY   250804C00630000', tradingClass='SPY'), position=0.0, avgCost=0.0)
2025-08-04 13:53:33,231 - INFO - updatePortfolio: PortfolioItem(contract=Option(conId=800902076, symbol='SPY', lastTradeDateOrContractMonth='20250804', strike=630.0, right='C', multiplier='100', primaryExchange='AMEX', currency='USD', localSymbol='SPY   250804C00630000', tradingClass='SPY'), position=0.0, marketPrice=0.54, marketValue=0.0, averageCost=0.0, unrealizedPNL=0.0, realizedPNL=-42.76, account='DUN086112')
2025-08-04 13:53:33,248 - INFO - execDetails Execution(execId='00020057.6890cb50.01.01', time=datetime.datetime(2025, 8, 4, 16, 15, 55, tzinfo=datetime.timezone.utc), acctNumber='DUN086112', exchange='AMEX', side='BOT', shares=10.0, price=0.69, permId=1909400772, clientId=0, orderId=0, liquidation=0, cumQty=10.0, avgPrice=0.69, orderRef='OptionChain', evRule='', evMultiplier=0.0, modelCode='', lastLiquidity=2)
2025-08-04 13:53:33,249 - INFO - execDetails Execution(execId='00020057.6890dce0.01.01', time=datetime.datetime(2025, 8, 4, 17, 16, 55, tzinfo=datetime.timezone.utc), acctNumber='DUN086112', exchange='SAPPHIRE', side='SLD', shares=10.0, price=0.9, permId=1909400776, clientId=0, orderId=0, liquidation=0, cumQty=10.0, avgPrice=0.9, orderRef='', evRule='', evMultiplier=0.0, modelCode='', lastLiquidity=2)
2025-08-04 13:53:33,250 - INFO - execDetails Execution(execId='00020057.6890dd11.01.01', time=datetime.datetime(2025, 8, 4, 17, 17, 24, tzinfo=datetime.timezone.utc), acctNumber='DUN086112', exchange='BATS', side='BOT', shares=1.0, price=0.91, permId=1909400783, clientId=0, orderId=0, liquidation=0, cumQty=1.0, avgPrice=0.91, orderRef='', evRule='', evMultiplier=0.0, modelCode='', lastLiquidity=2)
2025-08-04 13:53:33,250 - INFO - execDetails Execution(execId='00020057.6890dd3e.01.01', time=datetime.datetime(2025, 8, 4, 17, 17, 50, tzinfo=datetime.timezone.utc), acctNumber='DUN086112', exchange='AMEX', side='SLD', shares=1.0, price=0.84, permId=1909400787, clientId=1, orderId=885, liquidation=0, cumQty=1.0, avgPrice=0.84, orderRef='', evRule='', evMultiplier=0.0, modelCode='', lastLiquidity=2)
2025-08-04 13:53:33,251 - INFO - execDetails Execution(execId='00020057.6890dd54.01.01', time=datetime.datetime(2025, 8, 4, 17, 18, 2, tzinfo=datetime.timezone.utc), acctNumber='DUN086112', exchange='SAPPHIRE', side='BOT', shares=1.0, price=0.89, permId=1909400786, clientId=0, orderId=0, liquidation=0, cumQty=1.0, avgPrice=0.89, orderRef='', evRule='', evMultiplier=0.0, modelCode='', lastLiquidity=2)
2025-08-04 13:53:33,252 - INFO - execDetails Execution(execId='00020057.6890de43.01.01', time=datetime.datetime(2025, 8, 4, 17, 20, 42, tzinfo=datetime.timezone.utc), acctNumber='DUN086112', exchange='AMEX', side='SLD', shares=1.0, price=0.8, permId=1909400791, clientId=1, orderId=925, liquidation=0, cumQty=1.0, avgPrice=0.8, orderRef='', evRule='', evMultiplier=0.0, modelCode='', lastLiquidity=2)
2025-08-04 13:53:33,252 - INFO - execDetails Execution(execId='00020057.6890df39.01.01', time=datetime.datetime(2025, 8, 4, 17, 22, 40, tzinfo=datetime.timezone.utc), acctNumber='DUN086112', exchange='SAPPHIRE', side='BOT', shares=10.0, price=0.78, permId=1909400790, clientId=0, orderId=0, liquidation=0, cumQty=10.0, avgPrice=0.78, orderRef='', evRule='', evMultiplier=0.0, modelCode='', lastLiquidity=2)
2025-08-04 13:53:33,253 - INFO - execDetails Execution(execId='00020057.6890e3ca.01.01', time=datetime.datetime(2025, 8, 4, 17, 38, tzinfo=datetime.timezone.utc), acctNumber='DUN086112', exchange='AMEX', side='SLD', shares=1.0, price=0.68, permId=1909400797, clientId=1, orderId=1148, liquidation=0, cumQty=1.0, avgPrice=0.68, orderRef='', evRule='', evMultiplier=0.0, modelCode='', lastLiquidity=2)
2025-08-04 13:53:33,254 - INFO - execDetails Execution(execId='00020057.6890e3cb.01.01', time=datetime.datetime(2025, 8, 4, 17, 38, tzinfo=datetime.timezone.utc), acctNumber='DUN086112', exchange='AMEX', side='SLD', shares=9.0, price=0.68, permId=1909400797, clientId=1, orderId=1148, liquidation=0, cumQty=10.0, avgPrice=0.68, orderRef='', evRule='', evMultiplier=0.0, modelCode='', lastLiquidity=2)
2025-08-04 13:53:33,254 - INFO - execDetails Execution(execId='00020057.6890e468.01.01', time=datetime.datetime(2025, 8, 4, 17, 40, 13, tzinfo=datetime.timezone.utc), acctNumber='DUN086112', exchange='AMEX', side='BOT', shares=10.0, price=0.71, permId=1909400796, clientId=0, orderId=0, liquidation=0, cumQty=10.0, avgPrice=0.71, orderRef='', evRule='', evMultiplier=0.0, modelCode='', lastLiquidity=2)
2025-08-04 13:53:33,255 - INFO - execDetails Execution(execId='00020057.6890e4a4.01.01', time=datetime.datetime(2025, 8, 4, 17, 41, 5, tzinfo=datetime.timezone.utc), acctNumber='DUN086112', exchange='AMEX', side='SLD', shares=10.0, price=0.63, permId=1909400801, clientId=1, orderId=1164, liquidation=0, cumQty=10.0, avgPrice=0.63, orderRef='', evRule='', evMultiplier=0.0, modelCode='', lastLiquidity=2)
2025-08-04 13:53:33,255 - INFO - execDetails Execution(execId='00020057.6890e530.01.01', time=datetime.datetime(2025, 8, 4, 17, 42, 56, tzinfo=datetime.timezone.utc), acctNumber='DUN086112', exchange='SAPPHIRE', side='BOT', shares=1.0, price=0.66, permId=1909400800, clientId=0, orderId=0, liquidation=0, cumQty=1.0, avgPrice=0.66, orderRef='', evRule='', evMultiplier=0.0, modelCode='', lastLiquidity=2)
2025-08-04 13:53:33,256 - INFO - execDetails Execution(execId='00020057.6890e541.01.01', time=datetime.datetime(2025, 8, 4, 17, 43, 23, tzinfo=datetime.timezone.utc), acctNumber='DUN086112', exchange='AMEX', side='SLD', shares=1.0, price=0.61, permId=1909400805, clientId=1, orderId=1174, liquidation=0, cumQty=1.0, avgPrice=0.61, orderRef='', evRule='', evMultiplier=0.0, modelCode='', lastLiquidity=2)
2025-08-04 13:53:33,256 - INFO - commissionReport: CommissionReport(execId='00020057.6890cb50.01.01', commission=7.0145, currency='USD', realizedPNL=0.0, yield_=0.0, yieldRedemptionDate=0)
2025-08-04 13:53:33,257 - INFO - commissionReport: CommissionReport(execId='00020057.6890dce0.01.01', commission=5.1424, currency='USD', realizedPNL=197.8431, yield_=0.0, yieldRedemptionDate=0)
2025-08-04 13:53:33,257 - INFO - commissionReport: CommissionReport(execId='00020057.6890dd11.01.01', commission=1.50145, currency='USD', realizedPNL=0.0, yield_=0.0, yieldRedemptionDate=0)
2025-08-04 13:53:33,258 - INFO - commissionReport: CommissionReport(execId='00020057.6890dd3e.01.01', commission=1.05424, currency='USD', realizedPNL=-9.55569, yield_=0.0, yieldRedemptionDate=0)
2025-08-04 13:53:33,258 - INFO - commissionReport: CommissionReport(execId='00020057.6890dd54.01.01', commission=0.86145, currency='USD', realizedPNL=0.0, yield_=0.0, yieldRedemptionDate=0)
2025-08-04 13:53:33,259 - INFO - commissionReport: CommissionReport(execId='00020057.6890de43.01.01', commission=1.05424, currency='USD', realizedPNL=-10.91569, yield_=0.0, yieldRedemptionDate=0)
2025-08-04 13:53:33,259 - INFO - commissionReport: CommissionReport(execId='00020057.6890df39.01.01', commission=5.1145, currency='USD', realizedPNL=0.0, yield_=0.0, yieldRedemptionDate=0)
2025-08-04 13:53:33,260 - INFO - commissionReport: CommissionReport(execId='00020057.6890e3ca.01.01', commission=1.05424, currency='USD', realizedPNL=-11.56569, yield_=0.0, yieldRedemptionDate=0)
2025-08-04 13:53:33,260 - INFO - commissionReport: CommissionReport(execId='00020057.6890e3cb.01.01', commission=9.48816, currency='USD', realizedPNL=-104.09121, yield_=0.0, yieldRedemptionDate=0)
2025-08-04 13:53:33,260 - INFO - commissionReport: CommissionReport(execId='00020057.6890e468.01.01', commission=7.0145, currency='USD', realizedPNL=0.0, yield_=0.0, yieldRedemptionDate=0)
2025-08-04 13:53:33,261 - INFO - commissionReport: CommissionReport(execId='00020057.6890e4a4.01.01', commission=10.5424, currency='USD', realizedPNL=-97.5569, yield_=0.0, yieldRedemptionDate=0)
2025-08-04 13:53:33,261 - INFO - commissionReport: CommissionReport(execId='00020057.6890e530.01.01', commission=0.86145, currency='USD', realizedPNL=0.0, yield_=0.0, yieldRedemptionDate=0)
2025-08-04 13:53:33,262 - INFO - commissionReport: CommissionReport(execId='00020057.6890e541.01.01', commission=1.05424, currency='USD', realizedPNL=-6.91569, yield_=0.0, yieldRedemptionDate=0)
2025-08-04 13:53:33,262 - INFO - Synchronization complete
2025-08-04 13:53:33,262 - INFO - Connected to IBKR. Starting all-day monitoring...
2025-08-04 13:53:33,263 - INFO - Monitoring all open option positions with stop-loss protection...
2025-08-04 13:53:33,264 - INFO - position: Position(account='DUN086112', contract=Option(conId=800902076, symbol='SPY', lastTradeDateOrContractMonth='20250804', strike=630.0, right='C', multiplier='100', currency='USD', localSymbol='SPY   250804C00630000', tradingClass='SPY'), position=0.0, avgCost=0.0)
2025-08-04 13:53:34,775 - INFO - position: Position(account='DUN086112', contract=Option(conId=800902076, symbol='SPY', lastTradeDateOrContractMonth='20250804', strike=630.0, right='C', multiplier='100', currency='USD', localSymbol='SPY   250804C00630000', tradingClass='SPY'), position=0.0, avgCost=0.0)
2025-08-04 13:53:36,278 - INFO - position: Position(account='DUN086112', contract=Option(conId=800902076, symbol='SPY', lastTradeDateOrContractMonth='20250804', strike=630.0, right='C', multiplier='100', currency='USD', localSymbol='SPY   250804C00630000', tradingClass='SPY'), position=0.0, avgCost=0.0)
2025-08-04 13:53:37,792 - INFO - position: Position(account='DUN086112', contract=Option(conId=800902076, symbol='SPY', lastTradeDateOrContractMonth='20250804', strike=630.0, right='C', multiplier='100', currency='USD', localSymbol='SPY   250804C00630000', tradingClass='SPY'), position=0.0, avgCost=0.0)
2025-08-04 13:53:39,295 - INFO - position: Position(account='DUN086112', contract=Option(conId=800902076, symbol='SPY', lastTradeDateOrContractMonth='20250804', strike=630.0, right='C', multiplier='100', currency='USD', localSymbol='SPY   250804C00630000', tradingClass='SPY'), position=0.0, avgCost=0.0)
2025-08-04 13:53:40,802 - INFO - position: Position(account='DUN086112', contract=Option(conId=800902076, symbol='SPY', lastTradeDateOrContractMonth='20250804', strike=630.0, right='C', multiplier='100', currency='USD', localSymbol='SPY   250804C00630000', tradingClass='SPY'), position=0.0, avgCost=0.0)
2025-08-04 13:53:42,315 - INFO - position: Position(account='DUN086112', contract=Option(conId=800902076, symbol='SPY', lastTradeDateOrContractMonth='20250804', strike=630.0, right='C', multiplier='100', currency='USD', localSymbol='SPY   250804C00630000', tradingClass='SPY'), position=0.0, avgCost=0.0)
2025-08-04 13:53:43,831 - INFO - position: Position(account='DUN086112', contract=Option(conId=800902076, symbol='SPY', lastTradeDateOrContractMonth='20250804', strike=630.0, right='C', multiplier='100', currency='USD', localSymbol='SPY   250804C00630000', tradingClass='SPY'), position=0.0, avgCost=0.0)
2025-08-04 13:53:45,346 - INFO - position: Position(account='DUN086112', contract=Option(conId=800902076, symbol='SPY', lastTradeDateOrContractMonth='20250804', strike=630.0, right='C', multiplier='100', currency='USD', localSymbol='SPY   250804C00630000', tradingClass='SPY'), position=0.0, avgCost=0.0)
2025-08-04 13:53:46,853 - INFO - position: Position(account='DUN086112', contract=Option(conId=800902076, symbol='SPY', lastTradeDateOrContractMonth='20250804', strike=630.0, right='C', multiplier='100', currency='USD', localSymbol='SPY   250804C00630000', tradingClass='SPY'), position=0.0, avgCost=0.0)
2025-08-04 13:53:48,361 - INFO - position: Position(account='DUN086112', contract=Option(conId=800902076, symbol='SPY', lastTradeDateOrContractMonth='20250804', strike=630.0, right='C', multiplier='100', currency='USD', localSymbol='SPY   250804C00630000', tradingClass='SPY'), position=0.0, avgCost=0.0)
2025-08-04 13:53:49,869 - INFO - position: Position(account='DUN086112', contract=Option(conId=800902076, symbol='SPY', lastTradeDateOrContractMonth='20250804', strike=630.0, right='C', multiplier='100', currency='USD', localSymbol='SPY   250804C00630000', tradingClass='SPY'), position=0.0, avgCost=0.0)
2025-08-04 13:53:51,375 - INFO - position: Position(account='DUN086112', contract=Option(conId=800902076, symbol='SPY', lastTradeDateOrContractMonth='20250804', strike=630.0, right='C', multiplier='100', currency='USD', localSymbol='SPY   250804C00630000', tradingClass='SPY'), position=0.0, avgCost=0.0)
2025-08-04 13:53:52,884 - INFO - position: Position(account='DUN086112', contract=Option(conId=800902076, symbol='SPY', lastTradeDateOrContractMonth='20250804', strike=630.0, right='C', multiplier='100', currency='USD', localSymbol='SPY   250804C00630000', tradingClass='SPY'), position=0.0, avgCost=0.0)
2025-08-04 13:53:54,398 - INFO - position: Position(account='DUN086112', contract=Option(conId=800902076, symbol='SPY', lastTradeDateOrContractMonth='20250804', strike=630.0, right='C', multiplier='100', currency='USD', localSymbol='SPY   250804C00630000', tradingClass='SPY'), position=0.0, avgCost=0.0)
2025-08-04 13:53:55,186 - INFO - position: Position(account='DUN086112', contract=Option(conId=800902076, symbol='SPY', lastTradeDateOrContractMonth='20250804', strike=630.0, right='C', multiplier='100', currency='USD', localSymbol='SPY   250804C00630000', tradingClass='SPY'), position=10.0, avgCost=59.0)
2025-08-04 13:53:55,189 - INFO - position: Position(account='DUN086112', contract=Option(conId=800902076, symbol='SPY', lastTradeDateOrContractMonth='20250804', strike=630.0, right='C', multiplier='100', currency='USD', localSymbol='SPY   250804C00630000', tradingClass='SPY'), position=10.0, avgCost=59.511449999999996)
2025-08-04 13:53:55,396 - INFO - Detected position: SPY   250804C00630000 | Quantity: 10.0
2025-08-04 13:53:55,897 - INFO - position: Position(account='DUN086112', contract=Option(conId=800902076, symbol='SPY', lastTradeDateOrContractMonth='20250804', strike=630.0, right='C', multiplier='100', currency='USD', localSymbol='SPY   250804C00630000', tradingClass='SPY'), position=10.0, avgCost=59.511449999999996)
2025-08-04 13:53:56,139 - INFO - updatePortfolio: PortfolioItem(contract=Option(conId=800902076, symbol='SPY', lastTradeDateOrContractMonth='20250804', strike=630.0, right='C', multiplier='100', primaryExchange='AMEX', currency='USD', localSymbol='SPY   250804C00630000', tradingClass='SPY'), position=10.0, marketPrice=0.58999995, marketValue=590.0, averageCost=59.51145, unrealizedPNL=-5.11, realizedPNL=-42.76, account='DUN086112')
2025-08-04 13:53:56,891 - INFO - Detected position: SPY   250804C00630000 | Quantity: 10.0
2025-08-04 13:53:56,891 - INFO - Checking SPY   250804C00630000 | Cost: 59.51 | Bid: nan | Loss: nan%
2025-08-04 13:53:57,394 - ERROR - Error 321, reqId 1177: Error validating request.-'bQ' : cause - Please enter exchange, contract: Option(conId=800902076, symbol='SPY', lastTradeDateOrContractMonth='20250804', strike=630.0, right='C', multiplier='100', currency='USD', localSymbol='SPY   250804C00630000', tradingClass='SPY')
2025-08-04 13:53:57,394 - INFO - position: Position(account='DUN086112', contract=Option(conId=800902076, symbol='SPY', lastTradeDateOrContractMonth='20250804', strike=630.0, right='C', multiplier='100', currency='USD', localSymbol='SPY   250804C00630000', tradingClass='SPY'), position=10.0, avgCost=59.511449999999996)
2025-08-04 13:53:58,396 - INFO - Detected position: SPY   250804C00630000 | Quantity: 10.0
2025-08-04 13:53:58,397 - INFO - Checking SPY   250804C00630000 | Cost: 59.51 | Bid: nan | Loss: nan%
2025-08-04 13:53:58,898 - ERROR - Error 321, reqId 1178: Error validating request.-'bQ' : cause - Please enter exchange, contract: Option(conId=800902076, symbol='SPY', lastTradeDateOrContractMonth='20250804', strike=630.0, right='C', multiplier='100', currency='USD', localSymbol='SPY   250804C00630000', tradingClass='SPY')
2025-08-04 13:53:58,898 - INFO - position: Position(account='DUN086112', contract=Option(conId=800902076, symbol='SPY', lastTradeDateOrContractMonth='20250804', strike=630.0, right='C', multiplier='100', currency='USD', localSymbol='SPY   250804C00630000', tradingClass='SPY'), position=10.0, avgCost=59.511449999999996)
2025-08-04 13:53:59,907 - INFO - Detected position: SPY   250804C00630000 | Quantity: 10.0
2025-08-04 13:53:59,907 - INFO - Checking SPY   250804C00630000 | Cost: 59.51 | Bid: nan | Loss: nan%
2025-08-04 13:54:00,409 - ERROR - Error 321, reqId 1179: Error validating request.-'bQ' : cause - Please enter exchange, contract: Option(conId=800902076, symbol='SPY', lastTradeDateOrContractMonth='20250804', strike=630.0, right='C', multiplier='100', currency='USD', localSymbol='SPY   250804C00630000', tradingClass='SPY')
2025-08-04 13:54:00,409 - INFO - position: Position(account='DUN086112', contract=Option(conId=800902076, symbol='SPY', lastTradeDateOrContractMonth='20250804', strike=630.0, right='C', multiplier='100', currency='USD', localSymbol='SPY   250804C00630000', tradingClass='SPY'), position=10.0, avgCost=59.511449999999996)
2025-08-04 13:54:01,422 - INFO - Detected position: SPY   250804C00630000 | Quantity: 10.0
2025-08-04 13:54:01,423 - INFO - Checking SPY   250804C00630000 | Cost: 59.51 | Bid: nan | Loss: nan%
2025-08-04 13:54:01,924 - ERROR - Error 321, reqId 1180: Error validating request.-'bQ' : cause - Please enter exchange, contract: Option(conId=800902076, symbol='SPY', lastTradeDateOrContractMonth='20250804', strike=630.0, right='C', multiplier='100', currency='USD', localSymbol='SPY   250804C00630000', tradingClass='SPY')
2025-08-04 13:54:01,925 - INFO - position: Position(account='DUN086112', contract=Option(conId=800902076, symbol='SPY', lastTradeDateOrContractMonth='20250804', strike=630.0, right='C', multiplier='100', currency='USD', localSymbol='SPY   250804C00630000', tradingClass='SPY'), position=10.0, avgCost=59.511449999999996)
2025-08-04 13:54:02,925 - INFO - Detected position: SPY   250804C00630000 | Quantity: 10.0
2025-08-04 13:54:02,925 - INFO - Checking SPY   250804C00630000 | Cost: 59.51 | Bid: nan | Loss: nan%
2025-08-04 13:54:03,427 - ERROR - Error 321, reqId 1181: Error validating request.-'bQ' : cause - Please enter exchange, contract: Option(conId=800902076, symbol='SPY', lastTradeDateOrContractMonth='20250804', strike=630.0, right='C', multiplier='100', currency='USD', localSymbol='SPY   250804C00630000', tradingClass='SPY')
2025-08-04 13:54:03,427 - INFO - position: Position(account='DUN086112', contract=Option(conId=800902076, symbol='SPY', lastTradeDateOrContractMonth='20250804', strike=630.0, right='C', multiplier='100', currency='USD', localSymbol='SPY   250804C00630000', tradingClass='SPY'), position=10.0, avgCost=59.511449999999996)
2025-08-04 13:54:04,441 - INFO - Detected position: SPY   250804C00630000 | Quantity: 10.0
2025-08-04 13:54:04,441 - INFO - Checking SPY   250804C00630000 | Cost: 59.51 | Bid: nan | Loss: nan%
2025-08-04 13:54:04,943 - ERROR - Error 321, reqId 1182: Error validating request.-'bQ' : cause - Please enter exchange, contract: Option(conId=800902076, symbol='SPY', lastTradeDateOrContractMonth='20250804', strike=630.0, right='C', multiplier='100', currency='USD', localSymbol='SPY   250804C00630000', tradingClass='SPY')
2025-08-04 13:54:04,943 - INFO - position: Position(account='DUN086112', contract=Option(conId=800902076, symbol='SPY', lastTradeDateOrContractMonth='20250804', strike=630.0, right='C', multiplier='100', currency='USD', localSymbol='SPY   250804C00630000', tradingClass='SPY'), position=10.0, avgCost=59.511449999999996)
2025-08-04 13:54:05,944 - INFO - Detected position: SPY   250804C00630000 | Quantity: 10.0
2025-08-04 13:54:05,944 - INFO - Checking SPY   250804C00630000 | Cost: 59.51 | Bid: nan | Loss: nan%
2025-08-04 13:54:06,446 - ERROR - Error 321, reqId 1183: Error validating request.-'bQ' : cause - Please enter exchange, contract: Option(conId=800902076, symbol='SPY', lastTradeDateOrContractMonth='20250804', strike=630.0, right='C', multiplier='100', currency='USD', localSymbol='SPY   250804C00630000', tradingClass='SPY')
2025-08-04 13:54:06,447 - INFO - position: Position(account='DUN086112', contract=Option(conId=800902076, symbol='SPY', lastTradeDateOrContractMonth='20250804', strike=630.0, right='C', multiplier='100', currency='USD', localSymbol='SPY   250804C00630000', tradingClass='SPY'), position=10.0, avgCost=59.511449999999996)
2025-08-04 13:54:07,448 - INFO - Detected position: SPY   250804C00630000 | Quantity: 10.0
2025-08-04 13:54:07,448 - INFO - Checking SPY   250804C00630000 | Cost: 59.51 | Bid: nan | Loss: nan%
2025-08-04 13:54:07,950 - ERROR - Error 321, reqId 1184: Error validating request.-'bQ' : cause - Please enter exchange, contract: Option(conId=800902076, symbol='SPY', lastTradeDateOrContractMonth='20250804', strike=630.0, right='C', multiplier='100', currency='USD', localSymbol='SPY   250804C00630000', tradingClass='SPY')
2025-08-04 13:54:07,950 - INFO - position: Position(account='DUN086112', contract=Option(conId=800902076, symbol='SPY', lastTradeDateOrContractMonth='20250804', strike=630.0, right='C', multiplier='100', currency='USD', localSymbol='SPY   250804C00630000', tradingClass='SPY'), position=10.0, avgCost=59.511449999999996)
2025-08-04 13:54:08,952 - INFO - Detected position: SPY   250804C00630000 | Quantity: 10.0
2025-08-04 13:54:08,952 - INFO - Checking SPY   250804C00630000 | Cost: 59.51 | Bid: nan | Loss: nan%
2025-08-04 13:54:09,453 - ERROR - Error 321, reqId 1185: Error validating request.-'bQ' : cause - Please enter exchange, contract: Option(conId=800902076, symbol='SPY', lastTradeDateOrContractMonth='20250804', strike=630.0, right='C', multiplier='100', currency='USD', localSymbol='SPY   250804C00630000', tradingClass='SPY')
2025-08-04 13:54:09,600 - INFO - position: Position(account='DUN086112', contract=Option(conId=800902076, symbol='SPY', lastTradeDateOrContractMonth='20250804', strike=630.0, right='C', multiplier='100', currency='USD', localSymbol='SPY   250804C00630000', tradingClass='SPY'), position=10.0, avgCost=59.511449999999996)
2025-08-04 13:54:10,609 - INFO - Detected position: SPY   250804C00630000 | Quantity: 10.0
2025-08-04 13:54:10,609 - INFO - Checking SPY   250804C00630000 | Cost: 59.51 | Bid: nan | Loss: nan%
2025-08-04 13:54:11,110 - ERROR - Error 321, reqId 1186: Error validating request.-'bQ' : cause - Please enter exchange, contract: Option(conId=800902076, symbol='SPY', lastTradeDateOrContractMonth='20250804', strike=630.0, right='C', multiplier='100', currency='USD', localSymbol='SPY   250804C00630000', tradingClass='SPY')
2025-08-04 13:54:11,110 - INFO - position: Position(account='DUN086112', contract=Option(conId=800902076, symbol='SPY', lastTradeDateOrContractMonth='20250804', strike=630.0, right='C', multiplier='100', currency='USD', localSymbol='SPY   250804C00630000', tradingClass='SPY'), position=10.0, avgCost=59.511449999999996)
2025-08-04 13:54:12,122 - INFO - Detected position: SPY   250804C00630000 | Quantity: 10.0
2025-08-04 13:54:12,123 - INFO - Checking SPY   250804C00630000 | Cost: 59.51 | Bid: nan | Loss: nan%
2025-08-04 13:54:12,298 - INFO - Disconnecting from 127.0.0.1:7497, 1.38 kB sent in 45 messages, 39.9 kB received in 648 messages, session time 39.2 s.
2025-08-04 13:54:12,299 - INFO - Disconnecting
2025-08-04 13:54:12,299 - INFO - Disconnected from IBKR.
