2025-08-04 13:57:03,107 - INFO - Connecting to IBKR...
2025-08-04 13:57:03,107 - INFO - Connecting to 127.0.0.1:7497 with clientId 1...
2025-08-04 13:57:03,108 - INFO - Connected
2025-08-04 13:57:03,110 - INFO - Logged on to server version 176
2025-08-04 13:57:03,110 - INFO - Warning 2104, reqId -1: Market data farm connection is OK:cashfarm
2025-08-04 13:57:03,111 - INFO - Warning 2104, reqId -1: Market data farm connection is OK:usfuture
2025-08-04 13:57:03,111 - INFO - Warning 2104, reqId -1: Market data farm connection is OK:usopt.nj
2025-08-04 13:57:03,111 - INFO - Warning 2104, reqId -1: Market data farm connection is OK:usfarm.nj
2025-08-04 13:57:03,112 - INFO - Warning 2104, reqId -1: Market data farm connection is OK:usopt
2025-08-04 13:57:03,112 - INFO - Warning 2104, reqId -1: Market data farm connection is OK:usfarm
2025-08-04 13:57:03,112 - INFO - Warning 2106, reqId -1: HMDS data farm connection is OK:euhmds
2025-08-04 13:57:03,113 - INFO - Warning 2106, reqId -1: HMDS data farm connection is OK:fundfarm
2025-08-04 13:57:03,113 - INFO - Warning 2106, reqId -1: HMDS data farm connection is OK:ushmds
2025-08-04 13:57:03,113 - INFO - Warning 2158, reqId -1: Sec-def data farm connection is OK:secdefil
2025-08-04 13:57:03,114 - INFO - API connection ready
2025-08-04 13:57:03,115 - INFO - position: Position(account='DUN086112', contract=Option(conId=800902076, symbol='SPY', lastTradeDateOrContractMonth='20250804', strike=630.0, right='C', multiplier='100', currency='USD', localSymbol='SPY   250804C00630000', tradingClass='SPY'), position=10.0, avgCost=59.511449999999996)
2025-08-04 13:57:03,217 - INFO - updatePortfolio: PortfolioItem(contract=Option(conId=800902076, symbol='SPY', lastTradeDateOrContractMonth='20250804', strike=630.0, right='C', multiplier='100', primaryExchange='AMEX', currency='USD', localSymbol='SPY   250804C00630000', tradingClass='SPY'), position=10.0, marketPrice=0.49, marketValue=490.0, averageCost=59.51145, unrealizedPNL=-105.11, realizedPNL=-42.76, account='DUN086112')
2025-08-04 13:57:03,234 - INFO - execDetails Execution(execId='00020057.6890cb50.01.01', time=datetime.datetime(2025, 8, 4, 16, 15, 55, tzinfo=datetime.timezone.utc), acctNumber='DUN086112', exchange='AMEX', side='BOT', shares=10.0, price=0.69, permId=1909400772, clientId=0, orderId=0, liquidation=0, cumQty=10.0, avgPrice=0.69, orderRef='OptionChain', evRule='', evMultiplier=0.0, modelCode='', lastLiquidity=2)
2025-08-04 13:57:03,234 - INFO - execDetails Execution(execId='00020057.6890dce0.01.01', time=datetime.datetime(2025, 8, 4, 17, 16, 55, tzinfo=datetime.timezone.utc), acctNumber='DUN086112', exchange='SAPPHIRE', side='SLD', shares=10.0, price=0.9, permId=1909400776, clientId=0, orderId=0, liquidation=0, cumQty=10.0, avgPrice=0.9, orderRef='', evRule='', evMultiplier=0.0, modelCode='', lastLiquidity=2)
2025-08-04 13:57:03,235 - INFO - execDetails Execution(execId='00020057.6890dd11.01.01', time=datetime.datetime(2025, 8, 4, 17, 17, 24, tzinfo=datetime.timezone.utc), acctNumber='DUN086112', exchange='BATS', side='BOT', shares=1.0, price=0.91, permId=1909400783, clientId=0, orderId=0, liquidation=0, cumQty=1.0, avgPrice=0.91, orderRef='', evRule='', evMultiplier=0.0, modelCode='', lastLiquidity=2)
2025-08-04 13:57:03,235 - INFO - execDetails Execution(execId='00020057.6890dd3e.01.01', time=datetime.datetime(2025, 8, 4, 17, 17, 50, tzinfo=datetime.timezone.utc), acctNumber='DUN086112', exchange='AMEX', side='SLD', shares=1.0, price=0.84, permId=1909400787, clientId=1, orderId=885, liquidation=0, cumQty=1.0, avgPrice=0.84, orderRef='', evRule='', evMultiplier=0.0, modelCode='', lastLiquidity=2)
2025-08-04 13:57:03,236 - INFO - execDetails Execution(execId='00020057.6890dd54.01.01', time=datetime.datetime(2025, 8, 4, 17, 18, 2, tzinfo=datetime.timezone.utc), acctNumber='DUN086112', exchange='SAPPHIRE', side='BOT', shares=1.0, price=0.89, permId=1909400786, clientId=0, orderId=0, liquidation=0, cumQty=1.0, avgPrice=0.89, orderRef='', evRule='', evMultiplier=0.0, modelCode='', lastLiquidity=2)
2025-08-04 13:57:03,237 - INFO - execDetails Execution(execId='00020057.6890de43.01.01', time=datetime.datetime(2025, 8, 4, 17, 20, 42, tzinfo=datetime.timezone.utc), acctNumber='DUN086112', exchange='AMEX', side='SLD', shares=1.0, price=0.8, permId=1909400791, clientId=1, orderId=925, liquidation=0, cumQty=1.0, avgPrice=0.8, orderRef='', evRule='', evMultiplier=0.0, modelCode='', lastLiquidity=2)
2025-08-04 13:57:03,237 - INFO - execDetails Execution(execId='00020057.6890df39.01.01', time=datetime.datetime(2025, 8, 4, 17, 22, 40, tzinfo=datetime.timezone.utc), acctNumber='DUN086112', exchange='SAPPHIRE', side='BOT', shares=10.0, price=0.78, permId=1909400790, clientId=0, orderId=0, liquidation=0, cumQty=10.0, avgPrice=0.78, orderRef='', evRule='', evMultiplier=0.0, modelCode='', lastLiquidity=2)
2025-08-04 13:57:03,238 - INFO - execDetails Execution(execId='00020057.6890e3ca.01.01', time=datetime.datetime(2025, 8, 4, 17, 38, tzinfo=datetime.timezone.utc), acctNumber='DUN086112', exchange='AMEX', side='SLD', shares=1.0, price=0.68, permId=1909400797, clientId=1, orderId=1148, liquidation=0, cumQty=1.0, avgPrice=0.68, orderRef='', evRule='', evMultiplier=0.0, modelCode='', lastLiquidity=2)
2025-08-04 13:57:03,238 - INFO - execDetails Execution(execId='00020057.6890e3cb.01.01', time=datetime.datetime(2025, 8, 4, 17, 38, tzinfo=datetime.timezone.utc), acctNumber='DUN086112', exchange='AMEX', side='SLD', shares=9.0, price=0.68, permId=1909400797, clientId=1, orderId=1148, liquidation=0, cumQty=10.0, avgPrice=0.68, orderRef='', evRule='', evMultiplier=0.0, modelCode='', lastLiquidity=2)
2025-08-04 13:57:03,239 - INFO - execDetails Execution(execId='00020057.6890e468.01.01', time=datetime.datetime(2025, 8, 4, 17, 40, 13, tzinfo=datetime.timezone.utc), acctNumber='DUN086112', exchange='AMEX', side='BOT', shares=10.0, price=0.71, permId=1909400796, clientId=0, orderId=0, liquidation=0, cumQty=10.0, avgPrice=0.71, orderRef='', evRule='', evMultiplier=0.0, modelCode='', lastLiquidity=2)
2025-08-04 13:57:03,239 - INFO - execDetails Execution(execId='00020057.6890e4a4.01.01', time=datetime.datetime(2025, 8, 4, 17, 41, 5, tzinfo=datetime.timezone.utc), acctNumber='DUN086112', exchange='AMEX', side='SLD', shares=10.0, price=0.63, permId=1909400801, clientId=1, orderId=1164, liquidation=0, cumQty=10.0, avgPrice=0.63, orderRef='', evRule='', evMultiplier=0.0, modelCode='', lastLiquidity=2)
2025-08-04 13:57:03,240 - INFO - execDetails Execution(execId='00020057.6890e530.01.01', time=datetime.datetime(2025, 8, 4, 17, 42, 56, tzinfo=datetime.timezone.utc), acctNumber='DUN086112', exchange='SAPPHIRE', side='BOT', shares=1.0, price=0.66, permId=1909400800, clientId=0, orderId=0, liquidation=0, cumQty=1.0, avgPrice=0.66, orderRef='', evRule='', evMultiplier=0.0, modelCode='', lastLiquidity=2)
2025-08-04 13:57:03,241 - INFO - execDetails Execution(execId='00020057.6890e541.01.01', time=datetime.datetime(2025, 8, 4, 17, 43, 23, tzinfo=datetime.timezone.utc), acctNumber='DUN086112', exchange='AMEX', side='SLD', shares=1.0, price=0.61, permId=1909400805, clientId=1, orderId=1174, liquidation=0, cumQty=1.0, avgPrice=0.61, orderRef='', evRule='', evMultiplier=0.0, modelCode='', lastLiquidity=2)
2025-08-04 13:57:03,241 - INFO - execDetails Execution(execId='00020057.6890ec09.01.01', time=datetime.datetime(2025, 8, 4, 17, 53, 55, tzinfo=datetime.timezone.utc), acctNumber='DUN086112', exchange='SAPPHIRE', side='BOT', shares=10.0, price=0.59, permId=1909400804, clientId=0, orderId=0, liquidation=0, cumQty=10.0, avgPrice=0.59, orderRef='', evRule='', evMultiplier=0.0, modelCode='', lastLiquidity=2)
2025-08-04 13:57:03,242 - INFO - commissionReport: CommissionReport(execId='00020057.6890cb50.01.01', commission=7.0145, currency='USD', realizedPNL=0.0, yield_=0.0, yieldRedemptionDate=0)
2025-08-04 13:57:03,243 - INFO - commissionReport: CommissionReport(execId='00020057.6890dce0.01.01', commission=5.1424, currency='USD', realizedPNL=197.8431, yield_=0.0, yieldRedemptionDate=0)
2025-08-04 13:57:03,243 - INFO - commissionReport: CommissionReport(execId='00020057.6890dd11.01.01', commission=1.50145, currency='USD', realizedPNL=0.0, yield_=0.0, yieldRedemptionDate=0)
2025-08-04 13:57:03,244 - INFO - commissionReport: CommissionReport(execId='00020057.6890dd3e.01.01', commission=1.05424, currency='USD', realizedPNL=-9.55569, yield_=0.0, yieldRedemptionDate=0)
2025-08-04 13:57:03,244 - INFO - commissionReport: CommissionReport(execId='00020057.6890dd54.01.01', commission=0.86145, currency='USD', realizedPNL=0.0, yield_=0.0, yieldRedemptionDate=0)
2025-08-04 13:57:03,245 - INFO - commissionReport: CommissionReport(execId='00020057.6890de43.01.01', commission=1.05424, currency='USD', realizedPNL=-10.91569, yield_=0.0, yieldRedemptionDate=0)
2025-08-04 13:57:03,245 - INFO - commissionReport: CommissionReport(execId='00020057.6890df39.01.01', commission=5.1145, currency='USD', realizedPNL=0.0, yield_=0.0, yieldRedemptionDate=0)
2025-08-04 13:57:03,246 - INFO - commissionReport: CommissionReport(execId='00020057.6890e3ca.01.01', commission=1.05424, currency='USD', realizedPNL=-11.56569, yield_=0.0, yieldRedemptionDate=0)
2025-08-04 13:57:03,248 - INFO - commissionReport: CommissionReport(execId='00020057.6890e3cb.01.01', commission=9.48816, currency='USD', realizedPNL=-104.09121, yield_=0.0, yieldRedemptionDate=0)
2025-08-04 13:57:03,249 - INFO - commissionReport: CommissionReport(execId='00020057.6890e468.01.01', commission=7.0145, currency='USD', realizedPNL=0.0, yield_=0.0, yieldRedemptionDate=0)
2025-08-04 13:57:03,249 - INFO - commissionReport: CommissionReport(execId='00020057.6890e4a4.01.01', commission=10.5424, currency='USD', realizedPNL=-97.5569, yield_=0.0, yieldRedemptionDate=0)
2025-08-04 13:57:03,250 - INFO - commissionReport: CommissionReport(execId='00020057.6890e530.01.01', commission=0.86145, currency='USD', realizedPNL=0.0, yield_=0.0, yieldRedemptionDate=0)
2025-08-04 13:57:03,250 - INFO - commissionReport: CommissionReport(execId='00020057.6890e541.01.01', commission=1.05424, currency='USD', realizedPNL=-6.91569, yield_=0.0, yieldRedemptionDate=0)
2025-08-04 13:57:03,250 - INFO - commissionReport: CommissionReport(execId='00020057.6890ec09.01.01', commission=5.1145, currency='USD', realizedPNL=0.0, yield_=0.0, yieldRedemptionDate=0)
2025-08-04 13:57:03,251 - INFO - Synchronization complete
2025-08-04 13:57:03,251 - INFO - Connected to IBKR. Starting all-day monitoring...
2025-08-04 13:57:03,252 - INFO - Connected to IBKR. Starting all-day monitoring...
2025-08-04 13:57:03,253 - INFO - position: Position(account='DUN086112', contract=Option(conId=800902076, symbol='SPY', lastTradeDateOrContractMonth='20250804', strike=630.0, right='C', multiplier='100', currency='USD', localSymbol='SPY   250804C00630000', tradingClass='SPY'), position=10.0, avgCost=59.511449999999996)
2025-08-04 13:57:04,268 - INFO - Detected position: SPY   250804C00630000 | Quantity: 10.0
2025-08-04 13:57:04,783 - INFO - Checking SPY   250804C00630000 | Cost: 59.51 | Bid: 0.48 | Loss: -99.19%
2025-08-04 13:57:04,789 - INFO - placeOrder: New order Trade(contract=Option(conId=800902076, symbol='SPY', lastTradeDateOrContractMonth='20250804', strike=630.0, right='C', multiplier='100', exchange='SMART', currency='USD', localSymbol='SPY   250804C00630000', tradingClass='SPY'), order=LimitOrder(orderId=1179, clientId=1, action='SELL', totalQuantity=10.0, lmtPrice=0.48), orderStatus=OrderStatus(orderId=1179, status='PendingSubmit', filled=0.0, remaining=0.0, avgFillPrice=0.0, permId=0, parentId=0, lastFillPrice=0.0, clientId=0, whyHeld='', mktCapPrice=0.0), fills=[], log=[TradeLogEntry(time=datetime.datetime(2025, 8, 4, 17, 57, 4, 789466, tzinfo=datetime.timezone.utc), status='PendingSubmit', message='', errorCode=0)], advancedError='')
2025-08-04 13:57:04,851 - INFO - orderStatus: Trade(contract=Option(conId=800902076, symbol='SPY', lastTradeDateOrContractMonth='20250804', strike=630.0, right='C', multiplier='100', exchange='SMART', currency='USD', localSymbol='SPY   250804C00630000', tradingClass='SPY'), order=LimitOrder(orderId=1179, clientId=1, permId=1909400862, action='SELL', totalQuantity=10.0, lmtPrice=0.48, auxPrice=0.0), orderStatus=OrderStatus(orderId=1179, status='PreSubmitted', filled=0.0, remaining=10.0, avgFillPrice=0.0, permId=1909400862, parentId=0, lastFillPrice=0.0, clientId=1, whyHeld='', mktCapPrice=0.0), fills=[], log=[TradeLogEntry(time=datetime.datetime(2025, 8, 4, 17, 57, 4, 789466, tzinfo=datetime.timezone.utc), status='PendingSubmit', message='', errorCode=0), TradeLogEntry(time=datetime.datetime(2025, 8, 4, 17, 57, 4, 850479, tzinfo=datetime.timezone.utc), status='PreSubmitted', message='', errorCode=0)], advancedError='')
2025-08-04 13:57:04,852 - INFO - position: Position(account='DUN086112', contract=Option(conId=800902076, symbol='SPY', lastTradeDateOrContractMonth='20250804', strike=630.0, right='C', multiplier='100', currency='USD', localSymbol='SPY   250804C00630000', tradingClass='SPY'), position=0.0, avgCost=0.0)
2025-08-04 13:57:04,853 - INFO - execDetails Execution(execId='00020057.6890edfc.01.01', time=datetime.datetime(2025, 8, 4, 17, 57, 4, tzinfo=datetime.timezone.utc), acctNumber='DUN086112', exchange='NASDAQBX', side='SLD', shares=10.0, price=0.48, permId=1909400862, clientId=1, orderId=1179, liquidation=0, cumQty=10.0, avgPrice=0.48, orderRef='', evRule='', evMultiplier=0.0, modelCode='', lastLiquidity=2)
2025-08-04 13:57:04,853 - INFO - execDetails: Fill(contract=Option(conId=800902076, symbol='SPY', lastTradeDateOrContractMonth='20250804', strike=630.0, right='C', multiplier='100', exchange='SMART', currency='USD', localSymbol='SPY   250804C00630000', tradingClass='SPY'), execution=Execution(execId='00020057.6890edfc.01.01', time=datetime.datetime(2025, 8, 4, 17, 57, 4, tzinfo=datetime.timezone.utc), acctNumber='DUN086112', exchange='NASDAQBX', side='SLD', shares=10.0, price=0.48, permId=1909400862, clientId=1, orderId=1179, liquidation=0, cumQty=10.0, avgPrice=0.48, orderRef='', evRule='', evMultiplier=0.0, modelCode='', lastLiquidity=2), commissionReport=CommissionReport(execId='', commission=0.0, currency='', realizedPNL=0.0, yield_=0.0, yieldRedemptionDate=0), time=datetime.datetime(2025, 8, 4, 17, 57, 4, 853480, tzinfo=datetime.timezone.utc))
2025-08-04 13:57:04,854 - INFO - orderStatus: Trade(contract=Option(conId=800902076, symbol='SPY', lastTradeDateOrContractMonth='20250804', strike=630.0, right='C', multiplier='100', exchange='SMART', currency='USD', localSymbol='SPY   250804C00630000', tradingClass='SPY'), order=LimitOrder(orderId=1179, clientId=1, permId=1909400862, action='SELL', totalQuantity=10.0, lmtPrice=0.48, auxPrice=0.0), orderStatus=OrderStatus(orderId=1179, status='Filled', filled=10.0, remaining=0.0, avgFillPrice=0.48, permId=1909400862, parentId=0, lastFillPrice=0.48, clientId=1, whyHeld='', mktCapPrice=0.0), fills=[Fill(contract=Option(conId=800902076, symbol='SPY', lastTradeDateOrContractMonth='20250804', strike=630.0, right='C', multiplier='100', exchange='SMART', currency='USD', localSymbol='SPY   250804C00630000', tradingClass='SPY'), execution=Execution(execId='00020057.6890edfc.01.01', time=datetime.datetime(2025, 8, 4, 17, 57, 4, tzinfo=datetime.timezone.utc), acctNumber='DUN086112', exchange='NASDAQBX', side='SLD', shares=10.0, price=0.48, permId=1909400862, clientId=1, orderId=1179, liquidation=0, cumQty=10.0, avgPrice=0.48, orderRef='', evRule='', evMultiplier=0.0, modelCode='', lastLiquidity=2), commissionReport=CommissionReport(execId='', commission=0.0, currency='', realizedPNL=0.0, yield_=0.0, yieldRedemptionDate=0), time=datetime.datetime(2025, 8, 4, 17, 57, 4, 853480, tzinfo=datetime.timezone.utc))], log=[TradeLogEntry(time=datetime.datetime(2025, 8, 4, 17, 57, 4, 789466, tzinfo=datetime.timezone.utc), status='PendingSubmit', message='', errorCode=0), TradeLogEntry(time=datetime.datetime(2025, 8, 4, 17, 57, 4, 850479, tzinfo=datetime.timezone.utc), status='PreSubmitted', message='', errorCode=0), TradeLogEntry(time=datetime.datetime(2025, 8, 4, 17, 57, 4, 853480, tzinfo=datetime.timezone.utc), status='PreSubmitted', message='Fill 10.0@0.48', errorCode=0), TradeLogEntry(time=datetime.datetime(2025, 8, 4, 17, 57, 4, 854481, tzinfo=datetime.timezone.utc), status='Filled', message='', errorCode=0)], advancedError='')
2025-08-04 13:57:04,856 - INFO - commissionReport: CommissionReport(execId='00020057.6890edfc.01.01', commission=10.3424, currency='USD', realizedPNL=-125.4569, yield_=0.0, yieldRedemptionDate=0)
2025-08-04 13:57:04,856 - INFO - position: Position(account='DUN086112', contract=Option(conId=800902076, symbol='SPY', lastTradeDateOrContractMonth='20250804', strike=630.0, right='C', multiplier='100', currency='USD', localSymbol='SPY   250804C00630000', tradingClass='SPY'), position=0.0, avgCost=0.0)
2025-08-04 13:57:04,857 - INFO - position: Position(account='DUN086112', contract=Option(conId=800902076, symbol='SPY', lastTradeDateOrContractMonth='20250804', strike=630.0, right='C', multiplier='100', currency='USD', localSymbol='SPY   250804C00630000', tradingClass='SPY'), position=0.0, avgCost=0.0)
2025-08-04 13:57:05,839 - INFO - updatePortfolio: PortfolioItem(contract=Option(conId=800902076, symbol='SPY', lastTradeDateOrContractMonth='20250804', strike=630.0, right='C', multiplier='100', primaryExchange='AMEX', currency='USD', localSymbol='SPY   250804C00630000', tradingClass='SPY'), position=0.0, marketPrice=0.49, marketValue=0.0, averageCost=0.0, unrealizedPNL=0.0, realizedPNL=-168.21, account='DUN086112')
2025-08-04 13:57:06,294 - INFO - Placed LIMIT SELL order for SPY   250804C00630000 | Qty: 10.0 @ $0.48
2025-08-04 13:57:06,821 - INFO - position: Position(account='DUN086112', contract=Option(conId=800902076, symbol='SPY', lastTradeDateOrContractMonth='20250804', strike=630.0, right='C', multiplier='100', currency='USD', localSymbol='SPY   250804C00630000', tradingClass='SPY'), position=0.0, avgCost=0.0)
2025-08-04 13:57:08,345 - INFO - position: Position(account='DUN086112', contract=Option(conId=800902076, symbol='SPY', lastTradeDateOrContractMonth='20250804', strike=630.0, right='C', multiplier='100', currency='USD', localSymbol='SPY   250804C00630000', tradingClass='SPY'), position=0.0, avgCost=0.0)
2025-08-04 13:57:09,849 - INFO - position: Position(account='DUN086112', contract=Option(conId=800902076, symbol='SPY', lastTradeDateOrContractMonth='20250804', strike=630.0, right='C', multiplier='100', currency='USD', localSymbol='SPY   250804C00630000', tradingClass='SPY'), position=0.0, avgCost=0.0)
2025-08-04 13:57:11,359 - INFO - position: Position(account='DUN086112', contract=Option(conId=800902076, symbol='SPY', lastTradeDateOrContractMonth='20250804', strike=630.0, right='C', multiplier='100', currency='USD', localSymbol='SPY   250804C00630000', tradingClass='SPY'), position=0.0, avgCost=0.0)
2025-08-04 13:57:12,881 - INFO - position: Position(account='DUN086112', contract=Option(conId=800902076, symbol='SPY', lastTradeDateOrContractMonth='20250804', strike=630.0, right='C', multiplier='100', currency='USD', localSymbol='SPY   250804C00630000', tradingClass='SPY'), position=0.0, avgCost=0.0)
2025-08-04 13:57:14,405 - INFO - position: Position(account='DUN086112', contract=Option(conId=800902076, symbol='SPY', lastTradeDateOrContractMonth='20250804', strike=630.0, right='C', multiplier='100', currency='USD', localSymbol='SPY   250804C00630000', tradingClass='SPY'), position=0.0, avgCost=0.0)
2025-08-04 13:57:15,908 - INFO - position: Position(account='DUN086112', contract=Option(conId=800902076, symbol='SPY', lastTradeDateOrContractMonth='20250804', strike=630.0, right='C', multiplier='100', currency='USD', localSymbol='SPY   250804C00630000', tradingClass='SPY'), position=0.0, avgCost=0.0)
2025-08-04 13:57:17,388 - INFO - position: Position(account='DUN086112', contract=Option(conId=800902076, symbol='SPY', lastTradeDateOrContractMonth='20250804', strike=630.0, right='C', multiplier='100', currency='USD', localSymbol='SPY   250804C00630000', tradingClass='SPY'), position=0.0, avgCost=0.0)
2025-08-04 13:57:18,905 - INFO - position: Position(account='DUN086112', contract=Option(conId=800902076, symbol='SPY', lastTradeDateOrContractMonth='20250804', strike=630.0, right='C', multiplier='100', currency='USD', localSymbol='SPY   250804C00630000', tradingClass='SPY'), position=0.0, avgCost=0.0)
2025-08-04 13:57:20,414 - INFO - position: Position(account='DUN086112', contract=Option(conId=800902076, symbol='SPY', lastTradeDateOrContractMonth='20250804', strike=630.0, right='C', multiplier='100', currency='USD', localSymbol='SPY   250804C00630000', tradingClass='SPY'), position=0.0, avgCost=0.0)
2025-08-04 13:57:21,923 - INFO - position: Position(account='DUN086112', contract=Option(conId=800902076, symbol='SPY', lastTradeDateOrContractMonth='20250804', strike=630.0, right='C', multiplier='100', currency='USD', localSymbol='SPY   250804C00630000', tradingClass='SPY'), position=0.0, avgCost=0.0)
2025-08-04 13:57:23,277 - INFO - position: Position(account='DUN086112', contract=Option(conId=800902076, symbol='SPY', lastTradeDateOrContractMonth='20250804', strike=630.0, right='C', multiplier='100', currency='USD', localSymbol='SPY   250804C00630000', tradingClass='SPY'), position=10.0, avgCost=48.0)
2025-08-04 13:57:23,279 - INFO - position: Position(account='DUN086112', contract=Option(conId=800902076, symbol='SPY', lastTradeDateOrContractMonth='20250804', strike=630.0, right='C', multiplier='100', currency='USD', localSymbol='SPY   250804C00630000', tradingClass='SPY'), position=10.0, avgCost=49.03145)
2025-08-04 13:57:23,443 - INFO - position: Position(account='DUN086112', contract=Option(conId=800902076, symbol='SPY', lastTradeDateOrContractMonth='20250804', strike=630.0, right='C', multiplier='100', currency='USD', localSymbol='SPY   250804C00630000', tradingClass='SPY'), position=10.0, avgCost=49.03145)
2025-08-04 13:57:24,288 - INFO - updatePortfolio: PortfolioItem(contract=Option(conId=800902076, symbol='SPY', lastTradeDateOrContractMonth='20250804', strike=630.0, right='C', multiplier='100', primaryExchange='AMEX', currency='USD', localSymbol='SPY   250804C00630000', tradingClass='SPY'), position=10.0, marketPrice=0.48, marketValue=480.0, averageCost=49.03145, unrealizedPNL=-10.31, realizedPNL=-168.21, account='DUN086112')
2025-08-04 13:57:24,443 - INFO - Detected position: SPY   250804C00630000 | Quantity: 10.0
2025-08-04 13:57:24,957 - INFO - position: Position(account='DUN086112', contract=Option(conId=800902076, symbol='SPY', lastTradeDateOrContractMonth='20250804', strike=630.0, right='C', multiplier='100', currency='USD', localSymbol='SPY   250804C00630000', tradingClass='SPY'), position=10.0, avgCost=49.03145)
2025-08-04 13:57:25,956 - INFO - Detected position: SPY   250804C00630000 | Quantity: 10.0
2025-08-04 13:57:26,461 - INFO - position: Position(account='DUN086112', contract=Option(conId=800902076, symbol='SPY', lastTradeDateOrContractMonth='20250804', strike=630.0, right='C', multiplier='100', currency='USD', localSymbol='SPY   250804C00630000', tradingClass='SPY'), position=10.0, avgCost=49.03145)
2025-08-04 13:57:27,463 - INFO - Detected position: SPY   250804C00630000 | Quantity: 10.0
2025-08-04 13:57:27,964 - INFO - position: Position(account='DUN086112', contract=Option(conId=800902076, symbol='SPY', lastTradeDateOrContractMonth='20250804', strike=630.0, right='C', multiplier='100', currency='USD', localSymbol='SPY   250804C00630000', tradingClass='SPY'), position=10.0, avgCost=49.03145)
2025-08-04 13:57:28,966 - INFO - Detected position: SPY   250804C00630000 | Quantity: 10.0
2025-08-04 13:57:29,485 - INFO - position: Position(account='DUN086112', contract=Option(conId=800902076, symbol='SPY', lastTradeDateOrContractMonth='20250804', strike=630.0, right='C', multiplier='100', currency='USD', localSymbol='SPY   250804C00630000', tradingClass='SPY'), position=10.0, avgCost=49.03145)
2025-08-04 13:57:30,489 - INFO - Detected position: SPY   250804C00630000 | Quantity: 10.0
2025-08-04 13:57:30,975 - INFO - position: Position(account='DUN086112', contract=Option(conId=800902076, symbol='SPY', lastTradeDateOrContractMonth='20250804', strike=630.0, right='C', multiplier='100', currency='USD', localSymbol='SPY   250804C00630000', tradingClass='SPY'), position=10.0, avgCost=49.03145)
2025-08-04 13:57:31,982 - INFO - Detected position: SPY   250804C00630000 | Quantity: 10.0
2025-08-04 13:57:32,485 - INFO - position: Position(account='DUN086112', contract=Option(conId=800902076, symbol='SPY', lastTradeDateOrContractMonth='20250804', strike=630.0, right='C', multiplier='100', currency='USD', localSymbol='SPY   250804C00630000', tradingClass='SPY'), position=10.0, avgCost=49.03145)
2025-08-04 13:57:33,496 - INFO - Detected position: SPY   250804C00630000 | Quantity: 10.0
2025-08-04 13:57:33,999 - INFO - position: Position(account='DUN086112', contract=Option(conId=800902076, symbol='SPY', lastTradeDateOrContractMonth='20250804', strike=630.0, right='C', multiplier='100', currency='USD', localSymbol='SPY   250804C00630000', tradingClass='SPY'), position=10.0, avgCost=49.03145)
2025-08-04 13:57:35,014 - INFO - Detected position: SPY   250804C00630000 | Quantity: 10.0
2025-08-04 13:57:35,528 - INFO - position: Position(account='DUN086112', contract=Option(conId=800902076, symbol='SPY', lastTradeDateOrContractMonth='20250804', strike=630.0, right='C', multiplier='100', currency='USD', localSymbol='SPY   250804C00630000', tradingClass='SPY'), position=10.0, avgCost=49.03145)
2025-08-04 13:57:36,536 - INFO - Detected position: SPY   250804C00630000 | Quantity: 10.0
2025-08-04 13:57:37,043 - INFO - position: Position(account='DUN086112', contract=Option(conId=800902076, symbol='SPY', lastTradeDateOrContractMonth='20250804', strike=630.0, right='C', multiplier='100', currency='USD', localSymbol='SPY   250804C00630000', tradingClass='SPY'), position=10.0, avgCost=49.03145)
2025-08-04 13:57:38,051 - INFO - Detected position: SPY   250804C00630000 | Quantity: 10.0
2025-08-04 13:57:38,568 - INFO - position: Position(account='DUN086112', contract=Option(conId=800902076, symbol='SPY', lastTradeDateOrContractMonth='20250804', strike=630.0, right='C', multiplier='100', currency='USD', localSymbol='SPY   250804C00630000', tradingClass='SPY'), position=10.0, avgCost=49.03145)
2025-08-04 13:57:39,566 - INFO - Detected position: SPY   250804C00630000 | Quantity: 10.0
2025-08-04 13:57:40,067 - INFO - position: Position(account='DUN086112', contract=Option(conId=800902076, symbol='SPY', lastTradeDateOrContractMonth='20250804', strike=630.0, right='C', multiplier='100', currency='USD', localSymbol='SPY   250804C00630000', tradingClass='SPY'), position=10.0, avgCost=49.03145)
2025-08-04 13:57:41,069 - INFO - Detected position: SPY   250804C00630000 | Quantity: 10.0
2025-08-04 13:57:41,570 - INFO - position: Position(account='DUN086112', contract=Option(conId=800902076, symbol='SPY', lastTradeDateOrContractMonth='20250804', strike=630.0, right='C', multiplier='100', currency='USD', localSymbol='SPY   250804C00630000', tradingClass='SPY'), position=10.0, avgCost=49.03145)
2025-08-04 13:57:42,572 - INFO - Detected position: SPY   250804C00630000 | Quantity: 10.0
2025-08-04 13:57:43,075 - INFO - position: Position(account='DUN086112', contract=Option(conId=800902076, symbol='SPY', lastTradeDateOrContractMonth='20250804', strike=630.0, right='C', multiplier='100', currency='USD', localSymbol='SPY   250804C00630000', tradingClass='SPY'), position=10.0, avgCost=49.03145)
2025-08-04 13:57:44,079 - INFO - Detected position: SPY   250804C00630000 | Quantity: 10.0
2025-08-04 13:57:44,581 - INFO - position: Position(account='DUN086112', contract=Option(conId=800902076, symbol='SPY', lastTradeDateOrContractMonth='20250804', strike=630.0, right='C', multiplier='100', currency='USD', localSymbol='SPY   250804C00630000', tradingClass='SPY'), position=10.0, avgCost=49.03145)
2025-08-04 13:57:45,585 - INFO - Detected position: SPY   250804C00630000 | Quantity: 10.0
2025-08-04 13:57:46,101 - INFO - position: Position(account='DUN086112', contract=Option(conId=800902076, symbol='SPY', lastTradeDateOrContractMonth='20250804', strike=630.0, right='C', multiplier='100', currency='USD', localSymbol='SPY   250804C00630000', tradingClass='SPY'), position=10.0, avgCost=49.03145)
2025-08-04 13:57:47,119 - INFO - Detected position: SPY   250804C00630000 | Quantity: 10.0
2025-08-04 13:57:47,625 - INFO - position: Position(account='DUN086112', contract=Option(conId=800902076, symbol='SPY', lastTradeDateOrContractMonth='20250804', strike=630.0, right='C', multiplier='100', currency='USD', localSymbol='SPY   250804C00630000', tradingClass='SPY'), position=10.0, avgCost=49.03145)
2025-08-04 13:57:48,630 - INFO - Detected position: SPY   250804C00630000 | Quantity: 10.0
2025-08-04 13:57:49,136 - INFO - position: Position(account='DUN086112', contract=Option(conId=800902076, symbol='SPY', lastTradeDateOrContractMonth='20250804', strike=630.0, right='C', multiplier='100', currency='USD', localSymbol='SPY   250804C00630000', tradingClass='SPY'), position=10.0, avgCost=49.03145)
2025-08-04 13:57:50,160 - INFO - Detected position: SPY   250804C00630000 | Quantity: 10.0
2025-08-04 13:57:50,673 - INFO - position: Position(account='DUN086112', contract=Option(conId=800902076, symbol='SPY', lastTradeDateOrContractMonth='20250804', strike=630.0, right='C', multiplier='100', currency='USD', localSymbol='SPY   250804C00630000', tradingClass='SPY'), position=10.0, avgCost=49.03145)
2025-08-04 13:57:51,680 - INFO - Detected position: SPY   250804C00630000 | Quantity: 10.0
2025-08-04 13:57:52,177 - INFO - position: Position(account='DUN086112', contract=Option(conId=800902076, symbol='SPY', lastTradeDateOrContractMonth='20250804', strike=630.0, right='C', multiplier='100', currency='USD', localSymbol='SPY   250804C00630000', tradingClass='SPY'), position=10.0, avgCost=49.03145)
2025-08-04 13:57:53,180 - INFO - Detected position: SPY   250804C00630000 | Quantity: 10.0
2025-08-04 13:57:53,689 - INFO - position: Position(account='DUN086112', contract=Option(conId=800902076, symbol='SPY', lastTradeDateOrContractMonth='20250804', strike=630.0, right='C', multiplier='100', currency='USD', localSymbol='SPY   250804C00630000', tradingClass='SPY'), position=10.0, avgCost=49.03145)
2025-08-04 13:57:54,697 - INFO - Detected position: SPY   250804C00630000 | Quantity: 10.0
2025-08-04 13:57:55,205 - INFO - position: Position(account='DUN086112', contract=Option(conId=800902076, symbol='SPY', lastTradeDateOrContractMonth='20250804', strike=630.0, right='C', multiplier='100', currency='USD', localSymbol='SPY   250804C00630000', tradingClass='SPY'), position=10.0, avgCost=49.03145)
2025-08-04 13:57:56,219 - INFO - Detected position: SPY   250804C00630000 | Quantity: 10.0
2025-08-04 13:57:56,740 - INFO - position: Position(account='DUN086112', contract=Option(conId=800902076, symbol='SPY', lastTradeDateOrContractMonth='20250804', strike=630.0, right='C', multiplier='100', currency='USD', localSymbol='SPY   250804C00630000', tradingClass='SPY'), position=10.0, avgCost=49.03145)
2025-08-04 13:57:57,742 - INFO - Detected position: SPY   250804C00630000 | Quantity: 10.0
2025-08-04 13:57:58,234 - INFO - position: Position(account='DUN086112', contract=Option(conId=800902076, symbol='SPY', lastTradeDateOrContractMonth='20250804', strike=630.0, right='C', multiplier='100', currency='USD', localSymbol='SPY   250804C00630000', tradingClass='SPY'), position=10.0, avgCost=49.03145)
2025-08-04 13:57:59,230 - INFO - Detected position: SPY   250804C00630000 | Quantity: 10.0
2025-08-04 13:57:59,732 - INFO - position: Position(account='DUN086112', contract=Option(conId=800902076, symbol='SPY', lastTradeDateOrContractMonth='20250804', strike=630.0, right='C', multiplier='100', currency='USD', localSymbol='SPY   250804C00630000', tradingClass='SPY'), position=10.0, avgCost=49.03145)
2025-08-04 13:58:00,753 - INFO - Detected position: SPY   250804C00630000 | Quantity: 10.0
2025-08-04 13:58:01,266 - INFO - position: Position(account='DUN086112', contract=Option(conId=800902076, symbol='SPY', lastTradeDateOrContractMonth='20250804', strike=630.0, right='C', multiplier='100', currency='USD', localSymbol='SPY   250804C00630000', tradingClass='SPY'), position=10.0, avgCost=49.03145)
2025-08-04 13:58:02,266 - INFO - Detected position: SPY   250804C00630000 | Quantity: 10.0
2025-08-04 13:58:02,782 - INFO - position: Position(account='DUN086112', contract=Option(conId=800902076, symbol='SPY', lastTradeDateOrContractMonth='20250804', strike=630.0, right='C', multiplier='100', currency='USD', localSymbol='SPY   250804C00630000', tradingClass='SPY'), position=10.0, avgCost=49.03145)
2025-08-04 13:58:03,789 - INFO - Detected position: SPY   250804C00630000 | Quantity: 10.0
2025-08-04 13:58:04,294 - INFO - position: Position(account='DUN086112', contract=Option(conId=800902076, symbol='SPY', lastTradeDateOrContractMonth='20250804', strike=630.0, right='C', multiplier='100', currency='USD', localSymbol='SPY   250804C00630000', tradingClass='SPY'), position=10.0, avgCost=49.03145)
2025-08-04 13:58:05,314 - INFO - Detected position: SPY   250804C00630000 | Quantity: 10.0
2025-08-04 13:58:05,819 - INFO - position: Position(account='DUN086112', contract=Option(conId=800902076, symbol='SPY', lastTradeDateOrContractMonth='20250804', strike=630.0, right='C', multiplier='100', currency='USD', localSymbol='SPY   250804C00630000', tradingClass='SPY'), position=10.0, avgCost=49.03145)
2025-08-04 13:58:06,824 - INFO - Detected position: SPY   250804C00630000 | Quantity: 10.0
2025-08-04 13:58:07,333 - INFO - position: Position(account='DUN086112', contract=Option(conId=800902076, symbol='SPY', lastTradeDateOrContractMonth='20250804', strike=630.0, right='C', multiplier='100', currency='USD', localSymbol='SPY   250804C00630000', tradingClass='SPY'), position=10.0, avgCost=49.03145)
2025-08-04 13:58:08,336 - INFO - Detected position: SPY   250804C00630000 | Quantity: 10.0
2025-08-04 13:58:08,838 - INFO - position: Position(account='DUN086112', contract=Option(conId=800902076, symbol='SPY', lastTradeDateOrContractMonth='20250804', strike=630.0, right='C', multiplier='100', currency='USD', localSymbol='SPY   250804C00630000', tradingClass='SPY'), position=10.0, avgCost=49.03145)
2025-08-04 13:58:09,838 - INFO - Detected position: SPY   250804C00630000 | Quantity: 10.0
2025-08-04 13:58:10,336 - INFO - position: Position(account='DUN086112', contract=Option(conId=800902076, symbol='SPY', lastTradeDateOrContractMonth='20250804', strike=630.0, right='C', multiplier='100', currency='USD', localSymbol='SPY   250804C00630000', tradingClass='SPY'), position=10.0, avgCost=49.03145)
2025-08-04 13:58:11,338 - INFO - Detected position: SPY   250804C00630000 | Quantity: 10.0
2025-08-04 13:58:11,850 - INFO - position: Position(account='DUN086112', contract=Option(conId=800902076, symbol='SPY', lastTradeDateOrContractMonth='20250804', strike=630.0, right='C', multiplier='100', currency='USD', localSymbol='SPY   250804C00630000', tradingClass='SPY'), position=10.0, avgCost=49.03145)
2025-08-04 13:58:12,869 - INFO - Detected position: SPY   250804C00630000 | Quantity: 10.0
2025-08-04 13:58:13,362 - INFO - position: Position(account='DUN086112', contract=Option(conId=800902076, symbol='SPY', lastTradeDateOrContractMonth='20250804', strike=630.0, right='C', multiplier='100', currency='USD', localSymbol='SPY   250804C00630000', tradingClass='SPY'), position=10.0, avgCost=49.03145)
2025-08-04 13:58:14,366 - INFO - Detected position: SPY   250804C00630000 | Quantity: 10.0
2025-08-04 13:58:14,876 - INFO - position: Position(account='DUN086112', contract=Option(conId=800902076, symbol='SPY', lastTradeDateOrContractMonth='20250804', strike=630.0, right='C', multiplier='100', currency='USD', localSymbol='SPY   250804C00630000', tradingClass='SPY'), position=10.0, avgCost=49.03145)
2025-08-04 13:58:15,888 - INFO - Detected position: SPY   250804C00630000 | Quantity: 10.0
2025-08-04 13:58:16,407 - INFO - position: Position(account='DUN086112', contract=Option(conId=800902076, symbol='SPY', lastTradeDateOrContractMonth='20250804', strike=630.0, right='C', multiplier='100', currency='USD', localSymbol='SPY   250804C00630000', tradingClass='SPY'), position=10.0, avgCost=49.03145)
2025-08-04 13:58:17,418 - INFO - Detected position: SPY   250804C00630000 | Quantity: 10.0
2025-08-04 13:58:17,921 - INFO - position: Position(account='DUN086112', contract=Option(conId=800902076, symbol='SPY', lastTradeDateOrContractMonth='20250804', strike=630.0, right='C', multiplier='100', currency='USD', localSymbol='SPY   250804C00630000', tradingClass='SPY'), position=10.0, avgCost=49.03145)
2025-08-04 13:58:18,936 - INFO - Detected position: SPY   250804C00630000 | Quantity: 10.0
2025-08-04 13:58:19,461 - INFO - position: Position(account='DUN086112', contract=Option(conId=800902076, symbol='SPY', lastTradeDateOrContractMonth='20250804', strike=630.0, right='C', multiplier='100', currency='USD', localSymbol='SPY   250804C00630000', tradingClass='SPY'), position=10.0, avgCost=49.03145)
2025-08-04 13:58:20,455 - INFO - Detected position: SPY   250804C00630000 | Quantity: 10.0
2025-08-04 13:58:20,973 - INFO - position: Position(account='DUN086112', contract=Option(conId=800902076, symbol='SPY', lastTradeDateOrContractMonth='20250804', strike=630.0, right='C', multiplier='100', currency='USD', localSymbol='SPY   250804C00630000', tradingClass='SPY'), position=10.0, avgCost=49.03145)
2025-08-04 13:58:21,995 - INFO - Detected position: SPY   250804C00630000 | Quantity: 10.0
2025-08-04 13:58:22,505 - INFO - position: Position(account='DUN086112', contract=Option(conId=800902076, symbol='SPY', lastTradeDateOrContractMonth='20250804', strike=630.0, right='C', multiplier='100', currency='USD', localSymbol='SPY   250804C00630000', tradingClass='SPY'), position=10.0, avgCost=49.03145)
2025-08-04 13:58:23,502 - INFO - Detected position: SPY   250804C00630000 | Quantity: 10.0
2025-08-04 13:58:24,012 - INFO - position: Position(account='DUN086112', contract=Option(conId=800902076, symbol='SPY', lastTradeDateOrContractMonth='20250804', strike=630.0, right='C', multiplier='100', currency='USD', localSymbol='SPY   250804C00630000', tradingClass='SPY'), position=10.0, avgCost=49.03145)
2025-08-04 13:58:25,021 - INFO - Detected position: SPY   250804C00630000 | Quantity: 10.0
2025-08-04 13:58:25,528 - INFO - position: Position(account='DUN086112', contract=Option(conId=800902076, symbol='SPY', lastTradeDateOrContractMonth='20250804', strike=630.0, right='C', multiplier='100', currency='USD', localSymbol='SPY   250804C00630000', tradingClass='SPY'), position=10.0, avgCost=49.03145)
2025-08-04 13:58:26,555 - INFO - Detected position: SPY   250804C00630000 | Quantity: 10.0
2025-08-04 13:58:27,067 - INFO - position: Position(account='DUN086112', contract=Option(conId=800902076, symbol='SPY', lastTradeDateOrContractMonth='20250804', strike=630.0, right='C', multiplier='100', currency='USD', localSymbol='SPY   250804C00630000', tradingClass='SPY'), position=10.0, avgCost=49.03145)
2025-08-04 13:58:28,081 - INFO - Detected position: SPY   250804C00630000 | Quantity: 10.0
2025-08-04 13:58:28,585 - INFO - position: Position(account='DUN086112', contract=Option(conId=800902076, symbol='SPY', lastTradeDateOrContractMonth='20250804', strike=630.0, right='C', multiplier='100', currency='USD', localSymbol='SPY   250804C00630000', tradingClass='SPY'), position=10.0, avgCost=49.03145)
2025-08-04 13:58:29,588 - INFO - Detected position: SPY   250804C00630000 | Quantity: 10.0
2025-08-04 13:58:30,069 - INFO - position: Position(account='DUN086112', contract=Option(conId=800902076, symbol='SPY', lastTradeDateOrContractMonth='20250804', strike=630.0, right='C', multiplier='100', currency='USD', localSymbol='SPY   250804C00630000', tradingClass='SPY'), position=10.0, avgCost=49.03145)
2025-08-04 13:58:31,061 - INFO - Detected position: SPY   250804C00630000 | Quantity: 10.0
2025-08-04 13:58:31,582 - INFO - position: Position(account='DUN086112', contract=Option(conId=800902076, symbol='SPY', lastTradeDateOrContractMonth='20250804', strike=630.0, right='C', multiplier='100', currency='USD', localSymbol='SPY   250804C00630000', tradingClass='SPY'), position=10.0, avgCost=49.03145)
2025-08-04 13:58:32,599 - INFO - Detected position: SPY   250804C00630000 | Quantity: 10.0
2025-08-04 13:58:33,112 - INFO - position: Position(account='DUN086112', contract=Option(conId=800902076, symbol='SPY', lastTradeDateOrContractMonth='20250804', strike=630.0, right='C', multiplier='100', currency='USD', localSymbol='SPY   250804C00630000', tradingClass='SPY'), position=10.0, avgCost=49.03145)
2025-08-04 13:58:34,123 - INFO - Detected position: SPY   250804C00630000 | Quantity: 10.0
2025-08-04 13:58:34,633 - INFO - position: Position(account='DUN086112', contract=Option(conId=800902076, symbol='SPY', lastTradeDateOrContractMonth='20250804', strike=630.0, right='C', multiplier='100', currency='USD', localSymbol='SPY   250804C00630000', tradingClass='SPY'), position=10.0, avgCost=49.03145)
2025-08-04 13:58:35,637 - INFO - Detected position: SPY   250804C00630000 | Quantity: 10.0
2025-08-04 13:58:36,148 - INFO - position: Position(account='DUN086112', contract=Option(conId=800902076, symbol='SPY', lastTradeDateOrContractMonth='20250804', strike=630.0, right='C', multiplier='100', currency='USD', localSymbol='SPY   250804C00630000', tradingClass='SPY'), position=10.0, avgCost=49.03145)
2025-08-04 13:58:37,153 - INFO - Detected position: SPY   250804C00630000 | Quantity: 10.0
2025-08-04 13:58:37,650 - INFO - position: Position(account='DUN086112', contract=Option(conId=800902076, symbol='SPY', lastTradeDateOrContractMonth='20250804', strike=630.0, right='C', multiplier='100', currency='USD', localSymbol='SPY   250804C00630000', tradingClass='SPY'), position=10.0, avgCost=49.03145)
2025-08-04 13:58:38,651 - INFO - Detected position: SPY   250804C00630000 | Quantity: 10.0
2025-08-04 13:58:39,153 - INFO - position: Position(account='DUN086112', contract=Option(conId=800902076, symbol='SPY', lastTradeDateOrContractMonth='20250804', strike=630.0, right='C', multiplier='100', currency='USD', localSymbol='SPY   250804C00630000', tradingClass='SPY'), position=10.0, avgCost=49.03145)
2025-08-04 13:58:40,158 - INFO - Detected position: SPY   250804C00630000 | Quantity: 10.0
2025-08-04 13:58:40,663 - INFO - position: Position(account='DUN086112', contract=Option(conId=800902076, symbol='SPY', lastTradeDateOrContractMonth='20250804', strike=630.0, right='C', multiplier='100', currency='USD', localSymbol='SPY   250804C00630000', tradingClass='SPY'), position=10.0, avgCost=49.03145)
2025-08-04 13:58:41,664 - INFO - Detected position: SPY   250804C00630000 | Quantity: 10.0
2025-08-04 13:58:42,161 - INFO - position: Position(account='DUN086112', contract=Option(conId=800902076, symbol='SPY', lastTradeDateOrContractMonth='20250804', strike=630.0, right='C', multiplier='100', currency='USD', localSymbol='SPY   250804C00630000', tradingClass='SPY'), position=10.0, avgCost=49.03145)
2025-08-04 13:58:43,176 - INFO - Detected position: SPY   250804C00630000 | Quantity: 10.0
2025-08-04 13:58:43,685 - INFO - position: Position(account='DUN086112', contract=Option(conId=800902076, symbol='SPY', lastTradeDateOrContractMonth='20250804', strike=630.0, right='C', multiplier='100', currency='USD', localSymbol='SPY   250804C00630000', tradingClass='SPY'), position=10.0, avgCost=49.03145)
2025-08-04 13:58:44,709 - INFO - Detected position: SPY   250804C00630000 | Quantity: 10.0
2025-08-04 13:58:45,220 - INFO - position: Position(account='DUN086112', contract=Option(conId=800902076, symbol='SPY', lastTradeDateOrContractMonth='20250804', strike=630.0, right='C', multiplier='100', currency='USD', localSymbol='SPY   250804C00630000', tradingClass='SPY'), position=10.0, avgCost=49.03145)
2025-08-04 13:58:46,227 - INFO - Detected position: SPY   250804C00630000 | Quantity: 10.0
2025-08-04 13:58:46,739 - INFO - position: Position(account='DUN086112', contract=Option(conId=800902076, symbol='SPY', lastTradeDateOrContractMonth='20250804', strike=630.0, right='C', multiplier='100', currency='USD', localSymbol='SPY   250804C00630000', tradingClass='SPY'), position=10.0, avgCost=49.03145)
2025-08-04 13:58:47,745 - INFO - Detected position: SPY   250804C00630000 | Quantity: 10.0
2025-08-04 13:58:48,255 - INFO - position: Position(account='DUN086112', contract=Option(conId=800902076, symbol='SPY', lastTradeDateOrContractMonth='20250804', strike=630.0, right='C', multiplier='100', currency='USD', localSymbol='SPY   250804C00630000', tradingClass='SPY'), position=10.0, avgCost=49.03145)
2025-08-04 13:58:49,262 - INFO - Detected position: SPY   250804C00630000 | Quantity: 10.0
2025-08-04 13:58:49,773 - INFO - position: Position(account='DUN086112', contract=Option(conId=800902076, symbol='SPY', lastTradeDateOrContractMonth='20250804', strike=630.0, right='C', multiplier='100', currency='USD', localSymbol='SPY   250804C00630000', tradingClass='SPY'), position=10.0, avgCost=49.03145)
2025-08-04 13:58:50,780 - INFO - Detected position: SPY   250804C00630000 | Quantity: 10.0
2025-08-04 13:58:51,307 - INFO - position: Position(account='DUN086112', contract=Option(conId=800902076, symbol='SPY', lastTradeDateOrContractMonth='20250804', strike=630.0, right='C', multiplier='100', currency='USD', localSymbol='SPY   250804C00630000', tradingClass='SPY'), position=10.0, avgCost=49.03145)
2025-08-04 13:58:52,306 - INFO - Detected position: SPY   250804C00630000 | Quantity: 10.0
2025-08-04 13:58:52,811 - INFO - position: Position(account='DUN086112', contract=Option(conId=800902076, symbol='SPY', lastTradeDateOrContractMonth='20250804', strike=630.0, right='C', multiplier='100', currency='USD', localSymbol='SPY   250804C00630000', tradingClass='SPY'), position=10.0, avgCost=49.03145)
2025-08-04 13:58:53,829 - INFO - Detected position: SPY   250804C00630000 | Quantity: 10.0
2025-08-04 13:58:54,336 - INFO - position: Position(account='DUN086112', contract=Option(conId=800902076, symbol='SPY', lastTradeDateOrContractMonth='20250804', strike=630.0, right='C', multiplier='100', currency='USD', localSymbol='SPY   250804C00630000', tradingClass='SPY'), position=10.0, avgCost=49.03145)
2025-08-04 13:58:55,340 - INFO - Detected position: SPY   250804C00630000 | Quantity: 10.0
2025-08-04 13:58:55,837 - INFO - position: Position(account='DUN086112', contract=Option(conId=800902076, symbol='SPY', lastTradeDateOrContractMonth='20250804', strike=630.0, right='C', multiplier='100', currency='USD', localSymbol='SPY   250804C00630000', tradingClass='SPY'), position=10.0, avgCost=49.03145)
2025-08-04 13:58:56,828 - INFO - Detected position: SPY   250804C00630000 | Quantity: 10.0
2025-08-04 13:58:57,341 - INFO - position: Position(account='DUN086112', contract=Option(conId=800902076, symbol='SPY', lastTradeDateOrContractMonth='20250804', strike=630.0, right='C', multiplier='100', currency='USD', localSymbol='SPY   250804C00630000', tradingClass='SPY'), position=10.0, avgCost=49.03145)
2025-08-04 13:58:58,350 - INFO - Detected position: SPY   250804C00630000 | Quantity: 10.0
2025-08-04 13:58:58,870 - INFO - position: Position(account='DUN086112', contract=Option(conId=800902076, symbol='SPY', lastTradeDateOrContractMonth='20250804', strike=630.0, right='C', multiplier='100', currency='USD', localSymbol='SPY   250804C00630000', tradingClass='SPY'), position=10.0, avgCost=49.03145)
2025-08-04 13:58:59,873 - INFO - Detected position: SPY   250804C00630000 | Quantity: 10.0
2025-08-04 13:59:00,388 - INFO - position: Position(account='DUN086112', contract=Option(conId=800902076, symbol='SPY', lastTradeDateOrContractMonth='20250804', strike=630.0, right='C', multiplier='100', currency='USD', localSymbol='SPY   250804C00630000', tradingClass='SPY'), position=10.0, avgCost=49.03145)
2025-08-04 13:59:01,407 - INFO - Detected position: SPY   250804C00630000 | Quantity: 10.0
2025-08-04 13:59:01,918 - INFO - position: Position(account='DUN086112', contract=Option(conId=800902076, symbol='SPY', lastTradeDateOrContractMonth='20250804', strike=630.0, right='C', multiplier='100', currency='USD', localSymbol='SPY   250804C00630000', tradingClass='SPY'), position=10.0, avgCost=49.03145)
2025-08-04 13:59:02,924 - INFO - Detected position: SPY   250804C00630000 | Quantity: 10.0
2025-08-04 13:59:03,424 - INFO - position: Position(account='DUN086112', contract=Option(conId=800902076, symbol='SPY', lastTradeDateOrContractMonth='20250804', strike=630.0, right='C', multiplier='100', currency='USD', localSymbol='SPY   250804C00630000', tradingClass='SPY'), position=10.0, avgCost=49.03145)
2025-08-04 13:59:04,442 - INFO - Detected position: SPY   250804C00630000 | Quantity: 10.0
2025-08-04 13:59:04,952 - INFO - position: Position(account='DUN086112', contract=Option(conId=800902076, symbol='SPY', lastTradeDateOrContractMonth='20250804', strike=630.0, right='C', multiplier='100', currency='USD', localSymbol='SPY   250804C00630000', tradingClass='SPY'), position=10.0, avgCost=49.03145)
2025-08-04 13:59:05,960 - INFO - Detected position: SPY   250804C00630000 | Quantity: 10.0
2025-08-04 13:59:06,469 - INFO - position: Position(account='DUN086112', contract=Option(conId=800902076, symbol='SPY', lastTradeDateOrContractMonth='20250804', strike=630.0, right='C', multiplier='100', currency='USD', localSymbol='SPY   250804C00630000', tradingClass='SPY'), position=10.0, avgCost=49.03145)
2025-08-04 13:59:07,491 - INFO - Detected position: SPY   250804C00630000 | Quantity: 10.0
2025-08-04 13:59:07,988 - INFO - position: Position(account='DUN086112', contract=Option(conId=800902076, symbol='SPY', lastTradeDateOrContractMonth='20250804', strike=630.0, right='C', multiplier='100', currency='USD', localSymbol='SPY   250804C00630000', tradingClass='SPY'), position=10.0, avgCost=49.03145)
2025-08-04 13:59:08,995 - INFO - Detected position: SPY   250804C00630000 | Quantity: 10.0
2025-08-04 13:59:09,506 - INFO - position: Position(account='DUN086112', contract=Option(conId=800902076, symbol='SPY', lastTradeDateOrContractMonth='20250804', strike=630.0, right='C', multiplier='100', currency='USD', localSymbol='SPY   250804C00630000', tradingClass='SPY'), position=10.0, avgCost=49.03145)
2025-08-04 13:59:10,509 - INFO - Detected position: SPY   250804C00630000 | Quantity: 10.0
2025-08-04 13:59:11,020 - INFO - position: Position(account='DUN086112', contract=Option(conId=800902076, symbol='SPY', lastTradeDateOrContractMonth='20250804', strike=630.0, right='C', multiplier='100', currency='USD', localSymbol='SPY   250804C00630000', tradingClass='SPY'), position=10.0, avgCost=49.03145)
2025-08-04 13:59:12,028 - INFO - Detected position: SPY   250804C00630000 | Quantity: 10.0
2025-08-04 13:59:12,525 - INFO - position: Position(account='DUN086112', contract=Option(conId=800902076, symbol='SPY', lastTradeDateOrContractMonth='20250804', strike=630.0, right='C', multiplier='100', currency='USD', localSymbol='SPY   250804C00630000', tradingClass='SPY'), position=10.0, avgCost=49.03145)
2025-08-04 13:59:13,528 - INFO - Detected position: SPY   250804C00630000 | Quantity: 10.0
2025-08-04 13:59:14,039 - INFO - position: Position(account='DUN086112', contract=Option(conId=800902076, symbol='SPY', lastTradeDateOrContractMonth='20250804', strike=630.0, right='C', multiplier='100', currency='USD', localSymbol='SPY   250804C00630000', tradingClass='SPY'), position=10.0, avgCost=49.03145)
2025-08-04 13:59:15,042 - INFO - Detected position: SPY   250804C00630000 | Quantity: 10.0
2025-08-04 13:59:15,539 - INFO - position: Position(account='DUN086112', contract=Option(conId=800902076, symbol='SPY', lastTradeDateOrContractMonth='20250804', strike=630.0, right='C', multiplier='100', currency='USD', localSymbol='SPY   250804C00630000', tradingClass='SPY'), position=10.0, avgCost=49.03145)
2025-08-04 13:59:16,541 - INFO - Detected position: SPY   250804C00630000 | Quantity: 10.0
2025-08-04 13:59:17,052 - INFO - position: Position(account='DUN086112', contract=Option(conId=800902076, symbol='SPY', lastTradeDateOrContractMonth='20250804', strike=630.0, right='C', multiplier='100', currency='USD', localSymbol='SPY   250804C00630000', tradingClass='SPY'), position=10.0, avgCost=49.03145)
2025-08-04 13:59:18,051 - INFO - Detected position: SPY   250804C00630000 | Quantity: 10.0
2025-08-04 13:59:18,561 - INFO - position: Position(account='DUN086112', contract=Option(conId=800902076, symbol='SPY', lastTradeDateOrContractMonth='20250804', strike=630.0, right='C', multiplier='100', currency='USD', localSymbol='SPY   250804C00630000', tradingClass='SPY'), position=10.0, avgCost=49.03145)
2025-08-04 13:59:19,570 - INFO - Detected position: SPY   250804C00630000 | Quantity: 10.0
2025-08-04 13:59:20,076 - INFO - position: Position(account='DUN086112', contract=Option(conId=800902076, symbol='SPY', lastTradeDateOrContractMonth='20250804', strike=630.0, right='C', multiplier='100', currency='USD', localSymbol='SPY   250804C00630000', tradingClass='SPY'), position=10.0, avgCost=49.03145)
2025-08-04 13:59:21,081 - INFO - Detected position: SPY   250804C00630000 | Quantity: 10.0
2025-08-04 13:59:21,589 - INFO - position: Position(account='DUN086112', contract=Option(conId=800902076, symbol='SPY', lastTradeDateOrContractMonth='20250804', strike=630.0, right='C', multiplier='100', currency='USD', localSymbol='SPY   250804C00630000', tradingClass='SPY'), position=10.0, avgCost=49.03145)
2025-08-04 13:59:22,592 - INFO - Detected position: SPY   250804C00630000 | Quantity: 10.0
2025-08-04 13:59:23,094 - INFO - position: Position(account='DUN086112', contract=Option(conId=800902076, symbol='SPY', lastTradeDateOrContractMonth='20250804', strike=630.0, right='C', multiplier='100', currency='USD', localSymbol='SPY   250804C00630000', tradingClass='SPY'), position=10.0, avgCost=49.03145)
2025-08-04 13:59:24,097 - INFO - Detected position: SPY   250804C00630000 | Quantity: 10.0
2025-08-04 13:59:24,604 - INFO - position: Position(account='DUN086112', contract=Option(conId=800902076, symbol='SPY', lastTradeDateOrContractMonth='20250804', strike=630.0, right='C', multiplier='100', currency='USD', localSymbol='SPY   250804C00630000', tradingClass='SPY'), position=10.0, avgCost=49.03145)
2025-08-04 13:59:25,607 - INFO - Detected position: SPY   250804C00630000 | Quantity: 10.0
2025-08-04 13:59:26,110 - INFO - position: Position(account='DUN086112', contract=Option(conId=800902076, symbol='SPY', lastTradeDateOrContractMonth='20250804', strike=630.0, right='C', multiplier='100', currency='USD', localSymbol='SPY   250804C00630000', tradingClass='SPY'), position=10.0, avgCost=49.03145)
2025-08-04 13:59:27,115 - INFO - Detected position: SPY   250804C00630000 | Quantity: 10.0
2025-08-04 13:59:27,630 - INFO - position: Position(account='DUN086112', contract=Option(conId=800902076, symbol='SPY', lastTradeDateOrContractMonth='20250804', strike=630.0, right='C', multiplier='100', currency='USD', localSymbol='SPY   250804C00630000', tradingClass='SPY'), position=10.0, avgCost=49.03145)
2025-08-04 13:59:28,634 - INFO - Detected position: SPY   250804C00630000 | Quantity: 10.0
2025-08-04 13:59:29,146 - INFO - position: Position(account='DUN086112', contract=Option(conId=800902076, symbol='SPY', lastTradeDateOrContractMonth='20250804', strike=630.0, right='C', multiplier='100', currency='USD', localSymbol='SPY   250804C00630000', tradingClass='SPY'), position=10.0, avgCost=49.03145)
2025-08-04 13:59:30,151 - INFO - Detected position: SPY   250804C00630000 | Quantity: 10.0
2025-08-04 13:59:30,656 - INFO - position: Position(account='DUN086112', contract=Option(conId=800902076, symbol='SPY', lastTradeDateOrContractMonth='20250804', strike=630.0, right='C', multiplier='100', currency='USD', localSymbol='SPY   250804C00630000', tradingClass='SPY'), position=10.0, avgCost=49.03145)
2025-08-04 13:59:31,670 - INFO - Detected position: SPY   250804C00630000 | Quantity: 10.0
2025-08-04 13:59:32,178 - INFO - position: Position(account='DUN086112', contract=Option(conId=800902076, symbol='SPY', lastTradeDateOrContractMonth='20250804', strike=630.0, right='C', multiplier='100', currency='USD', localSymbol='SPY   250804C00630000', tradingClass='SPY'), position=10.0, avgCost=49.03145)
2025-08-04 13:59:33,183 - INFO - Detected position: SPY   250804C00630000 | Quantity: 10.0
2025-08-04 13:59:33,672 - INFO - position: Position(account='DUN086112', contract=Option(conId=800902076, symbol='SPY', lastTradeDateOrContractMonth='20250804', strike=630.0, right='C', multiplier='100', currency='USD', localSymbol='SPY   250804C00630000', tradingClass='SPY'), position=10.0, avgCost=49.03145)
2025-08-04 13:59:34,673 - INFO - Detected position: SPY   250804C00630000 | Quantity: 10.0
2025-08-04 13:59:35,192 - INFO - position: Position(account='DUN086112', contract=Option(conId=800902076, symbol='SPY', lastTradeDateOrContractMonth='20250804', strike=630.0, right='C', multiplier='100', currency='USD', localSymbol='SPY   250804C00630000', tradingClass='SPY'), position=10.0, avgCost=49.03145)
2025-08-04 13:59:36,203 - INFO - Detected position: SPY   250804C00630000 | Quantity: 10.0
2025-08-04 13:59:36,727 - INFO - position: Position(account='DUN086112', contract=Option(conId=800902076, symbol='SPY', lastTradeDateOrContractMonth='20250804', strike=630.0, right='C', multiplier='100', currency='USD', localSymbol='SPY   250804C00630000', tradingClass='SPY'), position=10.0, avgCost=49.03145)
2025-08-04 13:59:37,734 - INFO - Detected position: SPY   250804C00630000 | Quantity: 10.0
2025-08-04 13:59:38,240 - INFO - position: Position(account='DUN086112', contract=Option(conId=800902076, symbol='SPY', lastTradeDateOrContractMonth='20250804', strike=630.0, right='C', multiplier='100', currency='USD', localSymbol='SPY   250804C00630000', tradingClass='SPY'), position=10.0, avgCost=49.03145)
2025-08-04 13:59:39,246 - INFO - Detected position: SPY   250804C00630000 | Quantity: 10.0
2025-08-04 13:59:39,752 - INFO - position: Position(account='DUN086112', contract=Option(conId=800902076, symbol='SPY', lastTradeDateOrContractMonth='20250804', strike=630.0, right='C', multiplier='100', currency='USD', localSymbol='SPY   250804C00630000', tradingClass='SPY'), position=10.0, avgCost=49.03145)
2025-08-04 13:59:40,759 - INFO - Detected position: SPY   250804C00630000 | Quantity: 10.0
2025-08-04 13:59:41,259 - INFO - position: Position(account='DUN086112', contract=Option(conId=800902076, symbol='SPY', lastTradeDateOrContractMonth='20250804', strike=630.0, right='C', multiplier='100', currency='USD', localSymbol='SPY   250804C00630000', tradingClass='SPY'), position=10.0, avgCost=49.03145)
2025-08-04 13:59:42,265 - INFO - Detected position: SPY   250804C00630000 | Quantity: 10.0
2025-08-04 13:59:42,779 - INFO - position: Position(account='DUN086112', contract=Option(conId=800902076, symbol='SPY', lastTradeDateOrContractMonth='20250804', strike=630.0, right='C', multiplier='100', currency='USD', localSymbol='SPY   250804C00630000', tradingClass='SPY'), position=10.0, avgCost=49.03145)
2025-08-04 13:59:43,791 - INFO - Detected position: SPY   250804C00630000 | Quantity: 10.0
2025-08-04 13:59:44,298 - INFO - position: Position(account='DUN086112', contract=Option(conId=800902076, symbol='SPY', lastTradeDateOrContractMonth='20250804', strike=630.0, right='C', multiplier='100', currency='USD', localSymbol='SPY   250804C00630000', tradingClass='SPY'), position=10.0, avgCost=49.03145)
2025-08-04 13:59:45,303 - INFO - Detected position: SPY   250804C00630000 | Quantity: 10.0
2025-08-04 13:59:45,806 - INFO - position: Position(account='DUN086112', contract=Option(conId=800902076, symbol='SPY', lastTradeDateOrContractMonth='20250804', strike=630.0, right='C', multiplier='100', currency='USD', localSymbol='SPY   250804C00630000', tradingClass='SPY'), position=10.0, avgCost=49.03145)
2025-08-04 13:59:46,802 - INFO - Detected position: SPY   250804C00630000 | Quantity: 10.0
2025-08-04 13:59:47,033 - INFO - position: Position(account='DUN086112', contract=Option(conId=800902076, symbol='SPY', lastTradeDateOrContractMonth='20250804', strike=630.0, right='C', multiplier='100', currency='USD', localSymbol='SPY   250804C00630000', tradingClass='SPY'), position=10.0, avgCost=49.03145)
2025-08-04 13:59:47,315 - INFO - position: Position(account='DUN086112', contract=Option(conId=800902076, symbol='SPY', lastTradeDateOrContractMonth='20250804', strike=630.0, right='C', multiplier='100', currency='USD', localSymbol='SPY   250804C00630000', tradingClass='SPY'), position=10.0, avgCost=49.03145)
2025-08-04 13:59:48,336 - INFO - Detected position: SPY   250804C00630000 | Quantity: 10.0
2025-08-04 13:59:48,842 - INFO - position: Position(account='DUN086112', contract=Option(conId=800902076, symbol='SPY', lastTradeDateOrContractMonth='20250804', strike=630.0, right='C', multiplier='100', currency='USD', localSymbol='SPY   250804C00630000', tradingClass='SPY'), position=10.0, avgCost=49.03145)
2025-08-04 13:59:49,853 - INFO - Detected position: SPY   250804C00630000 | Quantity: 10.0
2025-08-04 13:59:50,344 - INFO - position: Position(account='DUN086112', contract=Option(conId=800902076, symbol='SPY', lastTradeDateOrContractMonth='20250804', strike=630.0, right='C', multiplier='100', currency='USD', localSymbol='SPY   250804C00630000', tradingClass='SPY'), position=10.0, avgCost=49.03145)
2025-08-04 13:59:51,357 - INFO - Detected position: SPY   250804C00630000 | Quantity: 10.0
2025-08-04 13:59:51,877 - INFO - position: Position(account='DUN086112', contract=Option(conId=800902076, symbol='SPY', lastTradeDateOrContractMonth='20250804', strike=630.0, right='C', multiplier='100', currency='USD', localSymbol='SPY   250804C00630000', tradingClass='SPY'), position=10.0, avgCost=49.03145)
2025-08-04 13:59:52,882 - INFO - Detected position: SPY   250804C00630000 | Quantity: 10.0
2025-08-04 13:59:53,387 - INFO - position: Position(account='DUN086112', contract=Option(conId=800902076, symbol='SPY', lastTradeDateOrContractMonth='20250804', strike=630.0, right='C', multiplier='100', currency='USD', localSymbol='SPY   250804C00630000', tradingClass='SPY'), position=10.0, avgCost=49.03145)
2025-08-04 13:59:54,389 - INFO - Detected position: SPY   250804C00630000 | Quantity: 10.0
2025-08-04 13:59:54,900 - INFO - position: Position(account='DUN086112', contract=Option(conId=800902076, symbol='SPY', lastTradeDateOrContractMonth='20250804', strike=630.0, right='C', multiplier='100', currency='USD', localSymbol='SPY   250804C00630000', tradingClass='SPY'), position=10.0, avgCost=49.03145)
2025-08-04 13:59:55,911 - INFO - Detected position: SPY   250804C00630000 | Quantity: 10.0
2025-08-04 13:59:56,419 - INFO - position: Position(account='DUN086112', contract=Option(conId=800902076, symbol='SPY', lastTradeDateOrContractMonth='20250804', strike=630.0, right='C', multiplier='100', currency='USD', localSymbol='SPY   250804C00630000', tradingClass='SPY'), position=10.0, avgCost=49.03145)
2025-08-04 13:59:57,439 - INFO - Detected position: SPY   250804C00630000 | Quantity: 10.0
2025-08-04 13:59:57,946 - INFO - position: Position(account='DUN086112', contract=Option(conId=800902076, symbol='SPY', lastTradeDateOrContractMonth='20250804', strike=630.0, right='C', multiplier='100', currency='USD', localSymbol='SPY   250804C00630000', tradingClass='SPY'), position=10.0, avgCost=49.03145)
2025-08-04 13:59:58,944 - INFO - Detected position: SPY   250804C00630000 | Quantity: 10.0
2025-08-04 13:59:59,448 - INFO - position: Position(account='DUN086112', contract=Option(conId=800902076, symbol='SPY', lastTradeDateOrContractMonth='20250804', strike=630.0, right='C', multiplier='100', currency='USD', localSymbol='SPY   250804C00630000', tradingClass='SPY'), position=10.0, avgCost=49.03145)
2025-08-04 14:00:00,437 - INFO - Detected position: SPY   250804C00630000 | Quantity: 10.0
2025-08-04 14:00:00,945 - INFO - position: Position(account='DUN086112', contract=Option(conId=800902076, symbol='SPY', lastTradeDateOrContractMonth='20250804', strike=630.0, right='C', multiplier='100', currency='USD', localSymbol='SPY   250804C00630000', tradingClass='SPY'), position=10.0, avgCost=49.03145)
2025-08-04 14:00:01,945 - INFO - Detected position: SPY   250804C00630000 | Quantity: 10.0
2025-08-04 14:00:02,450 - INFO - position: Position(account='DUN086112', contract=Option(conId=800902076, symbol='SPY', lastTradeDateOrContractMonth='20250804', strike=630.0, right='C', multiplier='100', currency='USD', localSymbol='SPY   250804C00630000', tradingClass='SPY'), position=10.0, avgCost=49.03145)
2025-08-04 14:00:03,468 - INFO - Detected position: SPY   250804C00630000 | Quantity: 10.0
2025-08-04 14:00:03,976 - INFO - position: Position(account='DUN086112', contract=Option(conId=800902076, symbol='SPY', lastTradeDateOrContractMonth='20250804', strike=630.0, right='C', multiplier='100', currency='USD', localSymbol='SPY   250804C00630000', tradingClass='SPY'), position=10.0, avgCost=49.03145)
2025-08-04 14:00:04,984 - INFO - Detected position: SPY   250804C00630000 | Quantity: 10.0
2025-08-04 14:00:05,497 - INFO - position: Position(account='DUN086112', contract=Option(conId=800902076, symbol='SPY', lastTradeDateOrContractMonth='20250804', strike=630.0, right='C', multiplier='100', currency='USD', localSymbol='SPY   250804C00630000', tradingClass='SPY'), position=10.0, avgCost=49.03145)
2025-08-04 14:00:06,520 - INFO - Detected position: SPY   250804C00630000 | Quantity: 10.0
2025-08-04 14:00:07,714 - INFO - position: Position(account='DUN086112', contract=Option(conId=800902076, symbol='SPY', lastTradeDateOrContractMonth='20250804', strike=630.0, right='C', multiplier='100', currency='USD', localSymbol='SPY   250804C00630000', tradingClass='SPY'), position=10.0, avgCost=49.03145)
2025-08-04 14:00:08,704 - INFO - Detected position: SPY   250804C00630000 | Quantity: 10.0
2025-08-04 14:00:09,210 - INFO - position: Position(account='DUN086112', contract=Option(conId=800902076, symbol='SPY', lastTradeDateOrContractMonth='20250804', strike=630.0, right='C', multiplier='100', currency='USD', localSymbol='SPY   250804C00630000', tradingClass='SPY'), position=10.0, avgCost=49.03145)
2025-08-04 14:00:09,387 - INFO - Disconnecting from 127.0.0.1:7497, 1.65 kB sent in 133 messages, 144 kB received in 2545 messages, session time 186 s.
2025-08-04 14:00:09,388 - INFO - Disconnecting
2025-08-04 14:00:09,389 - INFO - Disconnected from IBKR.
